Wed Dec 13 09:56:35 2023       
+---------------------------------------------------------------------------------------+
| NVIDIA-SMI 535.104.12             Driver Version: 535.104.12   CUDA Version: 12.2     |
|-----------------------------------------+----------------------+----------------------+
| GPU  Name                 Persistence-M | Bus-Id        Disp.A | Volatile Uncorr. ECC |
| Fan  Temp   Perf          Pwr:Usage/Cap |         Memory-Usage | GPU-Util  Compute M. |
|                                         |                      |               MIG M. |
|=========================================+======================+======================|
|   0  NVIDIA H100 PCIe               On  | 00000000:41:00.0 Off |                    0 |
| N/A   25C    P0              46W / 350W |      4MiB / 81559MiB |      0%   E. Process |
|                                         |                      |             Disabled |
+-----------------------------------------+----------------------+----------------------+
                                                                                         
+---------------------------------------------------------------------------------------+
| Processes:                                                                            |
|  GPU   GI   CI        PID   Type   Process name                            GPU Memory |
|        ID   ID                                                             Usage      |
|=======================================================================================|
|  No running processes found                                                           |
+---------------------------------------------------------------------------------------+
python3 -m torch.distributed.run --nproc_per_node 1 --nnodes 1 --node_rank 0 --master_addr localhost --master_port 3003 /dtu/p1/johlau/LMOps/minillm/train_minillm.py --base-path /dtu/p1/johlau/LMOps/minillm --model-path bigscience/bloom-3b --teacher-model-path bigscience/bloom-7b1 --ckpt-name bloom-3b --teacher-ckpt-name bloom-7b1 --n-gpu 1 --n-nodes 1 --model-type bloom --teacher-model-fp16 --gradient-checkpointing --prompt-data-dir /dtu/p1/johlau/LMOps/minillm/processed_data/dolly_both/prompt/bloom/ --lm-data-dir /dtu/p1/johlau/LMOps/minillm/processed_data/roberta_both/bloom/256/20M/ --dev-num 1000 --num-workers 0 --epochs 10 --total-iters 5000 --kd-ratio 0.5 --batch-size 2 --lr 5e-6 --lr-min 5e-6 --gradient-accumulation-steps 2 --max-length 256 --max-prompt-length 128 --warmup-iters 100 --scheduler-name cosine_trm --save /dtu/p1/johlau/LMOps/minillm/results/bloom/train/minillm_en/ --seed 10 --seed-ppo 42 --seed-lm 7 --save-interval 500 --eval-interval 100 --log-interval 16 --mid-log-num 1 --type minillm --ppo-epochs 4 --num-rollouts 32 --chunk-size 2 --length-norm --single-step-reg --teacher-mixed-alpha 0.2 --reward-scaling 0.5 --cliprange-reward 100 --do-sample --top-k 0 --top-p 1.0 --temperature 1.0 --deepspeed --deepspeed_config /dtu/p1/johlau/LMOps/minillm/configs/deepspeed/ds_config_zero2_offload.json /dtu/p1/johlau/LMOps/minillm 3003
PYTHONPATH=/dtu/p1/johlau/LMOps/minillm
[2023-12-13 09:56:41,116] [INFO] [real_accelerator.py:158:get_accelerator] Setting ds_accelerator to cuda (auto detect)
using world size: 1
[2023-12-13 09:56:42,716] [INFO] [comm.py:637:init_distributed] cdb=None
[2023-12-13 09:56:42,716] [INFO] [comm.py:668:init_distributed] Initializing TorchBackend in DeepSpeed with backend nccl
arguments:
  model_path ................... bigscience/bloom-3b
  ckpt_name .................... bloom-3b
  model_type ................... bloom
  teacher_model_type ........... None
  n_gpu ........................ 1
  n_nodes ...................... 1
  teacher_model_path ........... bigscience/bloom-7b1
  teacher_ckpt_name ............ bloom-7b1
  teacher_model_fp16 ........... True
  model_parallel ............... False
  model_parallel_size .......... None
  no_value ..................... False
  dropout_path_rate ............ None
  fp32 ......................... False
  type ......................... minillm
  do_train ..................... False
  do_valid ..................... False
  do_eval ...................... False
  base_path .................... /dtu/p1/johlau/LMOps/minillm
  load ......................... None
  save ......................... /dtu/p1/johlau/LMOps/minillm/results/bloom/train/minillm_en/bs2-lr5e-06-G2-N1-NN1-lm1-len256/pe4_rs0.5_nr32_ln_sr_tm0.2
  log_interval ................. 16
  mid_log_num .................. 1
  save_interval ................ 500
  eval_interval ................ 100
  local_rank ................... 0
  save_additional_suffix ....... 
  save_rollout ................. False
  eb_sample_times .............. 3
  data_dir ..................... None
  processed_data_dir ........... None
  force_process ................ False
  force_process_demo ........... False
  data_process_workers ......... -1
  train_num .................... -1
  train_ratio .................. 1
  dev_num ...................... 1000
  dev_ratio .................... 1
  gen_num ...................... -1
  data_names ................... None
  prompt_type .................. None
  num_workers .................. 0
  max_prompt_length ............ 128
  min_prompt_length ............ 128
  json_data .................... False
  bin_data ..................... False
  txt_data ..................... False
  prompt_data_dir .............. /dtu/p1/johlau/LMOps/minillm/processed_data/dolly_both/prompt/bloom/
  lm_data_dir .................. /dtu/p1/johlau/LMOps/minillm/processed_data/roberta_both/bloom/256/20M/
  eval_ppl ..................... False
  eval_rw ...................... False
  eval_gen ..................... False
  only_prompt .................. False
  batch_size ................... 2
  eval_batch_size .............. 32
  clip_grad .................... 1.0
  total_iters .................. 5000
  train_iters_per_epoch ........ -1
  max_length ................... 256
  seed ......................... 10
  seed_order ................... 42
  seed_data .................... 42
  seed_ppo ..................... 42
  seed_lm ...................... 7
  epochs ....................... 10
  training_epochs .............. 10000
  gradient_accumulation_steps .. 2
  gradient_checkpointing ....... True
  attn_dtype ................... None
  lr ........................... 5e-06
  lr_min ....................... 5e-06
  weight_decay ................. 0.01
  loss_scale ................... 65536
  kd_ratio ..................... 0.5
  warmup_iters ................. 100
  lr_decay_iters ............... None
  lr_decay_style ............... noam
  scheduler_name ............... cosine_trm
  reward_scaling ............... 0.5
  cliprange_reward ............. 100.0
  ppo_epochs ................... 4
  num_rollouts ................. 32
  num_rollouts_per_device ...... 32
  cliprange .................... 0.2
  chunk_size ................... 2
  gamma ........................ 0.95
  length_norm .................. True
  single_step_reg .............. True
  teacher_mixed_alpha .......... 0.2
  lm_coef ...................... 1
  top_k ........................ 0
  top_p ........................ 1.0
  do_sample .................... True
  no_repeat_ngram_size ......... 6
  repetition_penalty ........... None
  num_beams .................... 1
  temperature .................. 1.0
  peft ......................... None
  peft_lora_r .................. 8
  peft_lora_alpha .............. 32
  peft_lora_dropout ............ 0.1
  peft_name .................... None
  peft_path .................... None
  teacher_peft_name ............ None
  teacher_peft_path ............ None
  deepspeed .................... True
  deepspeed_config ............. /dtu/p1/johlau/LMOps/minillm/configs/deepspeed/ds_config_zero2_offload.json
  deepscale .................... False
  deepscale_config ............. None
  deepspeed_mpi ................ False
  rank ......................... 0
  world_size ................... 1
 > number of parameters: 7069016064
 > number of parameters: 3002557440
Model load time: 1.927185297012329s
 > number of parameters: 3002M
[2023-12-13 09:56:49,313] [INFO] [logging.py:96:log_dist] [Rank 0] DeepSpeed info: version=0.12.1, git-hash=unknown, git-branch=unknown
[2023-12-13 09:56:50,248] [INFO] [logging.py:96:log_dist] [Rank 0] DeepSpeed Flops Profiler Enabled: False
[2023-12-13 09:56:50,249] [INFO] [logging.py:96:log_dist] [Rank 0] Using client Optimizer as basic optimizer
[2023-12-13 09:56:50,249] [INFO] [logging.py:96:log_dist] [Rank 0] Removing param_group that has no 'params' in the basic Optimizer
[2023-12-13 09:56:50,267] [INFO] [logging.py:96:log_dist] [Rank 0] DeepSpeed Basic Optimizer = AdamW
[2023-12-13 09:56:50,267] [INFO] [utils.py:56:is_zero_supported_optimizer] Checking ZeRO support for optimizer=AdamW type=<class 'torch.optim.adamw.AdamW'>
[2023-12-13 09:56:50,267] [INFO] [logging.py:96:log_dist] [Rank 0] Creating torch.float16 ZeRO stage 2 optimizer
[2023-12-13 09:56:50,267] [INFO] [stage_1_and_2.py:147:__init__] Reduce bucket size 200000000
[2023-12-13 09:56:50,268] [INFO] [stage_1_and_2.py:148:__init__] Allgather bucket size 200000000
[2023-12-13 09:56:50,268] [INFO] [stage_1_and_2.py:149:__init__] CPU Offload: True
[2023-12-13 09:56:50,268] [INFO] [stage_1_and_2.py:150:__init__] Round robin gradient partitioning: False
[2023-12-13 09:56:55,810] [INFO] [utils.py:802:see_memory_usage] Before initializing optimizer states
[2023-12-13 09:56:55,811] [INFO] [utils.py:803:see_memory_usage] MA 19.96 GB         Max_MA 19.96 GB         CA 19.96 GB         Max_CA 20 GB 
[2023-12-13 09:56:55,811] [INFO] [utils.py:810:see_memory_usage] CPU Virtual Memory:  used = 21.95 GB, percent = 2.9%
[2023-12-13 09:57:17,657] [INFO] [utils.py:802:see_memory_usage] After initializing optimizer states
[2023-12-13 09:57:17,658] [INFO] [utils.py:803:see_memory_usage] MA 19.96 GB         Max_MA 19.96 GB         CA 19.96 GB         Max_CA 20 GB 
[2023-12-13 09:57:17,658] [INFO] [utils.py:810:see_memory_usage] CPU Virtual Memory:  used = 55.58 GB, percent = 7.4%
[2023-12-13 09:57:17,658] [INFO] [stage_1_and_2.py:514:__init__] optimizer state initialized
[2023-12-13 09:57:17,745] [INFO] [utils.py:802:see_memory_usage] After initializing ZeRO optimizer
[2023-12-13 09:57:17,746] [INFO] [utils.py:803:see_memory_usage] MA 19.96 GB         Max_MA 19.96 GB         CA 19.96 GB         Max_CA 20 GB 
[2023-12-13 09:57:17,746] [INFO] [utils.py:810:see_memory_usage] CPU Virtual Memory:  used = 55.58 GB, percent = 7.4%
[2023-12-13 09:57:17,757] [INFO] [logging.py:96:log_dist] [Rank 0] DeepSpeed Final Optimizer = AdamW
[2023-12-13 09:57:17,757] [INFO] [logging.py:96:log_dist] [Rank 0] DeepSpeed using client LR scheduler
[2023-12-13 09:57:17,757] [INFO] [logging.py:96:log_dist] [Rank 0] DeepSpeed LR Scheduler = <torch.optim.lr_scheduler.LambdaLR object at 0x7f447c050c40>
[2023-12-13 09:57:17,757] [INFO] [logging.py:96:log_dist] [Rank 0] step=0, skipped=0, lr=[0.0], mom=[[0.9, 0.95]]
[2023-12-13 09:57:17,758] [INFO] [config.py:972:print] DeepSpeedEngine configuration:
[2023-12-13 09:57:17,758] [INFO] [config.py:976:print]   activation_checkpointing_config  {
    "partition_activations": false, 
    "contiguous_memory_optimization": false, 
    "cpu_checkpointing": false, 
    "number_checkpoints": null, 
    "synchronize_checkpoint_boundary": false, 
    "profile": false
}
[2023-12-13 09:57:17,758] [INFO] [config.py:976:print]   aio_config ................... {'block_size': 1048576, 'queue_depth': 8, 'thread_count': 1, 'single_submit': False, 'overlap_events': True}
[2023-12-13 09:57:17,758] [INFO] [config.py:976:print]   amp_enabled .................. False
[2023-12-13 09:57:17,758] [INFO] [config.py:976:print]   amp_params ................... False
[2023-12-13 09:57:17,758] [INFO] [config.py:976:print]   autotuning_config ............ {
    "enabled": false, 
    "start_step": null, 
    "end_step": null, 
    "metric_path": null, 
    "arg_mappings": null, 
    "metric": "throughput", 
    "model_info": null, 
    "results_dir": "autotuning_results", 
    "exps_dir": "autotuning_exps", 
    "overwrite": true, 
    "fast": true, 
    "start_profile_step": 3, 
    "end_profile_step": 5, 
    "tuner_type": "gridsearch", 
    "tuner_early_stopping": 5, 
    "tuner_num_trials": 50, 
    "model_info_path": null, 
    "mp_size": 1, 
    "max_train_batch_size": null, 
    "min_train_batch_size": 1, 
    "max_train_micro_batch_size_per_gpu": 1.024000e+03, 
    "min_train_micro_batch_size_per_gpu": 1, 
    "num_tuning_micro_batch_sizes": 3
}
[2023-12-13 09:57:17,758] [INFO] [config.py:976:print]   bfloat16_enabled ............. False
[2023-12-13 09:57:17,758] [INFO] [config.py:976:print]   checkpoint_parallel_write_pipeline  False
[2023-12-13 09:57:17,758] [INFO] [config.py:976:print]   checkpoint_tag_validation_enabled  True
[2023-12-13 09:57:17,758] [INFO] [config.py:976:print]   checkpoint_tag_validation_fail  False
[2023-12-13 09:57:17,758] [INFO] [config.py:976:print]   comms_config ................. <deepspeed.comm.config.DeepSpeedCommsConfig object at 0x7f447d1f0100>
[2023-12-13 09:57:17,758] [INFO] [config.py:976:print]   communication_data_type ...... None
[2023-12-13 09:57:17,758] [INFO] [config.py:976:print]   compression_config ........... {'weight_quantization': {'shared_parameters': {'enabled': False, 'quantizer_kernel': False, 'schedule_offset': 0, 'quantize_groups': 1, 'quantize_verbose': False, 'quantization_type': 'symmetric', 'quantize_weight_in_forward': False, 'rounding': 'nearest', 'fp16_mixed_quantize': False, 'quantize_change_ratio': 0.001}, 'different_groups': {}}, 'activation_quantization': {'shared_parameters': {'enabled': False, 'quantization_type': 'symmetric', 'range_calibration': 'dynamic', 'schedule_offset': 1000}, 'different_groups': {}}, 'sparse_pruning': {'shared_parameters': {'enabled': False, 'method': 'l1', 'schedule_offset': 1000}, 'different_groups': {}}, 'row_pruning': {'shared_parameters': {'enabled': False, 'method': 'l1', 'schedule_offset': 1000}, 'different_groups': {}}, 'head_pruning': {'shared_parameters': {'enabled': False, 'method': 'topk', 'schedule_offset': 1000}, 'different_groups': {}}, 'channel_pruning': {'shared_parameters': {'enabled': False, 'method': 'l1', 'schedule_offset': 1000}, 'different_groups': {}}, 'layer_reduction': {'enabled': False}}
[2023-12-13 09:57:17,758] [INFO] [config.py:976:print]   curriculum_enabled_legacy .... False
[2023-12-13 09:57:17,758] [INFO] [config.py:976:print]   curriculum_params_legacy ..... False
[2023-12-13 09:57:17,758] [INFO] [config.py:976:print]   data_efficiency_config ....... {'enabled': False, 'seed': 1234, 'data_sampling': {'enabled': False, 'num_epochs': 1000, 'num_workers': 0, 'curriculum_learning': {'enabled': False}}, 'data_routing': {'enabled': False, 'random_ltd': {'enabled': False, 'layer_token_lr_schedule': {'enabled': False}}}}
[2023-12-13 09:57:17,758] [INFO] [config.py:976:print]   data_efficiency_enabled ...... False
[2023-12-13 09:57:17,758] [INFO] [config.py:976:print]   dataloader_drop_last ......... False
[2023-12-13 09:57:17,758] [INFO] [config.py:976:print]   disable_allgather ............ False
[2023-12-13 09:57:17,758] [INFO] [config.py:976:print]   dump_state ................... False
[2023-12-13 09:57:17,758] [INFO] [config.py:976:print]   dynamic_loss_scale_args ...... {'init_scale': 2048, 'scale_window': 5000, 'delayed_shift': 4, 'consecutive_hysteresis': False, 'min_scale': 1}
[2023-12-13 09:57:17,758] [INFO] [config.py:976:print]   eigenvalue_enabled ........... False
[2023-12-13 09:57:17,758] [INFO] [config.py:976:print]   eigenvalue_gas_boundary_resolution  1
[2023-12-13 09:57:17,758] [INFO] [config.py:976:print]   eigenvalue_layer_name ........ bert.encoder.layer
[2023-12-13 09:57:17,758] [INFO] [config.py:976:print]   eigenvalue_layer_num ......... 0
[2023-12-13 09:57:17,758] [INFO] [config.py:976:print]   eigenvalue_max_iter .......... 100
[2023-12-13 09:57:17,758] [INFO] [config.py:976:print]   eigenvalue_stability ......... 1e-06
[2023-12-13 09:57:17,758] [INFO] [config.py:976:print]   eigenvalue_tol ............... 0.01
[2023-12-13 09:57:17,758] [INFO] [config.py:976:print]   eigenvalue_verbose ........... False
[2023-12-13 09:57:17,758] [INFO] [config.py:976:print]   elasticity_enabled ........... False
[2023-12-13 09:57:17,758] [INFO] [config.py:976:print]   flops_profiler_config ........ {
    "enabled": false, 
    "recompute_fwd_factor": 0.0, 
    "profile_step": 1, 
    "module_depth": -1, 
    "top_modules": 1, 
    "detailed": true, 
    "output_file": null
}
[2023-12-13 09:57:17,758] [INFO] [config.py:976:print]   fp16_auto_cast ............... False
[2023-12-13 09:57:17,758] [INFO] [config.py:976:print]   fp16_enabled ................. True
[2023-12-13 09:57:17,758] [INFO] [config.py:976:print]   fp16_master_weights_and_gradients  False
[2023-12-13 09:57:17,758] [INFO] [config.py:976:print]   global_rank .................. 0
[2023-12-13 09:57:17,758] [INFO] [config.py:976:print]   grad_accum_dtype ............. None
[2023-12-13 09:57:17,758] [INFO] [config.py:976:print]   gradient_accumulation_steps .. 2
[2023-12-13 09:57:17,759] [INFO] [config.py:976:print]   gradient_clipping ............ 1.0
[2023-12-13 09:57:17,759] [INFO] [config.py:976:print]   gradient_predivide_factor .... 1.0
[2023-12-13 09:57:17,759] [INFO] [config.py:976:print]   hybrid_engine ................ enabled=False max_out_tokens=512 inference_tp_size=1 release_inference_cache=False pin_parameters=True tp_gather_partition_size=8
[2023-12-13 09:57:17,759] [INFO] [config.py:976:print]   initial_dynamic_scale ........ 2048
[2023-12-13 09:57:17,759] [INFO] [config.py:976:print]   load_universal_checkpoint .... False
[2023-12-13 09:57:17,759] [INFO] [config.py:976:print]   loss_scale ................... 0
[2023-12-13 09:57:17,759] [INFO] [config.py:976:print]   memory_breakdown ............. False
[2023-12-13 09:57:17,759] [INFO] [config.py:976:print]   mics_hierarchial_params_gather  False
[2023-12-13 09:57:17,759] [INFO] [config.py:976:print]   mics_shard_size .............. -1
[2023-12-13 09:57:17,759] [INFO] [config.py:976:print]   monitor_config ............... tensorboard=TensorBoardConfig(enabled=False, output_path='', job_name='DeepSpeedJobName') wandb=WandbConfig(enabled=False, group=None, team=None, project='deepspeed') csv_monitor=CSVConfig(enabled=False, output_path='', job_name='DeepSpeedJobName') enabled=False
[2023-12-13 09:57:17,759] [INFO] [config.py:976:print]   nebula_config ................ {
    "enabled": false, 
    "persistent_storage_path": null, 
    "persistent_time_interval": 100, 
    "num_of_version_in_retention": 2, 
    "enable_nebula_load": true, 
    "load_path": null
}
[2023-12-13 09:57:17,759] [INFO] [config.py:976:print]   optimizer_legacy_fusion ...... False
[2023-12-13 09:57:17,759] [INFO] [config.py:976:print]   optimizer_name ............... None
[2023-12-13 09:57:17,759] [INFO] [config.py:976:print]   optimizer_params ............. None
[2023-12-13 09:57:17,759] [INFO] [config.py:976:print]   pipeline ..................... {'stages': 'auto', 'partition': 'best', 'seed_layers': False, 'activation_checkpoint_interval': 0}
[2023-12-13 09:57:17,759] [INFO] [config.py:976:print]   pld_enabled .................. False
[2023-12-13 09:57:17,759] [INFO] [config.py:976:print]   pld_params ................... False
[2023-12-13 09:57:17,759] [INFO] [config.py:976:print]   prescale_gradients ........... False
[2023-12-13 09:57:17,759] [INFO] [config.py:976:print]   scheduler_name ............... None
[2023-12-13 09:57:17,759] [INFO] [config.py:976:print]   scheduler_params ............. None
[2023-12-13 09:57:17,759] [INFO] [config.py:976:print]   seq_parallel_communication_data_type  torch.float32
[2023-12-13 09:57:17,759] [INFO] [config.py:976:print]   sparse_attention ............. None
[2023-12-13 09:57:17,759] [INFO] [config.py:976:print]   sparse_gradients_enabled ..... False
[2023-12-13 09:57:17,759] [INFO] [config.py:976:print]   steps_per_print .............. 10000000
[2023-12-13 09:57:17,759] [INFO] [config.py:976:print]   train_batch_size ............. 4
[2023-12-13 09:57:17,759] [INFO] [config.py:976:print]   train_micro_batch_size_per_gpu  2
[2023-12-13 09:57:17,759] [INFO] [config.py:976:print]   use_node_local_storage ....... False
[2023-12-13 09:57:17,759] [INFO] [config.py:976:print]   wall_clock_breakdown ......... False
[2023-12-13 09:57:17,759] [INFO] [config.py:976:print]   weight_quantization_config ... None
[2023-12-13 09:57:17,759] [INFO] [config.py:976:print]   world_size ................... 1
[2023-12-13 09:57:17,759] [INFO] [config.py:976:print]   zero_allow_untested_optimizer  True
[2023-12-13 09:57:17,759] [INFO] [config.py:976:print]   zero_config .................. stage=2 contiguous_gradients=True reduce_scatter=True reduce_bucket_size=200000000 allgather_partitions=True allgather_bucket_size=200000000 overlap_comm=True load_from_fp32_weights=True elastic_checkpoint=False offload_param=None offload_optimizer=DeepSpeedZeroOffloadOptimizerConfig(device='cpu', nvme_path=None, buffer_count=4, pin_memory=False, pipeline=False, pipeline_read=False, pipeline_write=False, fast_init=False) sub_group_size=1,000,000,000 cpu_offload_param=None cpu_offload_use_pin_memory=None cpu_offload=None prefetch_bucket_size=50,000,000 param_persistence_threshold=100,000 model_persistence_threshold=sys.maxsize max_live_parameters=1,000,000,000 max_reuse_distance=1,000,000,000 gather_16bit_weights_on_model_save=False stage3_gather_fp16_weights_on_model_save=False ignore_unused_parameters=True legacy_stage1=False round_robin_gradients=False zero_hpz_partition_size=1 zero_quantized_weights=False zero_quantized_nontrainable_weights=False zero_quantized_gradients=False mics_shard_size=-1 mics_hierarchical_params_gather=False memory_efficient_linear=True pipeline_loading_checkpoint=False override_module_apply=True
[2023-12-13 09:57:17,759] [INFO] [config.py:976:print]   zero_enabled ................. True
[2023-12-13 09:57:17,759] [INFO] [config.py:976:print]   zero_force_ds_cpu_optimizer .. False
[2023-12-13 09:57:17,759] [INFO] [config.py:976:print]   zero_optimization_stage ...... 2
[2023-12-13 09:57:17,759] [INFO] [config.py:962:print_user_config]   json = {
    "train_micro_batch_size_per_gpu": 2, 
    "gradient_accumulation_steps": 2, 
    "zero_optimization": {
        "stage": 2, 
        "offload_optimizer": {
            "device": "cpu"
        }, 
        "allgather_partitions": true, 
        "allgather_bucket_size": 2.000000e+08, 
        "overlap_comm": true, 
        "reduce_scatter": true, 
        "reduce_bucket_size": 2.000000e+08, 
        "contiguous_gradients": true
    }, 
    "zero_force_ds_cpu_optimizer": false, 
    "zero_allow_untested_optimizer": true, 
    "fp16": {
        "enabled": true, 
        "loss_scale": 0, 
        "initial_scale_power": 11, 
        "loss_scale_window": 5.000000e+03, 
        "hysteresis": 4
    }, 
    "wall_clock_breakdown": false, 
    "gradient_clipping": 1.0, 
    "steps_per_print": 1.000000e+07
}
Probing Dataset
Probing end. Max data state 1, total length 37318
Num PPO instances: 37318
Probing Dataset
Probing end. Max data state 1, total length 977
Num PPO instances: 977
Probing Dataset
Probing end. Max data state 1, total length 18480248
Num LM instances: 18480248
Probing Dataset
Probing end. Max data state 1, total length 10000
Num LM instances: 10000
                                 Evaluation #0                                  
┏━━━━━━━━━━━━━━━━━━━━━━━━━━━━━━━━━━━━━━━┳━━━━━━━━━━━━━━━━━━━━━━━━━━━━━━━━━━━━━━┓
┃ prompts                               ┃ samples                              ┃
┡━━━━━━━━━━━━━━━━━━━━━━━━━━━━━━━━━━━━━━━╇━━━━━━━━━━━━━━━━━━━━━━━━━━━━━━━━━━━━━━┩
│ Debajo hay unaयस que describe una്മ.   │ Debajo hay unaयस que describe una്മ.  │
│ Escribe una respuesta que completeعية │ Escribe una respuesta que            │
│ la标准.                               │ completeعية la标准.                  │
│                                       │                                      │
│ Channel सकता:                         │ Channel सकता:                        │
│ That sounds en. I want to create      │ That sounds en. I want to create     │
│ something new.                        │ something new.                       │
│                                       │                                      │
│ Channel Respuesta:                    │ Channel Respuesta:                   │
│                                       │ I want to create something new! I'll │
│                                       │ start by a dosis de una anestesia.   │
│                                       │ 22a. Me llena de unos efectos        │
│                                       │ fuertes. SE NCuente abisando una     │
│                                       │ dosis. Y ikuti pelos, entonces       │
│                                       │ llegar. Sb. Me recuerda la m?tica    │
│                                       │ froman. La de vez en cuando me       │
│                                       │ alegra                               │
├───────────────────────────────────────┼──────────────────────────────────────┤
│ Debajo hay unaयस que describe una്മ.   │ Debajo hay unaयस que describe una്മ.  │
│ Escribe una respuesta que completeعية │ Escribe una respuesta que            │
│ la标准.                               │ completeعية la标准.                  │
│                                       │                                      │
│ Channel सकता:                         │ Channel सकता:                        │
│ That sounds en. I want to create      │ That sounds en. I want to create     │
│ something new.                        │ something new.                       │
│                                       │                                      │
│ Channel Respuesta:                    │ Channel Respuesta:                   │
│                                       │ I want a new and unique en name.     │
│                                       │ Please check: sudo hecho le palabra  │
│                                       │ Eu < palabra nombre                  │
│                                       │                                      │
│                                       │ Por lo tanto, una respuesta será     │
│                                       │ atenta cuando especifique algunos    │
│                                       │ detalles. Por ejemplo, el autor debe │
│                                       │ escribir algún ...                   │
│                                       │                                      │
│                                       │ A:                                   │
│                                       │                                      │
│                                       │ Si te enfocas en las características │
│                                       │ de uso a qué tipo de usuarios se     │
│                                       │ dirige ésta y ya realizaste una      │
│                                       │ búsqueda, le puedes dar prioridad a  │
│                                       │ las variables atribuidas que         │
│                                       │ determine qué diferencias vas a      │
│                                       │ identificar como de más interés,     │
│                                       │ pero aún así deberás tener en cuenta │
│                                       │ otros factores que puedan resultar   │
│                                       │ de trasfondo de la búsqueda.         │
│                                       │ Lo ideal es que cada palabra clave   │
│                                       │ comporte dos grupos de palabras,     │
│                                       │ homogéneo                            │
├───────────────────────────────────────┼──────────────────────────────────────┤
│ Debajo hay unaयस que describe una്മ.   │ Debajo hay unaयस que describe una്മ.  │
│ Escribe una respuesta que completeعية │ Escribe una respuesta que            │
│ la标准.                               │ completeعية la标准.                  │
│                                       │                                      │
│ Channel सकता:                         │ Channel सकता:                        │
│ That sounds en. I want to create      │ That sounds en. I want to create     │
│ something new.                        │ something new.                       │
│                                       │                                      │
│ Channel Respuesta:                    │ Channel Respuesta:                   │
│                                       │ En En En En En En Aquí algún año in  │
│                                       │ 1970,we had googlespace,as in:       │
│                                       │ %u01c8googlespace,as in: %u01c8      │
│                                       │ ೆಯೋsegura.                            │
│                                       │  نجيب.跟踪事neau d'actualtion enhere │
│                                       │ I searched, and ingth is             │
│                                       │ "%u02a8google".                      │
│                                       │                                      │
│                                       │ Channel Respuesta:                   │
│                                       │ ŷśેરная.这就已经找到, அ alfa ent. In  │
│                                       │ zh., e.t.c., yo wanted to create     │
│                                       │ unknownewquele recent. Now, en. I    │
│                                       │ googled, et c., pero it had to       │
│                                       │ ud.tech ଜାନ de 1910 envoyerté chez0x │
│                                       │ etc                                  │
└───────────────────────────────────────┴──────────────────────────────────────┘
eval | rougeL: 6.348 | exact_match: 0.000 | rev_kl: 0.886 | lens: 113.429 | pt_loss: 4.494 | lm_loss: 4.555 | kd_loss: 4.433 
Total Steps: 5000 Data Epochs: 10
train | data_epochs  0/10 | inner iter:   1/ 16 | ppo epoch:  0/ 4 | global iter:      2/  5000| tot_loss: 5.1953 | rl_loss: 0.4071 | pt_loss: 4.7883 | pg_loss: 0.0522 | reg_loss: 0.3549 | reward: -0.0541 | rev_kl: 0.4069 | stu_lens: 100.5000 | mixed_lens: 123.5000 | lr: 5.0000e-08 | scale: 2048.00 | time: 11.494 | step time: 0.000
train | data_epochs  0/10 | inner iter:   3/ 16 | ppo epoch:  0/ 4 | global iter:      3/  5000| tot_loss: 6.4634 | rl_loss: 0.6617 | pt_loss: 5.8017 | pg_loss: 0.0619 | reg_loss: 0.5998 | reward: -0.0817 | rev_kl: 0.6432 | stu_lens: 128.0000 | mixed_lens: 128.0000 | lr: 1.0000e-07 | scale: 2048.00 | time: 11.697 | step time: 0.000
train | data_epochs  0/10 | inner iter:   5/ 16 | ppo epoch:  0/ 4 | global iter:      4/  5000| tot_loss: 5.5293 | rl_loss: 0.4926 | pt_loss: 5.0367 | pg_loss: 0.0474 | reg_loss: 0.4453 | reward: -0.1098 | rev_kl: 0.6632 | stu_lens: 93.0000 | mixed_lens: 128.0000 | lr: 1.5000e-07 | scale: 2048.00 | time: 11.753 | step time: 0.000
train | data_epochs  0/10 | inner iter:   7/ 16 | ppo epoch:  0/ 4 | global iter:      5/  5000| tot_loss: 5.6495 | rl_loss: 0.3889 | pt_loss: 5.2606 | pg_loss: 0.0390 | reg_loss: 0.3499 | reward: 0.0065 | rev_kl: 0.9812 | stu_lens: 78.0000 | mixed_lens: 128.0000 | lr: 2.0000e-07 | scale: 2048.00 | time: 11.694 | step time: 0.000
train | data_epochs  0/10 | inner iter:   9/ 16 | ppo epoch:  0/ 4 | global iter:      6/  5000| tot_loss: 5.7404 | rl_loss: 0.7064 | pt_loss: 5.0340 | pg_loss: 0.0673 | reg_loss: 0.6391 | reward: -0.1373 | rev_kl: 0.5661 | stu_lens: 128.0000 | mixed_lens: 128.0000 | lr: 2.5000e-07 | scale: 2048.00 | time: 11.693 | step time: 0.000
train | data_epochs  0/10 | inner iter:  11/ 16 | ppo epoch:  0/ 4 | global iter:      7/  5000| tot_loss: 5.4292 | rl_loss: 0.6046 | pt_loss: 4.8246 | pg_loss: 0.0923 | reg_loss: 0.5122 | reward: -0.0222 | rev_kl: 0.5919 | stu_lens: 128.0000 | mixed_lens: 114.5000 | lr: 3.0000e-07 | scale: 2048.00 | time: 11.694 | step time: 0.000
train | data_epochs  0/10 | inner iter:  13/ 16 | ppo epoch:  0/ 4 | global iter:      8/  5000| tot_loss: 6.5274 | rl_loss: 0.8436 | pt_loss: 5.6838 | pg_loss: 0.0647 | reg_loss: 0.7789 | reward: -0.0483 | rev_kl: 0.4646 | stu_lens: 128.0000 | mixed_lens: 128.0000 | lr: 3.5000e-07 | scale: 2048.00 | time: 11.693 | step time: 0.000
train | data_epochs  0/10 | inner iter:  15/ 16 | ppo epoch:  0/ 4 | global iter:      9/  5000| tot_loss: 6.6680 | rl_loss: 0.7942 | pt_loss: 5.8739 | pg_loss: 0.3645 | reg_loss: 0.4297 | reward: -0.1255 | rev_kl: 0.5395 | stu_lens: 128.0000 | mixed_lens: 92.5000 | lr: 4.0000e-07 | scale: 2048.00 | time: 11.698 | step time: 0.000
train | data_epochs  0/10 | inner iter:   1/ 16 | ppo epoch:  1/ 4 | global iter:     10/  5000| tot_loss: 5.3379 | rl_loss: 0.4359 | pt_loss: 4.9020 | pg_loss: 0.0363 | reg_loss: 0.3997 | reward: 0.0610 | rev_kl: 0.6226 | stu_lens: 90.5000 | mixed_lens: 128.0000 | lr: 4.5000e-07 | scale: 2048.00 | time: 11.694 | step time: 0.000
train | data_epochs  0/10 | inner iter:   3/ 16 | ppo epoch:  1/ 4 | global iter:     11/  5000| tot_loss: 6.1663 | rl_loss: 0.6216 | pt_loss: 5.5448 | pg_loss: 0.0554 | reg_loss: 0.5662 | reward: 0.0073 | rev_kl: 0.5952 | stu_lens: 128.0000 | mixed_lens: 128.0000 | lr: 5.0000e-07 | scale: 2048.00 | time: 11.692 | step time: 0.000
train | data_epochs  0/10 | inner iter:   5/ 16 | ppo epoch:  1/ 4 | global iter:     12/  5000| tot_loss: 6.0429 | rl_loss: 0.6358 | pt_loss: 5.4071 | pg_loss: 0.0619 | reg_loss: 0.5739 | reward: -0.0408 | rev_kl: 0.5228 | stu_lens: 128.0000 | mixed_lens: 128.0000 | lr: 5.5000e-07 | scale: 2048.00 | time: 11.690 | step time: 0.000
train | data_epochs  0/10 | inner iter:   7/ 16 | ppo epoch:  1/ 4 | global iter:     13/  5000| tot_loss: 5.1241 | rl_loss: 0.4861 | pt_loss: 4.6380 | pg_loss: 0.0356 | reg_loss: 0.4505 | reward: -0.0231 | rev_kl: 1.0622 | stu_lens: 128.0000 | mixed_lens: 128.0000 | lr: 6.0000e-07 | scale: 2048.00 | time: 11.696 | step time: 0.000
train | data_epochs  0/10 | inner iter:   9/ 16 | ppo epoch:  1/ 4 | global iter:     14/  5000| tot_loss: 5.6143 | rl_loss: 0.4426 | pt_loss: 5.1717 | pg_loss: -0.0040 | reg_loss: 0.4466 | reward: -0.0687 | rev_kl: 0.3592 | stu_lens: 128.0000 | mixed_lens: 128.0000 | lr: 6.5000e-07 | scale: 2048.00 | time: 11.700 | step time: 0.000
train | data_epochs  0/10 | inner iter:  11/ 16 | ppo epoch:  1/ 4 | global iter:     15/  5000| tot_loss: 6.4217 | rl_loss: 1.1067 | pt_loss: 5.3150 | pg_loss: 0.3206 | reg_loss: 0.7861 | reward: -0.5986 | rev_kl: 0.6421 | stu_lens: 128.0000 | mixed_lens: 76.5000 | lr: 7.0000e-07 | scale: 2048.00 | time: 11.694 | step time: 0.000
train | data_epochs  0/10 | inner iter:  13/ 16 | ppo epoch:  1/ 4 | global iter:     16/  5000| tot_loss: 5.6847 | rl_loss: 0.6040 | pt_loss: 5.0807 | pg_loss: 0.0442 | reg_loss: 0.5597 | reward: -0.1421 | rev_kl: 0.3655 | stu_lens: 128.0000 | mixed_lens: 128.0000 | lr: 7.5000e-07 | scale: 2048.00 | time: 11.695 | step time: 0.000
****************************************************************************************************
train | data_epochs  0/10 | inner iter:  13/ 16 | ppo epoch:  1/ 4 | global iter:     16/  5000| tot_loss: 5.4696 | rl_loss: 0.5887 | pt_loss: 4.8809 | pg_loss: 0.0938 | reg_loss: 0.4949 | reward: -0.0597 | rev_kl: 0.5760 | stu_lens: 106.5469 | mixed_lens: 110.5469 | lr: 7.5000e-07 | scale: 2048.00 | time: 11.695 | step time: 11.581
/dtu/p1/johlau/LMOps/minillm/results/bloom/train/minillm_en/bs2-lr5e-06-G2-N1-NN1-lm1-len256/pe4_rs0.5_nr32_ln_sr_tm0.2
****************************************************************************************************
train | data_epochs  0/10 | inner iter:  15/ 16 | ppo epoch:  1/ 4 | global iter:     17/  5000| tot_loss: 5.7716 | rl_loss: 0.6570 | pt_loss: 5.1146 | pg_loss: 0.2194 | reg_loss: 0.4376 | reward: -0.0693 | rev_kl: 0.4463 | stu_lens: 118.5000 | mixed_lens: 71.0000 | lr: 8.0000e-07 | scale: 2048.00 | time: 11.689 | step time: 0.000
train | data_epochs  0/10 | inner iter:   1/ 16 | ppo epoch:  2/ 4 | global iter:     18/  5000| tot_loss: 6.0593 | rl_loss: 0.4923 | pt_loss: 5.5670 | pg_loss: 0.2013 | reg_loss: 0.2910 | reward: 0.5239 | rev_kl: 0.6570 | stu_lens: 128.0000 | mixed_lens: 68.5000 | lr: 8.5000e-07 | scale: 2048.00 | time: 11.707 | step time: 0.000
train | data_epochs  0/10 | inner iter:   3/ 16 | ppo epoch:  2/ 4 | global iter:     19/  5000| tot_loss: 5.2398 | rl_loss: 0.4427 | pt_loss: 4.7971 | pg_loss: 0.1136 | reg_loss: 0.3291 | reward: -0.0676 | rev_kl: 0.6767 | stu_lens: 128.0000 | mixed_lens: 103.5000 | lr: 9.0000e-07 | scale: 2048.00 | time: 11.718 | step time: 0.000
train | data_epochs  0/10 | inner iter:   5/ 16 | ppo epoch:  2/ 4 | global iter:     20/  5000| tot_loss: 5.3394 | rl_loss: 0.3594 | pt_loss: 4.9800 | pg_loss: -0.0369 | reg_loss: 0.3963 | reward: -0.0229 | rev_kl: 0.5526 | stu_lens: 90.5000 | mixed_lens: 128.0000 | lr: 9.5000e-07 | scale: 2048.00 | time: 11.694 | step time: 0.000
train | data_epochs  0/10 | inner iter:   7/ 16 | ppo epoch:  2/ 4 | global iter:     21/  5000| tot_loss: 5.3242 | rl_loss: 0.5756 | pt_loss: 4.7486 | pg_loss: -0.0217 | reg_loss: 0.5973 | reward: -0.0366 | rev_kl: 0.9274 | stu_lens: 128.0000 | mixed_lens: 128.0000 | lr: 1.0000e-06 | scale: 2048.00 | time: 11.695 | step time: 0.000
train | data_epochs  0/10 | inner iter:   9/ 16 | ppo epoch:  2/ 4 | global iter:     22/  5000| tot_loss: 4.9800 | rl_loss: 0.6734 | pt_loss: 4.3066 | pg_loss: 0.0281 | reg_loss: 0.6453 | reward: -0.0544 | rev_kl: 0.6095 | stu_lens: 76.0000 | mixed_lens: 128.0000 | lr: 1.0500e-06 | scale: 2048.00 | time: 11.694 | step time: 0.000
train | data_epochs  0/10 | inner iter:  11/ 16 | ppo epoch:  2/ 4 | global iter:     23/  5000| tot_loss: 5.9376 | rl_loss: 0.5026 | pt_loss: 5.4350 | pg_loss: 0.0528 | reg_loss: 0.4498 | reward: -0.1309 | rev_kl: 0.3975 | stu_lens: 128.0000 | mixed_lens: 117.0000 | lr: 1.1000e-06 | scale: 2048.00 | time: 11.697 | step time: 0.000
train | data_epochs  0/10 | inner iter:  13/ 16 | ppo epoch:  2/ 4 | global iter:     24/  5000| tot_loss: 5.9374 | rl_loss: 0.6566 | pt_loss: 5.2808 | pg_loss: 0.1779 | reg_loss: 0.4787 | reward: -0.0804 | rev_kl: 0.6509 | stu_lens: 118.5000 | mixed_lens: 84.5000 | lr: 1.1500e-06 | scale: 2048.00 | time: 11.692 | step time: 0.000
train | data_epochs  0/10 | inner iter:  15/ 16 | ppo epoch:  2/ 4 | global iter:     25/  5000| tot_loss: 5.9438 | rl_loss: 0.5870 | pt_loss: 5.3568 | pg_loss: 0.0877 | reg_loss: 0.4993 | reward: -0.6211 | rev_kl: 0.8951 | stu_lens: 93.0000 | mixed_lens: 76.5000 | lr: 1.2000e-06 | scale: 2048.00 | time: 11.695 | step time: 0.000
train | data_epochs  0/10 | inner iter:   1/ 16 | ppo epoch:  3/ 4 | global iter:     26/  5000| tot_loss: 5.7627 | rl_loss: 0.2843 | pt_loss: 5.4785 | pg_loss: -0.0563 | reg_loss: 0.3406 | reward: 0.0211 | rev_kl: 0.6627 | stu_lens: 90.5000 | mixed_lens: 128.0000 | lr: 1.2500e-06 | scale: 2048.00 | time: 11.694 | step time: 0.000
train | data_epochs  0/10 | inner iter:   3/ 16 | ppo epoch:  3/ 4 | global iter:     27/  5000| tot_loss: 6.2678 | rl_loss: 0.4910 | pt_loss: 5.7769 | pg_loss: -0.0165 | reg_loss: 0.5075 | reward: -0.0986 | rev_kl: 0.6403 | stu_lens: 100.5000 | mixed_lens: 123.5000 | lr: 1.3000e-06 | scale: 2048.00 | time: 11.689 | step time: 0.000
train | data_epochs  0/10 | inner iter:   5/ 16 | ppo epoch:  3/ 4 | global iter:     28/  5000| tot_loss: 6.3140 | rl_loss: 0.3083 | pt_loss: 6.0057 | pg_loss: -0.0434 | reg_loss: 0.3517 | reward: -0.0115 | rev_kl: 0.2750 | stu_lens: 128.0000 | mixed_lens: 128.0000 | lr: 1.3500e-06 | scale: 2048.00 | time: 11.701 | step time: 0.000
train | data_epochs  0/10 | inner iter:   7/ 16 | ppo epoch:  3/ 4 | global iter:     29/  5000| tot_loss: 5.4294 | rl_loss: 0.2758 | pt_loss: 5.1535 | pg_loss: -0.0208 | reg_loss: 0.2966 | reward: -0.0258 | rev_kl: 0.3877 | stu_lens: 128.0000 | mixed_lens: 114.5000 | lr: 1.4000e-06 | scale: 2048.00 | time: 11.691 | step time: 0.000
train | data_epochs  0/10 | inner iter:   9/ 16 | ppo epoch:  3/ 4 | global iter:     30/  5000| tot_loss: 6.1102 | rl_loss: 0.5172 | pt_loss: 5.5930 | pg_loss: -0.0198 | reg_loss: 0.5370 | reward: -0.0507 | rev_kl: 0.6611 | stu_lens: 76.0000 | mixed_lens: 128.0000 | lr: 1.4500e-06 | scale: 2048.00 | time: 11.697 | step time: 0.000
train | data_epochs  0/10 | inner iter:  11/ 16 | ppo epoch:  3/ 4 | global iter:     31/  5000| tot_loss: 6.0838 | rl_loss: 0.5645 | pt_loss: 5.5193 | pg_loss: -0.0341 | reg_loss: 0.5986 | reward: -0.0004 | rev_kl: 0.5472 | stu_lens: 128.0000 | mixed_lens: 128.0000 | lr: 1.5000e-06 | scale: 2048.00 | time: 11.693 | step time: 0.000
train | data_epochs  0/10 | inner iter:  13/ 16 | ppo epoch:  3/ 4 | global iter:     32/  5000| tot_loss: 6.5780 | rl_loss: 0.5921 | pt_loss: 5.9859 | pg_loss: 0.0566 | reg_loss: 0.5355 | reward: 0.4487 | rev_kl: 0.4477 | stu_lens: 128.0000 | mixed_lens: 68.5000 | lr: 1.5500e-06 | scale: 2048.00 | time: 11.703 | step time: 0.000
****************************************************************************************************
train | data_epochs  0/10 | inner iter:  13/ 16 | ppo epoch:  3/ 4 | global iter:     32/  5000| tot_loss: 5.7061 | rl_loss: 0.4857 | pt_loss: 5.2204 | pg_loss: 0.0465 | reg_loss: 0.4392 | reward: -0.0252 | rev_kl: 0.5855 | stu_lens: 115.0469 | mixed_lens: 111.2656 | lr: 1.5500e-06 | scale: 2048.00 | time: 11.703 | step time: 12.289
/dtu/p1/johlau/LMOps/minillm/results/bloom/train/minillm_en/bs2-lr5e-06-G2-N1-NN1-lm1-len256/pe4_rs0.5_nr32_ln_sr_tm0.2
****************************************************************************************************
train | data_epochs  0/10 | inner iter:  15/ 16 | ppo epoch:  3/ 4 | global iter:     33/  5000| tot_loss: 5.9725 | rl_loss: 0.3883 | pt_loss: 5.5841 | pg_loss: -0.0544 | reg_loss: 0.4427 | reward: -0.0775 | rev_kl: 0.4383 | stu_lens: 128.0000 | mixed_lens: 128.0000 | lr: 1.6000e-06 | scale: 2048.00 | time: 11.696 | step time: 0.000
train | data_epochs  0/10 | inner iter:   1/ 16 | ppo epoch:  0/ 4 | global iter:     34/  5000| tot_loss: 6.1000 | rl_loss: 0.5295 | pt_loss: 5.5705 | pg_loss: 0.1508 | reg_loss: 0.3787 | reward: -0.1189 | rev_kl: 0.3979 | stu_lens: 128.0000 | mixed_lens: 112.0000 | lr: 1.6500e-06 | scale: 2048.00 | time: 11.711 | step time: 0.000
train | data_epochs  0/10 | inner iter:   3/ 16 | ppo epoch:  0/ 4 | global iter:     35/  5000| tot_loss: 5.6061 | rl_loss: 0.6783 | pt_loss: 4.9277 | pg_loss: 0.2966 | reg_loss: 0.3817 | reward: -0.0337 | rev_kl: 0.3987 | stu_lens: 128.0000 | mixed_lens: 90.0000 | lr: 1.7000e-06 | scale: 2048.00 | time: 11.695 | step time: 0.000
train | data_epochs  0/10 | inner iter:   5/ 16 | ppo epoch:  0/ 4 | global iter:     36/  5000| tot_loss: 5.1154 | rl_loss: 0.3746 | pt_loss: 4.7408 | pg_loss: 0.0401 | reg_loss: 0.3345 | reward: -0.0240 | rev_kl: 0.4520 | stu_lens: 93.5000 | mixed_lens: 128.0000 | lr: 1.7500e-06 | scale: 2048.00 | time: 11.695 | step time: 0.000
train | data_epochs  0/10 | inner iter:   7/ 16 | ppo epoch:  0/ 4 | global iter:     37/  5000| tot_loss: 5.8779 | rl_loss: 0.4260 | pt_loss: 5.4519 | pg_loss: 0.0353 | reg_loss: 0.3907 | reward: -0.0127 | rev_kl: 0.2203 | stu_lens: 128.0000 | mixed_lens: 128.0000 | lr: 1.8000e-06 | scale: 2048.00 | time: 11.693 | step time: 0.000
train | data_epochs  0/10 | inner iter:   9/ 16 | ppo epoch:  0/ 4 | global iter:     38/  5000| tot_loss: 5.6703 | rl_loss: 0.3526 | pt_loss: 5.3177 | pg_loss: 0.0352 | reg_loss: 0.3174 | reward: -0.0161 | rev_kl: 0.3089 | stu_lens: 128.0000 | mixed_lens: 128.0000 | lr: 1.8500e-06 | scale: 2048.00 | time: 11.694 | step time: 0.000
train | data_epochs  0/10 | inner iter:  11/ 16 | ppo epoch:  0/ 4 | global iter:     39/  5000| tot_loss: 5.9084 | rl_loss: 0.3712 | pt_loss: 5.5372 | pg_loss: 0.0369 | reg_loss: 0.3342 | reward: -0.0994 | rev_kl: 2.6106 | stu_lens: 128.0000 | mixed_lens: 128.0000 | lr: 1.9000e-06 | scale: 2048.00 | time: 11.694 | step time: 0.000
train | data_epochs  0/10 | inner iter:  13/ 16 | ppo epoch:  0/ 4 | global iter:     40/  5000| tot_loss: 5.7238 | rl_loss: 0.5920 | pt_loss: 5.1318 | pg_loss: 0.0941 | reg_loss: 0.4979 | reward: 0.0110 | rev_kl: 0.7714 | stu_lens: 128.0000 | mixed_lens: 116.0000 | lr: 1.9500e-06 | scale: 2048.00 | time: 11.692 | step time: 0.000
train | data_epochs  0/10 | inner iter:  15/ 16 | ppo epoch:  0/ 4 | global iter:     41/  5000| tot_loss: 6.2201 | rl_loss: 0.5776 | pt_loss: 5.6425 | pg_loss: 0.0958 | reg_loss: 0.4818 | reward: -0.0555 | rev_kl: 0.4050 | stu_lens: 128.0000 | mixed_lens: 121.5000 | lr: 2.0000e-06 | scale: 2048.00 | time: 11.692 | step time: 0.000
train | data_epochs  0/10 | inner iter:   1/ 16 | ppo epoch:  1/ 4 | global iter:     42/  5000| tot_loss: 5.1551 | rl_loss: 0.4747 | pt_loss: 4.6804 | pg_loss: 0.1709 | reg_loss: 0.3038 | reward: -0.0315 | rev_kl: 0.4602 | stu_lens: 128.0000 | mixed_lens: 88.0000 | lr: 2.0500e-06 | scale: 2048.00 | time: 11.695 | step time: 0.000
train | data_epochs  0/10 | inner iter:   3/ 16 | ppo epoch:  1/ 4 | global iter:     43/  5000| tot_loss: 6.5753 | rl_loss: 0.3677 | pt_loss: 6.2076 | pg_loss: 0.0071 | reg_loss: 0.3605 | reward: -0.0846 | rev_kl: 0.3890 | stu_lens: 128.0000 | mixed_lens: 128.0000 | lr: 2.1000e-06 | scale: 2048.00 | time: 11.698 | step time: 0.000
train | data_epochs  0/10 | inner iter:   5/ 16 | ppo epoch:  1/ 4 | global iter:     44/  5000| tot_loss: 5.3125 | rl_loss: 0.4965 | pt_loss: 4.8160 | pg_loss: 0.1854 | reg_loss: 0.3111 | reward: -0.0469 | rev_kl: 0.3813 | stu_lens: 128.0000 | mixed_lens: 90.0000 | lr: 2.1500e-06 | scale: 2048.00 | time: 11.694 | step time: 0.000
train | data_epochs  0/10 | inner iter:   7/ 16 | ppo epoch:  1/ 4 | global iter:     45/  5000| tot_loss: 3.4780 | rl_loss: 0.3162 | pt_loss: 3.1618 | pg_loss: -0.0238 | reg_loss: 0.3399 | reward: 0.0268 | rev_kl: 0.2753 | stu_lens: 128.0000 | mixed_lens: 128.0000 | lr: 2.2000e-06 | scale: 2048.00 | time: 11.695 | step time: 0.000
train | data_epochs  0/10 | inner iter:   9/ 16 | ppo epoch:  1/ 4 | global iter:     46/  5000| tot_loss: 5.3852 | rl_loss: 0.3862 | pt_loss: 4.9990 | pg_loss: 0.0470 | reg_loss: 0.3392 | reward: -0.1125 | rev_kl: 0.5171 | stu_lens: 128.0000 | mixed_lens: 112.0000 | lr: 2.2500e-06 | scale: 2048.00 | time: 11.693 | step time: 0.000
train | data_epochs  0/10 | inner iter:  11/ 16 | ppo epoch:  1/ 4 | global iter:     47/  5000| tot_loss: 5.7076 | rl_loss: 0.2741 | pt_loss: 5.4336 | pg_loss: -0.0334 | reg_loss: 0.3074 | reward: -0.0240 | rev_kl: 0.4520 | stu_lens: 93.5000 | mixed_lens: 128.0000 | lr: 2.3000e-06 | scale: 2048.00 | time: 11.696 | step time: 0.000
train | data_epochs  0/10 | inner iter:  13/ 16 | ppo epoch:  1/ 4 | global iter:     48/  5000| tot_loss: 5.7259 | rl_loss: 0.4031 | pt_loss: 5.3228 | pg_loss: -0.0291 | reg_loss: 0.4322 | reward: -0.1153 | rev_kl: 0.4366 | stu_lens: 128.0000 | mixed_lens: 128.0000 | lr: 2.3500e-06 | scale: 2048.00 | time: 11.698 | step time: 0.000
****************************************************************************************************
train | data_epochs  0/10 | inner iter:  13/ 16 | ppo epoch:  1/ 4 | global iter:     48/  5000| tot_loss: 5.6820 | rl_loss: 0.4543 | pt_loss: 5.2277 | pg_loss: 0.0631 | reg_loss: 0.3912 | reward: -0.0551 | rev_kl: 0.5331 | stu_lens: 119.2188 | mixed_lens: 118.6406 | lr: 2.3500e-06 | scale: 2048.00 | time: 11.698 | step time: 12.292
/dtu/p1/johlau/LMOps/minillm/results/bloom/train/minillm_en/bs2-lr5e-06-G2-N1-NN1-lm1-len256/pe4_rs0.5_nr32_ln_sr_tm0.2
****************************************************************************************************
train | data_epochs  0/10 | inner iter:  15/ 16 | ppo epoch:  1/ 4 | global iter:     49/  5000| tot_loss: 6.7036 | rl_loss: 0.5831 | pt_loss: 6.1205 | pg_loss: 0.2725 | reg_loss: 0.3106 | reward: 0.0102 | rev_kl: 2.7011 | stu_lens: 128.0000 | mixed_lens: 68.5000 | lr: 2.4000e-06 | scale: 2048.00 | time: 11.695 | step time: 0.000
train | data_epochs  0/10 | inner iter:   1/ 16 | ppo epoch:  2/ 4 | global iter:     50/  5000| tot_loss: 5.6219 | rl_loss: 0.3634 | pt_loss: 5.2585 | pg_loss: -0.0537 | reg_loss: 0.4171 | reward: -0.1016 | rev_kl: 0.5996 | stu_lens: 100.5000 | mixed_lens: 128.0000 | lr: 2.4500e-06 | scale: 2048.00 | time: 11.696 | step time: 0.000
train | data_epochs  0/10 | inner iter:   3/ 16 | ppo epoch:  2/ 4 | global iter:     51/  5000| tot_loss: 6.2672 | rl_loss: 0.2893 | pt_loss: 5.9779 | pg_loss: -0.0499 | reg_loss: 0.3393 | reward: 0.0328 | rev_kl: 0.4181 | stu_lens: 128.0000 | mixed_lens: 88.0000 | lr: 2.5000e-06 | scale: 2048.00 | time: 11.693 | step time: 0.000
train | data_epochs  0/10 | inner iter:   5/ 16 | ppo epoch:  2/ 4 | global iter:     52/  5000| tot_loss: 6.2686 | rl_loss: 0.7295 | pt_loss: 5.5391 | pg_loss: 0.3332 | reg_loss: 0.3963 | reward: 0.0876 | rev_kl: 0.3616 | stu_lens: 128.0000 | mixed_lens: 68.5000 | lr: 2.5500e-06 | scale: 2048.00 | time: 11.702 | step time: 0.000
train | data_epochs  0/10 | inner iter:   7/ 16 | ppo epoch:  2/ 4 | global iter:     53/  5000| tot_loss: 5.7413 | rl_loss: 0.3539 | pt_loss: 5.3875 | pg_loss: -0.0598 | reg_loss: 0.4137 | reward: -0.0630 | rev_kl: 0.5560 | stu_lens: 113.5000 | mixed_lens: 128.0000 | lr: 2.6000e-06 | scale: 2048.00 | time: 11.692 | step time: 0.000
train | data_epochs  0/10 | inner iter:   9/ 16 | ppo epoch:  2/ 4 | global iter:     54/  5000| tot_loss: 6.0133 | rl_loss: 0.3012 | pt_loss: 5.7120 | pg_loss: -0.0312 | reg_loss: 0.3325 | reward: -0.0664 | rev_kl: 3.1109 | stu_lens: 128.0000 | mixed_lens: 116.0000 | lr: 2.6500e-06 | scale: 2048.00 | time: 11.728 | step time: 0.000
train | data_epochs  0/10 | inner iter:  11/ 16 | ppo epoch:  2/ 4 | global iter:     55/  5000| tot_loss: 5.6888 | rl_loss: 0.2777 | pt_loss: 5.4112 | pg_loss: -0.0825 | reg_loss: 0.3602 | reward: -0.0236 | rev_kl: 0.5033 | stu_lens: 92.0000 | mixed_lens: 128.0000 | lr: 2.7000e-06 | scale: 2048.00 | time: 11.696 | step time: 0.000
train | data_epochs  0/10 | inner iter:  13/ 16 | ppo epoch:  2/ 4 | global iter:     56/  5000| tot_loss: 5.1653 | rl_loss: 0.2997 | pt_loss: 4.8656 | pg_loss: -0.0575 | reg_loss: 0.3573 | reward: -0.0432 | rev_kl: 0.3777 | stu_lens: 128.0000 | mixed_lens: 128.0000 | lr: 2.7500e-06 | scale: 2048.00 | time: 11.705 | step time: 0.000
train | data_epochs  0/10 | inner iter:  15/ 16 | ppo epoch:  2/ 4 | global iter:     57/  5000| tot_loss: 5.2918 | rl_loss: 0.3523 | pt_loss: 4.9395 | pg_loss: 0.0076 | reg_loss: 0.3447 | reward: -0.0501 | rev_kl: 0.3985 | stu_lens: 128.0000 | mixed_lens: 112.0000 | lr: 2.8000e-06 | scale: 2048.00 | time: 11.693 | step time: 0.000
train | data_epochs  0/10 | inner iter:   1/ 16 | ppo epoch:  3/ 4 | global iter:     58/  5000| tot_loss: 5.4402 | rl_loss: 0.9898 | pt_loss: 4.4504 | pg_loss: 0.6513 | reg_loss: 0.3386 | reward: -0.0098 | rev_kl: 0.3729 | stu_lens: 107.0000 | mixed_lens: 53.5000 | lr: 2.8500e-06 | scale: 2048.00 | time: 11.698 | step time: 0.000
train | data_epochs  0/10 | inner iter:   3/ 16 | ppo epoch:  3/ 4 | global iter:     59/  5000| tot_loss: 6.3631 | rl_loss: 0.3539 | pt_loss: 6.0092 | pg_loss: -0.0414 | reg_loss: 0.3953 | reward: -0.0930 | rev_kl: 0.4752 | stu_lens: 113.5000 | mixed_lens: 128.0000 | lr: 2.9000e-06 | scale: 2048.00 | time: 11.697 | step time: 0.000
train | data_epochs  0/10 | inner iter:   5/ 16 | ppo epoch:  3/ 4 | global iter:     60/  5000| tot_loss: 5.1973 | rl_loss: 0.1811 | pt_loss: 5.0162 | pg_loss: -0.0736 | reg_loss: 0.2546 | reward: -0.0665 | rev_kl: 0.4294 | stu_lens: 128.0000 | mixed_lens: 128.0000 | lr: 2.9500e-06 | scale: 2048.00 | time: 11.694 | step time: 0.000
train | data_epochs  0/10 | inner iter:   7/ 16 | ppo epoch:  3/ 4 | global iter:     61/  5000| tot_loss: 5.6200 | rl_loss: 0.1737 | pt_loss: 5.4463 | pg_loss: -0.0673 | reg_loss: 0.2410 | reward: -0.0922 | rev_kl: 0.4623 | stu_lens: 128.0000 | mixed_lens: 128.0000 | lr: 3.0000e-06 | scale: 2048.00 | time: 11.701 | step time: 0.000
train | data_epochs  0/10 | inner iter:   9/ 16 | ppo epoch:  3/ 4 | global iter:     62/  5000| tot_loss: 5.0316 | rl_loss: 0.1515 | pt_loss: 4.8802 | pg_loss: -0.0771 | reg_loss: 0.2286 | reward: 0.0030 | rev_kl: 0.3249 | stu_lens: 128.0000 | mixed_lens: 128.0000 | lr: 3.0500e-06 | scale: 2048.00 | time: 11.697 | step time: 0.000
train | data_epochs  0/10 | inner iter:  11/ 16 | ppo epoch:  3/ 4 | global iter:     63/  5000| tot_loss: 5.0910 | rl_loss: 0.1648 | pt_loss: 4.9262 | pg_loss: -0.0746 | reg_loss: 0.2394 | reward: -0.0328 | rev_kl: 0.8377 | stu_lens: 128.0000 | mixed_lens: 116.0000 | lr: 3.1000e-06 | scale: 2048.00 | time: 11.695 | step time: 0.000
train | data_epochs  0/10 | inner iter:  13/ 16 | ppo epoch:  3/ 4 | global iter:     64/  5000| tot_loss: 6.0222 | rl_loss: 0.4075 | pt_loss: 5.6147 | pg_loss: 0.0974 | reg_loss: 0.3101 | reward: 0.0218 | rev_kl: 0.5156 | stu_lens: 128.0000 | mixed_lens: 88.0000 | lr: 3.1500e-06 | scale: 2048.00 | time: 11.697 | step time: 0.000
****************************************************************************************************
train | data_epochs  0/10 | inner iter:  13/ 16 | ppo epoch:  3/ 4 | global iter:     64/  5000| tot_loss: 5.5962 | rl_loss: 0.3316 | pt_loss: 5.2645 | pg_loss: 0.0046 | reg_loss: 0.3270 | reward: -0.0499 | rev_kl: 0.6601 | stu_lens: 120.0781 | mixed_lens: 114.1875 | lr: 3.1500e-06 | scale: 2048.00 | time: 11.697 | step time: 12.293
/dtu/p1/johlau/LMOps/minillm/results/bloom/train/minillm_en/bs2-lr5e-06-G2-N1-NN1-lm1-len256/pe4_rs0.5_nr32_ln_sr_tm0.2
****************************************************************************************************
train | data_epochs  0/10 | inner iter:  15/ 16 | ppo epoch:  3/ 4 | global iter:     65/  5000| tot_loss: 6.0883 | rl_loss: 0.3822 | pt_loss: 5.7061 | pg_loss: -0.0422 | reg_loss: 0.4243 | reward: -0.1060 | rev_kl: 0.4703 | stu_lens: 128.0000 | mixed_lens: 121.5000 | lr: 3.2000e-06 | scale: 2048.00 | time: 11.698 | step time: 0.000
train | data_epochs  0/10 | inner iter:   1/ 16 | ppo epoch:  0/ 4 | global iter:     66/  5000| tot_loss: 5.3132 | rl_loss: 0.6726 | pt_loss: 4.6405 | pg_loss: 0.2700 | reg_loss: 0.4027 | reward: -0.1370 | rev_kl: 0.6211 | stu_lens: 72.5000 | mixed_lens: 85.5000 | lr: 3.2500e-06 | scale: 2048.00 | time: 11.710 | step time: 0.000
train | data_epochs  0/10 | inner iter:   3/ 16 | ppo epoch:  0/ 4 | global iter:     67/  5000| tot_loss: 6.5981 | rl_loss: 0.6211 | pt_loss: 5.9770 | pg_loss: 0.2046 | reg_loss: 0.4165 | reward: -0.1827 | rev_kl: 0.3781 | stu_lens: 78.0000 | mixed_lens: 87.5000 | lr: 3.3000e-06 | scale: 2048.00 | time: 11.706 | step time: 0.000
train | data_epochs  0/10 | inner iter:   5/ 16 | ppo epoch:  0/ 4 | global iter:     68/  5000| tot_loss: 5.2535 | rl_loss: 0.7353 | pt_loss: 4.5183 | pg_loss: 0.2105 | reg_loss: 0.5248 | reward: -0.0698 | rev_kl: 0.2797 | stu_lens: 128.0000 | mixed_lens: 77.0000 | lr: 3.3500e-06 | scale: 2048.00 | time: 11.694 | step time: 0.000
train | data_epochs  0/10 | inner iter:   7/ 16 | ppo epoch:  0/ 4 | global iter:     69/  5000| tot_loss: 5.9613 | rl_loss: 0.3490 | pt_loss: 5.6123 | pg_loss: 0.0342 | reg_loss: 0.3148 | reward: -0.1022 | rev_kl: 0.4564 | stu_lens: 128.0000 | mixed_lens: 128.0000 | lr: 3.4000e-06 | scale: 2048.00 | time: 11.703 | step time: 0.000
train | data_epochs  0/10 | inner iter:   9/ 16 | ppo epoch:  0/ 4 | global iter:     70/  5000| tot_loss: 5.1575 | rl_loss: 0.3168 | pt_loss: 4.8407 | pg_loss: 0.0364 | reg_loss: 0.2804 | reward: 0.0027 | rev_kl: 0.2299 | stu_lens: 128.0000 | mixed_lens: 128.0000 | lr: 3.4500e-06 | scale: 2048.00 | time: 11.698 | step time: 0.000
train | data_epochs  0/10 | inner iter:  11/ 16 | ppo epoch:  0/ 4 | global iter:     71/  5000| tot_loss: 5.8952 | rl_loss: 0.6142 | pt_loss: 5.2810 | pg_loss: 0.1423 | reg_loss: 0.4719 | reward: -0.0507 | rev_kl: 0.2165 | stu_lens: 128.0000 | mixed_lens: 107.5000 | lr: 3.5000e-06 | scale: 2048.00 | time: 11.693 | step time: 0.000
train | data_epochs  0/10 | inner iter:  13/ 16 | ppo epoch:  0/ 4 | global iter:     72/  5000| tot_loss: 6.2696 | rl_loss: 0.4103 | pt_loss: 5.8593 | pg_loss: 0.1098 | reg_loss: 0.3005 | reward: 0.0149 | rev_kl: 0.3100 | stu_lens: 85.5000 | mixed_lens: 106.0000 | lr: 3.5500e-06 | scale: 2048.00 | time: 11.703 | step time: 0.000
train | data_epochs  0/10 | inner iter:  15/ 16 | ppo epoch:  0/ 4 | global iter:     73/  5000| tot_loss: 5.1347 | rl_loss: 0.3652 | pt_loss: 4.7695 | pg_loss: 0.0376 | reg_loss: 0.3276 | reward: -0.0231 | rev_kl: 0.6201 | stu_lens: 128.0000 | mixed_lens: 128.0000 | lr: 3.6000e-06 | scale: 2048.00 | time: 11.697 | step time: 0.000
train | data_epochs  0/10 | inner iter:   1/ 16 | ppo epoch:  1/ 4 | global iter:     74/  5000| tot_loss: 5.1810 | rl_loss: 0.2751 | pt_loss: 4.9060 | pg_loss: -0.0622 | reg_loss: 0.3373 | reward: -0.0998 | rev_kl: 0.2974 | stu_lens: 106.5000 | mixed_lens: 128.0000 | lr: 3.6500e-06 | scale: 2048.00 | time: 11.718 | step time: 0.000
train | data_epochs  0/10 | inner iter:   3/ 16 | ppo epoch:  1/ 4 | global iter:     75/  5000| tot_loss: 6.4272 | rl_loss: 1.0677 | pt_loss: 5.3595 | pg_loss: 0.6205 | reg_loss: 0.4472 | reward: -0.2433 | rev_kl: 0.2844 | stu_lens: 78.0000 | mixed_lens: 36.5000 | lr: 3.7000e-06 | scale: 2048.00 | time: 11.703 | step time: 0.000
train | data_epochs  0/10 | inner iter:   5/ 16 | ppo epoch:  1/ 4 | global iter:     76/  5000| tot_loss: 5.3076 | rl_loss: 0.2074 | pt_loss: 5.1002 | pg_loss: -0.0378 | reg_loss: 0.2452 | reward: -0.0466 | rev_kl: 0.2982 | stu_lens: 93.5000 | mixed_lens: 128.0000 | lr: 3.7500e-06 | scale: 2048.00 | time: 11.695 | step time: 0.000
train | data_epochs  0/10 | inner iter:   7/ 16 | ppo epoch:  1/ 4 | global iter:     77/  5000| tot_loss: 5.9510 | rl_loss: 0.6071 | pt_loss: 5.3438 | pg_loss: 0.1466 | reg_loss: 0.4605 | reward: -0.2397 | rev_kl: 0.4814 | stu_lens: 128.0000 | mixed_lens: 91.0000 | lr: 3.8000e-06 | scale: 2048.00 | time: 11.704 | step time: 0.000
train | data_epochs  0/10 | inner iter:   9/ 16 | ppo epoch:  1/ 4 | global iter:     78/  5000| tot_loss: 5.9156 | rl_loss: 0.4103 | pt_loss: 5.5052 | pg_loss: 0.0142 | reg_loss: 0.3961 | reward: -0.0038 | rev_kl: 0.3327 | stu_lens: 128.0000 | mixed_lens: 107.5000 | lr: 3.8500e-06 | scale: 2048.00 | time: 11.698 | step time: 0.000
train | data_epochs  0/10 | inner iter:  11/ 16 | ppo epoch:  1/ 4 | global iter:     79/  5000| tot_loss: 4.6075 | rl_loss: 0.3263 | pt_loss: 4.2812 | pg_loss: -0.0588 | reg_loss: 0.3851 | reward: 0.0068 | rev_kl: 0.3626 | stu_lens: 128.0000 | mixed_lens: 126.0000 | lr: 3.9000e-06 | scale: 2048.00 | time: 11.694 | step time: 0.000
train | data_epochs  0/10 | inner iter:  13/ 16 | ppo epoch:  1/ 4 | global iter:     80/  5000| tot_loss: 5.9250 | rl_loss: 0.3212 | pt_loss: 5.6039 | pg_loss: 0.0371 | reg_loss: 0.2841 | reward: 0.1855 | rev_kl: 0.4476 | stu_lens: 128.0000 | mixed_lens: 77.0000 | lr: 3.9500e-06 | scale: 2048.00 | time: 11.696 | step time: 0.000
****************************************************************************************************
train | data_epochs  0/10 | inner iter:  13/ 16 | ppo epoch:  1/ 4 | global iter:     80/  5000| tot_loss: 5.6641 | rl_loss: 0.4506 | pt_loss: 5.2134 | pg_loss: 0.0736 | reg_loss: 0.3770 | reward: -0.0646 | rev_kl: 0.4337 | stu_lens: 115.9375 | mixed_lens: 110.4844 | lr: 3.9500e-06 | scale: 2048.00 | time: 11.696 | step time: 12.295
/dtu/p1/johlau/LMOps/minillm/results/bloom/train/minillm_en/bs2-lr5e-06-G2-N1-NN1-lm1-len256/pe4_rs0.5_nr32_ln_sr_tm0.2
****************************************************************************************************
train | data_epochs  0/10 | inner iter:  15/ 16 | ppo epoch:  1/ 4 | global iter:     81/  5000| tot_loss: 5.6584 | rl_loss: 0.3100 | pt_loss: 5.3484 | pg_loss: 0.0018 | reg_loss: 0.3082 | reward: -0.0901 | rev_kl: 0.2986 | stu_lens: 128.0000 | mixed_lens: 128.0000 | lr: 4.0000e-06 | scale: 2048.00 | time: 11.693 | step time: 0.000
train | data_epochs  0/10 | inner iter:   1/ 16 | ppo epoch:  2/ 4 | global iter:     82/  5000| tot_loss: 5.1388 | rl_loss: 0.2043 | pt_loss: 4.9345 | pg_loss: -0.0881 | reg_loss: 0.2924 | reward: -0.1229 | rev_kl: 0.4019 | stu_lens: 128.0000 | mixed_lens: 128.0000 | lr: 4.0500e-06 | scale: 2048.00 | time: 11.700 | step time: 0.000
train | data_epochs  0/10 | inner iter:   3/ 16 | ppo epoch:  2/ 4 | global iter:     83/  5000| tot_loss: 5.4774 | rl_loss: 0.4362 | pt_loss: 5.0412 | pg_loss: 0.1270 | reg_loss: 0.3092 | reward: -0.1038 | rev_kl: 0.6642 | stu_lens: 94.0000 | mixed_lens: 83.5000 | lr: 4.1000e-06 | scale: 2048.00 | time: 11.699 | step time: 0.000
train | data_epochs  0/10 | inner iter:   5/ 16 | ppo epoch:  2/ 4 | global iter:     84/  5000| tot_loss: 3.9686 | rl_loss: 0.3372 | pt_loss: 3.6314 | pg_loss: -0.0244 | reg_loss: 0.3616 | reward: 0.1282 | rev_kl: 0.5562 | stu_lens: 128.0000 | mixed_lens: 77.0000 | lr: 4.1500e-06 | scale: 2048.00 | time: 11.695 | step time: 0.000
train | data_epochs  0/10 | inner iter:   7/ 16 | ppo epoch:  2/ 4 | global iter:     85/  5000| tot_loss: 5.4561 | rl_loss: 0.3723 | pt_loss: 5.0838 | pg_loss: 0.1117 | reg_loss: 0.2606 | reward: -0.0642 | rev_kl: 0.3146 | stu_lens: 128.0000 | mixed_lens: 77.0000 | lr: 4.2000e-06 | scale: 2048.00 | time: 11.696 | step time: 0.000
train | data_epochs  0/10 | inner iter:   9/ 16 | ppo epoch:  2/ 4 | global iter:     86/  5000| tot_loss: 5.4613 | rl_loss: 0.1259 | pt_loss: 5.3354 | pg_loss: -0.0704 | reg_loss: 0.1964 | reward: -0.0992 | rev_kl: 0.2493 | stu_lens: 113.5000 | mixed_lens: 128.0000 | lr: 4.2500e-06 | scale: 2048.00 | time: 11.694 | step time: 0.000
train | data_epochs  0/10 | inner iter:  11/ 16 | ppo epoch:  2/ 4 | global iter:     87/  5000| tot_loss: 4.6449 | rl_loss: 0.5053 | pt_loss: 4.1396 | pg_loss: 0.0309 | reg_loss: 0.4745 | reward: -0.0392 | rev_kl: 0.5983 | stu_lens: 128.0000 | mixed_lens: 106.5000 | lr: 4.3000e-06 | scale: 2048.00 | time: 11.701 | step time: 0.000
train | data_epochs  0/10 | inner iter:  13/ 16 | ppo epoch:  2/ 4 | global iter:     88/  5000| tot_loss: 5.7524 | rl_loss: 0.3020 | pt_loss: 5.4504 | pg_loss: -0.0523 | reg_loss: 0.3543 | reward: -0.0297 | rev_kl: 0.2440 | stu_lens: 128.0000 | mixed_lens: 107.5000 | lr: 4.3500e-06 | scale: 2048.00 | time: 11.699 | step time: 0.000
train | data_epochs  0/10 | inner iter:  15/ 16 | ppo epoch:  2/ 4 | global iter:     89/  5000| tot_loss: 5.4244 | rl_loss: 0.2950 | pt_loss: 5.1294 | pg_loss: 0.0337 | reg_loss: 0.2613 | reward: -0.0323 | rev_kl: 0.4773 | stu_lens: 85.5000 | mixed_lens: 106.0000 | lr: 4.4000e-06 | scale: 2048.00 | time: 11.694 | step time: 0.000
train | data_epochs  0/10 | inner iter:   1/ 16 | ppo epoch:  3/ 4 | global iter:     90/  5000| tot_loss: 4.9622 | rl_loss: 0.3812 | pt_loss: 4.5810 | pg_loss: 0.0316 | reg_loss: 0.3496 | reward: 0.1370 | rev_kl: 0.4480 | stu_lens: 128.0000 | mixed_lens: 77.0000 | lr: 4.4500e-06 | scale: 2048.00 | time: 11.696 | step time: 0.000
train | data_epochs  0/10 | inner iter:   3/ 16 | ppo epoch:  3/ 4 | global iter:     91/  5000| tot_loss: 5.2063 | rl_loss: 0.1716 | pt_loss: 5.0347 | pg_loss: -0.0857 | reg_loss: 0.2574 | reward: -0.0486 | rev_kl: 0.4401 | stu_lens: 106.5000 | mixed_lens: 128.0000 | lr: 4.5000e-06 | scale: 2048.00 | time: 11.697 | step time: 0.000
train | data_epochs  0/10 | inner iter:   5/ 16 | ppo epoch:  3/ 4 | global iter:     92/  5000| tot_loss: 4.5723 | rl_loss: 0.1389 | pt_loss: 4.4334 | pg_loss: -0.0384 | reg_loss: 0.1772 | reward: -0.0659 | rev_kl: 0.2911 | stu_lens: 93.5000 | mixed_lens: 128.0000 | lr: 4.5500e-06 | scale: 2048.00 | time: 11.702 | step time: 0.000
train | data_epochs  0/10 | inner iter:   7/ 16 | ppo epoch:  3/ 4 | global iter:     93/  5000| tot_loss: 4.2232 | rl_loss: 0.1438 | pt_loss: 4.0794 | pg_loss: -0.1049 | reg_loss: 0.2486 | reward: -0.0677 | rev_kl: 0.5590 | stu_lens: 128.0000 | mixed_lens: 128.0000 | lr: 4.6000e-06 | scale: 2048.00 | time: 11.693 | step time: 0.000
train | data_epochs  0/10 | inner iter:   9/ 16 | ppo epoch:  3/ 4 | global iter:     94/  5000| tot_loss: 4.5051 | rl_loss: 0.2274 | pt_loss: 4.2777 | pg_loss: -0.0359 | reg_loss: 0.2633 | reward: -0.1174 | rev_kl: 0.2535 | stu_lens: 113.5000 | mixed_lens: 128.0000 | lr: 4.6500e-06 | scale: 2048.00 | time: 11.697 | step time: 0.000
train | data_epochs  0/10 | inner iter:  11/ 16 | ppo epoch:  3/ 4 | global iter:     95/  5000| tot_loss: 6.2738 | rl_loss: 0.5648 | pt_loss: 5.7091 | pg_loss: 0.2241 | reg_loss: 0.3406 | reward: -0.2581 | rev_kl: 0.5886 | stu_lens: 94.0000 | mixed_lens: 48.5000 | lr: 4.7000e-06 | scale: 2048.00 | time: 11.693 | step time: 0.000
train | data_epochs  0/10 | inner iter:  13/ 16 | ppo epoch:  3/ 4 | global iter:     96/  5000| tot_loss: 4.6138 | rl_loss: 0.1966 | pt_loss: 4.4173 | pg_loss: -0.0815 | reg_loss: 0.2781 | reward: 0.0184 | rev_kl: 0.3113 | stu_lens: 128.0000 | mixed_lens: 128.0000 | lr: 4.7500e-06 | scale: 2048.00 | time: 11.702 | step time: 0.000
****************************************************************************************************
train | data_epochs  0/10 | inner iter:  13/ 16 | ppo epoch:  3/ 4 | global iter:     96/  5000| tot_loss: 5.2406 | rl_loss: 0.2767 | pt_loss: 4.9639 | pg_loss: -0.0117 | reg_loss: 0.2884 | reward: -0.0637 | rev_kl: 0.4043 | stu_lens: 114.3594 | mixed_lens: 111.6406 | lr: 4.7500e-06 | scale: 2048.00 | time: 11.702 | step time: 12.288
/dtu/p1/johlau/LMOps/minillm/results/bloom/train/minillm_en/bs2-lr5e-06-G2-N1-NN1-lm1-len256/pe4_rs0.5_nr32_ln_sr_tm0.2
****************************************************************************************************
train | data_epochs  0/10 | inner iter:  15/ 16 | ppo epoch:  3/ 4 | global iter:     97/  5000| tot_loss: 5.2724 | rl_loss: 0.3393 | pt_loss: 4.9330 | pg_loss: 0.0332 | reg_loss: 0.3062 | reward: -0.0472 | rev_kl: 0.4732 | stu_lens: 128.0000 | mixed_lens: 104.5000 | lr: 4.8000e-06 | scale: 2048.00 | time: 11.699 | step time: 0.000
train | data_epochs  0/10 | inner iter:   1/ 16 | ppo epoch:  0/ 4 | global iter:     98/  5000| tot_loss: 5.5946 | rl_loss: 0.3886 | pt_loss: 5.2060 | pg_loss: 0.0298 | reg_loss: 0.3587 | reward: -0.0700 | rev_kl: 0.6776 | stu_lens: 121.0000 | mixed_lens: 128.0000 | lr: 4.8500e-06 | scale: 2048.00 | time: 11.705 | step time: 0.000
train | data_epochs  0/10 | inner iter:   3/ 16 | ppo epoch:  0/ 4 | global iter:     99/  5000| tot_loss: 5.6310 | rl_loss: 0.6714 | pt_loss: 4.9596 | pg_loss: 0.1057 | reg_loss: 0.5657 | reward: -0.2158 | rev_kl: 0.3146 | stu_lens: 128.0000 | mixed_lens: 115.0000 | lr: 4.9000e-06 | scale: 2048.00 | time: 11.697 | step time: 0.000
