Tue Dec 12 13:24:29 2023       
+---------------------------------------------------------------------------------------+
| NVIDIA-SMI 535.104.12             Driver Version: 535.104.12   CUDA Version: 12.2     |
|-----------------------------------------+----------------------+----------------------+
| GPU  Name                 Persistence-M | Bus-Id        Disp.A | Volatile Uncorr. ECC |
| Fan  Temp   Perf          Pwr:Usage/Cap |         Memory-Usage | GPU-Util  Compute M. |
|                                         |                      |               MIG M. |
|=========================================+======================+======================|
|   0  NVIDIA H100 PCIe               On  | 00000000:A1:00.0 Off |                    0 |
| N/A   25C    P0              46W / 350W |      4MiB / 81559MiB |      0%   E. Process |
|                                         |                      |             Disabled |
+-----------------------------------------+----------------------+----------------------+
                                                                                         
+---------------------------------------------------------------------------------------+
| Processes:                                                                            |
|  GPU   GI   CI        PID   Type   Process name                            GPU Memory |
|        ID   ID                                                             Usage      |
|=======================================================================================|
|  No running processes found                                                           |
+---------------------------------------------------------------------------------------+
torchrun --nproc_per_node 1 --nnodes 1 --node_rank 0 --master_addr localhost --master_port 2012 /dtu/p1/johlau/LMOps/minillm/train_minillm.py --base-path /dtu/p1/johlau/LMOps/minillm --model-path bigscience/bloom-560m --teacher-model-path bigscience/bloom-1b1 --ckpt-name bloom-560m --teacher-ckpt-name bloom-1b1 --n-gpu 1 --n-nodes 1 --model-type bloom --teacher-model-fp16 --gradient-checkpointing --prompt-data-dir /dtu/p1/johlau/LMOps/minillm/processed_data/dolly/prompt/bloom/ --lm-data-dir /dtu/p1/johlau/LMOps/minillm/processed_data/roberta/bloom/512/20M/ --dev-num 1000 --num-workers 0 --epochs 10 --total-iters 5000 --kd-ratio 0.5 --batch-size 8 --lr 5e-6 --lr-min 5e-6 --gradient-accumulation-steps 16 --max-length 256 --max-prompt-length 128 --warmup-iters 100 --scheduler-name cosine_trm --save /dtu/p1/johlau/LMOps/minillm/results/bloom/train/minillm/ --seed 10 --seed-ppo 42 --seed-lm 7 --save-interval 500 --eval-interval 100 --log-interval 16 --mid-log-num 1 --type minillm --ppo-epochs 4 --num-rollouts 32 --chunk-size 8 --length-norm --single-step-reg --teacher-mixed-alpha 0.2 --reward-scaling 0.5 --cliprange-reward 100 --do-sample --top-k 0 --top-p 1.0 --temperature 1.0 --deepspeed --deepspeed_config /dtu/p1/johlau/LMOps/minillm/configs/deepspeed/ds_config.json /dtu/p1/johlau/LMOps/minillm
PYTHONPATH=/dtu/p1/johlau/LMOps/minillm
