Wed Dec 13 09:51:53 2023       
+---------------------------------------------------------------------------------------+
| NVIDIA-SMI 535.104.12             Driver Version: 535.104.12   CUDA Version: 12.2     |
|-----------------------------------------+----------------------+----------------------+
| GPU  Name                 Persistence-M | Bus-Id        Disp.A | Volatile Uncorr. ECC |
| Fan  Temp   Perf          Pwr:Usage/Cap |         Memory-Usage | GPU-Util  Compute M. |
|                                         |                      |               MIG M. |
|=========================================+======================+======================|
|   0  NVIDIA H100 PCIe               On  | 00000000:A1:00.0 Off |                    0 |
| N/A   24C    P0              45W / 350W |      4MiB / 81559MiB |      0%   E. Process |
|                                         |                      |             Disabled |
+-----------------------------------------+----------------------+----------------------+
                                                                                         
+---------------------------------------------------------------------------------------+
| Processes:                                                                            |
|  GPU   GI   CI        PID   Type   Process name                            GPU Memory |
|        ID   ID                                                             Usage      |
|=======================================================================================|
|  No running processes found                                                           |
+---------------------------------------------------------------------------------------+
python3 -m torch.distributed.run --nproc_per_node 1 --nnodes 1 --node_rank 0 --master_addr localhost --master_port 3002 /dtu/p1/johlau/LMOps/minillm/train_minillm.py --base-path /dtu/p1/johlau/LMOps/minillm --model-path bigscience/bloom-3b --teacher-model-path bigscience/bloom-7b1 --ckpt-name bloom-3b --teacher-ckpt-name bloom-7b1 --n-gpu 1 --n-nodes 1 --model-type bloom --teacher-model-fp16 --gradient-checkpointing --prompt-data-dir /dtu/p1/johlau/LMOps/minillm/processed_data/dolly_en/prompt/bloom/ --lm-data-dir /dtu/p1/johlau/LMOps/minillm/processed_data/roberta_en/bloom/256/20M/ --dev-num 1000 --num-workers 0 --epochs 10 --total-iters 5000 --kd-ratio 0.5 --batch-size 2 --lr 5e-6 --lr-min 5e-6 --gradient-accumulation-steps 2 --max-length 256 --max-prompt-length 128 --warmup-iters 100 --scheduler-name cosine_trm --save /dtu/p1/johlau/LMOps/minillm/results/bloom/train/minillm_en/ --seed 10 --seed-ppo 42 --seed-lm 7 --save-interval 500 --eval-interval 100 --log-interval 16 --mid-log-num 1 --type minillm --ppo-epochs 4 --num-rollouts 32 --chunk-size 2 --length-norm --single-step-reg --teacher-mixed-alpha 0.2 --reward-scaling 0.5 --cliprange-reward 100 --do-sample --top-k 0 --top-p 1.0 --temperature 1.0 --deepspeed --deepspeed_config /dtu/p1/johlau/LMOps/minillm/configs/deepspeed/ds_config_zero2_offload.json /dtu/p1/johlau/LMOps/minillm 3002
PYTHONPATH=/dtu/p1/johlau/LMOps/minillm
[2023-12-13 09:51:59,249] [INFO] [real_accelerator.py:158:get_accelerator] Setting ds_accelerator to cuda (auto detect)
using world size: 1
[2023-12-13 09:52:00,868] [INFO] [comm.py:637:init_distributed] cdb=None
[2023-12-13 09:52:00,868] [INFO] [comm.py:668:init_distributed] Initializing TorchBackend in DeepSpeed with backend nccl
arguments:
  model_path ................... bigscience/bloom-3b
  ckpt_name .................... bloom-3b
  model_type ................... bloom
  teacher_model_type ........... None
  n_gpu ........................ 1
  n_nodes ...................... 1
  teacher_model_path ........... bigscience/bloom-7b1
  teacher_ckpt_name ............ bloom-7b1
  teacher_model_fp16 ........... True
  model_parallel ............... False
  model_parallel_size .......... None
  no_value ..................... False
  dropout_path_rate ............ None
  fp32 ......................... False
  type ......................... minillm
  do_train ..................... False
  do_valid ..................... False
  do_eval ...................... False
  base_path .................... /dtu/p1/johlau/LMOps/minillm
  load ......................... None
  save ......................... /dtu/p1/johlau/LMOps/minillm/results/bloom/train/minillm_en/bs2-lr5e-06-G2-N1-NN1-lm1-len256/pe4_rs0.5_nr32_ln_sr_tm0.2
  log_interval ................. 16
  mid_log_num .................. 1
  save_interval ................ 500
  eval_interval ................ 100
  local_rank ................... 0
  save_additional_suffix ....... 
  save_rollout ................. False
  eb_sample_times .............. 3
  data_dir ..................... None
  processed_data_dir ........... None
  force_process ................ False
  force_process_demo ........... False
  data_process_workers ......... -1
  train_num .................... -1
  train_ratio .................. 1
  dev_num ...................... 1000
  dev_ratio .................... 1
  gen_num ...................... -1
  data_names ................... None
  prompt_type .................. None
  num_workers .................. 0
  max_prompt_length ............ 128
  min_prompt_length ............ 128
  json_data .................... False
  bin_data ..................... False
  txt_data ..................... False
  prompt_data_dir .............. /dtu/p1/johlau/LMOps/minillm/processed_data/dolly_en/prompt/bloom/
  lm_data_dir .................. /dtu/p1/johlau/LMOps/minillm/processed_data/roberta_en/bloom/256/20M/
  eval_ppl ..................... False
  eval_rw ...................... False
  eval_gen ..................... False
  only_prompt .................. False
  batch_size ................... 2
  eval_batch_size .............. 32
  clip_grad .................... 1.0
  total_iters .................. 5000
  train_iters_per_epoch ........ -1
  max_length ................... 256
  seed ......................... 10
  seed_order ................... 42
  seed_data .................... 42
  seed_ppo ..................... 42
  seed_lm ...................... 7
  epochs ....................... 10
  training_epochs .............. 10000
  gradient_accumulation_steps .. 2
  gradient_checkpointing ....... True
  attn_dtype ................... None
  lr ........................... 5e-06
  lr_min ....................... 5e-06
  weight_decay ................. 0.01
  loss_scale ................... 65536
  kd_ratio ..................... 0.5
  warmup_iters ................. 100
  lr_decay_iters ............... None
  lr_decay_style ............... noam
  scheduler_name ............... cosine_trm
  reward_scaling ............... 0.5
  cliprange_reward ............. 100.0
  ppo_epochs ................... 4
  num_rollouts ................. 32
  num_rollouts_per_device ...... 32
  cliprange .................... 0.2
  chunk_size ................... 2
  gamma ........................ 0.95
  length_norm .................. True
  single_step_reg .............. True
  teacher_mixed_alpha .......... 0.2
  lm_coef ...................... 1
  top_k ........................ 0
  top_p ........................ 1.0
  do_sample .................... True
  no_repeat_ngram_size ......... 6
  repetition_penalty ........... None
  num_beams .................... 1
  temperature .................. 1.0
  peft ......................... None
  peft_lora_r .................. 8
  peft_lora_alpha .............. 32
  peft_lora_dropout ............ 0.1
  peft_name .................... None
  peft_path .................... None
  teacher_peft_name ............ None
  teacher_peft_path ............ None
  deepspeed .................... True
  deepspeed_config ............. /dtu/p1/johlau/LMOps/minillm/configs/deepspeed/ds_config_zero2_offload.json
  deepscale .................... False
  deepscale_config ............. None
  deepspeed_mpi ................ False
  rank ......................... 0
  world_size ................... 1
 > number of parameters: 7069016064
 > number of parameters: 3002557440
Model load time: 11.667140007019043s
 > number of parameters: 3002M
[2023-12-13 09:52:17,828] [INFO] [logging.py:96:log_dist] [Rank 0] DeepSpeed info: version=0.12.1, git-hash=unknown, git-branch=unknown
[2023-12-13 09:52:19,196] [INFO] [logging.py:96:log_dist] [Rank 0] DeepSpeed Flops Profiler Enabled: False
[2023-12-13 09:52:19,198] [INFO] [logging.py:96:log_dist] [Rank 0] Using client Optimizer as basic optimizer
[2023-12-13 09:52:19,198] [INFO] [logging.py:96:log_dist] [Rank 0] Removing param_group that has no 'params' in the basic Optimizer
[2023-12-13 09:52:19,216] [INFO] [logging.py:96:log_dist] [Rank 0] DeepSpeed Basic Optimizer = AdamW
[2023-12-13 09:52:19,216] [INFO] [utils.py:56:is_zero_supported_optimizer] Checking ZeRO support for optimizer=AdamW type=<class 'torch.optim.adamw.AdamW'>
[2023-12-13 09:52:19,216] [INFO] [logging.py:96:log_dist] [Rank 0] Creating torch.float16 ZeRO stage 2 optimizer
[2023-12-13 09:52:19,216] [INFO] [stage_1_and_2.py:147:__init__] Reduce bucket size 200000000
[2023-12-13 09:52:19,216] [INFO] [stage_1_and_2.py:148:__init__] Allgather bucket size 200000000
[2023-12-13 09:52:19,216] [INFO] [stage_1_and_2.py:149:__init__] CPU Offload: True
[2023-12-13 09:52:19,216] [INFO] [stage_1_and_2.py:150:__init__] Round robin gradient partitioning: False
[2023-12-13 09:52:24,939] [INFO] [utils.py:802:see_memory_usage] Before initializing optimizer states
[2023-12-13 09:52:24,939] [INFO] [utils.py:803:see_memory_usage] MA 19.96 GB         Max_MA 19.96 GB         CA 19.96 GB         Max_CA 20 GB 
[2023-12-13 09:52:24,940] [INFO] [utils.py:810:see_memory_usage] CPU Virtual Memory:  used = 36.38 GB, percent = 4.8%
[2023-12-13 09:52:46,801] [INFO] [utils.py:802:see_memory_usage] After initializing optimizer states
[2023-12-13 09:52:46,802] [INFO] [utils.py:803:see_memory_usage] MA 19.96 GB         Max_MA 19.96 GB         CA 19.96 GB         Max_CA 20 GB 
[2023-12-13 09:52:46,802] [INFO] [utils.py:810:see_memory_usage] CPU Virtual Memory:  used = 103.63 GB, percent = 13.7%
[2023-12-13 09:52:46,802] [INFO] [stage_1_and_2.py:514:__init__] optimizer state initialized
[2023-12-13 09:52:46,891] [INFO] [utils.py:802:see_memory_usage] After initializing ZeRO optimizer
[2023-12-13 09:52:46,892] [INFO] [utils.py:803:see_memory_usage] MA 19.96 GB         Max_MA 19.96 GB         CA 19.96 GB         Max_CA 20 GB 
[2023-12-13 09:52:46,892] [INFO] [utils.py:810:see_memory_usage] CPU Virtual Memory:  used = 103.65 GB, percent = 13.7%
[2023-12-13 09:52:46,903] [INFO] [logging.py:96:log_dist] [Rank 0] DeepSpeed Final Optimizer = AdamW
[2023-12-13 09:52:46,903] [INFO] [logging.py:96:log_dist] [Rank 0] DeepSpeed using client LR scheduler
[2023-12-13 09:52:46,903] [INFO] [logging.py:96:log_dist] [Rank 0] DeepSpeed LR Scheduler = <torch.optim.lr_scheduler.LambdaLR object at 0x7f422c0eeaf0>
[2023-12-13 09:52:46,903] [INFO] [logging.py:96:log_dist] [Rank 0] step=0, skipped=0, lr=[0.0], mom=[[0.9, 0.95]]
[2023-12-13 09:52:46,904] [INFO] [config.py:972:print] DeepSpeedEngine configuration:
[2023-12-13 09:52:46,904] [INFO] [config.py:976:print]   activation_checkpointing_config  {
    "partition_activations": false, 
    "contiguous_memory_optimization": false, 
    "cpu_checkpointing": false, 
    "number_checkpoints": null, 
    "synchronize_checkpoint_boundary": false, 
    "profile": false
}
[2023-12-13 09:52:46,904] [INFO] [config.py:976:print]   aio_config ................... {'block_size': 1048576, 'queue_depth': 8, 'thread_count': 1, 'single_submit': False, 'overlap_events': True}
[2023-12-13 09:52:46,904] [INFO] [config.py:976:print]   amp_enabled .................. False
[2023-12-13 09:52:46,904] [INFO] [config.py:976:print]   amp_params ................... False
[2023-12-13 09:52:46,904] [INFO] [config.py:976:print]   autotuning_config ............ {
    "enabled": false, 
    "start_step": null, 
    "end_step": null, 
    "metric_path": null, 
    "arg_mappings": null, 
    "metric": "throughput", 
    "model_info": null, 
    "results_dir": "autotuning_results", 
    "exps_dir": "autotuning_exps", 
    "overwrite": true, 
    "fast": true, 
    "start_profile_step": 3, 
    "end_profile_step": 5, 
    "tuner_type": "gridsearch", 
    "tuner_early_stopping": 5, 
    "tuner_num_trials": 50, 
    "model_info_path": null, 
    "mp_size": 1, 
    "max_train_batch_size": null, 
    "min_train_batch_size": 1, 
    "max_train_micro_batch_size_per_gpu": 1.024000e+03, 
    "min_train_micro_batch_size_per_gpu": 1, 
    "num_tuning_micro_batch_sizes": 3
}
[2023-12-13 09:52:46,904] [INFO] [config.py:976:print]   bfloat16_enabled ............. False
[2023-12-13 09:52:46,904] [INFO] [config.py:976:print]   checkpoint_parallel_write_pipeline  False
[2023-12-13 09:52:46,904] [INFO] [config.py:976:print]   checkpoint_tag_validation_enabled  True
[2023-12-13 09:52:46,904] [INFO] [config.py:976:print]   checkpoint_tag_validation_fail  False
[2023-12-13 09:52:46,904] [INFO] [config.py:976:print]   comms_config ................. <deepspeed.comm.config.DeepSpeedCommsConfig object at 0x7f421ea96cd0>
[2023-12-13 09:52:46,904] [INFO] [config.py:976:print]   communication_data_type ...... None
[2023-12-13 09:52:46,904] [INFO] [config.py:976:print]   compression_config ........... {'weight_quantization': {'shared_parameters': {'enabled': False, 'quantizer_kernel': False, 'schedule_offset': 0, 'quantize_groups': 1, 'quantize_verbose': False, 'quantization_type': 'symmetric', 'quantize_weight_in_forward': False, 'rounding': 'nearest', 'fp16_mixed_quantize': False, 'quantize_change_ratio': 0.001}, 'different_groups': {}}, 'activation_quantization': {'shared_parameters': {'enabled': False, 'quantization_type': 'symmetric', 'range_calibration': 'dynamic', 'schedule_offset': 1000}, 'different_groups': {}}, 'sparse_pruning': {'shared_parameters': {'enabled': False, 'method': 'l1', 'schedule_offset': 1000}, 'different_groups': {}}, 'row_pruning': {'shared_parameters': {'enabled': False, 'method': 'l1', 'schedule_offset': 1000}, 'different_groups': {}}, 'head_pruning': {'shared_parameters': {'enabled': False, 'method': 'topk', 'schedule_offset': 1000}, 'different_groups': {}}, 'channel_pruning': {'shared_parameters': {'enabled': False, 'method': 'l1', 'schedule_offset': 1000}, 'different_groups': {}}, 'layer_reduction': {'enabled': False}}
[2023-12-13 09:52:46,904] [INFO] [config.py:976:print]   curriculum_enabled_legacy .... False
[2023-12-13 09:52:46,904] [INFO] [config.py:976:print]   curriculum_params_legacy ..... False
[2023-12-13 09:52:46,904] [INFO] [config.py:976:print]   data_efficiency_config ....... {'enabled': False, 'seed': 1234, 'data_sampling': {'enabled': False, 'num_epochs': 1000, 'num_workers': 0, 'curriculum_learning': {'enabled': False}}, 'data_routing': {'enabled': False, 'random_ltd': {'enabled': False, 'layer_token_lr_schedule': {'enabled': False}}}}
[2023-12-13 09:52:46,904] [INFO] [config.py:976:print]   data_efficiency_enabled ...... False
[2023-12-13 09:52:46,904] [INFO] [config.py:976:print]   dataloader_drop_last ......... False
[2023-12-13 09:52:46,904] [INFO] [config.py:976:print]   disable_allgather ............ False
[2023-12-13 09:52:46,904] [INFO] [config.py:976:print]   dump_state ................... False
[2023-12-13 09:52:46,904] [INFO] [config.py:976:print]   dynamic_loss_scale_args ...... {'init_scale': 2048, 'scale_window': 5000, 'delayed_shift': 4, 'consecutive_hysteresis': False, 'min_scale': 1}
[2023-12-13 09:52:46,904] [INFO] [config.py:976:print]   eigenvalue_enabled ........... False
[2023-12-13 09:52:46,904] [INFO] [config.py:976:print]   eigenvalue_gas_boundary_resolution  1
[2023-12-13 09:52:46,904] [INFO] [config.py:976:print]   eigenvalue_layer_name ........ bert.encoder.layer
[2023-12-13 09:52:46,904] [INFO] [config.py:976:print]   eigenvalue_layer_num ......... 0
[2023-12-13 09:52:46,904] [INFO] [config.py:976:print]   eigenvalue_max_iter .......... 100
[2023-12-13 09:52:46,904] [INFO] [config.py:976:print]   eigenvalue_stability ......... 1e-06
[2023-12-13 09:52:46,904] [INFO] [config.py:976:print]   eigenvalue_tol ............... 0.01
[2023-12-13 09:52:46,904] [INFO] [config.py:976:print]   eigenvalue_verbose ........... False
[2023-12-13 09:52:46,904] [INFO] [config.py:976:print]   elasticity_enabled ........... False
[2023-12-13 09:52:46,904] [INFO] [config.py:976:print]   flops_profiler_config ........ {
    "enabled": false, 
    "recompute_fwd_factor": 0.0, 
    "profile_step": 1, 
    "module_depth": -1, 
    "top_modules": 1, 
    "detailed": true, 
    "output_file": null
}
[2023-12-13 09:52:46,904] [INFO] [config.py:976:print]   fp16_auto_cast ............... False
[2023-12-13 09:52:46,905] [INFO] [config.py:976:print]   fp16_enabled ................. True
[2023-12-13 09:52:46,905] [INFO] [config.py:976:print]   fp16_master_weights_and_gradients  False
[2023-12-13 09:52:46,905] [INFO] [config.py:976:print]   global_rank .................. 0
[2023-12-13 09:52:46,905] [INFO] [config.py:976:print]   grad_accum_dtype ............. None
[2023-12-13 09:52:46,905] [INFO] [config.py:976:print]   gradient_accumulation_steps .. 2
[2023-12-13 09:52:46,905] [INFO] [config.py:976:print]   gradient_clipping ............ 1.0
[2023-12-13 09:52:46,905] [INFO] [config.py:976:print]   gradient_predivide_factor .... 1.0
[2023-12-13 09:52:46,905] [INFO] [config.py:976:print]   hybrid_engine ................ enabled=False max_out_tokens=512 inference_tp_size=1 release_inference_cache=False pin_parameters=True tp_gather_partition_size=8
[2023-12-13 09:52:46,905] [INFO] [config.py:976:print]   initial_dynamic_scale ........ 2048
[2023-12-13 09:52:46,905] [INFO] [config.py:976:print]   load_universal_checkpoint .... False
[2023-12-13 09:52:46,905] [INFO] [config.py:976:print]   loss_scale ................... 0
[2023-12-13 09:52:46,905] [INFO] [config.py:976:print]   memory_breakdown ............. False
[2023-12-13 09:52:46,905] [INFO] [config.py:976:print]   mics_hierarchial_params_gather  False
[2023-12-13 09:52:46,905] [INFO] [config.py:976:print]   mics_shard_size .............. -1
[2023-12-13 09:52:46,905] [INFO] [config.py:976:print]   monitor_config ............... tensorboard=TensorBoardConfig(enabled=False, output_path='', job_name='DeepSpeedJobName') wandb=WandbConfig(enabled=False, group=None, team=None, project='deepspeed') csv_monitor=CSVConfig(enabled=False, output_path='', job_name='DeepSpeedJobName') enabled=False
[2023-12-13 09:52:46,905] [INFO] [config.py:976:print]   nebula_config ................ {
    "enabled": false, 
    "persistent_storage_path": null, 
    "persistent_time_interval": 100, 
    "num_of_version_in_retention": 2, 
    "enable_nebula_load": true, 
    "load_path": null
}
[2023-12-13 09:52:46,905] [INFO] [config.py:976:print]   optimizer_legacy_fusion ...... False
[2023-12-13 09:52:46,905] [INFO] [config.py:976:print]   optimizer_name ............... None
[2023-12-13 09:52:46,905] [INFO] [config.py:976:print]   optimizer_params ............. None
[2023-12-13 09:52:46,905] [INFO] [config.py:976:print]   pipeline ..................... {'stages': 'auto', 'partition': 'best', 'seed_layers': False, 'activation_checkpoint_interval': 0}
[2023-12-13 09:52:46,905] [INFO] [config.py:976:print]   pld_enabled .................. False
[2023-12-13 09:52:46,905] [INFO] [config.py:976:print]   pld_params ................... False
[2023-12-13 09:52:46,905] [INFO] [config.py:976:print]   prescale_gradients ........... False
[2023-12-13 09:52:46,905] [INFO] [config.py:976:print]   scheduler_name ............... None
[2023-12-13 09:52:46,905] [INFO] [config.py:976:print]   scheduler_params ............. None
[2023-12-13 09:52:46,905] [INFO] [config.py:976:print]   seq_parallel_communication_data_type  torch.float32
[2023-12-13 09:52:46,905] [INFO] [config.py:976:print]   sparse_attention ............. None
[2023-12-13 09:52:46,905] [INFO] [config.py:976:print]   sparse_gradients_enabled ..... False
[2023-12-13 09:52:46,905] [INFO] [config.py:976:print]   steps_per_print .............. 10000000
[2023-12-13 09:52:46,905] [INFO] [config.py:976:print]   train_batch_size ............. 4
[2023-12-13 09:52:46,905] [INFO] [config.py:976:print]   train_micro_batch_size_per_gpu  2
[2023-12-13 09:52:46,905] [INFO] [config.py:976:print]   use_node_local_storage ....... False
[2023-12-13 09:52:46,905] [INFO] [config.py:976:print]   wall_clock_breakdown ......... False
[2023-12-13 09:52:46,905] [INFO] [config.py:976:print]   weight_quantization_config ... None
[2023-12-13 09:52:46,905] [INFO] [config.py:976:print]   world_size ................... 1
[2023-12-13 09:52:46,905] [INFO] [config.py:976:print]   zero_allow_untested_optimizer  True
[2023-12-13 09:52:46,905] [INFO] [config.py:976:print]   zero_config .................. stage=2 contiguous_gradients=True reduce_scatter=True reduce_bucket_size=200000000 allgather_partitions=True allgather_bucket_size=200000000 overlap_comm=True load_from_fp32_weights=True elastic_checkpoint=False offload_param=None offload_optimizer=DeepSpeedZeroOffloadOptimizerConfig(device='cpu', nvme_path=None, buffer_count=4, pin_memory=False, pipeline=False, pipeline_read=False, pipeline_write=False, fast_init=False) sub_group_size=1,000,000,000 cpu_offload_param=None cpu_offload_use_pin_memory=None cpu_offload=None prefetch_bucket_size=50,000,000 param_persistence_threshold=100,000 model_persistence_threshold=sys.maxsize max_live_parameters=1,000,000,000 max_reuse_distance=1,000,000,000 gather_16bit_weights_on_model_save=False stage3_gather_fp16_weights_on_model_save=False ignore_unused_parameters=True legacy_stage1=False round_robin_gradients=False zero_hpz_partition_size=1 zero_quantized_weights=False zero_quantized_nontrainable_weights=False zero_quantized_gradients=False mics_shard_size=-1 mics_hierarchical_params_gather=False memory_efficient_linear=True pipeline_loading_checkpoint=False override_module_apply=True
[2023-12-13 09:52:46,905] [INFO] [config.py:976:print]   zero_enabled ................. True
[2023-12-13 09:52:46,905] [INFO] [config.py:976:print]   zero_force_ds_cpu_optimizer .. False
[2023-12-13 09:52:46,905] [INFO] [config.py:976:print]   zero_optimization_stage ...... 2
[2023-12-13 09:52:46,905] [INFO] [config.py:962:print_user_config]   json = {
    "train_micro_batch_size_per_gpu": 2, 
    "gradient_accumulation_steps": 2, 
    "zero_optimization": {
        "stage": 2, 
        "offload_optimizer": {
            "device": "cpu"
        }, 
        "allgather_partitions": true, 
        "allgather_bucket_size": 2.000000e+08, 
        "overlap_comm": true, 
        "reduce_scatter": true, 
        "reduce_bucket_size": 2.000000e+08, 
        "contiguous_gradients": true
    }, 
    "zero_force_ds_cpu_optimizer": false, 
    "zero_allow_untested_optimizer": true, 
    "fp16": {
        "enabled": true, 
        "loss_scale": 0, 
        "initial_scale_power": 11, 
        "loss_scale_window": 5.000000e+03, 
        "hysteresis": 4
    }, 
    "wall_clock_breakdown": false, 
    "gradient_clipping": 1.0, 
    "steps_per_print": 1.000000e+07
}
Probing Dataset
Probing end. Max data state 1, total length 22322
Num PPO instances: 22322
Probing Dataset
Probing end. Max data state 1, total length 981
Num PPO instances: 981
Probing Dataset
Probing end. Max data state 0, total length 0
