Tue Dec 12 13:46:49 2023       
+---------------------------------------------------------------------------------------+
| NVIDIA-SMI 535.104.12             Driver Version: 535.104.12   CUDA Version: 12.2     |
|-----------------------------------------+----------------------+----------------------+
| GPU  Name                 Persistence-M | Bus-Id        Disp.A | Volatile Uncorr. ECC |
| Fan  Temp   Perf          Pwr:Usage/Cap |         Memory-Usage | GPU-Util  Compute M. |
|                                         |                      |               MIG M. |
|=========================================+======================+======================|
|   0  NVIDIA H100 PCIe               On  | 00000000:A1:00.0 Off |                    0 |
| N/A   25C    P0              44W / 350W |      4MiB / 81559MiB |      0%   E. Process |
|                                         |                      |             Disabled |
+-----------------------------------------+----------------------+----------------------+
                                                                                         
+---------------------------------------------------------------------------------------+
| Processes:                                                                            |
|  GPU   GI   CI        PID   Type   Process name                            GPU Memory |
|        ID   ID                                                             Usage      |
|=======================================================================================|
|  No running processes found                                                           |
+---------------------------------------------------------------------------------------+
Defaulting to user installation because normal site-packages is not writeable
Defaulting to user installation because normal site-packages is not writeable
Requirement already satisfied: torch==2.1.1 in /zhome/4e/b/208805/.local/lib/python3.9/site-packages (2.1.1)
Requirement already satisfied: nvidia-nccl-cu12==2.18.1 in /zhome/4e/b/208805/.local/lib/python3.9/site-packages (from torch==2.1.1) (2.18.1)
Requirement already satisfied: nvidia-cuda-runtime-cu12==12.1.105 in /zhome/4e/b/208805/.local/lib/python3.9/site-packages (from torch==2.1.1) (12.1.105)
Requirement already satisfied: nvidia-cusolver-cu12==11.4.5.107 in /zhome/4e/b/208805/.local/lib/python3.9/site-packages (from torch==2.1.1) (11.4.5.107)
Requirement already satisfied: filelock in /usr/lib/python3.9/site-packages (from torch==2.1.1) (3.7.1)
Requirement already satisfied: nvidia-cuda-nvrtc-cu12==12.1.105 in /zhome/4e/b/208805/.local/lib/python3.9/site-packages (from torch==2.1.1) (12.1.105)
Requirement already satisfied: nvidia-cufft-cu12==11.0.2.54 in /zhome/4e/b/208805/.local/lib/python3.9/site-packages (from torch==2.1.1) (11.0.2.54)
Requirement already satisfied: sympy in /zhome/4e/b/208805/.local/lib/python3.9/site-packages (from torch==2.1.1) (1.12)
Requirement already satisfied: networkx in /zhome/4e/b/208805/.local/lib/python3.9/site-packages (from torch==2.1.1) (3.2.1)
Requirement already satisfied: nvidia-cudnn-cu12==8.9.2.26 in /zhome/4e/b/208805/.local/lib/python3.9/site-packages (from torch==2.1.1) (8.9.2.26)
Requirement already satisfied: typing-extensions in /zhome/4e/b/208805/.local/lib/python3.9/site-packages (from torch==2.1.1) (4.9.0)
Requirement already satisfied: nvidia-cuda-cupti-cu12==12.1.105 in /zhome/4e/b/208805/.local/lib/python3.9/site-packages (from torch==2.1.1) (12.1.105)
Requirement already satisfied: nvidia-cusparse-cu12==12.1.0.106 in /zhome/4e/b/208805/.local/lib/python3.9/site-packages (from torch==2.1.1) (12.1.0.106)
Requirement already satisfied: triton==2.1.0 in /zhome/4e/b/208805/.local/lib/python3.9/site-packages (from torch==2.1.1) (2.1.0)
Requirement already satisfied: jinja2 in /zhome/4e/b/208805/.local/lib/python3.9/site-packages (from torch==2.1.1) (3.1.2)
Requirement already satisfied: nvidia-cublas-cu12==12.1.3.1 in /zhome/4e/b/208805/.local/lib/python3.9/site-packages (from torch==2.1.1) (12.1.3.1)
Requirement already satisfied: fsspec in /zhome/4e/b/208805/.local/lib/python3.9/site-packages (from torch==2.1.1) (2023.10.0)
Requirement already satisfied: nvidia-curand-cu12==10.3.2.106 in /zhome/4e/b/208805/.local/lib/python3.9/site-packages (from torch==2.1.1) (10.3.2.106)
Requirement already satisfied: nvidia-nvtx-cu12==12.1.105 in /zhome/4e/b/208805/.local/lib/python3.9/site-packages (from torch==2.1.1) (12.1.105)
Requirement already satisfied: nvidia-nvjitlink-cu12 in /zhome/4e/b/208805/.local/lib/python3.9/site-packages (from nvidia-cusolver-cu12==11.4.5.107->torch==2.1.1) (12.3.101)
Requirement already satisfied: MarkupSafe>=2.0 in /zhome/4e/b/208805/.local/lib/python3.9/site-packages (from jinja2->torch==2.1.1) (2.1.3)
Requirement already satisfied: mpmath>=0.19 in /zhome/4e/b/208805/.local/lib/python3.9/site-packages (from sympy->torch==2.1.1) (1.3.0)
Defaulting to user installation because normal site-packages is not writeable
Requirement already satisfied: deepspeed in /zhome/4e/b/208805/.local/lib/python3.9/site-packages (0.12.1)
Requirement already satisfied: psutil in /zhome/4e/b/208805/.local/lib/python3.9/site-packages (from deepspeed) (5.9.6)
Requirement already satisfied: pydantic in /zhome/4e/b/208805/.local/lib/python3.9/site-packages (from deepspeed) (2.5.2)
Requirement already satisfied: packaging>=20.0 in /usr/lib/python3.9/site-packages (from deepspeed) (20.9)
Requirement already satisfied: tqdm in /zhome/4e/b/208805/.local/lib/python3.9/site-packages (from deepspeed) (4.66.1)
Requirement already satisfied: ninja in /zhome/4e/b/208805/.local/lib/python3.9/site-packages (from deepspeed) (1.11.1.1)
Requirement already satisfied: torch in /zhome/4e/b/208805/.local/lib/python3.9/site-packages (from deepspeed) (2.1.1)
Requirement already satisfied: hjson in /zhome/4e/b/208805/.local/lib/python3.9/site-packages (from deepspeed) (3.1.0)
Requirement already satisfied: py-cpuinfo in /zhome/4e/b/208805/.local/lib/python3.9/site-packages (from deepspeed) (9.0.0)
Requirement already satisfied: pynvml in /zhome/4e/b/208805/.local/lib/python3.9/site-packages (from deepspeed) (11.5.0)
Requirement already satisfied: numpy in /zhome/4e/b/208805/.local/lib/python3.9/site-packages (from deepspeed) (1.26.2)
Requirement already satisfied: pyparsing>=2.0.2 in /usr/lib/python3.9/site-packages (from packaging>=20.0->deepspeed) (2.4.7)
Requirement already satisfied: annotated-types>=0.4.0 in /zhome/4e/b/208805/.local/lib/python3.9/site-packages (from pydantic->deepspeed) (0.6.0)
Requirement already satisfied: typing-extensions>=4.6.1 in /zhome/4e/b/208805/.local/lib/python3.9/site-packages (from pydantic->deepspeed) (4.9.0)
Requirement already satisfied: pydantic-core==2.14.5 in /zhome/4e/b/208805/.local/lib/python3.9/site-packages (from pydantic->deepspeed) (2.14.5)
Requirement already satisfied: nvidia-nvtx-cu12==12.1.105 in /zhome/4e/b/208805/.local/lib/python3.9/site-packages (from torch->deepspeed) (12.1.105)
Requirement already satisfied: nvidia-cufft-cu12==11.0.2.54 in /zhome/4e/b/208805/.local/lib/python3.9/site-packages (from torch->deepspeed) (11.0.2.54)
Requirement already satisfied: jinja2 in /zhome/4e/b/208805/.local/lib/python3.9/site-packages (from torch->deepspeed) (3.1.2)
Requirement already satisfied: triton==2.1.0 in /zhome/4e/b/208805/.local/lib/python3.9/site-packages (from torch->deepspeed) (2.1.0)
Requirement already satisfied: nvidia-cusparse-cu12==12.1.0.106 in /zhome/4e/b/208805/.local/lib/python3.9/site-packages (from torch->deepspeed) (12.1.0.106)
Requirement already satisfied: nvidia-cuda-cupti-cu12==12.1.105 in /zhome/4e/b/208805/.local/lib/python3.9/site-packages (from torch->deepspeed) (12.1.105)
Requirement already satisfied: networkx in /zhome/4e/b/208805/.local/lib/python3.9/site-packages (from torch->deepspeed) (3.2.1)
Requirement already satisfied: nvidia-cuda-nvrtc-cu12==12.1.105 in /zhome/4e/b/208805/.local/lib/python3.9/site-packages (from torch->deepspeed) (12.1.105)
Requirement already satisfied: nvidia-cuda-runtime-cu12==12.1.105 in /zhome/4e/b/208805/.local/lib/python3.9/site-packages (from torch->deepspeed) (12.1.105)
Requirement already satisfied: nvidia-cublas-cu12==12.1.3.1 in /zhome/4e/b/208805/.local/lib/python3.9/site-packages (from torch->deepspeed) (12.1.3.1)
Requirement already satisfied: nvidia-cudnn-cu12==8.9.2.26 in /zhome/4e/b/208805/.local/lib/python3.9/site-packages (from torch->deepspeed) (8.9.2.26)
Requirement already satisfied: fsspec in /zhome/4e/b/208805/.local/lib/python3.9/site-packages (from torch->deepspeed) (2023.10.0)
Requirement already satisfied: nvidia-curand-cu12==10.3.2.106 in /zhome/4e/b/208805/.local/lib/python3.9/site-packages (from torch->deepspeed) (10.3.2.106)
Requirement already satisfied: filelock in /usr/lib/python3.9/site-packages (from torch->deepspeed) (3.7.1)
Requirement already satisfied: sympy in /zhome/4e/b/208805/.local/lib/python3.9/site-packages (from torch->deepspeed) (1.12)
Requirement already satisfied: nvidia-cusolver-cu12==11.4.5.107 in /zhome/4e/b/208805/.local/lib/python3.9/site-packages (from torch->deepspeed) (11.4.5.107)
Requirement already satisfied: nvidia-nccl-cu12==2.18.1 in /zhome/4e/b/208805/.local/lib/python3.9/site-packages (from torch->deepspeed) (2.18.1)
Requirement already satisfied: nvidia-nvjitlink-cu12 in /zhome/4e/b/208805/.local/lib/python3.9/site-packages (from nvidia-cusolver-cu12==11.4.5.107->torch->deepspeed) (12.3.101)
Requirement already satisfied: MarkupSafe>=2.0 in /zhome/4e/b/208805/.local/lib/python3.9/site-packages (from jinja2->torch->deepspeed) (2.1.3)
Requirement already satisfied: mpmath>=0.19 in /zhome/4e/b/208805/.local/lib/python3.9/site-packages (from sympy->torch->deepspeed) (1.3.0)
Defaulting to user installation because normal site-packages is not writeable
Requirement already satisfied: torchvision in /zhome/4e/b/208805/.local/lib/python3.9/site-packages (0.15.2)
Collecting torch==2.0.1
  Using cached torch-2.0.1-cp39-cp39-manylinux1_x86_64.whl (619.9 MB)
Requirement already satisfied: requests in /usr/lib/python3.9/site-packages (from torchvision) (2.25.1)
Requirement already satisfied: numpy in /zhome/4e/b/208805/.local/lib/python3.9/site-packages (from torchvision) (1.26.2)
Requirement already satisfied: pillow!=8.3.*,>=5.3.0 in /usr/lib64/python3.9/site-packages (from torchvision) (10.0.0)
Requirement already satisfied: nvidia-nvtx-cu11==11.7.91 in /zhome/4e/b/208805/.local/lib/python3.9/site-packages (from torch==2.0.1->torchvision) (11.7.91)
Requirement already satisfied: nvidia-cuda-cupti-cu11==11.7.101 in /zhome/4e/b/208805/.local/lib/python3.9/site-packages (from torch==2.0.1->torchvision) (11.7.101)
Requirement already satisfied: nvidia-curand-cu11==10.2.10.91 in /zhome/4e/b/208805/.local/lib/python3.9/site-packages (from torch==2.0.1->torchvision) (10.2.10.91)
Requirement already satisfied: jinja2 in /zhome/4e/b/208805/.local/lib/python3.9/site-packages (from torch==2.0.1->torchvision) (3.1.2)
Requirement already satisfied: sympy in /zhome/4e/b/208805/.local/lib/python3.9/site-packages (from torch==2.0.1->torchvision) (1.12)
Requirement already satisfied: filelock in /usr/lib/python3.9/site-packages (from torch==2.0.1->torchvision) (3.7.1)
Requirement already satisfied: typing-extensions in /zhome/4e/b/208805/.local/lib/python3.9/site-packages (from torch==2.0.1->torchvision) (4.9.0)
Requirement already satisfied: nvidia-cuda-nvrtc-cu11==11.7.99 in /zhome/4e/b/208805/.local/lib/python3.9/site-packages (from torch==2.0.1->torchvision) (11.7.99)
Requirement already satisfied: nvidia-cuda-runtime-cu11==11.7.99 in /zhome/4e/b/208805/.local/lib/python3.9/site-packages (from torch==2.0.1->torchvision) (11.7.99)
Requirement already satisfied: nvidia-cusolver-cu11==11.4.0.1 in /zhome/4e/b/208805/.local/lib/python3.9/site-packages (from torch==2.0.1->torchvision) (11.4.0.1)
Requirement already satisfied: networkx in /zhome/4e/b/208805/.local/lib/python3.9/site-packages (from torch==2.0.1->torchvision) (3.2.1)
Requirement already satisfied: nvidia-cufft-cu11==10.9.0.58 in /zhome/4e/b/208805/.local/lib/python3.9/site-packages (from torch==2.0.1->torchvision) (10.9.0.58)
Requirement already satisfied: nvidia-cusparse-cu11==11.7.4.91 in /zhome/4e/b/208805/.local/lib/python3.9/site-packages (from torch==2.0.1->torchvision) (11.7.4.91)
Collecting triton==2.0.0
  Using cached triton-2.0.0-1-cp39-cp39-manylinux2014_x86_64.manylinux_2_17_x86_64.whl (63.3 MB)
Requirement already satisfied: nvidia-cudnn-cu11==8.5.0.96 in /zhome/4e/b/208805/.local/lib/python3.9/site-packages (from torch==2.0.1->torchvision) (8.5.0.96)
Requirement already satisfied: nvidia-nccl-cu11==2.14.3 in /zhome/4e/b/208805/.local/lib/python3.9/site-packages (from torch==2.0.1->torchvision) (2.14.3)
Requirement already satisfied: nvidia-cublas-cu11==11.10.3.66 in /zhome/4e/b/208805/.local/lib/python3.9/site-packages (from torch==2.0.1->torchvision) (11.10.3.66)
Requirement already satisfied: wheel in /zhome/4e/b/208805/.local/lib/python3.9/site-packages (from nvidia-cublas-cu11==11.10.3.66->torch==2.0.1->torchvision) (0.42.0)
Requirement already satisfied: setuptools in /usr/lib/python3.9/site-packages (from nvidia-cublas-cu11==11.10.3.66->torch==2.0.1->torchvision) (53.0.0)
Requirement already satisfied: cmake in /zhome/4e/b/208805/.local/lib/python3.9/site-packages (from triton==2.0.0->torch==2.0.1->torchvision) (3.27.9)
Requirement already satisfied: lit in /zhome/4e/b/208805/.local/lib/python3.9/site-packages (from triton==2.0.0->torch==2.0.1->torchvision) (17.0.6)
Requirement already satisfied: MarkupSafe>=2.0 in /zhome/4e/b/208805/.local/lib/python3.9/site-packages (from jinja2->torch==2.0.1->torchvision) (2.1.3)
Requirement already satisfied: idna<3,>=2.5 in /usr/lib/python3.9/site-packages (from requests->torchvision) (2.10)
Requirement already satisfied: chardet<5,>=3.0.2 in /usr/lib/python3.9/site-packages (from requests->torchvision) (4.0.0)
Requirement already satisfied: urllib3<1.27,>=1.21.1 in /usr/lib/python3.9/site-packages (from requests->torchvision) (1.26.5)
Requirement already satisfied: mpmath>=0.19 in /zhome/4e/b/208805/.local/lib/python3.9/site-packages (from sympy->torch==2.0.1->torchvision) (1.3.0)
Installing collected packages: triton, torch
  Attempting uninstall: triton
    Found existing installation: triton 2.1.0
    Uninstalling triton-2.1.0:
      Successfully uninstalled triton-2.1.0
  Attempting uninstall: torch
    Found existing installation: torch 2.1.1
    Uninstalling torch-2.1.1:
      Successfully uninstalled torch-2.1.1
  Rolling back uninstall of torch
  Moving to /zhome/4e/b/208805/.local/lib/python3.9/site-packages/torch-2.1.1.dist-info/
   from /zhome/4e/b/208805/.local/lib/python3.9/site-packages/~orch-2.1.1.dist-info
  Moving to /zhome/4e/b/208805/.local/lib/python3.9/site-packages/torch/include/torch/csrc/jit/frontend/source_range.h
   from /tmp/pip-uninstall-fd3j1atx/source_range.h
  Moving to /zhome/4e/b/208805/.local/lib/python3.9/site-packages/torch/include/torch/csrc/jit/frontend/source_ref.h
   from /tmp/pip-uninstall-fd3j1atx/source_ref.h
  Moving to /zhome/4e/b/208805/.local/lib/python3.9/site-packages/torch/include/torch/csrc/jit/frontend/strtod.h
   from /tmp/pip-uninstall-fd3j1atx/strtod.h
  Moving to /zhome/4e/b/208805/.local/lib/python3.9/site-packages/torch/include/torch/csrc/jit/frontend/sugared_value.h
   from /tmp/pip-uninstall-fd3j1atx/sugared_value.h
  Moving to /zhome/4e/b/208805/.local/lib/python3.9/site-packages/torch/include/torch/csrc/jit/frontend/tracer.h
   from /tmp/pip-uninstall-fd3j1atx/tracer.h
  Moving to /zhome/4e/b/208805/.local/lib/python3.9/site-packages/torch/include/torch/csrc/jit/frontend/tree.h
   from /tmp/pip-uninstall-fd3j1atx/tree.h
  Moving to /zhome/4e/b/208805/.local/lib/python3.9/site-packages/torch/include/torch/csrc/jit/frontend/tree_views.h
   from /tmp/pip-uninstall-fd3j1atx/tree_views.h
  Moving to /zhome/4e/b/208805/.local/lib/python3.9/site-packages/torch/include/torch/csrc/jit/frontend/versioned_symbols.h
   from /tmp/pip-uninstall-fd3j1atx/versioned_symbols.h
  Moving to /zhome/4e/b/208805/.local/lib/python3.9/site-packages/torch/include/torch/csrc/jit/ir/
   from /zhome/4e/b/208805/.local/lib/python3.9/site-packages/torch/include/torch/csrc/jit/~r
  Moving to /zhome/4e/b/208805/.local/lib/python3.9/site-packages/torch/include/torch/csrc/jit/mobile/
   from /zhome/4e/b/208805/.local/lib/python3.9/site-packages/torch/include/torch/csrc/jit/~obile
  Moving to /zhome/4e/b/208805/.local/lib/python3.9/site-packages/torch/include/torch/csrc/jit/passes/
   from /zhome/4e/b/208805/.local/lib/python3.9/site-packages/torch/include/torch/csrc/jit/~asses
  Moving to /zhome/4e/b/208805/.local/lib/python3.9/site-packages/torch/include/torch/csrc/jit/python/
   from /zhome/4e/b/208805/.local/lib/python3.9/site-packages/torch/include/torch/csrc/jit/~ython
  Moving to /zhome/4e/b/208805/.local/lib/python3.9/site-packages/torch/include/torch/csrc/jit/runtime/
   from /zhome/4e/b/208805/.local/lib/python3.9/site-packages/torch/include/torch/csrc/jit/~untime
  Moving to /zhome/4e/b/208805/.local/lib/python3.9/site-packages/torch/include/torch/csrc/jit/serialization/
   from /zhome/4e/b/208805/.local/lib/python3.9/site-packages/torch/include/torch/csrc/jit/~erialization
  Moving to /zhome/4e/b/208805/.local/lib/python3.9/site-packages/torch/include/torch/csrc/jit/tensorexpr/
   from /zhome/4e/b/208805/.local/lib/python3.9/site-packages/torch/include/torch/csrc/jit/~ensorexpr
  Moving to /zhome/4e/b/208805/.local/lib/python3.9/site-packages/torch/include/torch/csrc/jit/testing/
   from /zhome/4e/b/208805/.local/lib/python3.9/site-packages/torch/include/torch/csrc/jit/~esting
  Moving to /zhome/4e/b/208805/.local/lib/python3.9/site-packages/torch/include/torch/csrc/lazy/backend/
   from /zhome/4e/b/208805/.local/lib/python3.9/site-packages/torch/include/torch/csrc/lazy/~ackend
  Moving to /zhome/4e/b/208805/.local/lib/python3.9/site-packages/torch/include/torch/csrc/lazy/core/
   from /zhome/4e/b/208805/.local/lib/python3.9/site-packages/torch/include/torch/csrc/lazy/~ore
  Moving to /zhome/4e/b/208805/.local/lib/python3.9/site-packages/torch/include/torch/csrc/lazy/python/
   from /zhome/4e/b/208805/.local/lib/python3.9/site-packages/torch/include/torch/csrc/lazy/~ython
  Moving to /zhome/4e/b/208805/.local/lib/python3.9/site-packages/torch/include/torch/csrc/lazy/ts_backend/
   from /zhome/4e/b/208805/.local/lib/python3.9/site-packages/torch/include/torch/csrc/lazy/~s_backend
  Moving to /zhome/4e/b/208805/.local/lib/python3.9/site-packages/torch/include/torch/csrc/onnx/
   from /zhome/4e/b/208805/.local/lib/python3.9/site-packages/torch/include/torch/csrc/~nnx
  Moving to /zhome/4e/b/208805/.local/lib/python3.9/site-packages/torch/include/torch/csrc/profiler/
   from /zhome/4e/b/208805/.local/lib/python3.9/site-packages/torch/include/torch/csrc/~rofiler
  Moving to /zhome/4e/b/208805/.local/lib/python3.9/site-packages/torch/include/torch/csrc/tensor/
   from /zhome/4e/b/208805/.local/lib/python3.9/site-packages/torch/include/torch/csrc/~ensor
  Moving to /zhome/4e/b/208805/.local/lib/python3.9/site-packages/torch/include/torch/csrc/utils/
   from /zhome/4e/b/208805/.local/lib/python3.9/site-packages/torch/include/torch/csrc/~tils
  Moving to /zhome/4e/b/208805/.local/lib/python3.9/site-packages/torch/jit/
   from /zhome/4e/b/208805/.local/lib/python3.9/site-packages/torch/~it
  Moving to /zhome/4e/b/208805/.local/lib/python3.9/site-packages/torch/lib/
   from /zhome/4e/b/208805/.local/lib/python3.9/site-packages/torch/~ib
  Moving to /zhome/4e/b/208805/.local/lib/python3.9/site-packages/torch/linalg/
   from /zhome/4e/b/208805/.local/lib/python3.9/site-packages/torch/~inalg
  Moving to /zhome/4e/b/208805/.local/lib/python3.9/site-packages/torch/masked/
   from /zhome/4e/b/208805/.local/lib/python3.9/site-packages/torch/~asked
  Moving to /zhome/4e/b/208805/.local/lib/python3.9/site-packages/torch/monitor/
   from /zhome/4e/b/208805/.local/lib/python3.9/site-packages/torch/~onitor
  Moving to /zhome/4e/b/208805/.local/lib/python3.9/site-packages/torch/mps/
   from /zhome/4e/b/208805/.local/lib/python3.9/site-packages/torch/~ps
  Moving to /zhome/4e/b/208805/.local/lib/python3.9/site-packages/torch/multiprocessing/
   from /zhome/4e/b/208805/.local/lib/python3.9/site-packages/torch/~ultiprocessing
  Moving to /zhome/4e/b/208805/.local/lib/python3.9/site-packages/torch/nested/
   from /zhome/4e/b/208805/.local/lib/python3.9/site-packages/torch/~ested
  Moving to /zhome/4e/b/208805/.local/lib/python3.9/site-packages/torch/nn/
   from /zhome/4e/b/208805/.local/lib/python3.9/site-packages/torch/~n
  Moving to /zhome/4e/b/208805/.local/lib/python3.9/site-packages/torch/onnx/
   from /zhome/4e/b/208805/.local/lib/python3.9/site-packages/torch/~nnx
  Moving to /zhome/4e/b/208805/.local/lib/python3.9/site-packages/torch/optim/
   from /zhome/4e/b/208805/.local/lib/python3.9/site-packages/torch/~ptim
  Moving to /zhome/4e/b/208805/.local/lib/python3.9/site-packages/torch/package/
   from /zhome/4e/b/208805/.local/lib/python3.9/site-packages/torch/~ackage
  Moving to /zhome/4e/b/208805/.local/lib/python3.9/site-packages/torch/profiler/
   from /zhome/4e/b/208805/.local/lib/python3.9/site-packages/torch/~rofiler
  Moving to /zhome/4e/b/208805/.local/lib/python3.9/site-packages/torch/quantization/
   from /zhome/4e/b/208805/.local/lib/python3.9/site-packages/torch/~uantization
  Moving to /zhome/4e/b/208805/.local/lib/python3.9/site-packages/torch/share/cmake/ATen/
   from /zhome/4e/b/208805/.local/lib/python3.9/site-packages/torch/share/cmake/~Ten
  Moving to /zhome/4e/b/208805/.local/lib/python3.9/site-packages/torch/share/cmake/Caffe2/
   from /zhome/4e/b/208805/.local/lib/python3.9/site-packages/torch/share/cmake/~affe2
  Moving to /zhome/4e/b/208805/.local/lib/python3.9/site-packages/torch/share/cmake/Tensorpipe/
   from /zhome/4e/b/208805/.local/lib/python3.9/site-packages/torch/share/cmake/~ensorpipe
  Moving to /zhome/4e/b/208805/.local/lib/python3.9/site-packages/torch/share/cmake/Torch/
   from /zhome/4e/b/208805/.local/lib/python3.9/site-packages/torch/share/cmake/~orch
  Moving to /zhome/4e/b/208805/.local/lib/python3.9/site-packages/torch/signal/
   from /zhome/4e/b/208805/.local/lib/python3.9/site-packages/torch/~ignal
  Moving to /zhome/4e/b/208805/.local/lib/python3.9/site-packages/torch/sparse/
   from /zhome/4e/b/208805/.local/lib/python3.9/site-packages/torch/~parse
  Moving to /zhome/4e/b/208805/.local/lib/python3.9/site-packages/torch/special/
   from /zhome/4e/b/208805/.local/lib/python3.9/site-packages/torch/~pecial
  Moving to /zhome/4e/b/208805/.local/lib/python3.9/site-packages/torch/testing/
   from /zhome/4e/b/208805/.local/lib/python3.9/site-packages/torch/~esting
  Moving to /zhome/4e/b/208805/.local/lib/python3.9/site-packages/torch/utils/
   from /zhome/4e/b/208805/.local/lib/python3.9/site-packages/torch/~tils
  Moving to /zhome/4e/b/208805/.local/lib/python3.9/site-packages/torch/version.py
   from /tmp/pip-uninstall-1y0q9wmv/version.py
  Moving to /zhome/4e/b/208805/.local/lib/python3.9/site-packages/torchgen/
   from /zhome/4e/b/208805/.local/lib/python3.9/site-packages/~-rchgen
Defaulting to user installation because normal site-packages is not writeable
Requirement already satisfied: nltk in /zhome/4e/b/208805/.local/lib/python3.9/site-packages (3.8.1)
Requirement already satisfied: regex>=2021.8.3 in /zhome/4e/b/208805/.local/lib/python3.9/site-packages (from nltk) (2023.10.3)
Requirement already satisfied: joblib in /zhome/4e/b/208805/.local/lib/python3.9/site-packages (from nltk) (1.3.2)
Requirement already satisfied: click in /zhome/4e/b/208805/.local/lib/python3.9/site-packages (from nltk) (8.1.7)
Requirement already satisfied: tqdm in /zhome/4e/b/208805/.local/lib/python3.9/site-packages (from nltk) (4.66.1)
Defaulting to user installation because normal site-packages is not writeable
Requirement already satisfied: numerize in /zhome/4e/b/208805/.local/lib/python3.9/site-packages (0.12)
Defaulting to user installation because normal site-packages is not writeable
Requirement already satisfied: rouge-score in /zhome/4e/b/208805/.local/lib/python3.9/site-packages (0.1.2)
Requirement already satisfied: six>=1.14.0 in /usr/lib/python3.9/site-packages (from rouge-score) (1.15.0)
Requirement already satisfied: nltk in /zhome/4e/b/208805/.local/lib/python3.9/site-packages (from rouge-score) (3.8.1)
Requirement already satisfied: numpy in /zhome/4e/b/208805/.local/lib/python3.9/site-packages (from rouge-score) (1.26.2)
Requirement already satisfied: absl-py in /zhome/4e/b/208805/.local/lib/python3.9/site-packages (from rouge-score) (2.0.0)
Requirement already satisfied: joblib in /zhome/4e/b/208805/.local/lib/python3.9/site-packages (from nltk->rouge-score) (1.3.2)
Requirement already satisfied: click in /zhome/4e/b/208805/.local/lib/python3.9/site-packages (from nltk->rouge-score) (8.1.7)
Requirement already satisfied: regex>=2021.8.3 in /zhome/4e/b/208805/.local/lib/python3.9/site-packages (from nltk->rouge-score) (2023.10.3)
Requirement already satisfied: tqdm in /zhome/4e/b/208805/.local/lib/python3.9/site-packages (from nltk->rouge-score) (4.66.1)
Defaulting to user installation because normal site-packages is not writeable
Requirement already satisfied: torchtyping in /zhome/4e/b/208805/.local/lib/python3.9/site-packages (0.1.4)
Requirement already satisfied: torch>=1.7.0 in /zhome/4e/b/208805/.local/lib/python3.9/site-packages (from torchtyping) (2.1.1)
Requirement already satisfied: typeguard>=2.11.1 in /zhome/4e/b/208805/.local/lib/python3.9/site-packages (from torchtyping) (4.1.5)
Requirement already satisfied: networkx in /zhome/4e/b/208805/.local/lib/python3.9/site-packages (from torch>=1.7.0->torchtyping) (3.2.1)
Requirement already satisfied: nvidia-cusparse-cu12==12.1.0.106 in /zhome/4e/b/208805/.local/lib/python3.9/site-packages (from torch>=1.7.0->torchtyping) (12.1.0.106)
Requirement already satisfied: nvidia-nvtx-cu12==12.1.105 in /zhome/4e/b/208805/.local/lib/python3.9/site-packages (from torch>=1.7.0->torchtyping) (12.1.105)
Requirement already satisfied: jinja2 in /zhome/4e/b/208805/.local/lib/python3.9/site-packages (from torch>=1.7.0->torchtyping) (3.1.2)
Requirement already satisfied: nvidia-cudnn-cu12==8.9.2.26 in /zhome/4e/b/208805/.local/lib/python3.9/site-packages (from torch>=1.7.0->torchtyping) (8.9.2.26)
Requirement already satisfied: nvidia-cublas-cu12==12.1.3.1 in /zhome/4e/b/208805/.local/lib/python3.9/site-packages (from torch>=1.7.0->torchtyping) (12.1.3.1)
Requirement already satisfied: filelock in /usr/lib/python3.9/site-packages (from torch>=1.7.0->torchtyping) (3.7.1)
Requirement already satisfied: nvidia-curand-cu12==10.3.2.106 in /zhome/4e/b/208805/.local/lib/python3.9/site-packages (from torch>=1.7.0->torchtyping) (10.3.2.106)
Requirement already satisfied: fsspec in /zhome/4e/b/208805/.local/lib/python3.9/site-packages (from torch>=1.7.0->torchtyping) (2023.10.0)
Collecting triton==2.1.0
  Using cached triton-2.1.0-0-cp39-cp39-manylinux2014_x86_64.manylinux_2_17_x86_64.whl (89.3 MB)
Requirement already satisfied: typing-extensions in /zhome/4e/b/208805/.local/lib/python3.9/site-packages (from torch>=1.7.0->torchtyping) (4.9.0)
Requirement already satisfied: nvidia-nccl-cu12==2.18.1 in /zhome/4e/b/208805/.local/lib/python3.9/site-packages (from torch>=1.7.0->torchtyping) (2.18.1)
Requirement already satisfied: nvidia-cuda-nvrtc-cu12==12.1.105 in /zhome/4e/b/208805/.local/lib/python3.9/site-packages (from torch>=1.7.0->torchtyping) (12.1.105)
Requirement already satisfied: nvidia-cufft-cu12==11.0.2.54 in /zhome/4e/b/208805/.local/lib/python3.9/site-packages (from torch>=1.7.0->torchtyping) (11.0.2.54)
Requirement already satisfied: nvidia-cusolver-cu12==11.4.5.107 in /zhome/4e/b/208805/.local/lib/python3.9/site-packages (from torch>=1.7.0->torchtyping) (11.4.5.107)
Requirement already satisfied: nvidia-cuda-runtime-cu12==12.1.105 in /zhome/4e/b/208805/.local/lib/python3.9/site-packages (from torch>=1.7.0->torchtyping) (12.1.105)
Requirement already satisfied: nvidia-cuda-cupti-cu12==12.1.105 in /zhome/4e/b/208805/.local/lib/python3.9/site-packages (from torch>=1.7.0->torchtyping) (12.1.105)
Requirement already satisfied: sympy in /zhome/4e/b/208805/.local/lib/python3.9/site-packages (from torch>=1.7.0->torchtyping) (1.12)
Requirement already satisfied: nvidia-nvjitlink-cu12 in /zhome/4e/b/208805/.local/lib/python3.9/site-packages (from nvidia-cusolver-cu12==11.4.5.107->torch>=1.7.0->torchtyping) (12.3.101)
Requirement already satisfied: importlib-metadata>=3.6 in /zhome/4e/b/208805/.local/lib/python3.9/site-packages (from typeguard>=2.11.1->torchtyping) (7.0.0)
Requirement already satisfied: zipp>=0.5 in /zhome/4e/b/208805/.local/lib/python3.9/site-packages (from importlib-metadata>=3.6->typeguard>=2.11.1->torchtyping) (3.17.0)
Requirement already satisfied: MarkupSafe>=2.0 in /zhome/4e/b/208805/.local/lib/python3.9/site-packages (from jinja2->torch>=1.7.0->torchtyping) (2.1.3)
Requirement already satisfied: mpmath>=0.19 in /zhome/4e/b/208805/.local/lib/python3.9/site-packages (from sympy->torch>=1.7.0->torchtyping) (1.3.0)
Installing collected packages: triton
  Attempting uninstall: triton
    Found existing installation: triton 2.0.0
    Uninstalling triton-2.0.0:
      Successfully uninstalled triton-2.0.0
Successfully installed triton-2.1.0
Defaulting to user installation because normal site-packages is not writeable
Requirement already satisfied: rich in /zhome/4e/b/208805/.local/lib/python3.9/site-packages (13.7.0)
Requirement already satisfied: pygments<3.0.0,>=2.13.0 in /zhome/4e/b/208805/.local/lib/python3.9/site-packages (from rich) (2.17.2)
Requirement already satisfied: markdown-it-py>=2.2.0 in /zhome/4e/b/208805/.local/lib/python3.9/site-packages (from rich) (3.0.0)
Requirement already satisfied: mdurl~=0.1 in /zhome/4e/b/208805/.local/lib/python3.9/site-packages (from markdown-it-py>=2.2.0->rich) (0.1.2)
Defaulting to user installation because normal site-packages is not writeable
Requirement already satisfied: accelerate in /zhome/4e/b/208805/.local/lib/python3.9/site-packages (0.25.0)
Requirement already satisfied: torch>=1.10.0 in /zhome/4e/b/208805/.local/lib/python3.9/site-packages (from accelerate) (2.1.1)
Requirement already satisfied: psutil in /zhome/4e/b/208805/.local/lib/python3.9/site-packages (from accelerate) (5.9.6)
Requirement already satisfied: packaging>=20.0 in /usr/lib/python3.9/site-packages (from accelerate) (20.9)
Requirement already satisfied: numpy>=1.17 in /zhome/4e/b/208805/.local/lib/python3.9/site-packages (from accelerate) (1.26.2)
Requirement already satisfied: huggingface-hub in /zhome/4e/b/208805/.local/lib/python3.9/site-packages (from accelerate) (0.19.4)
Requirement already satisfied: safetensors>=0.3.1 in /zhome/4e/b/208805/.local/lib/python3.9/site-packages (from accelerate) (0.4.1)
Requirement already satisfied: pyyaml in /usr/lib64/python3.9/site-packages (from accelerate) (5.4.1)
Requirement already satisfied: pyparsing>=2.0.2 in /usr/lib/python3.9/site-packages (from packaging>=20.0->accelerate) (2.4.7)
Requirement already satisfied: jinja2 in /zhome/4e/b/208805/.local/lib/python3.9/site-packages (from torch>=1.10.0->accelerate) (3.1.2)
Requirement already satisfied: filelock in /usr/lib/python3.9/site-packages (from torch>=1.10.0->accelerate) (3.7.1)
Requirement already satisfied: nvidia-cuda-cupti-cu12==12.1.105 in /zhome/4e/b/208805/.local/lib/python3.9/site-packages (from torch>=1.10.0->accelerate) (12.1.105)
Requirement already satisfied: nvidia-cusolver-cu12==11.4.5.107 in /zhome/4e/b/208805/.local/lib/python3.9/site-packages (from torch>=1.10.0->accelerate) (11.4.5.107)
Requirement already satisfied: nvidia-cuda-runtime-cu12==12.1.105 in /zhome/4e/b/208805/.local/lib/python3.9/site-packages (from torch>=1.10.0->accelerate) (12.1.105)
Requirement already satisfied: nvidia-cuda-nvrtc-cu12==12.1.105 in /zhome/4e/b/208805/.local/lib/python3.9/site-packages (from torch>=1.10.0->accelerate) (12.1.105)
Requirement already satisfied: nvidia-nvtx-cu12==12.1.105 in /zhome/4e/b/208805/.local/lib/python3.9/site-packages (from torch>=1.10.0->accelerate) (12.1.105)
Requirement already satisfied: triton==2.1.0 in /zhome/4e/b/208805/.local/lib/python3.9/site-packages (from torch>=1.10.0->accelerate) (2.1.0)
Requirement already satisfied: nvidia-cublas-cu12==12.1.3.1 in /zhome/4e/b/208805/.local/lib/python3.9/site-packages (from torch>=1.10.0->accelerate) (12.1.3.1)
Requirement already satisfied: nvidia-nccl-cu12==2.18.1 in /zhome/4e/b/208805/.local/lib/python3.9/site-packages (from torch>=1.10.0->accelerate) (2.18.1)
Requirement already satisfied: fsspec in /zhome/4e/b/208805/.local/lib/python3.9/site-packages (from torch>=1.10.0->accelerate) (2023.10.0)
Requirement already satisfied: nvidia-cufft-cu12==11.0.2.54 in /zhome/4e/b/208805/.local/lib/python3.9/site-packages (from torch>=1.10.0->accelerate) (11.0.2.54)
Requirement already satisfied: nvidia-cusparse-cu12==12.1.0.106 in /zhome/4e/b/208805/.local/lib/python3.9/site-packages (from torch>=1.10.0->accelerate) (12.1.0.106)
Requirement already satisfied: nvidia-cudnn-cu12==8.9.2.26 in /zhome/4e/b/208805/.local/lib/python3.9/site-packages (from torch>=1.10.0->accelerate) (8.9.2.26)
Requirement already satisfied: sympy in /zhome/4e/b/208805/.local/lib/python3.9/site-packages (from torch>=1.10.0->accelerate) (1.12)
Requirement already satisfied: networkx in /zhome/4e/b/208805/.local/lib/python3.9/site-packages (from torch>=1.10.0->accelerate) (3.2.1)
Requirement already satisfied: nvidia-curand-cu12==10.3.2.106 in /zhome/4e/b/208805/.local/lib/python3.9/site-packages (from torch>=1.10.0->accelerate) (10.3.2.106)
Requirement already satisfied: typing-extensions in /zhome/4e/b/208805/.local/lib/python3.9/site-packages (from torch>=1.10.0->accelerate) (4.9.0)
Requirement already satisfied: nvidia-nvjitlink-cu12 in /zhome/4e/b/208805/.local/lib/python3.9/site-packages (from nvidia-cusolver-cu12==11.4.5.107->torch>=1.10.0->accelerate) (12.3.101)
Requirement already satisfied: tqdm>=4.42.1 in /zhome/4e/b/208805/.local/lib/python3.9/site-packages (from huggingface-hub->accelerate) (4.66.1)
Requirement already satisfied: requests in /usr/lib/python3.9/site-packages (from huggingface-hub->accelerate) (2.25.1)
Requirement already satisfied: MarkupSafe>=2.0 in /zhome/4e/b/208805/.local/lib/python3.9/site-packages (from jinja2->torch>=1.10.0->accelerate) (2.1.3)
Requirement already satisfied: chardet<5,>=3.0.2 in /usr/lib/python3.9/site-packages (from requests->huggingface-hub->accelerate) (4.0.0)
Requirement already satisfied: urllib3<1.27,>=1.21.1 in /usr/lib/python3.9/site-packages (from requests->huggingface-hub->accelerate) (1.26.5)
Requirement already satisfied: idna<3,>=2.5 in /usr/lib/python3.9/site-packages (from requests->huggingface-hub->accelerate) (2.10)
Requirement already satisfied: mpmath>=0.19 in /zhome/4e/b/208805/.local/lib/python3.9/site-packages (from sympy->torch>=1.10.0->accelerate) (1.3.0)
Defaulting to user installation because normal site-packages is not writeable
Requirement already satisfied: datasets in /zhome/4e/b/208805/.local/lib/python3.9/site-packages (2.15.0)
Requirement already satisfied: packaging in /usr/lib/python3.9/site-packages (from datasets) (20.9)
Requirement already satisfied: fsspec[http]<=2023.10.0,>=2023.1.0 in /zhome/4e/b/208805/.local/lib/python3.9/site-packages (from datasets) (2023.10.0)
Requirement already satisfied: numpy>=1.17 in /zhome/4e/b/208805/.local/lib/python3.9/site-packages (from datasets) (1.26.2)
Requirement already satisfied: requests>=2.19.0 in /usr/lib/python3.9/site-packages (from datasets) (2.25.1)
Requirement already satisfied: multiprocess in /zhome/4e/b/208805/.local/lib/python3.9/site-packages (from datasets) (0.70.15)
Requirement already satisfied: pyyaml>=5.1 in /usr/lib64/python3.9/site-packages (from datasets) (5.4.1)
Requirement already satisfied: tqdm>=4.62.1 in /zhome/4e/b/208805/.local/lib/python3.9/site-packages (from datasets) (4.66.1)
Requirement already satisfied: pandas in /zhome/4e/b/208805/.local/lib/python3.9/site-packages (from datasets) (2.1.4)
Requirement already satisfied: pyarrow-hotfix in /zhome/4e/b/208805/.local/lib/python3.9/site-packages (from datasets) (0.6)
Requirement already satisfied: xxhash in /zhome/4e/b/208805/.local/lib/python3.9/site-packages (from datasets) (3.4.1)
Requirement already satisfied: dill<0.3.8,>=0.3.0 in /zhome/4e/b/208805/.local/lib/python3.9/site-packages (from datasets) (0.3.7)
Requirement already satisfied: pyarrow>=8.0.0 in /zhome/4e/b/208805/.local/lib/python3.9/site-packages (from datasets) (14.0.1)
Requirement already satisfied: aiohttp in /zhome/4e/b/208805/.local/lib/python3.9/site-packages (from datasets) (3.9.1)
Requirement already satisfied: huggingface-hub>=0.18.0 in /zhome/4e/b/208805/.local/lib/python3.9/site-packages (from datasets) (0.19.4)
Requirement already satisfied: attrs>=17.3.0 in /zhome/4e/b/208805/.local/lib/python3.9/site-packages (from aiohttp->datasets) (23.1.0)
Requirement already satisfied: multidict<7.0,>=4.5 in /zhome/4e/b/208805/.local/lib/python3.9/site-packages (from aiohttp->datasets) (6.0.4)
Requirement already satisfied: frozenlist>=1.1.1 in /zhome/4e/b/208805/.local/lib/python3.9/site-packages (from aiohttp->datasets) (1.4.0)
Requirement already satisfied: async-timeout<5.0,>=4.0 in /zhome/4e/b/208805/.local/lib/python3.9/site-packages (from aiohttp->datasets) (4.0.3)
Requirement already satisfied: yarl<2.0,>=1.0 in /zhome/4e/b/208805/.local/lib/python3.9/site-packages (from aiohttp->datasets) (1.9.4)
Requirement already satisfied: aiosignal>=1.1.2 in /zhome/4e/b/208805/.local/lib/python3.9/site-packages (from aiohttp->datasets) (1.3.1)
Requirement already satisfied: typing-extensions>=3.7.4.3 in /zhome/4e/b/208805/.local/lib/python3.9/site-packages (from huggingface-hub>=0.18.0->datasets) (4.9.0)
Requirement already satisfied: filelock in /usr/lib/python3.9/site-packages (from huggingface-hub>=0.18.0->datasets) (3.7.1)
Requirement already satisfied: pyparsing>=2.0.2 in /usr/lib/python3.9/site-packages (from packaging->datasets) (2.4.7)
Requirement already satisfied: idna<3,>=2.5 in /usr/lib/python3.9/site-packages (from requests>=2.19.0->datasets) (2.10)
Requirement already satisfied: chardet<5,>=3.0.2 in /usr/lib/python3.9/site-packages (from requests>=2.19.0->datasets) (4.0.0)
Requirement already satisfied: urllib3<1.27,>=1.21.1 in /usr/lib/python3.9/site-packages (from requests>=2.19.0->datasets) (1.26.5)
Requirement already satisfied: pytz>=2020.1 in /zhome/4e/b/208805/.local/lib/python3.9/site-packages (from pandas->datasets) (2023.3.post1)
Requirement already satisfied: tzdata>=2022.1 in /zhome/4e/b/208805/.local/lib/python3.9/site-packages (from pandas->datasets) (2023.3)
Requirement already satisfied: python-dateutil>=2.8.2 in /zhome/4e/b/208805/.local/lib/python3.9/site-packages (from pandas->datasets) (2.8.2)
Requirement already satisfied: six>=1.5 in /usr/lib/python3.9/site-packages (from python-dateutil>=2.8.2->pandas->datasets) (1.15.0)
Defaulting to user installation because normal site-packages is not writeable
Requirement already satisfied: sentencepiece in /zhome/4e/b/208805/.local/lib/python3.9/site-packages (0.1.99)
Defaulting to user installation because normal site-packages is not writeable
Requirement already satisfied: protobuf==3.20.3 in /zhome/4e/b/208805/.local/lib/python3.9/site-packages (3.20.3)
Defaulting to user installation because normal site-packages is not writeable
Requirement already satisfied: peft in /zhome/4e/b/208805/.local/lib/python3.9/site-packages (0.7.0)
Requirement already satisfied: packaging>=20.0 in /usr/lib/python3.9/site-packages (from peft) (20.9)
Requirement already satisfied: transformers in ./LMOps/minillm/transformers/src (from peft) (4.36.0.dev0)
Requirement already satisfied: torch>=1.13.0 in /zhome/4e/b/208805/.local/lib/python3.9/site-packages (from peft) (2.1.1)
Requirement already satisfied: accelerate>=0.21.0 in /zhome/4e/b/208805/.local/lib/python3.9/site-packages (from peft) (0.25.0)
Requirement already satisfied: huggingface-hub>=0.17.0 in /zhome/4e/b/208805/.local/lib/python3.9/site-packages (from peft) (0.19.4)
Requirement already satisfied: tqdm in /zhome/4e/b/208805/.local/lib/python3.9/site-packages (from peft) (4.66.1)
Requirement already satisfied: numpy>=1.17 in /zhome/4e/b/208805/.local/lib/python3.9/site-packages (from peft) (1.26.2)
Requirement already satisfied: pyyaml in /usr/lib64/python3.9/site-packages (from peft) (5.4.1)
Requirement already satisfied: safetensors in /zhome/4e/b/208805/.local/lib/python3.9/site-packages (from peft) (0.4.1)
Requirement already satisfied: psutil in /zhome/4e/b/208805/.local/lib/python3.9/site-packages (from peft) (5.9.6)
Requirement already satisfied: filelock in /usr/lib/python3.9/site-packages (from huggingface-hub>=0.17.0->peft) (3.7.1)
Requirement already satisfied: typing-extensions>=3.7.4.3 in /zhome/4e/b/208805/.local/lib/python3.9/site-packages (from huggingface-hub>=0.17.0->peft) (4.9.0)
Requirement already satisfied: fsspec>=2023.5.0 in /zhome/4e/b/208805/.local/lib/python3.9/site-packages (from huggingface-hub>=0.17.0->peft) (2023.10.0)
Requirement already satisfied: requests in /usr/lib/python3.9/site-packages (from huggingface-hub>=0.17.0->peft) (2.25.1)
Requirement already satisfied: pyparsing>=2.0.2 in /usr/lib/python3.9/site-packages (from packaging>=20.0->peft) (2.4.7)
Requirement already satisfied: nvidia-cuda-cupti-cu12==12.1.105 in /zhome/4e/b/208805/.local/lib/python3.9/site-packages (from torch>=1.13.0->peft) (12.1.105)
Requirement already satisfied: networkx in /zhome/4e/b/208805/.local/lib/python3.9/site-packages (from torch>=1.13.0->peft) (3.2.1)
Requirement already satisfied: nvidia-cudnn-cu12==8.9.2.26 in /zhome/4e/b/208805/.local/lib/python3.9/site-packages (from torch>=1.13.0->peft) (8.9.2.26)
Requirement already satisfied: triton==2.1.0 in /zhome/4e/b/208805/.local/lib/python3.9/site-packages (from torch>=1.13.0->peft) (2.1.0)
Requirement already satisfied: nvidia-cublas-cu12==12.1.3.1 in /zhome/4e/b/208805/.local/lib/python3.9/site-packages (from torch>=1.13.0->peft) (12.1.3.1)
Requirement already satisfied: nvidia-curand-cu12==10.3.2.106 in /zhome/4e/b/208805/.local/lib/python3.9/site-packages (from torch>=1.13.0->peft) (10.3.2.106)
Requirement already satisfied: nvidia-cusolver-cu12==11.4.5.107 in /zhome/4e/b/208805/.local/lib/python3.9/site-packages (from torch>=1.13.0->peft) (11.4.5.107)
Requirement already satisfied: sympy in /zhome/4e/b/208805/.local/lib/python3.9/site-packages (from torch>=1.13.0->peft) (1.12)
Requirement already satisfied: nvidia-cuda-runtime-cu12==12.1.105 in /zhome/4e/b/208805/.local/lib/python3.9/site-packages (from torch>=1.13.0->peft) (12.1.105)
Requirement already satisfied: nvidia-cufft-cu12==11.0.2.54 in /zhome/4e/b/208805/.local/lib/python3.9/site-packages (from torch>=1.13.0->peft) (11.0.2.54)
Requirement already satisfied: nvidia-nccl-cu12==2.18.1 in /zhome/4e/b/208805/.local/lib/python3.9/site-packages (from torch>=1.13.0->peft) (2.18.1)
Requirement already satisfied: jinja2 in /zhome/4e/b/208805/.local/lib/python3.9/site-packages (from torch>=1.13.0->peft) (3.1.2)
Requirement already satisfied: nvidia-nvtx-cu12==12.1.105 in /zhome/4e/b/208805/.local/lib/python3.9/site-packages (from torch>=1.13.0->peft) (12.1.105)
Requirement already satisfied: nvidia-cusparse-cu12==12.1.0.106 in /zhome/4e/b/208805/.local/lib/python3.9/site-packages (from torch>=1.13.0->peft) (12.1.0.106)
Requirement already satisfied: nvidia-cuda-nvrtc-cu12==12.1.105 in /zhome/4e/b/208805/.local/lib/python3.9/site-packages (from torch>=1.13.0->peft) (12.1.105)
Requirement already satisfied: nvidia-nvjitlink-cu12 in /zhome/4e/b/208805/.local/lib/python3.9/site-packages (from nvidia-cusolver-cu12==11.4.5.107->torch>=1.13.0->peft) (12.3.101)
Requirement already satisfied: MarkupSafe>=2.0 in /zhome/4e/b/208805/.local/lib/python3.9/site-packages (from jinja2->torch>=1.13.0->peft) (2.1.3)
Requirement already satisfied: urllib3<1.27,>=1.21.1 in /usr/lib/python3.9/site-packages (from requests->huggingface-hub>=0.17.0->peft) (1.26.5)
Requirement already satisfied: chardet<5,>=3.0.2 in /usr/lib/python3.9/site-packages (from requests->huggingface-hub>=0.17.0->peft) (4.0.0)
Requirement already satisfied: idna<3,>=2.5 in /usr/lib/python3.9/site-packages (from requests->huggingface-hub>=0.17.0->peft) (2.10)
Requirement already satisfied: mpmath>=0.19 in /zhome/4e/b/208805/.local/lib/python3.9/site-packages (from sympy->torch>=1.13.0->peft) (1.3.0)
Requirement already satisfied: regex!=2019.12.17 in /zhome/4e/b/208805/.local/lib/python3.9/site-packages (from transformers->peft) (2023.10.3)
Requirement already satisfied: tokenizers<0.19,>=0.14 in /zhome/4e/b/208805/.local/lib/python3.9/site-packages (from transformers->peft) (0.15.0)
