Wed Dec 13 11:35:22 2023       
+---------------------------------------------------------------------------------------+
| NVIDIA-SMI 535.104.12             Driver Version: 535.104.12   CUDA Version: 12.2     |
|-----------------------------------------+----------------------+----------------------+
| GPU  Name                 Persistence-M | Bus-Id        Disp.A | Volatile Uncorr. ECC |
| Fan  Temp   Perf          Pwr:Usage/Cap |         Memory-Usage | GPU-Util  Compute M. |
|                                         |                      |               MIG M. |
|=========================================+======================+======================|
|   0  NVIDIA H100 PCIe               On  | 00000000:41:00.0 Off |                    0 |
| N/A   26C    P0              46W / 350W |      4MiB / 81559MiB |      0%   E. Process |
|                                         |                      |             Disabled |
+-----------------------------------------+----------------------+----------------------+
                                                                                         
+---------------------------------------------------------------------------------------+
| Processes:                                                                            |
|  GPU   GI   CI        PID   Type   Process name                            GPU Memory |
|        ID   ID                                                             Usage      |
|=======================================================================================|
|  No running processes found                                                           |
+---------------------------------------------------------------------------------------+
[2023-12-13 11:35:34,646] [INFO] [real_accelerator.py:158:get_accelerator] Setting ds_accelerator to cuda (auto detect)
OK
########## valid ##########
Data num 968
Prompt lengths. Mean: 62.52376033057851 Max: 127 Min: 39
Response Mean: 213.7706611570248 Max: 2316 Min: 2
########## train ##########
Data num 36562
Prompt lengths. Mean: 62.52215414911657 Max: 128 Min: 36
Response Mean: 212.3828018160932 Max: 11075 Min: 2
[2023-12-13 11:35:45,936] [INFO] [real_accelerator.py:158:get_accelerator] Setting ds_accelerator to cuda (auto detect)
OK
########## valid ##########
Data num 968
Prompt lengths. Mean: 62.52376033057851 Max: 127 Min: 39
Response Mean: 213.7706611570248 Max: 2316 Min: 2
########## train ##########
Data num 36562
Prompt lengths. Mean: 62.52215414911657 Max: 128 Min: 36
Response Mean: 212.3828018160932 Max: 11075 Min: 2
