Mon Dec 18 13:38:13 2023       
+---------------------------------------------------------------------------------------+
| NVIDIA-SMI 535.104.12             Driver Version: 535.104.12   CUDA Version: 12.2     |
|-----------------------------------------+----------------------+----------------------+
| GPU  Name                 Persistence-M | Bus-Id        Disp.A | Volatile Uncorr. ECC |
| Fan  Temp   Perf          Pwr:Usage/Cap |         Memory-Usage | GPU-Util  Compute M. |
|                                         |                      |               MIG M. |
|=========================================+======================+======================|
|   0  NVIDIA H100 PCIe               On  | 00000000:A1:00.0 Off |                    0 |
| N/A   25C    P0              45W / 350W |      4MiB / 81559MiB |      0%   E. Process |
|                                         |                      |             Disabled |
+-----------------------------------------+----------------------+----------------------+
                                                                                         
+---------------------------------------------------------------------------------------+
| Processes:                                                                            |
|  GPU   GI   CI        PID   Type   Process name                            GPU Memory |
|        ID   ID                                                             Usage      |
|=======================================================================================|
|  No running processes found                                                           |
+---------------------------------------------------------------------------------------+
[2023-12-18 13:38:16,974] [INFO] [real_accelerator.py:158:get_accelerator] Setting ds_accelerator to cuda (auto detect)
OK
########## valid ##########
Data num 929
Prompt lengths. Mean: 61.13885898815931 Max: 128 Min: 36
Response Mean: 262.8611410118407 Max: 2762 Min: 3
########## train ##########
Data num 2360
Prompt lengths. Mean: 60.172881355932205 Max: 128 Min: 36
Response Mean: 266.2555084745763 Max: 5214 Min: 2
[2023-12-18 13:38:22,793] [INFO] [real_accelerator.py:158:get_accelerator] Setting ds_accelerator to cuda (auto detect)
OK
########## valid ##########
Data num 929
Prompt lengths. Mean: 61.13885898815931 Max: 128 Min: 36
Response Mean: 262.8611410118407 Max: 2762 Min: 3
########## train ##########
Data num 2360
Prompt lengths. Mean: 60.172881355932205 Max: 128 Min: 36
Response Mean: 266.2555084745763 Max: 5214 Min: 2
