Mon Dec 18 13:38:17 2023       
+---------------------------------------------------------------------------------------+
| NVIDIA-SMI 535.104.12             Driver Version: 535.104.12   CUDA Version: 12.2     |
|-----------------------------------------+----------------------+----------------------+
| GPU  Name                 Persistence-M | Bus-Id        Disp.A | Volatile Uncorr. ECC |
| Fan  Temp   Perf          Pwr:Usage/Cap |         Memory-Usage | GPU-Util  Compute M. |
|                                         |                      |               MIG M. |
|=========================================+======================+======================|
|   0  NVIDIA H100 PCIe               On  | 00000000:41:00.0 Off |                    0 |
| N/A   25C    P0              46W / 350W |      4MiB / 81559MiB |      0%   E. Process |
|                                         |                      |             Disabled |
+-----------------------------------------+----------------------+----------------------+
                                                                                         
+---------------------------------------------------------------------------------------+
| Processes:                                                                            |
|  GPU   GI   CI        PID   Type   Process name                            GPU Memory |
|        ID   ID                                                             Usage      |
|=======================================================================================|
|  No running processes found                                                           |
+---------------------------------------------------------------------------------------+
[2023-12-18 13:38:20,954] [INFO] [real_accelerator.py:158:get_accelerator] Setting ds_accelerator to cuda (auto detect)
OK
########## valid ##########
Data num 958
Prompt lengths. Mean: 67.35386221294364 Max: 128 Min: 37
Response Mean: 284.00208768267225 Max: 1765 Min: 3
########## train ##########
Data num 5859
Prompt lengths. Mean: 65.02287079706434 Max: 128 Min: 36
Response Mean: 281.53336746885134 Max: 5214 Min: 2
[2023-12-18 13:38:26,821] [INFO] [real_accelerator.py:158:get_accelerator] Setting ds_accelerator to cuda (auto detect)
OK
########## valid ##########
Data num 958
Prompt lengths. Mean: 67.35386221294364 Max: 128 Min: 37
Response Mean: 284.00208768267225 Max: 1765 Min: 3
########## train ##########
Data num 5859
Prompt lengths. Mean: 65.02287079706434 Max: 128 Min: 36
Response Mean: 281.53336746885134 Max: 5214 Min: 2
