Loaded module: cuda/12.1
/usr/lib64/python3.9/site-packages/scipy/__init__.py:138: UserWarning: A NumPy version >=1.16.5 and <1.23.0 is required for this version of SciPy (detected version 1.26.2)
  warnings.warn(f"A NumPy version >={np_minversion} and <{np_maxversion} is required for this version of "
Processed 0 documents. 1 instances. (0.0 docs/s, 6.586134704566579e-06 MB/s).
Processed 0 documents. 1 instances. (0.0 docs/s, 7.159983567837712e-06 MB/s).
Processed 1000 documents. 962 instances. (1641.9417195998556 docs/s, 0.006269774098661253 MB/s).
Processed 2000 documents. 1927 instances. (2327.669230764962 docs/s, 0.008883793126603486 MB/s).
Processed 3000 documents. 2886 instances. (3069.2132802272545 docs/s, 0.011712022214205413 MB/s).
Processed 4000 documents. 3838 instances. (3354.305419601671 docs/s, 0.012798858627153669 MB/s).
Processed 5000 documents. 4797 instances. (3635.9399705955784 docs/s, 0.013872784265860357 MB/s).
Processed 6000 documents. 5781 instances. (4229.804040343261 docs/s, 0.016138111143811487 MB/s).
Processed 7000 documents. 6766 instances. (4873.3398598622125 docs/s, 0.018592971997340255 MB/s).
Processed 8000 documents. 7752 instances. (5504.241150701964 docs/s, 0.020999638293631752 MB/s).
Processed 9000 documents. 8732 instances. (6115.781204206049 docs/s, 0.023332446042827457 MB/s).
Processed 10000 documents. 9714 instances. (6715.917428063711 docs/s, 0.02562175376818282 MB/s).
Processed 11000 documents. 10694 instances. (7302.844917835891 docs/s, 0.02786067509776467 MB/s).
Processed 12000 documents. 11659 instances. (7873.966839685934 docs/s, 0.030039302839619603 MB/s).
Processed 13000 documents. 12635 instances. (8432.240303131619 docs/s, 0.032168918369297375 MB/s).
Processed 14000 documents. 13619 instances. (8974.274266808658 docs/s, 0.03423658480224283 MB/s).
Processed 15000 documents. 14571 instances. (9508.592100385076 docs/s, 0.03627481844530145 MB/s).
Processed 16000 documents. 15531 instances. (10034.6041953759 docs/s, 0.03828136962180371 MB/s).
Processed 17000 documents. 16490 instances. (10552.173517973859 docs/s, 0.040255715309383974 MB/s).
Processed 18000 documents. 17456 instances. (11060.934752071467 docs/s, 0.042196461671625454 MB/s).
Processed 19000 documents. 18450 instances. (11553.263285594247 docs/s, 0.0440745214541739 MB/s).
Processed 20000 documents. 19433 instances. (12036.70268184643 docs/s, 0.04591867262642106 MB/s).
Processed 22000 documents. 21373 instances. (12971.701001667525 docs/s, 0.04948536157394534 MB/s).
Processed 23000 documents. 22336 instances. (13421.991286675553 docs/s, 0.05120305958371774 MB/s).
Processed 0 documents. 1 instances. (0.0 docs/s, 6.840834308152222e-06 MB/s).
Processed 0 documents. 1 instances. (0.0 docs/s, 7.378644358565223e-06 MB/s).
Processed 1000 documents. 971 instances. (1245.104177149393 docs/s, 0.0047544451954900455 MB/s).
Processed 2000 documents. 1923 instances. (2211.070206406947 docs/s, 0.008438780752220728 MB/s).
Processed 3000 documents. 2885 instances. (2855.884302172512 docs/s, 0.010897965483118322 MB/s).
Processed 4000 documents. 3839 instances. (3308.344287387043 docs/s, 0.012623486989818153 MB/s).
Processed 5000 documents. 4797 instances. (3760.1105037358125 docs/s, 0.014346551993700255 MB/s).
Processed 6000 documents. 5789 instances. (3968.582284002414 docs/s, 0.015141463143856358 MB/s).
Processed 7000 documents. 6769 instances. (4545.877630028797 docs/s, 0.017343624271846013 MB/s).
Processed 8000 documents. 7751 instances. (5106.546382166369 docs/s, 0.019482363511902388 MB/s).
Processed 9000 documents. 8732 instances. (5643.313876827822 docs/s, 0.0215299259632226 MB/s).
Processed 10000 documents. 9714 instances. (6165.651431624001 docs/s, 0.023522445666378643 MB/s).
Processed 11000 documents. 10694 instances. (6672.055522101769 docs/s, 0.025454185762801278 MB/s).
Processed 12000 documents. 11655 instances. (7162.798839246185 docs/s, 0.027326186138723202 MB/s).
Processed 13000 documents. 12637 instances. (7632.357607749441 docs/s, 0.029117373322222924 MB/s).
Processed 14000 documents. 13620 instances. (8082.5718102817245 docs/s, 0.030834766909941108 MB/s).
Processed 15000 documents. 14573 instances. (8518.292760531062 docs/s, 0.0324968744152645 MB/s).
Processed 16000 documents. 15524 instances. (8958.567758275034 docs/s, 0.034176359820403776 MB/s).
Processed 17000 documents. 16492 instances. (9388.089400659665 docs/s, 0.03581482559666689 MB/s).
Processed 18000 documents. 17456 instances. (9805.587267843324 docs/s, 0.03740742501331916 MB/s).
Processed 19000 documents. 18450 instances. (10207.576673600508 docs/s, 0.038940864236747995 MB/s).
Processed 20000 documents. 19433 instances. (10596.418397323247 docs/s, 0.04042414939210172 MB/s).
Processed 21000 documents. 20405 instances. (10974.15565217012 docs/s, 0.04186507503895073 MB/s).
Processed 23000 documents. 22336 instances. (11694.651365549988 docs/s, 0.04461349421940932 MB/s).
