Loaded module: cuda/12.1
/usr/lib64/python3.9/site-packages/scipy/__init__.py:138: UserWarning: A NumPy version >=1.16.5 and <1.23.0 is required for this version of SciPy (detected version 1.26.2)
  warnings.warn(f"A NumPy version >={np_minversion} and <{np_maxversion} is required for this version of "
Processed 0 documents. 1 instances. (0.0 docs/s, 6.438419335860949e-06 MB/s).
Processed 0 documents. 1 instances. (0.0 docs/s, 6.794981396614995e-06 MB/s).
Processed 1000 documents. 989 instances. (1208.6756681598713 docs/s, 0.004615342498123288 MB/s).
Processed 2000 documents. 1965 instances. (2127.1118384668457 docs/s, 0.008118344857734983 MB/s).
Processed 3000 documents. 2943 instances. (2837.6672917261 docs/s, 0.010828449939053887 MB/s).
Processed 4000 documents. 3937 instances. (3554.0657166401515 docs/s, 0.013561074192311522 MB/s).
Processed 5000 documents. 4912 instances. (4055.057384474529 docs/s, 0.015471910079770753 MB/s).
Processed 6000 documents. 5873 instances. (4277.822058968267 docs/s, 0.016321315877195083 MB/s).
Processed 7000 documents. 6856 instances. (4375.452092063522 docs/s, 0.01669340956362954 MB/s).
Processed 8000 documents. 7825 instances. (4825.7497332885005 docs/s, 0.018411075408955237 MB/s).
Processed 9000 documents. 8774 instances. (4868.904829908949 docs/s, 0.018575461652124384 MB/s).
Processed 11000 documents. 10677 instances. (5073.394605375711 docs/s, 0.019355223934429584 MB/s).
Processed 12000 documents. 11640 instances. (5492.834884438162 docs/s, 0.020955248339380384 MB/s).
Processed 13000 documents. 12623 instances. (5904.816773566982 docs/s, 0.022526821099250305 MB/s).
Processed 14000 documents. 13609 instances. (6308.729074895311 docs/s, 0.024067610543825762 MB/s).
Processed 15000 documents. 14585 instances. (6707.254823948121 docs/s, 0.02558785237987411 MB/s).
Processed 16000 documents. 15575 instances. (7097.322103630694 docs/s, 0.027075827355431258 MB/s).
Processed 17000 documents. 16559 instances. (7482.1216717318275 docs/s, 0.028543708025116146 MB/s).
Processed 18000 documents. 17532 instances. (7862.686854417947 docs/s, 0.029995436364571776 MB/s).
Processed 19000 documents. 18517 instances. (8235.513275787645 docs/s, 0.03141764344732205 MB/s).
Processed 20000 documents. 19489 instances. (8604.22382612604 docs/s, 0.0328241502278036 MB/s).
Processed 21000 documents. 20469 instances. (8966.911446943512 docs/s, 0.034207681437403485 MB/s).
Processed 22000 documents. 21451 instances. (9322.580563684882 docs/s, 0.035564439076793165 MB/s).
Processed 23000 documents. 22434 instances. (9672.021308145779 docs/s, 0.03689743740391292 MB/s).
Processed 24000 documents. 23413 instances. (10017.077632695562 docs/s, 0.03821371082660774 MB/s).
Processed 25000 documents. 24389 instances. (10354.951080475888 docs/s, 0.03950258361251491 MB/s).
Processed 26000 documents. 25369 instances. (10688.972789516383 docs/s, 0.040776763549249424 MB/s).
Processed 27000 documents. 26344 instances. (11015.745894563963 docs/s, 0.04202329210339604 MB/s).
Processed 28000 documents. 27306 instances. (11342.082137988615 docs/s, 0.043268154954340686 MB/s).
Processed 29000 documents. 28267 instances. (11659.316434336291 docs/s, 0.04447829620258552 MB/s).
Processed 30000 documents. 29214 instances. (11979.067568297014 docs/s, 0.04569803951472965 MB/s).
Processed 32000 documents. 31140 instances. (12608.351318840654 docs/s, 0.048098546332623934 MB/s).
Processed 33000 documents. 32122 instances. (12916.112476122666 docs/s, 0.04927255200756236 MB/s).
Processed 34000 documents. 33110 instances. (13217.306970086467 docs/s, 0.050421507699619734 MB/s).
Processed 35000 documents. 34088 instances. (13516.247508298 docs/s, 0.051561865565484 MB/s).
Processed 36000 documents. 35051 instances. (13810.82433534097 docs/s, 0.05268557727565874 MB/s).
Processed 38000 documents. 36977 instances. (14388.399406132907 docs/s, 0.05488883227623956 MB/s).
Processed 0 documents. 1 instances. (0.0 docs/s, 7.024253870583391e-06 MB/s).
Processed 0 documents. 1 instances. (0.0 docs/s, 7.144965545636458e-06 MB/s).
Processed 1000 documents. 992 instances. (1207.7477999937228 docs/s, 0.004611799422430864 MB/s).
Processed 2000 documents. 1965 instances. (2151.5176230582474 docs/s, 0.008211492087821107 MB/s).
Processed 3000 documents. 2946 instances. (2570.31325643788 docs/s, 0.009808235273450315 MB/s).
Processed 4000 documents. 3937 instances. (2862.8336893699066 docs/s, 0.010923574057740209 MB/s).
Processed 6000 documents. 5873 instances. (3349.075936828901 docs/s, 0.012777840103728125 MB/s).
Processed 7000 documents. 6859 instances. (3262.086026033244 docs/s, 0.012445648339548787 MB/s).
Processed 8000 documents. 7827 instances. (3627.933670021657 docs/s, 0.013841198584481847 MB/s).
Processed 9000 documents. 8781 instances. (4029.529380042284 docs/s, 0.01537314264499266 MB/s).
Processed 10000 documents. 9732 instances. (4422.7104589415785 docs/s, 0.01687298862452497 MB/s).
Processed 11000 documents. 10671 instances. (4809.950561203628 docs/s, 0.01835017329954706 MB/s).
Processed 12000 documents. 11640 instances. (5193.556362429642 docs/s, 0.01981349624173423 MB/s).
Processed 13000 documents. 12623 instances. (5566.325812365674 docs/s, 0.021235481228921195 MB/s).
Processed 14000 documents. 13609 instances. (5928.601054139442 docs/s, 0.022617433645795094 MB/s).
Processed 15000 documents. 14586 instances. (6282.081250150401 docs/s, 0.02396583578326064 MB/s).
Processed 16000 documents. 15573 instances. (6624.804354695522 docs/s, 0.025273202533598674 MB/s).
Processed 17000 documents. 16555 instances. (6960.515715179761 docs/s, 0.026553822163698785 MB/s).
Processed 18000 documents. 17529 instances. (7291.067419039884 docs/s, 0.027814760125507133 MB/s).
Processed 19000 documents. 18517 instances. (7613.6469358596305 docs/s, 0.02904528676650777 MB/s).
Processed 20000 documents. 19480 instances. (7929.49574690143 docs/s, 0.030250138174777126 MB/s).
Processed 21000 documents. 20470 instances. (8239.688577051838 docs/s, 0.031433414242456645 MB/s).
Processed 22000 documents. 21443 instances. (8543.084045714611 docs/s, 0.0325907606800716 MB/s).
Processed 23000 documents. 22434 instances. (8838.21490929993 docs/s, 0.03371658012204505 MB/s).
Processed 24000 documents. 23410 instances. (9127.248041663715 docs/s, 0.03481913888422185 MB/s).
Processed 25000 documents. 24386 instances. (9402.047139532497 docs/s, 0.035867398152992544 MB/s).
Processed 26000 documents. 25365 instances. (9677.417419703906 docs/s, 0.036917837631478136 MB/s).
Processed 27000 documents. 26337 instances. (9945.09753503492 docs/s, 0.037938941467211384 MB/s).
Processed 28000 documents. 27305 instances. (10209.476080729271 docs/s, 0.03894745141935353 MB/s).
Processed 29000 documents. 28264 instances. (10459.663140464541 docs/s, 0.03990182425881907 MB/s).
Processed 30000 documents. 29211 instances. (10713.319841193485 docs/s, 0.04086943417303031 MB/s).
Processed 31000 documents. 30179 instances. (10975.758579513233 docs/s, 0.04187054686066286 MB/s).
Processed 33000 documents. 32119 instances. (11485.310950209032 docs/s, 0.04381431194280547 MB/s).
Processed 34000 documents. 33107 instances. (11723.90429115294 docs/s, 0.04472446102854685 MB/s).
Processed 35000 documents. 34088 instances. (11961.456899098706 docs/s, 0.045630640621223864 MB/s).
Processed 36000 documents. 35055 instances. (12195.830566294797 docs/s, 0.04652469382997926 MB/s).
Processed 38000 documents. 36977 instances. (12651.301607198619 docs/s, 0.04826215567088425 MB/s).
