Mon Dec 18 13:36:32 2023       
+---------------------------------------------------------------------------------------+
| NVIDIA-SMI 535.104.12             Driver Version: 535.104.12   CUDA Version: 12.2     |
|-----------------------------------------+----------------------+----------------------+
| GPU  Name                 Persistence-M | Bus-Id        Disp.A | Volatile Uncorr. ECC |
| Fan  Temp   Perf          Pwr:Usage/Cap |         Memory-Usage | GPU-Util  Compute M. |
|                                         |                      |               MIG M. |
|=========================================+======================+======================|
|   0  NVIDIA H100 PCIe               On  | 00000000:41:00.0 Off |                    0 |
| N/A   25C    P0              45W / 350W |      4MiB / 81559MiB |      0%   E. Process |
|                                         |                      |             Disabled |
+-----------------------------------------+----------------------+----------------------+
                                                                                         
+---------------------------------------------------------------------------------------+
| Processes:                                                                            |
|  GPU   GI   CI        PID   Type   Process name                            GPU Memory |
|        ID   ID                                                             Usage      |
|=======================================================================================|
|  No running processes found                                                           |
+---------------------------------------------------------------------------------------+
9846
[2023-12-18 13:36:39,052] [INFO] [real_accelerator.py:158:get_accelerator] Setting ds_accelerator to cuda (auto detect)
OK
########## valid ##########
Data num 985
Prompt lengths. Mean: 50.179695431472084 Max: 123 Min: 28
Response Mean: 215.5522842639594 Max: 1219 Min: 2
########## train ##########
Data num 6009
Prompt lengths. Mean: 50.43784323514728 Max: 128 Min: 28
Response Mean: 222.5548344150441 Max: 4295 Min: 2
[2023-12-18 13:36:45,948] [INFO] [real_accelerator.py:158:get_accelerator] Setting ds_accelerator to cuda (auto detect)
OK
########## valid ##########
Data num 985
Prompt lengths. Mean: 50.179695431472084 Max: 123 Min: 28
Response Mean: 215.5522842639594 Max: 1219 Min: 2
########## train ##########
Data num 6009
Prompt lengths. Mean: 50.43784323514728 Max: 128 Min: 28
Response Mean: 222.5548344150441 Max: 4295 Min: 2
