Loaded module: cuda/12.1
/usr/lib64/python3.9/site-packages/scipy/__init__.py:138: UserWarning: A NumPy version >=1.16.5 and <1.23.0 is required for this version of SciPy (detected version 1.26.2)
  warnings.warn(f"A NumPy version >={np_minversion} and <{np_maxversion} is required for this version of "
Processed 0 documents. 1 instances. (0.0 docs/s, 5.322987220505743e-06 MB/s).
Processed 0 documents. 1 instances. (0.0 docs/s, 7.331102845292653e-06 MB/s).
Processed 1000 documents. 968 instances. (1535.5589391865349 docs/s, 0.005863550179007421 MB/s).
Processed 2000 documents. 1921 instances. (2269.3705604327615 docs/s, 0.008661290152408515 MB/s).
Processed 3000 documents. 2882 instances. (3123.5104700267 docs/s, 0.011919218598111632 MB/s).
Processed 4000 documents. 3822 instances. (3531.1400150445634 docs/s, 0.013473597717469499 MB/s).
Processed 5000 documents. 4788 instances. (3991.4261928969563 docs/s, 0.01522912780050482 MB/s).
Processed 6000 documents. 5768 instances. (4032.3164398719828 docs/s, 0.015384630175063939 MB/s).
Processed 7000 documents. 6757 instances. (4512.370696399003 docs/s, 0.01721578720391923 MB/s).
Processed 8000 documents. 7736 instances. (5015.699382395591 docs/s, 0.019135766391061366 MB/s).
Processed 9000 documents. 8720 instances. (5572.563704286102 docs/s, 0.02126000548565301 MB/s).
Processed 10000 documents. 9702 instances. (6124.726550196265 docs/s, 0.023366314021496904 MB/s).
Processed 11000 documents. 10679 instances. (6663.9277608289285 docs/s, 0.02542317799546642 MB/s).
Processed 12000 documents. 11643 instances. (7193.411833711143 docs/s, 0.027442975176610127 MB/s).
Processed 13000 documents. 12623 instances. (7707.683928420226 docs/s, 0.029404742535339166 MB/s).
Processed 14000 documents. 13596 instances. (8212.231556508983 docs/s, 0.03132941491881296 MB/s).
Processed 15000 documents. 14556 instances. (8708.018104056804 docs/s, 0.033220667414081854 MB/s).
Processed 16000 documents. 15503 instances. (9198.238064189738 docs/s, 0.035090686622881895 MB/s).
Processed 17000 documents. 16473 instances. (9678.852565318153 docs/s, 0.036924064291331105 MB/s).
Processed 18000 documents. 17444 instances. (10150.482513628656 docs/s, 0.038723169057174135 MB/s).
Processed 19000 documents. 18430 instances. (10611.267559498803 docs/s, 0.0404809038057903 MB/s).
Processed 20000 documents. 19413 instances. (11064.432590596336 docs/s, 0.04220957112207743 MB/s).
Processed 22000 documents. 21355 instances. (11935.151198925723 docs/s, 0.045531058142846685 MB/s).
Processed 23000 documents. 22309 instances. (12360.548948900314 docs/s, 0.04715380235317995 MB/s).
Processed 0 documents. 1 instances. (0.0 docs/s, 7.219135039335262e-06 MB/s).
Processed 0 documents. 1 instances. (0.0 docs/s, 7.3500768083026464e-06 MB/s).
Processed 1000 documents. 968 instances. (1504.9367965181573 docs/s, 0.005746619160898878 MB/s).
Processed 2000 documents. 1924 instances. (1950.7179437927923 docs/s, 0.007445119105395083 MB/s).
Processed 3000 documents. 2874 instances. (2548.3594226567607 docs/s, 0.009724460128012261 MB/s).
Processed 5000 documents. 4791 instances. (3200.439513482992 docs/s, 0.01221114960245395 MB/s).
Processed 6000 documents. 5780 instances. (3779.485895612711 docs/s, 0.01441999744388064 MB/s).
Processed 7000 documents. 6757 instances. (4338.779147350859 docs/s, 0.016553493396542884 MB/s).
Processed 8000 documents. 7740 instances. (4876.11890694615 docs/s, 0.018603242575872488 MB/s).
Processed 9000 documents. 8720 instances. (5393.857826292529 docs/s, 0.02057822091609491 MB/s).
Processed 10000 documents. 9702 instances. (5896.174680562674 docs/s, 0.02249437064373295 MB/s).
Processed 11000 documents. 10682 instances. (6383.561507370989 docs/s, 0.024353568386628673 MB/s).
Processed 12000 documents. 11643 instances. (6857.851997057474 docs/s, 0.02616280931367453 MB/s).
Processed 13000 documents. 12620 instances. (7309.235240126806 docs/s, 0.027884664493528104 MB/s).
Processed 14000 documents. 13599 instances. (7747.924384704408 docs/s, 0.02955809710645578 MB/s).
Processed 15000 documents. 14563 instances. (8171.028756793599 docs/s, 0.031172079055954177 MB/s).
Processed 16000 documents. 15514 instances. (8595.538057641928 docs/s, 0.032791424861032606 MB/s).
Processed 17000 documents. 16456 instances. (9007.441483602448 docs/s, 0.03436268361321061 MB/s).
Processed 18000 documents. 17439 instances. (9418.9583156592 docs/s, 0.03593247066925499 MB/s).
Processed 19000 documents. 18430 instances. (9806.959672746008 docs/s, 0.03741255122573189 MB/s).
Processed 20000 documents. 19415 instances. (10186.332748847624 docs/s, 0.03885971857255961 MB/s).
Processed 21000 documents. 20387 instances. (10555.275283806603 docs/s, 0.04026709715256872 MB/s).
Processed 22000 documents. 21348 instances. (10907.038151417742 docs/s, 0.04160893984176319 MB/s).
Processed 23000 documents. 22309 instances. (11254.557606798959 docs/s, 0.042934596768915395 MB/s).
