Loaded module: cuda/12.1
/usr/lib64/python3.9/site-packages/scipy/__init__.py:138: UserWarning: A NumPy version >=1.16.5 and <1.23.0 is required for this version of SciPy (detected version 1.26.2)
  warnings.warn(f"A NumPy version >={np_minversion} and <{np_maxversion} is required for this version of "
Processed 0 documents. 1 instances. (0.0 docs/s, 4.480217738582095e-06 MB/s).
Processed 0 documents. 1 instances. (0.0 docs/s, 7.650399685568573e-06 MB/s).
Processed 1000 documents. 978 instances. (1526.6253796723126 docs/s, 0.005829437275131168 MB/s).
Processed 2000 documents. 1969 instances. (2243.6248015439983 docs/s, 0.008563028770236094 MB/s).
Processed 3000 documents. 2957 instances. (3056.587218648932 docs/s, 0.011663841556759445 MB/s).
Processed 4000 documents. 3916 instances. (3927.9350148995986 docs/s, 0.014987628931630415 MB/s).
Processed 5000 documents. 4907 instances. (4774.823182693306 docs/s, 0.018218147839850787 MB/s).
Processed 6000 documents. 5840 instances. (5178.457826942079 docs/s, 0.019757541287409093 MB/s).
Processed 8000 documents. 7736 instances. (5476.290630382234 docs/s, 0.0208930021923486 MB/s).
Processed 9000 documents. 8727 instances. (5990.962310903425 docs/s, 0.022856246846704155 MB/s).
Processed 10000 documents. 9709 instances. (6575.438675701675 docs/s, 0.025085816267277697 MB/s).
Processed 11000 documents. 10691 instances. (7144.377063959638 docs/s, 0.027256113253721747 MB/s).
Processed 12000 documents. 11688 instances. (7700.369507718782 docs/s, 0.029377026386939082 MB/s).
Processed 13000 documents. 12665 instances. (8245.334530177624 docs/s, 0.031455874582977085 MB/s).
Processed 14000 documents. 13644 instances. (8773.367805107775 docs/s, 0.03347013272947964 MB/s).
Processed 15000 documents. 14615 instances. (9290.631717167063 docs/s, 0.03544331013723326 MB/s).
Processed 16000 documents. 15593 instances. (9791.822704748276 docs/s, 0.03735517384974412 MB/s).
Processed 17000 documents. 16537 instances. (10283.90064145324 docs/s, 0.039232275302067146 MB/s).
Processed 18000 documents. 17474 instances. (10776.341042790786 docs/s, 0.04111076251374922 MB/s).
Processed 19000 documents. 18441 instances. (11254.19336106359 docs/s, 0.04293360018550858 MB/s).
Processed 20000 documents. 19423 instances. (11717.055572642854 docs/s, 0.04469925470512957 MB/s).
Processed 21000 documents. 20392 instances. (12171.758685710061 docs/s, 0.04643378560358628 MB/s).
Processed 0 documents. 1 instances. (0.0 docs/s, 6.708558821272673e-06 MB/s).
Processed 0 documents. 1 instances. (0.0 docs/s, 8.11750906116949e-06 MB/s).
Processed 1000 documents. 978 instances. (1635.9282147130818 docs/s, 0.0062468114583122064 MB/s).
Processed 2000 documents. 1966 instances. (2182.948989886767 docs/s, 0.008331453187491266 MB/s).
Processed 3000 documents. 2952 instances. (2584.8142589565273 docs/s, 0.009863570647085238 MB/s).
Processed 4000 documents. 3916 instances. (2843.060087658055 docs/s, 0.010848124895782353 MB/s).
Processed 5000 documents. 4903 instances. (3214.8518148109765 docs/s, 0.012266139164634472 MB/s).
Processed 6000 documents. 5851 instances. (3792.5805898870944 docs/s, 0.014469958063705733 MB/s).
Processed 7000 documents. 6772 instances. (4351.472343001237 docs/s, 0.0166019210125251 MB/s).
Processed 8000 documents. 7736 instances. (4894.267447545634 docs/s, 0.01867248241797095 MB/s).
Processed 9000 documents. 8727 instances. (5410.138954218803 docs/s, 0.02064033539111813 MB/s).
Processed 10000 documents. 9706 instances. (5911.811857327339 docs/s, 0.022554027704288757 MB/s).
Processed 11000 documents. 10691 instances. (6401.42432259486 docs/s, 0.024421715813677025 MB/s).
Processed 12000 documents. 11688 instances. (6874.406533326941 docs/s, 0.026225965120460708 MB/s).
Processed 13000 documents. 12662 instances. (7332.697328483774 docs/s, 0.02797417214250346 MB/s).
Processed 14000 documents. 13644 instances. (7772.39683419162 docs/s, 0.02965145876081109 MB/s).
Processed 15000 documents. 14612 instances. (8198.470172879925 docs/s, 0.031276766729576556 MB/s).
Processed 16000 documents. 15593 instances. (8611.43203314463 docs/s, 0.032852059355341724 MB/s).
Processed 17000 documents. 16546 instances. (9005.93519071336 docs/s, 0.034356937223842365 MB/s).
Processed 18000 documents. 17478 instances. (9412.267375191026 docs/s, 0.03590694533895146 MB/s).
Processed 19000 documents. 18436 instances. (9796.229205757287 docs/s, 0.03737161558825727 MB/s).
Processed 20000 documents. 19423 instances. (10169.429719155936 docs/s, 0.03879523540741689 MB/s).
Processed 21000 documents. 20389 instances. (10530.605335005215 docs/s, 0.040172984284981235 MB/s).
