Mon Dec 18 13:36:30 2023       
+---------------------------------------------------------------------------------------+
| NVIDIA-SMI 535.104.12             Driver Version: 535.104.12   CUDA Version: 12.2     |
|-----------------------------------------+----------------------+----------------------+
| GPU  Name                 Persistence-M | Bus-Id        Disp.A | Volatile Uncorr. ECC |
| Fan  Temp   Perf          Pwr:Usage/Cap |         Memory-Usage | GPU-Util  Compute M. |
|                                         |                      |               MIG M. |
|=========================================+======================+======================|
|   0  NVIDIA H100 PCIe               On  | 00000000:A1:00.0 Off |                    0 |
| N/A   25C    P0              45W / 350W |      4MiB / 81559MiB |      0%   E. Process |
|                                         |                      |             Disabled |
+-----------------------------------------+----------------------+----------------------+
                                                                                         
+---------------------------------------------------------------------------------------+
| Processes:                                                                            |
|  GPU   GI   CI        PID   Type   Process name                            GPU Memory |
|        ID   ID                                                             Usage      |
|=======================================================================================|
|  No running processes found                                                           |
+---------------------------------------------------------------------------------------+
9846
[2023-12-18 13:36:37,851] [INFO] [real_accelerator.py:158:get_accelerator] Setting ds_accelerator to cuda (auto detect)
OK
########## valid ##########
Data num 947
Prompt lengths. Mean: 50.993664202745514 Max: 128 Min: 28
Response Mean: 228.0337909186906 Max: 2343 Min: 2
########## train ##########
Data num 2400
Prompt lengths. Mean: 50.15416666666667 Max: 128 Min: 28
Response Mean: 229.72958333333332 Max: 4295 Min: 2
[2023-12-18 13:36:44,913] [INFO] [real_accelerator.py:158:get_accelerator] Setting ds_accelerator to cuda (auto detect)
OK
########## valid ##########
Data num 947
Prompt lengths. Mean: 50.993664202745514 Max: 128 Min: 28
Response Mean: 228.0337909186906 Max: 2343 Min: 2
########## train ##########
Data num 2400
Prompt lengths. Mean: 50.15416666666667 Max: 128 Min: 28
Response Mean: 229.72958333333332 Max: 4295 Min: 2
