Loaded module: cuda/12.1
/usr/lib64/python3.9/site-packages/scipy/__init__.py:138: UserWarning: A NumPy version >=1.16.5 and <1.23.0 is required for this version of SciPy (detected version 1.26.2)
  warnings.warn(f"A NumPy version >={np_minversion} and <{np_maxversion} is required for this version of "
Processed 0 documents. 1 instances. (0.0 docs/s, 6.916451428139151e-06 MB/s).
Processed 0 documents. 1 instances. (0.0 docs/s, 7.269601344149288e-06 MB/s).
Processed 1000 documents. 998 instances. (1607.7565372185527 docs/s, 0.00613923757078465 MB/s).
Processed 2000 documents. 1963 instances. (2868.753441194475 docs/s, 0.010948897620830811 MB/s).
Processed 3000 documents. 2949 instances. (3932.993302956064 docs/s, 0.015008179858107436 MB/s).
Processed 4000 documents. 3937 instances. (4305.52430381618 docs/s, 0.016428377856796773 MB/s).
Processed 5000 documents. 4915 instances. (5071.43383975479 docs/s, 0.019349853998270952 MB/s).
Processed 6000 documents. 5877 instances. (5423.505325270358 docs/s, 0.020692479106233865 MB/s).
Processed 7000 documents. 6858 instances. (5770.2907577089845 docs/s, 0.022015056934204427 MB/s).
Processed 8000 documents. 7831 instances. (6128.157456224619 docs/s, 0.023379987624765956 MB/s).
Processed 9000 documents. 8786 instances. (6366.04482520195 docs/s, 0.024287232069076008 MB/s).
Processed 10000 documents. 9742 instances. (6692.483676086844 docs/s, 0.02553235215932637 MB/s).
Processed 12000 documents. 11649 instances. (7060.003576876546 docs/s, 0.02693402065470868 MB/s).
Processed 13000 documents. 12632 instances. (7171.703431664297 docs/s, 0.02735998192275635 MB/s).
Processed 14000 documents. 13621 instances. (6650.127792429941 docs/s, 0.025370036321861158 MB/s).
Processed 15000 documents. 14596 instances. (6951.6630905377715 docs/s, 0.02652025808236621 MB/s).
Processed 16000 documents. 15587 instances. (7351.8388234054255 docs/s, 0.028046792271926455 MB/s).
Processed 17000 documents. 16567 instances. (7748.908272977671 docs/s, 0.029561478008695127 MB/s).
Processed 18000 documents. 17543 instances. (8139.331916359365 docs/s, 0.031050812154639548 MB/s).
Processed 19000 documents. 18526 instances. (8522.830012740646 docs/s, 0.03251372750374343 MB/s).
Processed 20000 documents. 19495 instances. (8899.654648830738 docs/s, 0.033951185728314126 MB/s).
Processed 22000 documents. 21458 instances. (9637.026023034738 docs/s, 0.036764007834137524 MB/s).
Processed 23000 documents. 22449 instances. (9995.311779899008 docs/s, 0.038130746302307304 MB/s).
Processed 24000 documents. 23428 instances. (10347.24275464886 docs/s, 0.03947324329286055 MB/s).
Processed 25000 documents. 24398 instances. (10693.531030510405 docs/s, 0.04079421528530741 MB/s).
Processed 26000 documents. 25381 instances. (11033.85396430699 docs/s, 0.042092431424353094 MB/s).
Processed 27000 documents. 26356 instances. (11371.23033602433 docs/s, 0.04337940785485627 MB/s).
Processed 28000 documents. 27324 instances. (11700.444812229303 docs/s, 0.044635248890908474 MB/s).
Processed 29000 documents. 28274 instances. (12024.510722229972 docs/s, 0.045871449892161326 MB/s).
Processed 30000 documents. 29231 instances. (12347.627949423731 docs/s, 0.047104032657707386 MB/s).
Processed 31000 documents. 30186 instances. (12670.398238781117 docs/s, 0.0483352926685522 MB/s).
Processed 32000 documents. 31157 instances. (12991.747264712734 docs/s, 0.049561131503352195 MB/s).
Processed 33000 documents. 32136 instances. (13305.116122226475 docs/s, 0.050756528120283174 MB/s).
Processed 34000 documents. 33124 instances. (13611.479025747747 docs/s, 0.05192519898745022 MB/s).
Processed 35000 documents. 34106 instances. (13915.566436444671 docs/s, 0.053085189911106646 MB/s).
Processed 36000 documents. 35067 instances. (14215.11655985673 docs/s, 0.05422787255937811 MB/s).
Processed 37000 documents. 36034 instances. (14506.00255480368 docs/s, 0.05533750384875024 MB/s).
Processed 38000 documents. 37004 instances. (14798.223138638936 docs/s, 0.05645222688889937 MB/s).
Processed 0 documents. 1 instances. (0.0 docs/s, 6.688443122733767e-06 MB/s).
Processed 0 documents. 1 instances. (0.0 docs/s, 7.319441947447322e-06 MB/s).
Processed 1000 documents. 991 instances. (1566.5855168946655 docs/s, 0.005982025537153473 MB/s).
Processed 2000 documents. 1961 instances. (2244.13258577139 docs/s, 0.008564966781861404 MB/s).
Processed 3000 documents. 2946 instances. (2570.6157140633254 docs/s, 0.009809389442321828 MB/s).
Processed 4000 documents. 3937 instances. (2965.2076413956534 docs/s, 0.011314197324012764 MB/s).
Processed 5000 documents. 4912 instances. (3183.588991257985 docs/s, 0.012146857105469653 MB/s).
Processed 6000 documents. 5877 instances. (3648.0726152149437 docs/s, 0.013918612012166898 MB/s).
Processed 7000 documents. 6861 instances. (3482.399960906198 docs/s, 0.013286199366054149 MB/s).
Processed 8000 documents. 7831 instances. (3912.285893309324 docs/s, 0.014926051822837783 MB/s).
Processed 9000 documents. 8786 instances. (4341.569556976009 docs/s, 0.016563613714574627 MB/s).
Processed 10000 documents. 9734 instances. (4759.997312623587 docs/s, 0.018159764527720834 MB/s).
Processed 11000 documents. 10689 instances. (5174.066677081188 docs/s, 0.01973929232322351 MB/s).
Processed 12000 documents. 11640 instances. (5583.044428840976 docs/s, 0.021299399118588944 MB/s).
Processed 13000 documents. 12632 instances. (5979.8702601924715 docs/s, 0.022813149453020043 MB/s).
Processed 14000 documents. 13621 instances. (6363.458303437022 docs/s, 0.024276400894824912 MB/s).
Processed 15000 documents. 14596 instances. (6737.952485616623 docs/s, 0.02570496247272109 MB/s).
Processed 16000 documents. 15584 instances. (7100.918553381591 docs/s, 0.027089547579922397 MB/s).
Processed 17000 documents. 16567 instances. (7454.887700713672 docs/s, 0.02843981255920256 MB/s).
Processed 18000 documents. 17543 instances. (7804.556607775956 docs/s, 0.029773674752251303 MB/s).
Processed 19000 documents. 18526 instances. (8144.352024386932 docs/s, 0.031069872568105613 MB/s).
Processed 20000 documents. 19497 instances. (8476.929981166775 docs/s, 0.03233853846613248 MB/s).
Processed 21000 documents. 20482 instances. (8802.998683253838 docs/s, 0.033582374090833 MB/s).
Processed 22000 documents. 21458 instances. (9120.2646491812 docs/s, 0.03479263003030873 MB/s).
Processed 23000 documents. 22449 instances. (9431.05442968947 docs/s, 0.03597818174565978 MB/s).
Processed 24000 documents. 23431 instances. (9732.342844148778 docs/s, 0.037127488549934196 MB/s).
Processed 25000 documents. 24398 instances. (10022.635080465365 docs/s, 0.03823484796855386 MB/s).
Processed 26000 documents. 25384 instances. (10306.369707268297 docs/s, 0.039317192482388276 MB/s).
Processed 27000 documents. 26359 instances. (10589.543408482803 docs/s, 0.04039739842908565 MB/s).
Processed 28000 documents. 27324 instances. (10858.675016270836 docs/s, 0.041424037269946465 MB/s).
Processed 29000 documents. 28274 instances. (11121.7160211563 docs/s, 0.04242744265977976 MB/s).
Processed 30000 documents. 29232 instances. (11390.453406220193 docs/s, 0.0434525798339859 MB/s).
Processed 31000 documents. 30179 instances. (11657.216220335487 docs/s, 0.04447018531634675 MB/s).
Processed 32000 documents. 31157 instances. (11926.038825591391 docs/s, 0.04549564939233662 MB/s).
Processed 33000 documents. 32136 instances. (12188.74891343315 docs/s, 0.046497796132891955 MB/s).
Processed 34000 documents. 33127 instances. (12432.853672598572 docs/s, 0.04742896783739248 MB/s).
Processed 35000 documents. 34106 instances. (12682.090659447696 docs/s, 0.048379718799190945 MB/s).
Processed 36000 documents. 35067 instances. (12925.278942851404 docs/s, 0.04930739585257567 MB/s).
Processed 37000 documents. 36037 instances. (13157.364675352599 docs/s, 0.050192719573224194 MB/s).
Processed 38000 documents. 37004 instances. (13391.887745242197 docs/s, 0.05108734193168928 MB/s).
