Loaded module: cuda/12.1
/usr/lib64/python3.9/site-packages/scipy/__init__.py:138: UserWarning: A NumPy version >=1.16.5 and <1.23.0 is required for this version of SciPy (detected version 1.26.2)
  warnings.warn(f"A NumPy version >={np_minversion} and <{np_maxversion} is required for this version of "
Processed 0 documents. 1 instances. (0.0 docs/s, 6.759437124772028e-06 MB/s).
Processed 0 documents. 1 instances. (0.0 docs/s, 7.3340432075988025e-06 MB/s).
Processed 1000 documents. 968 instances. (1592.7466546769965 docs/s, 0.006081922154738135 MB/s).
Processed 2000 documents. 1927 instances. (2945.6998813447963 docs/s, 0.01124257175935924 MB/s).
Processed 3000 documents. 2886 instances. (3147.728381386371 docs/s, 0.012011633393021266 MB/s).
Processed 4000 documents. 3826 instances. (3501.331060499183 docs/s, 0.013359857152039748 MB/s).
Processed 5000 documents. 4798 instances. (3750.7373053808897 docs/s, 0.014310788928382744 MB/s).
Processed 6000 documents. 5787 instances. (4087.538847808199 docs/s, 0.015595322053080878 MB/s).
Processed 7000 documents. 6763 instances. (4672.802292464264 docs/s, 0.017827872603030783 MB/s).
Processed 8000 documents. 7748 instances. (5275.849110834172 docs/s, 0.020128282897846322 MB/s).
Processed 9000 documents. 8732 instances. (5865.369188020822 docs/s, 0.02237709387095787 MB/s).
Processed 10000 documents. 9714 instances. (6443.162186632928 docs/s, 0.02458117104664456 MB/s).
Processed 11000 documents. 10699 instances. (7008.4280667397525 docs/s, 0.02673746183992005 MB/s).
Processed 12000 documents. 11658 instances. (7561.835929007909 docs/s, 0.028848518684394808 MB/s).
Processed 13000 documents. 12638 instances. (8101.952205780198 docs/s, 0.030908872348300743 MB/s).
Processed 14000 documents. 13614 instances. (8627.23358353475 docs/s, 0.03291263509561539 MB/s).
Processed 15000 documents. 14572 instances. (9144.33218946625 docs/s, 0.03488518452305684 MB/s).
Processed 16000 documents. 15533 instances. (9656.483803352041 docs/s, 0.03683886464534664 MB/s).
Processed 17000 documents. 16486 instances. (10157.910452524064 docs/s, 0.03875163260142643 MB/s).
Processed 18000 documents. 17456 instances. (10652.574884112331 docs/s, 0.04063860585719343 MB/s).
Processed 19000 documents. 18450 instances. (11131.532418451365 docs/s, 0.042465661196055035 MB/s).
Processed 20000 documents. 19426 instances. (11603.673898425968 docs/s, 0.0442667163166843 MB/s).
Processed 21000 documents. 20409 instances. (12063.594919177827 docs/s, 0.04602115393096443 MB/s).
Processed 22000 documents. 21370 instances. (12513.425516896741 docs/s, 0.047737099872458236 MB/s).
Processed 23000 documents. 22336 instances. (12949.235165641738 docs/s, 0.0493995596918729 MB/s).
Processed 0 documents. 1 instances. (0.0 docs/s, 6.794779401116637e-06 MB/s).
Processed 0 documents. 1 instances. (0.0 docs/s, 7.190946598232825e-06 MB/s).
Processed 1000 documents. 971 instances. (1245.8179461414372 docs/s, 0.004757170730924906 MB/s).
Processed 3000 documents. 2878 instances. (2606.2083411263297 docs/s, 0.009945209797821193 MB/s).
Processed 4000 documents. 3843 instances. (2955.021269820246 docs/s, 0.011275329685736468 MB/s).
Processed 5000 documents. 4797 instances. (3293.9899956036197 docs/s, 0.012568087744151078 MB/s).
Processed 6000 documents. 5789 instances. (3876.7843754298947 docs/s, 0.014791223549496205 MB/s).
Processed 7000 documents. 6769 instances. (4448.444929825178 docs/s, 0.016971894920188944 MB/s).
Processed 8000 documents. 7752 instances. (4999.580865473313 docs/s, 0.019074271442724215 MB/s).
Processed 9000 documents. 8732 instances. (5526.617299755167 docs/s, 0.02108471438729869 MB/s).
Processed 10000 documents. 9708 instances. (6042.157778491016 docs/s, 0.023051307656360112 MB/s).
Processed 11000 documents. 10694 instances. (6539.3073406178855 docs/s, 0.024947745602048477 MB/s).
Processed 13000 documents. 12635 instances. (7483.695641730966 docs/s, 0.028550229303842482 MB/s).
Processed 14000 documents. 13620 instances. (7928.003457415318 docs/s, 0.030245093320375678 MB/s).
Processed 15000 documents. 14573 instances. (8360.478890091657 docs/s, 0.031894822141078936 MB/s).
Processed 16000 documents. 15533 instances. (8788.533513219103 docs/s, 0.03352769011140319 MB/s).
Processed 17000 documents. 16475 instances. (9213.996744360167 docs/s, 0.0351506757513758 MB/s).
Processed 18000 documents. 17456 instances. (9633.306069951628 docs/s, 0.036750187887657854 MB/s).
Processed 19000 documents. 18450 instances. (10027.157401346873 docs/s, 0.03825258310879997 MB/s).
Processed 20000 documents. 19436 instances. (10413.180134462795 docs/s, 0.03972511594188506 MB/s).
Processed 21000 documents. 20402 instances. (10787.080396587584 docs/s, 0.0411514055903727 MB/s).
Processed 22000 documents. 21366 instances. (11150.193707704795 docs/s, 0.04253654683949092 MB/s).
Processed 23000 documents. 22338 instances. (11501.75914251564 docs/s, 0.04387763679122962 MB/s).
