Loaded module: cuda/12.1
/usr/lib64/python3.9/site-packages/scipy/__init__.py:138: UserWarning: A NumPy version >=1.16.5 and <1.23.0 is required for this version of SciPy (detected version 1.26.2)
  warnings.warn(f"A NumPy version >={np_minversion} and <{np_maxversion} is required for this version of "
Processed 0 documents. 1 instances. (0.0 docs/s, 7.743695301077293e-06 MB/s).
Processed 1000 documents. 989 instances. (1616.7936995101786 docs/s, 0.006173746083105808 MB/s).
Processed 2000 documents. 1963 instances. (2885.3642697544383 docs/s, 0.011012294585759414 MB/s).
Processed 3000 documents. 2946 instances. (3371.327998508171 docs/s, 0.012864882562666602 MB/s).
Processed 4000 documents. 3937 instances. (4042.5993938468077 docs/s, 0.01542514817693813 MB/s).
Processed 6000 documents. 5879 instances. (5092.948889838255 docs/s, 0.019431296213734545 MB/s).
Processed 7000 documents. 6858 instances. (5369.466122675307 docs/s, 0.020485813862854998 MB/s).
Processed 8000 documents. 7831 instances. (5840.185928351167 docs/s, 0.022281326109284252 MB/s).
Processed 9000 documents. 8788 instances. (5859.2967335694 docs/s, 0.022353926721724687 MB/s).
Processed 10000 documents. 9728 instances. (6218.183413923689 docs/s, 0.023722859314976048 MB/s).
Processed 11000 documents. 10680 instances. (6639.683878742664 docs/s, 0.02533068651721193 MB/s).
Processed 12000 documents. 11649 instances. (6817.2426571774695 docs/s, 0.026007884066513956 MB/s).
Processed 13000 documents. 12635 instances. (6967.1328292467015 docs/s, 0.026579546976246867 MB/s).
Processed 14000 documents. 13624 instances. (6636.923012932902 docs/s, 0.025319660487603746 MB/s).
Processed 15000 documents. 14597 instances. (7053.256353664619 docs/s, 0.026907831461924984 MB/s).
Processed 16000 documents. 15584 instances. (7461.434316307685 docs/s, 0.02846489202862722 MB/s).
Processed 17000 documents. 16567 instances. (7861.965456962779 docs/s, 0.02999278230865124 MB/s).
Processed 18000 documents. 17544 instances. (8257.384399583289 docs/s, 0.03150117165817659 MB/s).
Processed 19000 documents. 18526 instances. (8646.225473432409 docs/s, 0.03298446860477833 MB/s).
Processed 20000 documents. 19495 instances. (9029.24853314946 docs/s, 0.034445571882538294 MB/s).
Processed 22000 documents. 21464 instances. (9774.670493710715 docs/s, 0.03728910368696203 MB/s).
Processed 23000 documents. 22449 instances. (10138.408216494849 docs/s, 0.03867663962117038 MB/s).
Processed 24000 documents. 23428 instances. (10494.35006279098 docs/s, 0.04003443652106067 MB/s).
Processed 25000 documents. 24398 instances. (10845.172262325133 docs/s, 0.04137270381628275 MB/s).
Processed 26000 documents. 25381 instances. (11190.21755024402 docs/s, 0.04268893410959901 MB/s).
Processed 27000 documents. 26359 instances. (11530.725601694936 docs/s, 0.04398785654299206 MB/s).
Processed 28000 documents. 27324 instances. (11863.690587731982 docs/s, 0.04525800434481529 MB/s).
Processed 29000 documents. 28274 instances. (12191.969355596286 docs/s, 0.04651027591069293 MB/s).
Processed 30000 documents. 29221 instances. (12520.012708155498 docs/s, 0.04776165024533247 MB/s).
Processed 31000 documents. 30173 instances. (12847.665500736977 docs/s, 0.049011535421598744 MB/s).
Processed 32000 documents. 31157 instances. (13173.524320934157 docs/s, 0.050254577612187136 MB/s).
Processed 33000 documents. 32136 instances. (13489.947889859472 docs/s, 0.05146162672485033 MB/s).
Processed 34000 documents. 33127 instances. (13799.586650102738 docs/s, 0.052642793732827486 MB/s).
Processed 35000 documents. 34105 instances. (14107.644897518689 docs/s, 0.05381793202624203 MB/s).
Processed 36000 documents. 35067 instances. (14412.157013777434 docs/s, 0.05497954311932472 MB/s).
Processed 37000 documents. 36037 instances. (14707.275839000655 docs/s, 0.05610532124688053 MB/s).
Processed 38000 documents. 37004 instances. (15002.821273296779 docs/s, 0.05723272737267653 MB/s).
Processed 0 documents. 1 instances. (0.0 docs/s, 6.833194462891697e-06 MB/s).
Processed 0 documents. 1 instances. (0.0 docs/s, 7.293204602194434e-06 MB/s).
Processed 1000 documents. 992 instances. (1477.2421177199853 docs/s, 0.005640866698599645 MB/s).
Processed 2000 documents. 1963 instances. (2360.6972951600487 docs/s, 0.00900984818957378 MB/s).
Processed 3000 documents. 2946 instances. (3157.296333766922 docs/s, 0.012048144401085578 MB/s).
Processed 4000 documents. 3937 instances. (3328.429004513567 docs/s, 0.01270012325960043 MB/s).
Processed 5000 documents. 4902 instances. (3739.1199851373176 docs/s, 0.014266463505303745 MB/s).
Processed 6000 documents. 5877 instances. (4173.703988348177 docs/s, 0.015924070761411925 MB/s).
Processed 7000 documents. 6856 instances. (4402.405718304241 docs/s, 0.01679624417650931 MB/s).
Processed 8000 documents. 7826 instances. (4794.1676331127355 docs/s, 0.018290584198253152 MB/s).
Processed 9000 documents. 8789 instances. (5046.614363720272 docs/s, 0.01925344504794912 MB/s).
Processed 10000 documents. 9726 instances. (5262.107741688128 docs/s, 0.02007535534844321 MB/s).
Processed 11000 documents. 10689 instances. (5061.1463136136545 docs/s, 0.0193084961617431 MB/s).
Processed 12000 documents. 11647 instances. (5356.040869308156 docs/s, 0.020433377098263796 MB/s).
Processed 13000 documents. 12632 instances. (5739.34190449565 docs/s, 0.02189553601201804 MB/s).
Processed 14000 documents. 13621 instances. (6111.794984311532 docs/s, 0.02331631294668627 MB/s).
Processed 15000 documents. 14598 instances. (6474.997576297237 docs/s, 0.024701802226266188 MB/s).
Processed 16000 documents. 15587 instances. (6826.1715636876515 docs/s, 0.026041405484811334 MB/s).
Processed 17000 documents. 16564 instances. (7170.771424066011 docs/s, 0.027355931221579664 MB/s).
Processed 18000 documents. 17538 instances. (7508.168464676315 docs/s, 0.02864298090036993 MB/s).
Processed 19000 documents. 18526 instances. (7840.0172360447805 docs/s, 0.029908866380809356 MB/s).
Processed 20000 documents. 19495 instances. (8162.935485566041 docs/s, 0.03114068463264587 MB/s).
Processed 21000 documents. 20484 instances. (8481.497359076608 docs/s, 0.032355885467160145 MB/s).
Processed 22000 documents. 21458 instances. (8793.1739391456 docs/s, 0.033544821277122897 MB/s).
Processed 23000 documents. 22449 instances. (9093.264862133843 docs/s, 0.03468956078138609 MB/s).
Processed 24000 documents. 23428 instances. (9386.853743601068 docs/s, 0.03580949730875797 MB/s).
Processed 25000 documents. 24401 instances. (9671.578476288456 docs/s, 0.03689561973353389 MB/s).
Processed 26000 documents. 25379 instances. (9949.778809467025 docs/s, 0.03795685384089427 MB/s).
Processed 27000 documents. 26353 instances. (10222.492022804186 docs/s, 0.03899715665290774 MB/s).
Processed 28000 documents. 27324 instances. (10490.992382450748 docs/s, 0.04002138923931168 MB/s).
Processed 29000 documents. 28272 instances. (10747.94879856245 docs/s, 0.04100158469194999 MB/s).
Processed 30000 documents. 29218 instances. (11002.86917800481 docs/s, 0.04197401405453012 MB/s).
Processed 31000 documents. 30174 instances. (11271.179411785102 docs/s, 0.04299752425467583 MB/s).
Processed 32000 documents. 31152 instances. (11536.637739488993 docs/s, 0.04401015571372357 MB/s).
Processed 33000 documents. 32136 instances. (11792.554620383891 docs/s, 0.04498638904771386 MB/s).
Processed 34000 documents. 33130 instances. (12034.303159995028 docs/s, 0.04590857357058704 MB/s).
Processed 35000 documents. 34106 instances. (12279.083275074858 docs/s, 0.04684232370767812 MB/s).
Processed 36000 documents. 35067 instances. (12518.593552758188 docs/s, 0.047755971113082836 MB/s).
Processed 37000 documents. 36037 instances. (12747.291423599829 docs/s, 0.048628371982535 MB/s).
Processed 38000 documents. 37004 instances. (12977.333814157615 docs/s, 0.049505902568596646 MB/s).
