Mon Dec 18 13:19:26 2023       
+---------------------------------------------------------------------------------------+
| NVIDIA-SMI 535.104.12             Driver Version: 535.104.12   CUDA Version: 12.2     |
|-----------------------------------------+----------------------+----------------------+
| GPU  Name                 Persistence-M | Bus-Id        Disp.A | Volatile Uncorr. ECC |
| Fan  Temp   Perf          Pwr:Usage/Cap |         Memory-Usage | GPU-Util  Compute M. |
|                                         |                      |               MIG M. |
|=========================================+======================+======================|
|   0  NVIDIA H100 PCIe               On  | 00000000:A1:00.0 Off |                    0 |
| N/A   25C    P0              45W / 350W |      4MiB / 81559MiB |      0%   E. Process |
|                                         |                      |             Disabled |
+-----------------------------------------+----------------------+----------------------+
                                                                                         
+---------------------------------------------------------------------------------------+
| Processes:                                                                            |
|  GPU   GI   CI        PID   Type   Process name                            GPU Memory |
|        ID   ID                                                             Usage      |
|=======================================================================================|
|  No running processes found                                                           |
+---------------------------------------------------------------------------------------+
29518
[2023-12-18 13:19:33,028] [INFO] [real_accelerator.py:158:get_accelerator] Setting ds_accelerator to cuda (auto detect)
OK
########## valid ##########
Data num 960
Prompt lengths. Mean: 49.596875 Max: 123 Min: 28
Response Mean: 191.74479166666666 Max: 924 Min: 2
########## train ##########
Data num 9516
Prompt lengths. Mean: 50.524485077763764 Max: 128 Min: 28
Response Mean: 185.85287936107608 Max: 4295 Min: 1
[2023-12-18 13:19:40,401] [INFO] [real_accelerator.py:158:get_accelerator] Setting ds_accelerator to cuda (auto detect)
OK
########## valid ##########
Data num 960
Prompt lengths. Mean: 49.596875 Max: 123 Min: 28
Response Mean: 191.74479166666666 Max: 924 Min: 2
########## train ##########
Data num 9516
Prompt lengths. Mean: 50.524485077763764 Max: 128 Min: 28
Response Mean: 185.85287936107608 Max: 4295 Min: 1
