Mon Dec 18 13:15:40 2023       
+---------------------------------------------------------------------------------------+
| NVIDIA-SMI 535.104.12             Driver Version: 535.104.12   CUDA Version: 12.2     |
|-----------------------------------------+----------------------+----------------------+
| GPU  Name                 Persistence-M | Bus-Id        Disp.A | Volatile Uncorr. ECC |
| Fan  Temp   Perf          Pwr:Usage/Cap |         Memory-Usage | GPU-Util  Compute M. |
|                                         |                      |               MIG M. |
|=========================================+======================+======================|
|   0  NVIDIA H100 PCIe               On  | 00000000:41:00.0 Off |                    0 |
| N/A   25C    P0              45W / 350W |      4MiB / 81559MiB |      0%   E. Process |
|                                         |                      |             Disabled |
+-----------------------------------------+----------------------+----------------------+
                                                                                         
+---------------------------------------------------------------------------------------+
| Processes:                                                                            |
|  GPU   GI   CI        PID   Type   Process name                            GPU Memory |
|        ID   ID                                                             Usage      |
|=======================================================================================|
|  No running processes found                                                           |
+---------------------------------------------------------------------------------------+
[2023-12-18 13:15:59,777] [INFO] [real_accelerator.py:158:get_accelerator] Setting ds_accelerator to cuda (auto detect)
OK
########## valid ##########
Data num 984
Prompt lengths. Mean: 49.989837398373986 Max: 123 Min: 28
Response Mean: 182.3130081300813 Max: 1736 Min: 2
########## train ##########
Data num 20435
Prompt lengths. Mean: 50.34186444825055 Max: 128 Min: 28
Response Mean: 181.4502569121605 Max: 5598 Min: 1
[2023-12-18 13:16:07,973] [INFO] [real_accelerator.py:158:get_accelerator] Setting ds_accelerator to cuda (auto detect)
OK
########## valid ##########
Data num 984
Prompt lengths. Mean: 49.989837398373986 Max: 123 Min: 28
Response Mean: 182.3130081300813 Max: 1736 Min: 2
########## train ##########
Data num 20435
Prompt lengths. Mean: 50.34186444825055 Max: 128 Min: 28
Response Mean: 181.4502569121605 Max: 5598 Min: 1
