Loaded module: cuda/12.1
/usr/lib64/python3.9/site-packages/scipy/__init__.py:138: UserWarning: A NumPy version >=1.16.5 and <1.23.0 is required for this version of SciPy (detected version 1.26.2)
  warnings.warn(f"A NumPy version >={np_minversion} and <{np_maxversion} is required for this version of "
Processed 0 documents. 2 instances. (0.0 docs/s, 0.0012959711568659327 MB/s).
Processed 10000 documents. 60293 instances. (1227.6989674348206 docs/s, 8.033651968471439 MB/s).
Processed 20000 documents. 93057 instances. (1681.53377158288 docs/s, 8.434761799781048 MB/s).
Processed 30000 documents. 115810 instances. (2162.2213487128265 docs/s, 8.9706089291276 MB/s).
Processed 40000 documents. 138117 instances. (2447.6818925780713 docs/s, 9.062411510297304 MB/s).
Processed 50000 documents. 159285 instances. (2677.9552324818937 docs/s, 9.134150469744682 MB/s).
Processed 60000 documents. 180084 instances. (2728.4257220420545 docs/s, 8.760727837099594 MB/s).
Processed 70000 documents. 200790 instances. (2858.301526754715 docs/s, 8.765243578799096 MB/s).
Processed 80000 documents. 221481 instances. (3002.8606636089858 docs/s, 8.88575581394048 MB/s).
Processed 90000 documents. 281147 instances. (2717.0538416893683 docs/s, 9.101464751952173 MB/s).
Processed 100000 documents. 312536 instances. (2658.7736689932312 docs/s, 8.904457053299604 MB/s).
Processed 110000 documents. 335641 instances. (2754.4380079115786 docs/s, 8.998233655245414 MB/s).
Processed 120000 documents. 357221 instances. (2820.569298448866 docs/s, 8.983021586197792 MB/s).
Processed 130000 documents. 379045 instances. (2775.3196670885945 docs/s, 8.656163248756657 MB/s).
Processed 140000 documents. 399897 instances. (2842.1271236585485 docs/s, 8.679897694905073 MB/s).
Processed 150000 documents. 418385 instances. (2887.0463384388117 docs/s, 8.607242395563587 MB/s).
Processed 160000 documents. 439511 instances. (2957.3484219912643 docs/s, 8.681195805898644 MB/s).
Processed 170000 documents. 498355 instances. (2814.421509757087 docs/s, 8.835173524033536 MB/s).
Processed 180000 documents. 530113 instances. (2792.7657236698906 docs/s, 8.803736000774572 MB/s).
Processed 190000 documents. 554189 instances. (2697.384980604647 docs/s, 8.41819916396942 MB/s).
Processed 200000 documents. 577083 instances. (2713.4339585104744 docs/s, 8.374559341540136 MB/s).
Processed 210000 documents. 598223 instances. (2748.457938651179 docs/s, 8.370563220170148 MB/s).
Processed 220000 documents. 619184 instances. (2801.1092509065415 docs/s, 8.426996169256515 MB/s).
Processed 230000 documents. 638188 instances. (2876.1493220384286 docs/s, 8.529522553180287 MB/s).
Processed 240000 documents. 660866 instances. (2933.953785462823 docs/s, 8.634211084726536 MB/s).
Processed 250000 documents. 718529 instances. (2805.4986677990946 docs/s, 8.629781700131508 MB/s).
Processed 260000 documents. 749909 instances. (2872.1307874887457 docs/s, 8.864923979962848 MB/s).
Processed 270000 documents. 773205 instances. (2879.532512419312 docs/s, 8.82293228568712 MB/s).
Processed 280000 documents. 795650 instances. (2911.8529883243264 docs/s, 8.851129340918462 MB/s).
Processed 290000 documents. 817174 instances. (2934.368160511163 docs/s, 8.843448899847418 MB/s).
Processed 300000 documents. 837450 instances. (2997.8331182854085 docs/s, 8.9493697705681 MB/s).
Processed 310000 documents. 857375 instances. (3051.104924491178 docs/s, 9.02413826941146 MB/s).
Processed 320000 documents. 880665 instances. (2985.1155686082425 docs/s, 8.785092679221092 MB/s).
Processed 330000 documents. 938552 instances. (2935.097648115823 docs/s, 8.935179743124984 MB/s).
Processed 340000 documents. 970390 instances. (2950.3789596497886 docs/s, 9.010429575186423 MB/s).
Processed 350000 documents. 992883 instances. (2982.6765903297605 docs/s, 9.051493234460555 MB/s).
Processed 360000 documents. 1015291 instances. (3016.904776989315 docs/s, 9.100725266015544 MB/s).
Processed 370000 documents. 1036332 instances. (3083.9842085491678 docs/s, 9.237000688708143 MB/s).
Processed 380000 documents. 1056661 instances. (3133.8363261212903 docs/s, 9.317213514849891 MB/s).
Processed 390000 documents. 1076169 instances. (3177.127940355806 docs/s, 9.37284518762244 MB/s).
Processed 400000 documents. 1100920 instances. (3235.402013850509 docs/s, 9.52068504417561 MB/s).
Processed 410000 documents. 1159274 instances. (3261.699623490043 docs/s, 9.867748074303929 MB/s).
Processed 420000 documents. 1190275 instances. (3314.49523144506 docs/s, 10.048608237929747 MB/s).
Processed 430000 documents. 1213554 instances. (3374.9810563813926 docs/s, 10.188266841826158 MB/s).
Processed 440000 documents. 1236151 instances. (3434.857607501077 docs/s, 10.321197366189557 MB/s).
Processed 450000 documents. 1256502 instances. (3495.278227481598 docs/s, 10.436975097418934 MB/s).
Processed 460000 documents. 1277085 instances. (3554.9570727722867 docs/s, 10.554136328637005 MB/s).
Processed 470000 documents. 1296809 instances. (3614.6803467432965 docs/s, 10.664588966234984 MB/s).
Processed 480000 documents. 1322938 instances. (3663.1682468981603 docs/s, 10.79762977266564 MB/s).
Processed 490000 documents. 1379300 instances. (3567.4883222549115 docs/s, 10.747362021220923 MB/s).
Processed 500000 documents. 1410077 instances. (3613.8709434850007 docs/s, 10.904740660233317 MB/s).
Processed 510000 documents. 1431936 instances. (3667.895712650701 docs/s, 11.017500385330562 MB/s).
Processed 520000 documents. 1454259 instances. (3721.8605230995067 docs/s, 11.134251634364396 MB/s).
Processed 530000 documents. 1474738 instances. (3775.4765008559434 docs/s, 11.23666922698118 MB/s).
Processed 540000 documents. 1495624 instances. (3828.579114770786 docs/s, 11.340804994519447 MB/s).
Processed 550000 documents. 1515232 instances. (3884.4846189321725 docs/s, 11.444566342484032 MB/s).
Processed 560000 documents. 1543003 instances. (3930.8026118201824 docs/s, 11.583159004163415 MB/s).
Processed 570000 documents. 1598524 instances. (3953.8129787423 docs/s, 11.86598803347874 MB/s).
Processed 580000 documents. 1629513 instances. (3998.050134506972 docs/s, 12.019559009521986 MB/s).
Processed 590000 documents. 1652022 instances. (4046.8515849896435 docs/s, 12.123773078661849 MB/s).
Processed 600000 documents. 1674438 instances. (4094.850056268378 docs/s, 12.224881515207302 MB/s).
Processed 610000 documents. 1695203 instances. (4143.865527738913 docs/s, 12.318114829017816 MB/s).
Processed 620000 documents. 1716320 instances. (4192.834479141424 docs/s, 12.41499396421222 MB/s).
Processed 630000 documents. 1736483 instances. (4241.892260846592 docs/s, 12.506467572444238 MB/s).
Processed 640000 documents. 1766173 instances. (4273.170972151121 docs/s, 12.614240552120355 MB/s).
Processed 650000 documents. 1820172 instances. (4291.1030795655715 docs/s, 12.860233487052167 MB/s).
Processed 660000 documents. 1850322 instances. (4265.128632277176 docs/s, 12.796446644418559 MB/s).
Processed 670000 documents. 1873175 instances. (4233.668223777864 docs/s, 12.665437596105425 MB/s).
Processed 680000 documents. 1896283 instances. (4238.783178840291 docs/s, 12.64670747921269 MB/s).
Processed 690000 documents. 1917930 instances. (4281.677651651991 docs/s, 12.731409668588089 MB/s).
Processed 700000 documents. 1938277 instances. (4296.431540295396 docs/s, 12.72583809894925 MB/s).
Processed 710000 documents. 1958189 instances. (4310.245082128849 docs/s, 12.71533332345349 MB/s).
Processed 720000 documents. 1989526 instances. (4303.176670774795 docs/s, 12.720055414801898 MB/s).
Processed 730000 documents. 2043158 instances. (4106.481790375154 docs/s, 12.299690639617372 MB/s).
Processed 740000 documents. 2073057 instances. (4098.551523567653 docs/s, 12.28635181988335 MB/s).
Processed 750000 documents. 2095822 instances. (4099.488761017394 docs/s, 12.257872961142162 MB/s).
Processed 760000 documents. 2118166 instances. (4093.1660463330727 docs/s, 12.20602361422195 MB/s).
Processed 770000 documents. 2138770 instances. (4107.743557872535 docs/s, 12.206243064301876 MB/s).
Processed 780000 documents. 2158845 instances. (4130.147214510329 docs/s, 12.228760697737199 MB/s).
Processed 790000 documents. 2178202 instances. (4141.107102278285 docs/s, 12.214358390537775 MB/s).
Processed 800000 documents. 2210578 instances. (4163.423497597368 docs/s, 12.30878489845954 MB/s).
Processed 810000 documents. 2262209 instances. (3944.8851401875313 docs/s, 11.790253920096568 MB/s).
Processed 820000 documents. 2292009 instances. (3934.3309890290607 docs/s, 11.767845873000516 MB/s).
Processed 830000 documents. 2314680 instances. (3943.411083349851 docs/s, 11.76752273965528 MB/s).
Processed 840000 documents. 2337439 instances. (3957.8996837694403 docs/s, 11.783816525431028 MB/s).
Processed 850000 documents. 2357579 instances. (3974.3090096515157 docs/s, 11.79339938473719 MB/s).
Processed 860000 documents. 2378010 instances. (3966.714044601127 docs/s, 11.734544694511746 MB/s).
Processed 870000 documents. 2398175 instances. (3982.0233555928926 docs/s, 11.743069134665921 MB/s).
Processed 880000 documents. 2431424 instances. (3962.0678648486314 docs/s, 11.71364359213408 MB/s).
Processed 890000 documents. 2483642 instances. (3781.773668290113 docs/s, 11.295477309760043 MB/s).
Processed 900000 documents. 2514581 instances. (3782.4880434655634 docs/s, 11.31026228417851 MB/s).
Processed 910000 documents. 2536938 instances. (3792.0351367442463 docs/s, 11.313007428754007 MB/s).
Processed 920000 documents. 2558927 instances. (3805.487445185265 docs/s, 11.326214993506195 MB/s).
Processed 930000 documents. 2579572 instances. (3788.7895674211995 docs/s, 11.24410233067946 MB/s).
Processed 940000 documents. 2600164 instances. (3795.4506206000433 docs/s, 11.232594471821962 MB/s).
Processed 950000 documents. 2620538 instances. (3803.7512498652836 docs/s, 11.225551785257139 MB/s).
Processed 960000 documents. 2656168 instances. (3792.846796301041 docs/s, 11.229279229993363 MB/s).
Processed 970000 documents. 2704753 instances. (3764.5801175110137 docs/s, 11.235241434645307 MB/s).
Processed 980000 documents. 2734413 instances. (3778.444225937956 docs/s, 11.283163937591265 MB/s).
Processed 990000 documents. 2755928 instances. (3789.8800330964673 docs/s, 11.290210750333818 MB/s).
Processed 1000000 documents. 2778458 instances. (3663.2581326683194 docs/s, 10.891732431846103 MB/s).
Processed 1010000 documents. 2799140 instances. (3656.4739744002604 docs/s, 10.842766855189835 MB/s).
Processed 1020000 documents. 2820135 instances. (3654.561294265704 docs/s, 10.810671674823062 MB/s).
Processed 1030000 documents. 2840731 instances. (3672.5174675275384 docs/s, 10.836322551989658 MB/s).
Processed 1040000 documents. 2876735 instances. (3670.987453144991 docs/s, 10.865319797929185 MB/s).
Processed 1050000 documents. 2925804 instances. (3656.625006525478 docs/s, 10.904285529384273 MB/s).
Processed 1060000 documents. 2955565 instances. (3671.3531193614062 docs/s, 10.954363154730355 MB/s).
Processed 1070000 documents. 2977634 instances. (3683.049875070043 docs/s, 10.967332021234443 MB/s).
Processed 1080000 documents. 3000300 instances. (3695.359321688782 docs/s, 10.98455987041499 MB/s).
Processed 1090000 documents. 3021600 instances. (3704.685506973147 docs/s, 10.987825827606837 MB/s).
Processed 1100000 documents. 3042011 instances. (3715.348447480707 docs/s, 10.99277025656375 MB/s).
Processed 1110000 documents. 3061523 instances. (3731.8652060492664 docs/s, 11.01232863238546 MB/s).
Processed 1120000 documents. 3099317 instances. (3719.103367387278 docs/s, 11.012436257400608 MB/s).
Processed 1130000 documents. 3147472 instances. (3698.7879104525327 docs/s, 11.025194864394646 MB/s).
Processed 1140000 documents. 3177116 instances. (3573.445153641403 docs/s, 10.656701950720294 MB/s).
Processed 1150000 documents. 3199648 instances. (3594.9022148580857 docs/s, 10.702085157637017 MB/s).
Processed 1160000 documents. 3222493 instances. (3602.8086369822104 docs/s, 10.708648297745134 MB/s).
Processed 1170000 documents. 3243568 instances. (3609.149850940246 docs/s, 10.704639459892185 MB/s).
Processed 1180000 documents. 3263477 instances. (3623.417003784644 docs/s, 10.720900800114137 MB/s).
Processed 1190000 documents. 3283750 instances. (3632.1267302348024 docs/s, 10.722468302691853 MB/s).
Processed 1200000 documents. 3322975 instances. (3613.793190895261 docs/s, 10.707464542287278 MB/s).
Processed 1210000 documents. 3368697 instances. (3599.4708633518067 docs/s, 10.723620403323991 MB/s).
Processed 1220000 documents. 3397082 instances. (3605.4589820856995 docs/s, 10.742460732769114 MB/s).
Processed 1230000 documents. 3419419 instances. (3610.5932731107923 docs/s, 10.739894844716833 MB/s).
Processed 1240000 documents. 3442516 instances. (3619.10359185487 docs/s, 10.749586952357857 MB/s).
Processed 1250000 documents. 3463514 instances. (3628.213352641729 docs/s, 10.755041900186836 MB/s).
Processed 1260000 documents. 3483267 instances. (3645.0957510708085 docs/s, 10.780047478986058 MB/s).
Processed 1270000 documents. 3502833 instances. (3653.2453275003004 docs/s, 10.779480418257116 MB/s).
Processed 1280000 documents. 3542664 instances. (3648.9665009302016 docs/s, 10.806218199456586 MB/s).
Processed 1290000 documents. 3587462 instances. (3616.4499534858946 docs/s, 10.762179078886444 MB/s).
Processed 1300000 documents. 3615653 instances. (3464.1132424863554 docs/s, 10.30934052522994 MB/s).
Processed 1310000 documents. 3637322 instances. (3476.867118134493 docs/s, 10.329279303692564 MB/s).
Processed 1320000 documents. 3660513 instances. (3471.309385148806 docs/s, 10.299583052105536 MB/s).
Processed 1330000 documents. 3681563 instances. (3485.406272248527 docs/s, 10.321932391734206 MB/s).
Processed 1340000 documents. 3702659 instances. (3480.2106789014833 docs/s, 10.287957614161238 MB/s).
Processed 1350000 documents. 3722065 instances. (3489.1813221523234 docs/s, 10.291399137683847 MB/s).
Processed 1360000 documents. 3763059 instances. (3471.4075119240288 docs/s, 10.277280620279953 MB/s).
Processed 1370000 documents. 3808328 instances. (3456.8311242879317 docs/s, 10.282276730724199 MB/s).
Processed 1380000 documents. 3836769 instances. (3459.941413628883 docs/s, 10.292896632940066 MB/s).
Processed 1390000 documents. 3858868 instances. (3466.0422832704985 docs/s, 10.295301352000537 MB/s).
Processed 1400000 documents. 3881002 instances. (3470.610693862063 docs/s, 10.29347509634997 MB/s).
Processed 1410000 documents. 3901366 instances. (3473.039130530649 docs/s, 10.281208198333099 MB/s).
Processed 1420000 documents. 3921533 instances. (3488.4559479441605 docs/s, 10.30704878507604 MB/s).
Processed 1430000 documents. 3940179 instances. (3489.3085418421715 docs/s, 10.286130120373583 MB/s).
Processed 1440000 documents. 3981960 instances. (3486.4596226558524 docs/s, 10.316163444424165 MB/s).
Processed 1450000 documents. 4026477 instances. (3461.735308016808 docs/s, 10.286625436951146 MB/s).
Processed 1460000 documents. 4054928 instances. (3461.122729942496 docs/s, 10.285681331166293 MB/s).
Processed 1470000 documents. 4077232 instances. (3301.9621784534947 docs/s, 9.79909864141049 MB/s).
Processed 1480000 documents. 4099973 instances. (3308.561198993851 docs/s, 9.806747718010975 MB/s).
Processed 1490000 documents. 4120259 instances. (3312.6024323574784 docs/s, 9.800640145695304 MB/s).
Processed 1500000 documents. 4140181 instances. (3316.1041643319086 docs/s, 9.792445045119274 MB/s).
Processed 1510000 documents. 4160705 instances. (3318.624110747958 docs/s, 9.782819716902592 MB/s).
Processed 1520000 documents. 4202918 instances. (3291.0608316973958 docs/s, 9.736945128021183 MB/s).
Processed 1530000 documents. 4245945 instances. (3272.333211696537 docs/s, 9.71722186075122 MB/s).
Processed 1540000 documents. 4273418 instances. (3273.8222417671027 docs/s, 9.720467888324732 MB/s).
Processed 1550000 documents. 4295645 instances. (3277.6820549692616 docs/s, 9.719040426427014 MB/s).
Processed 1560000 documents. 4318045 instances. (3283.225513046287 docs/s, 9.723339047019442 MB/s).
Processed 1570000 documents. 4338140 instances. (3283.855326238123 docs/s, 9.707783895736258 MB/s).
Processed 1580000 documents. 4358990 instances. (3289.29318734796 docs/s, 9.70856260705468 MB/s).
Processed 1590000 documents. 4378289 instances. (3294.0200237872646 docs/s, 9.704031335169743 MB/s).
Processed 1600000 documents. 4422686 instances. (3268.0703012497324 docs/s, 9.665832062085547 MB/s).
Processed 1610000 documents. 4466963 instances. (3253.157377250227 docs/s, 9.658269735523211 MB/s).
Processed 1620000 documents. 4495206 instances. (3251.649452739385 docs/s, 9.654565844386218 MB/s).
Processed 1630000 documents. 4517499 instances. (3264.1397420776084 docs/s, 9.67995859353579 MB/s).
Processed 1640000 documents. 4540286 instances. (3096.8035680319067 docs/s, 9.173201267849562 MB/s).
Processed 1650000 documents. 4560521 instances. (3107.2458923555428 docs/s, 9.188723130104542 MB/s).
Processed 1660000 documents. 4581626 instances. (3114.3394883071446 docs/s, 9.1963112291807 MB/s).
Processed 1670000 documents. 4601677 instances. (3123.8170835474457 docs/s, 9.208929036699363 MB/s).
Processed 1680000 documents. 4647268 instances. (3117.6633057176587 docs/s, 9.228344986114731 MB/s).
Processed 1690000 documents. 4690559 instances. (3112.381268443449 docs/s, 9.244054021524683 MB/s).
Processed 1700000 documents. 4719092 instances. (3117.8900889081124 docs/s, 9.261352402897653 MB/s).
Processed 1710000 documents. 4741487 instances. (3119.6528604599253 docs/s, 9.255617026603295 MB/s).
Processed 1720000 documents. 4764622 instances. (3121.2384145286287 docs/s, 9.251167413417965 MB/s).
Processed 1730000 documents. 4785334 instances. (3128.609274983307 docs/s, 9.25899330110402 MB/s).
Processed 1740000 documents. 4805807 instances. (3138.247621566901 docs/s, 9.273450998582907 MB/s).
Processed 1750000 documents. 4825187 instances. (3146.2180540251757 docs/s, 9.281064467949795 MB/s).
Processed 1760000 documents. 4869480 instances. (3144.195276708207 docs/s, 9.308393923679738 MB/s).
Processed 1770000 documents. 4910693 instances. (3143.3115392968157 docs/s, 9.331942611507964 MB/s).
Processed 1780000 documents. 4938468 instances. (3150.889352362132 docs/s, 9.353864007109923 MB/s).
Processed 1790000 documents. 4960456 instances. (3154.7475907928147 docs/s, 9.354419636394006 MB/s).
Processed 1800000 documents. 4983641 instances. (3160.0019381045468 docs/s, 9.361148963377026 MB/s).
Processed 1810000 documents. 5004316 instances. (3168.9636627042055 docs/s, 9.374239969733527 MB/s).
Processed 1820000 documents. 5024952 instances. (3175.9986825154833 docs/s, 9.381846303665812 MB/s).
Processed 1830000 documents. 5044702 instances. (3182.1951227366094 docs/s, 9.38566585635295 MB/s).
Processed 1840000 documents. 5089839 instances. (3175.8032002074797 docs/s, 9.400755084399508 MB/s).
Processed 1850000 documents. 5133222 instances. (3171.61982488752 docs/s, 9.417290316711634 MB/s).
Processed 1860000 documents. 5161624 instances. (3170.5077283030846 docs/s, 9.41478932948523 MB/s).
Processed 1870000 documents. 5184142 instances. (3174.6530242626422 docs/s, 9.417289005662933 MB/s).
Processed 1880000 documents. 5206280 instances. (3182.6247759267776 docs/s, 9.430591062865682 MB/s).
Processed 1890000 documents. 5226974 instances. (3185.476322995218 docs/s, 9.426055250333418 MB/s).
Processed 1900000 documents. 5247464 instances. (3190.1145414101843 docs/s, 9.42668125494471 MB/s).
Processed 1910000 documents. 5267170 instances. (3006.536387519331 docs/s, 8.870750129331377 MB/s).
Processed 1920000 documents. 5313171 instances. (2999.4307834550737 docs/s, 8.88155736267702 MB/s).
Processed 1930000 documents. 5354418 instances. (2993.4806641790638 docs/s, 8.886557786754162 MB/s).
Processed 1940000 documents. 5381987 instances. (2990.158733370847 docs/s, 8.876093078529726 MB/s).
Processed 1950000 documents. 5405779 instances. (2994.583165217175 docs/s, 8.882493770142807 MB/s).
Processed 1960000 documents. 5428011 instances. (2998.777581050652 docs/s, 8.88557621112275 MB/s).
Processed 1970000 documents. 5448407 instances. (3006.0052912696915 docs/s, 8.894997843650993 MB/s).
Processed 1980000 documents. 5468959 instances. (3014.0574032999584 docs/s, 8.907066227394907 MB/s).
Processed 1990000 documents. 5488836 instances. (3024.5786054127657 docs/s, 8.925419713753428 MB/s).
Processed 2000000 documents. 5534634 instances. (3026.0276194994804 docs/s, 8.96057427451965 MB/s).
Processed 2010000 documents. 5576633 instances. (3036.2540902705796 docs/s, 9.014409031801495 MB/s).
Processed 2020000 documents. 5603986 instances. (3048.1651750375563 docs/s, 9.048839265229645 MB/s).
Processed 2030000 documents. 5626470 instances. (3060.6390886421623 docs/s, 9.077124086066675 MB/s).
Processed 2040000 documents. 5648267 instances. (3073.18819248131 docs/s, 9.104564108738902 MB/s).
Processed 2050000 documents. 5669430 instances. (3085.6788284312684 docs/s, 9.130668303423178 MB/s).
Processed 2060000 documents. 5690404 instances. (3098.2387028820126 docs/s, 9.156604305567464 MB/s).
Processed 2070000 documents. 5710752 instances. (3110.8630831485625 docs/s, 9.182156749646914 MB/s).
Processed 2080000 documents. 5757608 instances. (3120.150263698665 docs/s, 9.241850512588606 MB/s).
Processed 2090000 documents. 5798867 instances. (3130.2739710779706 docs/s, 9.293853740959564 MB/s).
Processed 2100000 documents. 5826658 instances. (3141.9566959123676 docs/s, 9.328117667528876 MB/s).
Processed 2110000 documents. 5849122 instances. (3154.311291758062 docs/s, 9.356143111662911 MB/s).
Processed 2120000 documents. 5872023 instances. (3166.5219555860563 docs/s, 9.384481409378843 MB/s).
Processed 2130000 documents. 5892454 instances. (3179.0004813161368 docs/s, 9.409362012927494 MB/s).
Processed 2140000 documents. 5913834 instances. (3191.3478106624943 docs/s, 9.435560760049544 MB/s).
Processed 2150000 documents. 5933347 instances. (3203.9536546703366 docs/s, 9.459891711010762 MB/s).
Processed 2160000 documents. 5980612 instances. (3212.938511340016 docs/s, 9.518787530060719 MB/s).
Processed 2170000 documents. 6021805 instances. (3222.8579488210435 docs/s, 9.570037545763155 MB/s).
Processed 2180000 documents. 6049596 instances. (3234.3907505441125 docs/s, 9.603859059513248 MB/s).
Processed 2190000 documents. 6072293 instances. (3246.505852330029 docs/s, 9.63158455615523 MB/s).
Processed 2200000 documents. 6095104 instances. (3258.575563331744 docs/s, 9.659182060259399 MB/s).
Processed 2210000 documents. 6115250 instances. (3270.913799367634 docs/s, 9.683585555191252 MB/s).
Processed 2220000 documents. 6136274 instances. (3283.179852999132 docs/s, 9.709179397943982 MB/s).
Processed 2230000 documents. 6156202 instances. (3295.5291778859 docs/s, 9.73347118266973 MB/s).
Processed 2240000 documents. 6204789 instances. (3304.0507253188966 docs/s, 9.793147968840085 MB/s).
Processed 2250000 documents. 6244847 instances. (3313.8794388923584 docs/s, 9.841881329389832 MB/s).
Processed 2260000 documents. 6272102 instances. (3325.2216365398585 docs/s, 9.87455504402077 MB/s).
Processed 2270000 documents. 6294352 instances. (3337.133119144941 docs/s, 9.900987220844389 MB/s).
Processed 2280000 documents. 6317002 instances. (3349.1092107191766 docs/s, 9.928266749431215 MB/s).
Processed 2290000 documents. 6337136 instances. (3361.293941625491 docs/s, 9.952241870983206 MB/s).
Processed 2300000 documents. 6358172 instances. (3373.3414362724816 docs/s, 9.977289063005962 MB/s).
Processed 2310000 documents. 6378045 instances. (3385.5588344877915 docs/s, 10.001259544136692 MB/s).
Processed 2320000 documents. 6427026 instances. (3393.4920722244565 docs/s, 10.058956631529776 MB/s).
Processed 2330000 documents. 6466188 instances. (3403.008357014877 docs/s, 10.105479453076066 MB/s).
Processed 2340000 documents. 6493605 instances. (3413.9275226960895 docs/s, 10.136735736377217 MB/s).
Processed 2350000 documents. 6516565 instances. (3425.424473906972 docs/s, 10.163038109181352 MB/s).
Processed 2360000 documents. 6538194 instances. (3437.1771926936217 docs/s, 10.188141426852384 MB/s).
Processed 2370000 documents. 6557829 instances. (3449.136309453709 docs/s, 10.210768458899823 MB/s).
Processed 2380000 documents. 6577648 instances. (3461.0933778406975 docs/s, 10.233648515818855 MB/s).
Processed 2390000 documents. 6597693 instances. (3472.981716742411 docs/s, 10.257048849279368 MB/s).
Processed 2400000 documents. 6646888 instances. (3480.707372622617 docs/s, 10.314552434674567 MB/s).
Processed 2410000 documents. 6686721 instances. (3489.8178069470096 docs/s, 10.360296303116062 MB/s).
Processed 2420000 documents. 6712796 instances. (3500.818059644454 docs/s, 10.389994622671475 MB/s).
Processed 2430000 documents. 6735378 instances. (3512.2400341372286 docs/s, 10.415655182674762 MB/s).
Processed 2440000 documents. 6757702 instances. (3523.6633941471555 docs/s, 10.440676386472115 MB/s).
Processed 2450000 documents. 6778670 instances. (3535.14913747875 docs/s, 10.463934914051636 MB/s).
Processed 2460000 documents. 6799030 instances. (3546.7910402557263 docs/s, 10.486932244821537 MB/s).
Processed 2470000 documents. 6818662 instances. (3558.5437116677836 docs/s, 10.509225244350288 MB/s).
Processed 2480000 documents. 6869322 instances. (3565.6011927463787 docs/s, 10.566979511412326 MB/s).
Processed 2490000 documents. 6907893 instances. (3574.7038774255193 docs/s, 10.61089600112497 MB/s).
Processed 2500000 documents. 6935714 instances. (3585.1433934322527 docs/s, 10.641608552926417 MB/s).
Processed 2510000 documents. 6958344 instances. (3596.3590689519506 docs/s, 10.666735550090273 MB/s).
Processed 2520000 documents. 6980792 instances. (3607.612763305728 docs/s, 10.691902940650419 MB/s).
Processed 2530000 documents. 7000208 instances. (3619.2732396725446 docs/s, 10.71361162280867 MB/s).
Processed 2540000 documents. 7020305 instances. (3630.820722095827 docs/s, 10.736047095782633 MB/s).
Processed 2550000 documents. 7040022 instances. (3642.3903246851974 docs/s, 10.758088231513714 MB/s).
Processed 2560000 documents. 7091448 instances. (3649.0803610935977 docs/s, 10.815428346458729 MB/s).
Processed 2570000 documents. 7130732 instances. (3657.8711323522994 docs/s, 10.859532093464015 MB/s).
Processed 2580000 documents. 7156658 instances. (3668.5259247517624 docs/s, 10.888100003180114 MB/s).
Processed 2590000 documents. 7179239 instances. (3679.6064753498295 docs/s, 10.912903566372608 MB/s).
Processed 2600000 documents. 7201121 instances. (3690.7690897239922 docs/s, 10.93692092541552 MB/s).
Processed 2610000 documents. 7221932 instances. (3701.981553844263 docs/s, 10.959316814655878 MB/s).
Processed 2620000 documents. 7241864 instances. (3713.3628712279906 docs/s, 10.980975741111843 MB/s).
Processed 2630000 documents. 7261203 instances. (3724.8296629984475 docs/s, 11.002230300536139 MB/s).
Processed 2640000 documents. 7312553 instances. (3731.4190197376843 docs/s, 11.05888411624865 MB/s).
Processed 2650000 documents. 7350623 instances. (3740.1956571415485 docs/s, 11.100706394628329 MB/s).
Processed 2660000 documents. 7376352 instances. (3750.6797257933335 docs/s, 11.128319007590285 MB/s).
Processed 2670000 documents. 7398769 instances. (3761.6109122456046 docs/s, 11.152717937209347 MB/s).
Processed 2680000 documents. 7420975 instances. (3772.5041572837536 docs/s, 11.176554960576155 MB/s).
Processed 2690000 documents. 7441709 instances. (3783.5020990461803 docs/s, 11.198444992092197 MB/s).
Processed 2700000 documents. 7462087 instances. (3794.6763080473606 docs/s, 11.220319034564493 MB/s).
Processed 2710000 documents. 7482364 instances. (3805.822635053501 docs/s, 11.242232584129768 MB/s).
Processed 2720000 documents. 7534102 instances. (3812.1355842962175 docs/s, 11.298449746954862 MB/s).
Processed 2730000 documents. 7571254 instances. (3820.8744672709836 docs/s, 11.338573146539746 MB/s).
Processed 2740000 documents. 7597419 instances. (3831.129623269276 docs/s, 11.366179336350282 MB/s).
Processed 2750000 documents. 7619468 instances. (3841.9664036080662 docs/s, 11.389566770837392 MB/s).
Processed 2760000 documents. 7641377 instances. (3852.8073661685926 docs/s, 11.412869223363618 MB/s).
Processed 2770000 documents. 7662098 instances. (3863.7763072850385 docs/s, 11.434563023982427 MB/s).
Processed 2780000 documents. 7682249 instances. (3874.807032814611 docs/s, 11.45583016532993 MB/s).
Processed 2790000 documents. 7701737 instances. (3885.980273116715 docs/s, 11.476580435660832 MB/s).
Processed 2800000 documents. 7753516 instances. (3892.0789874606053 docs/s, 11.531971548599785 MB/s).
Processed 2810000 documents. 7790035 instances. (3900.764310194941 docs/s, 11.570977760403633 MB/s).
Processed 2820000 documents. 7816540 instances. (3910.7664770179317 docs/s, 11.59826984816247 MB/s).
Processed 2830000 documents. 7839156 instances. (3921.3699077261203 docs/s, 11.621847673719602 MB/s).
Processed 2840000 documents. 7860905 instances. (3932.086443850355 docs/s, 11.6445502549064 MB/s).
Processed 2850000 documents. 7881124 instances. (3942.9489641423597 docs/s, 11.665445636786178 MB/s).
Processed 2860000 documents. 7900714 instances. (3953.9861143844473 docs/s, 11.68613140067875 MB/s).
Processed 2870000 documents. 7919791 instances. (3965.0531405353117 docs/s, 11.706106809840447 MB/s).
Processed 2880000 documents. 7973080 instances. (3970.6480916860182 docs/s, 11.76178680992263 MB/s).
Processed 2890000 documents. 8009244 instances. (3979.1937142948764 docs/s, 11.799658049569183 MB/s).
Processed 2900000 documents. 8035512 instances. (3989.1232646827175 docs/s, 11.826704134465084 MB/s).
Processed 2910000 documents. 8057805 instances. (3999.5895754470484 docs/s, 11.849515165024698 MB/s).
Processed 2920000 documents. 8078881 instances. (4010.3021704090684 docs/s, 11.871345283411328 MB/s).
Processed 2930000 documents. 8100099 instances. (4020.686806706728 docs/s, 11.892238687457564 MB/s).
Processed 2940000 documents. 8120122 instances. (4031.4783197524175 docs/s, 11.912801043304064 MB/s).
Processed 2950000 documents. 8140058 instances. (4042.2577324928347 docs/s, 11.933419675103545 MB/s).
Processed 2960000 documents. 8193815 instances. (4047.662708679518 docs/s, 11.98920868435589 MB/s).
Processed 2970000 documents. 8231280 instances. (4055.717348364453 docs/s, 12.027260589269579 MB/s).
Processed 2980000 documents. 8256609 instances. (4065.6828129986447 docs/s, 12.053029256809163 MB/s).
Processed 2990000 documents. 8278804 instances. (4076.019355144607 docs/s, 12.075459218149508 MB/s).
Processed 3000000 documents. 8300545 instances. (4086.4754433696676 docs/s, 12.097415955479134 MB/s).
Processed 3010000 documents. 8321644 instances. (4096.817174293881 docs/s, 12.118069169514213 MB/s).
Processed 3020000 documents. 8342249 instances. (4107.316305361522 docs/s, 12.138814352202587 MB/s).
Processed 3030000 documents. 8361799 instances. (4117.994222378215 docs/s, 12.158631934286324 MB/s).
Processed 3040000 documents. 8414454 instances. (4123.346024583046 docs/s, 12.21184017376259 MB/s).
Processed 3050000 documents. 8451463 instances. (4131.349937007172 docs/s, 12.249079172350639 MB/s).
Processed 3060000 documents. 8476315 instances. (4141.15837096693 docs/s, 12.273528866387801 MB/s).
Processed 3070000 documents. 8497935 instances. (4151.440719398717 docs/s, 12.294966593445954 MB/s).
Processed 3080000 documents. 8519766 instances. (4161.6628621022155 docs/s, 12.316643488180919 MB/s).
Processed 3090000 documents. 8540646 instances. (4172.003755569697 docs/s, 12.337296039101776 MB/s).
Processed 3100000 documents. 8559714 instances. (4182.665028901015 docs/s, 12.356194295086947 MB/s).
Processed 3110000 documents. 8579163 instances. (4193.217961941064 docs/s, 12.375453286699006 MB/s).
Processed 3120000 documents. 8634095 instances. (4197.88925710269 docs/s, 12.43014815646748 MB/s).
Processed 3130000 documents. 8671103 instances. (4205.749462089013 docs/s, 12.466904870566058 MB/s).
Processed 3140000 documents. 8696376 instances. (4215.398517367809 docs/s, 12.491800699025806 MB/s).
Processed 3150000 documents. 8718448 instances. (4225.471624661263 docs/s, 12.513324538597676 MB/s).
Processed 3160000 documents. 8741340 instances. (4235.371870527847 docs/s, 12.535406409737726 MB/s).
Processed 3170000 documents. 8762095 instances. (4245.611953940731 docs/s, 12.55570883317764 MB/s).
Processed 3180000 documents. 8782467 instances. (4255.856390755108 docs/s, 12.575465505436592 MB/s).
Processed 3190000 documents. 8802759 instances. (4266.121881709996 docs/s, 12.59539615280602 MB/s).
Processed 3200000 documents. 8856295 instances. (4270.924204044943 docs/s, 12.647901820687178 MB/s).
Processed 3210000 documents. 8892944 instances. (4278.694832191012 docs/s, 12.683914817982362 MB/s).
Processed 3220000 documents. 8918446 instances. (4288.166699399028 docs/s, 12.708548656892217 MB/s).
Processed 3230000 documents. 8940762 instances. (4298.04942275938 docs/s, 12.729882002462528 MB/s).
Processed 3240000 documents. 8961458 instances. (4308.2170811743645 docs/s, 12.749776275735703 MB/s).
Processed 3250000 documents. 8981617 instances. (4318.439703172544 docs/s, 12.769145894676473 MB/s).
Processed 3260000 documents. 9001817 instances. (4328.57938185184 docs/s, 12.788299924926319 MB/s).
Processed 3270000 documents. 9021994 instances. (4338.726999990366 docs/s, 12.807553357298344 MB/s).
Processed 3280000 documents. 9075543 instances. (4343.399573930879 docs/s, 12.859399978929583 MB/s).
Processed 3290000 documents. 9111606 instances. (4351.080769514553 docs/s, 12.894096358382813 MB/s).
Processed 3300000 documents. 9135802 instances. (4360.629634283772 docs/s, 12.917227116204602 MB/s).
Processed 3310000 documents. 9157665 instances. (4370.498688565296 docs/s, 12.938120961404298 MB/s).
Processed 3320000 documents. 9179073 instances. (4380.40181534704 docs/s, 12.95829056671701 MB/s).
Processed 3330000 documents. 9199134 instances. (4390.429204470739 docs/s, 12.976815913332752 MB/s).
Processed 3340000 documents. 9219156 instances. (4400.5014616610615 docs/s, 12.9956730860087 MB/s).
Processed 3350000 documents. 9239191 instances. (4410.490935585865 docs/s, 13.01441205888348 MB/s).
Processed 3360000 documents. 9294121 instances. (4414.760479178973 docs/s, 13.066713871434319 MB/s).
Processed 3370000 documents. 9329913 instances. (4422.367451315791 docs/s, 13.100826408927839 MB/s).
Processed 3380000 documents. 9354928 instances. (4431.585711422318 docs/s, 13.123974578424928 MB/s).
Processed 3390000 documents. 9377988 instances. (4441.032924256783 docs/s, 13.145327209235433 MB/s).
Processed 3400000 documents. 9398962 instances. (4450.907490882629 docs/s, 13.164945538197415 MB/s).
Processed 3410000 documents. 9419440 instances. (4460.742518049844 docs/s, 13.183771717736438 MB/s).
Processed 3420000 documents. 9439759 instances. (4470.574639554949 docs/s, 13.202235506277749 MB/s).
Processed 3430000 documents. 9459983 instances. (4480.418039841742 docs/s, 13.220914181446865 MB/s).
Processed 3440000 documents. 9516082 instances. (4484.266089693233 docs/s, 13.273231955127098 MB/s).
Processed 3450000 documents. 9551046 instances. (4491.781091289335 docs/s, 13.305693453282537 MB/s).
Processed 3460000 documents. 9575852 instances. (4500.778615475691 docs/s, 13.328006233046128 MB/s).
Processed 3470000 documents. 9597945 instances. (4510.302115746749 docs/s, 13.348261501131656 MB/s).
Processed 3480000 documents. 9619209 instances. (4519.933487728903 docs/s, 13.367555967686823 MB/s).
Processed 3490000 documents. 9639540 instances. (4529.7102096289145 docs/s, 13.385964070679458 MB/s).
Processed 3500000 documents. 9659463 instances. (4539.498857430127 docs/s, 13.403965550007158 MB/s).
Processed 3510000 documents. 9679368 instances. (4549.243737923642 docs/s, 13.42204219404739 MB/s).
Processed 3520000 documents. 9735343 instances. (4552.978019999028 docs/s, 13.473702209941683 MB/s).
Processed 3530000 documents. 9771300 instances. (4560.218333544847 docs/s, 13.506800915736767 MB/s).
Processed 3540000 documents. 9795866 instances. (4569.2571585301985 docs/s, 13.529072052827424 MB/s).
Processed 3550000 documents. 9818355 instances. (4578.619827881483 docs/s, 13.54941928136132 MB/s).
Processed 3560000 documents. 9840325 instances. (4588.056599035131 docs/s, 13.569285209663626 MB/s).
Processed 3570000 documents. 9860826 instances. (4597.638520606369 docs/s, 13.587439978143909 MB/s).
Processed 3580000 documents. 9880901 instances. (4607.307153369713 docs/s, 13.605457876679516 MB/s).
Processed 3590000 documents. 9900918 instances. (4616.974592254418 docs/s, 13.623582933831813 MB/s).
Processed 3600000 documents. 9956786 instances. (4620.4973695057615 docs/s, 13.673942173363532 MB/s).
Processed 3610000 documents. 9991866 instances. (4627.783573692839 docs/s, 13.705810547572309 MB/s).
Processed 3620000 documents. 10016314 instances. (4636.723257901893 docs/s, 13.727434819738768 MB/s).
Processed 3630000 documents. 10038494 instances. (4645.997591217546 docs/s, 13.747112930801183 MB/s).
Processed 3640000 documents. 10060411 instances. (4655.307263548645 docs/s, 13.766616512336661 MB/s).
Processed 3650000 documents. 10081130 instances. (4664.718384282337 docs/s, 13.784746956819339 MB/s).
Processed 3660000 documents. 10101610 instances. (4674.120082084479 docs/s, 13.802398287537082 MB/s).
Processed 3670000 documents. 10120948 instances. (4683.858532772254 docs/s, 13.819905654293132 MB/s).
Processed 3680000 documents. 10178032 instances. (4687.055492755496 docs/s, 13.87093934864864 MB/s).
Processed 3690000 documents. 10212123 instances. (4694.237371978401 docs/s, 13.900872781775279 MB/s).
Processed 3700000 documents. 10236817 instances. (4703.002479911983 docs/s, 13.922353854067826 MB/s).
Processed 3710000 documents. 10259258 instances. (4712.093009718774 docs/s, 13.94196098784275 MB/s).
Processed 3720000 documents. 10281052 instances. (4721.29916152735 docs/s, 13.961031197079931 MB/s).
Processed 3730000 documents. 10302398 instances. (4730.3345131207 docs/s, 13.978792613203513 MB/s).
Processed 3740000 documents. 10322650 instances. (4739.717779792666 docs/s, 13.996308033273676 MB/s).
Processed 3750000 documents. 10342289 instances. (4749.182703005586 docs/s, 14.013357661521429 MB/s).
Processed 3760000 documents. 10400172 instances. (4752.18239523985 docs/s, 14.064570623906329 MB/s).
Processed 3770000 documents. 10434546 instances. (4759.316683693173 docs/s, 14.094970218884946 MB/s).
Processed 3780000 documents. 10457863 instances. (4768.226586438789 docs/s, 14.115132155145181 MB/s).
Processed 3790000 documents. 10480939 instances. (4777.117361130947 docs/s, 14.134949504430484 MB/s).
Processed 3800000 documents. 10502510 instances. (4786.2519296801975 docs/s, 14.153463378555761 MB/s).
Processed 3810000 documents. 10522799 instances. (4795.52568878406 docs/s, 14.170811515311533 MB/s).
Processed 3820000 documents. 10543066 instances. (4804.836072710698 docs/s, 14.188272902299854 MB/s).
Processed 3830000 documents. 10563114 instances. (4814.16341024245 docs/s, 14.205534596400481 MB/s).
Processed 3840000 documents. 10619659 instances. (4817.245162479517 docs/s, 14.254804781959686 MB/s).
Processed 3850000 documents. 10653303 instances. (4824.391720873919 docs/s, 14.283992498391584 MB/s).
Processed 3860000 documents. 10678195 instances. (4832.837742453167 docs/s, 14.304896973195309 MB/s).
Processed 3870000 documents. 10700440 instances. (4841.747222834118 docs/s, 14.323903044460636 MB/s).
Processed 3880000 documents. 10722759 instances. (4850.391348138357 docs/s, 14.341971531496263 MB/s).
Processed 3890000 documents. 10743199 instances. (4859.551289353349 docs/s, 14.359305835862328 MB/s).
Processed 3900000 documents. 10762928 instances. (4868.849670330163 docs/s, 14.376015908375633 MB/s).
Processed 3910000 documents. 10782636 instances. (4878.111465982836 docs/s, 14.392744730920434 MB/s).
Processed 3920000 documents. 10839906 instances. (4880.815659491104 docs/s, 14.441477631383117 MB/s).
Processed 3930000 documents. 10873783 instances. (4887.758064494487 docs/s, 14.470442139318578 MB/s).
Processed 3940000 documents. 10897680 instances. (4896.262004288155 docs/s, 14.490255737437792 MB/s).
Processed 3950000 documents. 10919703 instances. (4905.0687067055505 docs/s, 14.508650971632616 MB/s).
Processed 3960000 documents. 10941959 instances. (4913.807421567351 docs/s, 14.527241664004166 MB/s).
Processed 3970000 documents. 10962750 instances. (4922.739448261657 docs/s, 14.544332279821207 MB/s).
Processed 3980000 documents. 10982548 instances. (4931.897429381124 docs/s, 14.560739661247617 MB/s).
Processed 3990000 documents. 11002146 instances. (4941.115420416192 docs/s, 14.57725682968206 MB/s).
Processed 4000000 documents. 11059840 instances. (4943.6887392230055 docs/s, 14.625874994310795 MB/s).
Processed 4010000 documents. 11093765 instances. (4950.460676584221 docs/s, 14.654058787374664 MB/s).
Processed 4020000 documents. 11117723 instances. (4958.88649624595 docs/s, 14.67365478763633 MB/s).
Processed 4030000 documents. 11140235 instances. (4967.506804207605 docs/s, 14.69227547879963 MB/s).
Processed 4040000 documents. 11162095 instances. (4976.163801929942 docs/s, 14.709827015753705 MB/s).
Processed 4050000 documents. 11182856 instances. (4984.971988794265 docs/s, 14.726580717667876 MB/s).
Processed 4060000 documents. 11202812 instances. (4993.978968852288 docs/s, 14.742861586179297 MB/s).
Processed 4070000 documents. 11222915 instances. (5002.979841094475 docs/s, 14.759594228641237 MB/s).
Processed 4080000 documents. 11280040 instances. (5005.616500010205 docs/s, 14.80737916715165 MB/s).
Processed 4090000 documents. 11314092 instances. (5012.292562780294 docs/s, 14.835409092955798 MB/s).
Processed 4100000 documents. 11338089 instances. (5020.6075434441445 docs/s, 14.854669587922919 MB/s).
Processed 4110000 documents. 11360215 instances. (5029.24253559566 docs/s, 14.872910347986888 MB/s).
Processed 4120000 documents. 11381843 instances. (5037.964231788218 docs/s, 14.890684154105157 MB/s).
Processed 4130000 documents. 11402204 instances. (5046.835352327926 docs/s, 14.90712061606399 MB/s).
Processed 4140000 documents. 11422282 instances. (5055.798925961414 docs/s, 14.923662875716547 MB/s).
Processed 4150000 documents. 11441692 instances. (5064.82094435458 docs/s, 14.939608311622518 MB/s).
Processed 4160000 documents. 11499262 instances. (5067.094207027553 docs/s, 14.986734827566298 MB/s).
Processed 4170000 documents. 11533057 instances. (5073.611275762631 docs/s, 15.013985048117439 MB/s).
Processed 4180000 documents. 11556675 instances. (5081.859353337731 docs/s, 15.03273882764911 MB/s).
Processed 4190000 documents. 11579277 instances. (5090.290199076218 docs/s, 15.051005517567262 MB/s).
Processed 4200000 documents. 11599988 instances. (5098.975652907266 docs/s, 15.067373455710346 MB/s).
Processed 4210000 documents. 11619937 instances. (5107.75448255457 docs/s, 15.083123713635116 MB/s).
Processed 4220000 documents. 11639248 instances. (5116.674658187277 docs/s, 15.098485173492044 MB/s).
Processed 4230000 documents. 11659090 instances. (5125.4665262027165 docs/s, 15.114395834779645 MB/s).
Processed 4240000 documents. 11717190 instances. (5127.668140328353 docs/s, 15.16164237944699 MB/s).
Processed 4250000 documents. 11750652 instances. (5134.225063931345 docs/s, 15.188538994126931 MB/s).
Processed 4260000 documents. 11774062 instances. (5142.401709161206 docs/s, 15.206956880726047 MB/s).
Processed 4270000 documents. 11796233 instances. (5150.825715441529 docs/s, 15.22464879270292 MB/s).
Processed 4280000 documents. 11817820 instances. (5159.337869079276 docs/s, 15.241810923702596 MB/s).
Processed 4290000 documents. 11838901 instances. (5167.6587580701935 docs/s, 15.257525240856497 MB/s).
Processed 4300000 documents. 11858227 instances. (5176.5636316969985 docs/s, 15.273017383529199 MB/s).
Processed 4310000 documents. 11878365 instances. (5185.1992480487825 docs/s, 15.288845141178912 MB/s).
Processed 4320000 documents. 11936547 instances. (5187.2511531538075 docs/s, 15.335504780212855 MB/s).
Processed 4330000 documents. 11968585 instances. (5193.958433882192 docs/s, 15.360949487003603 MB/s).
Processed 4340000 documents. 11991900 instances. (5202.058019852603 docs/s, 15.379068718785971 MB/s).
Processed 4350000 documents. 12014058 instances. (5210.351178700433 docs/s, 15.39643646251664 MB/s).
Processed 4360000 documents. 12034941 instances. (5218.8991449627 docs/s, 15.41298266840107 MB/s).
Processed 4370000 documents. 12055753 instances. (5227.267642280723 docs/s, 15.428639947201402 MB/s).
Processed 4380000 documents. 12075095 instances. (5236.017272899621 docs/s, 15.443800395256604 MB/s).
Processed 4390000 documents. 12094498 instances. (5244.762760814138 docs/s, 15.459183885591116 MB/s).
Processed 4400000 documents. 12155306 instances. (5245.660153683877 docs/s, 15.505229971696895 MB/s).
Processed 4410000 documents. 12187805 instances. (5252.0632161579715 docs/s, 15.53031235920047 MB/s).
Processed 4420000 documents. 12210493 instances. (5260.187659721518 docs/s, 15.547740760741357 MB/s).
Processed 4430000 documents. 12232039 instances. (5268.512021580005 docs/s, 15.564365800955411 MB/s).
Processed 4440000 documents. 12253773 instances. (5276.759900439955 docs/s, 15.581160845835173 MB/s).
Processed 4450000 documents. 12275469 instances. (5284.813326655618 docs/s, 15.597149348734252 MB/s).
Processed 4460000 documents. 12295612 instances. (5293.0791367725815 docs/s, 15.611847088335065 MB/s).
Processed 4470000 documents. 12315887 instances. (5301.535730251942 docs/s, 15.627588982256913 MB/s).
Processed 4480000 documents. 12375593 instances. (5302.967348937244 docs/s, 15.673891003641472 MB/s).
Processed 4490000 documents. 12408700 instances. (5309.272420579615 docs/s, 15.699188293461926 MB/s).
Processed 4500000 documents. 12432630 instances. (5317.10342436783 docs/s, 15.717454107912081 MB/s).
Processed 4510000 documents. 12453856 instances. (5325.346262074249 docs/s, 15.733567180468484 MB/s).
Processed 4520000 documents. 12476329 instances. (5333.323192334398 docs/s, 15.750338416384425 MB/s).
Processed 4530000 documents. 12496996 instances. (5341.559488002902 docs/s, 15.765763001662778 MB/s).
Processed 4540000 documents. 12516900 instances. (5349.79450156905 docs/s, 15.780162122162956 MB/s).
Processed 4550000 documents. 12536681 instances. (5358.24543994868 docs/s, 15.795265810266239 MB/s).
Processed 4560000 documents. 12596084 instances. (5359.545018641859 docs/s, 15.840394192330782 MB/s).
Processed 4570000 documents. 12629214 instances. (5365.556694029406 docs/s, 15.864955707328486 MB/s).
Processed 4580000 documents. 12652310 instances. (5373.383958412324 docs/s, 15.882074698526155 MB/s).
Processed 4590000 documents. 12674467 instances. (5381.384003904493 docs/s, 15.898680354309095 MB/s).
Processed 4600000 documents. 12696130 instances. (5389.462108600076 docs/s, 15.914871259831237 MB/s).
Processed 4610000 documents. 12717290 instances. (5397.465901150203 docs/s, 15.930096255469488 MB/s).
Processed 4620000 documents. 12737267 instances. (5405.748398173646 docs/s, 15.94482571808515 MB/s).
Processed 4630000 documents. 12757222 instances. (5414.053629758437 docs/s, 15.959866302594593 MB/s).
Processed 4640000 documents. 12817952 instances. (5415.003104876649 docs/s, 16.005436284475454 MB/s).
Processed 4650000 documents. 12850814 instances. (5421.043876275853 docs/s, 16.02971348694202 MB/s).
Processed 4660000 documents. 12874459 instances. (5428.621091943657 docs/s, 16.046941197824676 MB/s).
Processed 4670000 documents. 12896884 instances. (5436.425612177777 docs/s, 16.06325342280199 MB/s).
Processed 4680000 documents. 12918492 instances. (5444.3708441756 docs/s, 16.079021663025202 MB/s).
Processed 4690000 documents. 12939405 instances. (5452.410699489905 docs/s, 16.094248803186627 MB/s).
Processed 4700000 documents. 12959018 instances. (5460.6331859411885 docs/s, 16.108567882694068 MB/s).
Processed 4710000 documents. 12979984 instances. (5468.573542199723 docs/s, 16.123664135229383 MB/s).
Processed 4720000 documents. 13039933 instances. (5469.532736208797 docs/s, 16.167746216689842 MB/s).
Processed 4730000 documents. 13071980 instances. (5475.6307976711605 docs/s, 16.191156610547942 MB/s).
Processed 4740000 documents. 13096323 instances. (5482.877117480194 docs/s, 16.20820137621963 MB/s).
Processed 4750000 documents. 13118104 instances. (5490.670261482134 docs/s, 16.223921023295414 MB/s).
Processed 4760000 documents. 13139548 instances. (5498.544922000973 docs/s, 16.239400406825002 MB/s).
Processed 4770000 documents. 13159786 instances. (5506.525904724062 docs/s, 16.25356543307511 MB/s).
Processed 4780000 documents. 13178902 instances. (5514.802227037949 docs/s, 16.267447672724455 MB/s).
Processed 4790000 documents. 13199071 instances. (5522.839238284859 docs/s, 16.28199191197177 MB/s).
Processed 4800000 documents. 13259974 instances. (5523.5753020034645 docs/s, 16.32665670038564 MB/s).
Processed 4810000 documents. 13291469 instances. (5529.714209945155 docs/s, 16.349381395559032 MB/s).
Processed 4820000 documents. 13314190 instances. (5537.321101550026 docs/s, 16.36565966575496 MB/s).
Processed 4830000 documents. 13336014 instances. (5544.97047812468 docs/s, 16.380767774164724 MB/s).
Processed 4840000 documents. 13356879 instances. (5552.875316488704 docs/s, 16.395689387377086 MB/s).
Processed 4850000 documents. 13378443 instances. (5560.431704551399 docs/s, 16.410237715492404 MB/s).
Processed 4860000 documents. 13398460 instances. (5568.3419901409725 docs/s, 16.42409087659659 MB/s).
Processed 4870000 documents. 13420107 instances. (5576.00135715074 docs/s, 16.43935520408833 MB/s).
Processed 4880000 documents. 13480468 instances. (5576.585144838114 docs/s, 16.482457372472865 MB/s).
Processed 4890000 documents. 13511829 instances. (5582.532235021469 docs/s, 16.504365633400862 MB/s).
Processed 4900000 documents. 13534520 instances. (5589.994358879284 docs/s, 16.52017713892484 MB/s).
Processed 4910000 documents. 13555947 instances. (5597.719978170297 docs/s, 16.53530469014967 MB/s).
Processed 4920000 documents. 13578026 instances. (5605.185033688516 docs/s, 16.550411262873688 MB/s).
Processed 4930000 documents. 13599328 instances. (5612.717808416225 docs/s, 16.564634371723823 MB/s).
Processed 4940000 documents. 13618464 instances. (5620.797239369336 docs/s, 16.578066301361872 MB/s).
Processed 4950000 documents. 13641146 instances. (5628.123500167531 docs/s, 16.593612076750002 MB/s).
Processed 4960000 documents. 13700887 instances. (5628.620769046597 docs/s, 16.63522812374661 MB/s).
Processed 4970000 documents. 13732996 instances. (5634.234976052351 docs/s, 16.65716521022299 MB/s).
Processed 4980000 documents. 13756949 instances. (5641.350975215083 docs/s, 16.673512967215476 MB/s).
Processed 4990000 documents. 13780016 instances. (5648.606924089184 docs/s, 16.689283048400497 MB/s).
Processed 5000000 documents. 13800880 instances. (5656.152920357 docs/s, 16.703191802306904 MB/s).
Processed 5010000 documents. 13822479 instances. (5663.511457483464 docs/s, 16.71746699579019 MB/s).
Processed 5020000 documents. 13841667 instances. (5671.386588897171 docs/s, 16.730503601386683 MB/s).
Processed 5030000 documents. 13866155 instances. (5678.291508589343 docs/s, 16.747052358890212 MB/s).
Processed 5040000 documents. 13924856 instances. (5678.954209022976 docs/s, 16.787802118599487 MB/s).
Processed 5050000 documents. 13956219 instances. (5684.669605789376 docs/s, 16.808893465044076 MB/s).
Processed 5060000 documents. 13979009 instances. (5691.958393569502 docs/s, 16.82442804898251 MB/s).
Processed 5070000 documents. 14001012 instances. (5699.347545951863 docs/s, 16.839379310741858 MB/s).
Processed 5080000 documents. 14021861 instances. (5706.91658125042 docs/s, 16.853302654879442 MB/s).
Processed 5090000 documents. 14042114 instances. (5714.48934234561 docs/s, 16.86661053529873 MB/s).
Processed 5100000 documents. 14062906 instances. (5721.830766791645 docs/s, 16.879807907175454 MB/s).
Processed 5110000 documents. 14088251 instances. (5728.474831082486 docs/s, 16.89677437621786 MB/s).
Processed 5120000 documents. 14144991 instances. (5729.538987206769 docs/s, 16.935979695040093 MB/s).
Processed 5130000 documents. 14175691 instances. (5735.213414390354 docs/s, 16.956163627739173 MB/s).
Processed 5140000 documents. 14198479 instances. (5742.417539549627 docs/s, 16.971614621362775 MB/s).
Processed 5150000 documents. 14220656 instances. (5749.762061547989 docs/s, 16.98674584556304 MB/s).
Processed 5160000 documents. 14241785 instances. (5757.204657629113 docs/s, 17.00077431958999 MB/s).
Processed 5170000 documents. 14261904 instances. (5764.815144360672 docs/s, 17.01416154536304 MB/s).
Processed 5180000 documents. 14281092 instances. (5772.677853151837 docs/s, 17.027266348754598 MB/s).
Processed 5190000 documents. 14307964 instances. (5778.938409108891 docs/s, 17.044799520792708 MB/s).
Processed 5200000 documents. 14364651 instances. (5780.003139719211 docs/s, 17.08383234264493 MB/s).
Processed 5210000 documents. 14394929 instances. (5785.879064248681 docs/s, 17.104369111271346 MB/s).
Processed 5220000 documents. 14417559 instances. (5793.065919086523 docs/s, 17.11949957910439 MB/s).
Processed 5230000 documents. 14439526 instances. (5800.416547311753 docs/s, 17.134307075095116 MB/s).
Processed 5240000 documents. 14460067 instances. (5807.896687685812 docs/s, 17.147777499069853 MB/s).
Processed 5250000 documents. 14481021 instances. (5815.27821551545 docs/s, 17.161462951507954 MB/s).
Processed 5260000 documents. 14500590 instances. (5822.917913949097 docs/s, 17.174364746849815 MB/s).
Processed 5270000 documents. 14528172 instances. (5829.007570364583 docs/s, 17.192491030812363 MB/s).
Processed 5280000 documents. 14583558 instances. (5830.094382813065 docs/s, 17.229577846392857 MB/s).
Processed 5290000 documents. 14614155 instances. (5835.734426750751 docs/s, 17.249465394248105 MB/s).
Processed 5300000 documents. 14637516 instances. (5842.694115599549 docs/s, 17.26496569323939 MB/s).
Processed 5310000 documents. 14660062 instances. (5849.694748110924 docs/s, 17.279353803565645 MB/s).
Processed 5320000 documents. 14680654 instances. (5857.1424130832565 docs/s, 17.292931913235392 MB/s).
Processed 5330000 documents. 14701685 instances. (5864.437612315421 docs/s, 17.306578609244944 MB/s).
Processed 5340000 documents. 14721281 instances. (5872.009195761576 docs/s, 17.319426365392786 MB/s).
Processed 5350000 documents. 14751674 instances. (5877.529493515428 docs/s, 17.339168282562145 MB/s).
Processed 5360000 documents. 14805718 instances. (5878.693943804596 docs/s, 17.374372341782202 MB/s).
Processed 5370000 documents. 14836303 instances. (5884.169646263813 docs/s, 17.39372587703294 MB/s).
Processed 5380000 documents. 14859457 instances. (5891.0403129530705 docs/s, 17.408598534685066 MB/s).
Processed 5390000 documents. 14882116 instances. (5898.019600158226 docs/s, 17.423107163225705 MB/s).
Processed 5400000 documents. 14903710 instances. (5905.080205015607 docs/s, 17.436600958521772 MB/s).
Processed 5410000 documents. 14923694 instances. (5912.569039345533 docs/s, 17.449684854426668 MB/s).
Processed 5420000 documents. 14942847 instances. (5920.188577413663 docs/s, 17.46222649086495 MB/s).
Processed 5430000 documents. 14973291 instances. (5925.721290592768 docs/s, 17.48224190899753 MB/s).
Processed 5440000 documents. 15026044 instances. (5927.272346188644 docs/s, 17.517068610953803 MB/s).
Processed 5450000 documents. 15056044 instances. (5932.975446047525 docs/s, 17.536344615871293 MB/s).
Processed 5460000 documents. 15079506 instances. (5939.743579377878 docs/s, 17.551198300966227 MB/s).
Processed 5470000 documents. 15102552 instances. (5946.567872950109 docs/s, 17.565895653374564 MB/s).
Processed 5480000 documents. 15123814 instances. (5953.714942382504 docs/s, 17.579400530926446 MB/s).
Processed 5490000 documents. 15145230 instances. (5960.601782357034 docs/s, 17.592031912286707 MB/s).
Processed 5500000 documents. 15164053 instances. (5968.286798862619 docs/s, 17.60447487700828 MB/s).
Processed 5510000 documents. 15196161 instances. (5973.399972984564 docs/s, 17.62508683618494 MB/s).
Processed 5520000 documents. 15248187 instances. (5975.03771380665 docs/s, 17.658869468253506 MB/s).
Processed 5530000 documents. 15277493 instances. (5980.6996888210215 docs/s, 17.67729861976927 MB/s).
Processed 5540000 documents. 15300239 instances. (5987.629606099344 docs/s, 17.691961264403066 MB/s).
Processed 5550000 documents. 15322593 instances. (5994.566137988591 docs/s, 17.706175247488485 MB/s).
Processed 5560000 documents. 15342921 instances. (6001.826974011279 docs/s, 17.719009638338743 MB/s).
Processed 5570000 documents. 15363581 instances. (6008.908702494139 docs/s, 17.731577514088578 MB/s).
Processed 5580000 documents. 15383795 instances. (6015.994249934792 docs/s, 17.74373948462076 MB/s).
Processed 5590000 documents. 15417338 instances. (6020.778039884448 docs/s, 17.76517902399635 MB/s).
Processed 5600000 documents. 15468041 instances. (6022.572065797772 docs/s, 17.797953123448025 MB/s).
Processed 5610000 documents. 15497053 instances. (6028.306465788214 docs/s, 17.8164640632226 MB/s).
Processed 5620000 documents. 15520210 instances. (6034.939662779711 docs/s, 17.8306062490927 MB/s).
Processed 5630000 documents. 15542497 instances. (6041.818999013589 docs/s, 17.84467205881327 MB/s).
Processed 5640000 documents. 15563207 instances. (6048.873774379447 docs/s, 17.857353828770588 MB/s).
Processed 5650000 documents. 15583962 instances. (6055.920827355426 docs/s, 17.870103564190877 MB/s).
Processed 5660000 documents. 15603176 instances. (6063.314381648694 docs/s, 17.88225435920617 MB/s).
Processed 5670000 documents. 15638858 instances. (6067.574087887532 docs/s, 17.90466411294237 MB/s).
Processed 5680000 documents. 15687705 instances. (6069.713936254772 docs/s, 17.9359040729 MB/s).
Processed 5690000 documents. 15717890 instances. (6075.15154980088 docs/s, 17.954765038950615 MB/s).
Processed 5700000 documents. 15740767 instances. (6081.761789333608 docs/s, 17.968643173711367 MB/s).
Processed 5710000 documents. 15763921 instances. (6088.364540985035 docs/s, 17.982795856611453 MB/s).
Processed 5720000 documents. 15784063 instances. (6095.512383775686 docs/s, 17.99515286285491 MB/s).
Processed 5730000 documents. 15804174 instances. (6102.661371148741 docs/s, 18.007637424730127 MB/s).
Processed 5740000 documents. 15824447 instances. (6109.714105702727 docs/s, 18.020003697209543 MB/s).
Processed 5750000 documents. 15860291 instances. (6113.916064809024 docs/s, 18.042433767350914 MB/s).
Processed 5760000 documents. 15909788 instances. (6115.696289252639 docs/s, 18.07325381717048 MB/s).
Processed 5770000 documents. 15938345 instances. (6121.4319874105795 docs/s, 18.091001795951065 MB/s).
Processed 5780000 documents. 15961483 instances. (6128.019320688886 docs/s, 18.105247592444975 MB/s).
Processed 5790000 documents. 15983336 instances. (6134.919123333603 docs/s, 18.118769335649297 MB/s).
Processed 5800000 documents. 16004121 instances. (6141.953524291767 docs/s, 18.131593607709696 MB/s).
Processed 5810000 documents. 16024561 instances. (6148.9652700250535 docs/s, 18.143899520535914 MB/s).
Processed 5820000 documents. 16044911 instances. (6155.983160291473 docs/s, 18.156334667057557 MB/s).
Processed 5830000 documents. 16084585 instances. (6158.975610084969 docs/s, 18.179108188559802 MB/s).
Processed 5840000 documents. 16131253 instances. (6161.377632657703 docs/s, 18.20820300979599 MB/s).
Processed 5850000 documents. 16159909 instances. (6166.989031349375 docs/s, 18.225792220677214 MB/s).
Processed 5860000 documents. 16182003 instances. (6173.730136153458 docs/s, 18.239256289263185 MB/s).
Processed 5870000 documents. 16204278 instances. (6180.428331703415 docs/s, 18.2527873746008 MB/s).
Processed 5880000 documents. 16225435 instances. (6187.164141609631 docs/s, 18.265349243705344 MB/s).
Processed 5890000 documents. 16246168 instances. (6194.080787255837 docs/s, 18.277854636275013 MB/s).
Processed 5900000 documents. 16265876 instances. (6201.146497421359 docs/s, 18.289777533801846 MB/s).
Processed 5910000 documents. 16304740 instances. (6204.447592197973 docs/s, 18.312580961772852 MB/s).
Processed 5920000 documents. 16351261 instances. (6206.801511766042 docs/s, 18.341201833871764 MB/s).
Processed 5930000 documents. 16380088 instances. (6212.329836160227 docs/s, 18.358551608977884 MB/s).
Processed 5940000 documents. 16402083 instances. (6219.077737251822 docs/s, 18.371989199630153 MB/s).
Processed 5950000 documents. 16424573 instances. (6225.666181077549 docs/s, 18.385498313341643 MB/s).
Processed 5960000 documents. 16445769 instances. (6232.364692685001 docs/s, 18.39788881828798 MB/s).
Processed 5970000 documents. 16466509 instances. (6239.185600133102 docs/s, 18.41015214574887 MB/s).
Processed 5980000 documents. 16486423 instances. (6246.150621784628 docs/s, 18.4220580247776 MB/s).
Processed 5990000 documents. 16525650 instances. (6249.388579848422 docs/s, 18.44525093767142 MB/s).
Processed 6000000 documents. 16570779 instances. (6252.032722937838 docs/s, 18.473032110953312 MB/s).
Processed 6010000 documents. 16598884 instances. (6257.681734028888 docs/s, 18.4900361072268 MB/s).
Processed 6020000 documents. 16621184 instances. (6264.245031644127 docs/s, 18.503464104138647 MB/s).
Processed 6030000 documents. 16643298 instances. (6270.82593732924 docs/s, 18.51668087618816 MB/s).
Processed 6040000 documents. 16664579 instances. (6277.507513935613 docs/s, 18.529113525317822 MB/s).
Processed 6050000 documents. 16684684 instances. (6284.4732111875455 docs/s, 18.541310403787286 MB/s).
Processed 6060000 documents. 16704120 instances. (6291.47795632369 docs/s, 18.55282748423631 MB/s).
Processed 6070000 documents. 16745850 instances. (6294.195232728349 docs/s, 18.577372016852415 MB/s).
Processed 6080000 documents. 16791669 instances. (6296.245550365679 docs/s, 18.603657237732982 MB/s).
Processed 6090000 documents. 16820183 instances. (6301.674304577159 docs/s, 18.62040075416674 MB/s).
Processed 6100000 documents. 16842039 instances. (6308.245311648798 docs/s, 18.63329581649095 MB/s).
Processed 6110000 documents. 16864514 instances. (6314.683782451148 docs/s, 18.646383769177845 MB/s).
Processed 6120000 documents. 16885284 instances. (6321.370027527506 docs/s, 18.658250549996445 MB/s).
Processed 6130000 documents. 16905845 instances. (6328.062513054586 docs/s, 18.669992980143643 MB/s).
Processed 6140000 documents. 16926249 instances. (6334.6741763193495 docs/s, 18.681378304901365 MB/s).
Processed 6150000 documents. 16968816 instances. (6337.207547169812 docs/s, 18.706127543238992 MB/s).
Processed 6160000 documents. 17013618 instances. (6339.714191565852 docs/s, 18.732768546913263 MB/s).
Processed 6170000 documents. 17043017 instances. (6344.769228386763 docs/s, 18.749217219691154 MB/s).
Processed 6180000 documents. 17065376 instances. (6351.178569274587 docs/s, 18.76228074898118 MB/s).
Processed 6190000 documents. 17087743 instances. (6357.583256542748 docs/s, 18.775179421039926 MB/s).
Processed 6200000 documents. 17108380 instances. (6364.230566445023 docs/s, 18.78695306191008 MB/s).
Processed 6210000 documents. 17128714 instances. (6370.91551717756 docs/s, 18.798598960308283 MB/s).
Processed 6220000 documents. 17149184 instances. (6377.450423277141 docs/s, 18.809779124155458 MB/s).
Processed 6230000 documents. 17192367 instances. (6379.74411343286 docs/s, 18.834304241789244 MB/s).
Processed 6240000 documents. 17237597 instances. (6381.984301575418 docs/s, 18.86045985873469 MB/s).
Processed 6250000 documents. 17267077 instances. (6387.053248148606 docs/s, 18.877197822443172 MB/s).
Processed 6260000 documents. 17289734 instances. (6393.324401507996 docs/s, 18.89020521985925 MB/s).
Processed 6270000 documents. 17312308 instances. (6399.504720224355 docs/s, 18.902762611119012 MB/s).
Processed 6280000 documents. 17333366 instances. (6405.9488697840125 docs/s, 18.914318888446132 MB/s).
Processed 6290000 documents. 17352454 instances. (6412.929342611125 docs/s, 18.92548311073004 MB/s).
Processed 6300000 documents. 17372860 instances. (6419.563865799047 docs/s, 18.937059733845974 MB/s).
Processed 6310000 documents. 17416467 instances. (6421.7786061693805 docs/s, 18.961757545732432 MB/s).
Processed 6320000 documents. 17459904 instances. (6424.402050492406 docs/s, 18.987026463565396 MB/s).
Processed 6330000 documents. 17488704 instances. (6429.557560787086 docs/s, 19.003199696977973 MB/s).
Processed 6340000 documents. 17510356 instances. (6435.978916455037 docs/s, 19.01557144983496 MB/s).
Processed 6350000 documents. 17532760 instances. (6442.308287343335 docs/s, 19.028444931955264 MB/s).
Processed 6360000 documents. 17553659 instances. (6448.793136298259 docs/s, 19.04018073990406 MB/s).
Processed 6370000 documents. 17573907 instances. (6455.491279410855 docs/s, 19.051808084590842 MB/s).
Processed 6380000 documents. 17593816 instances. (6462.164051931906 docs/s, 19.06306726642536 MB/s).
Processed 6390000 documents. 17638109 instances. (6464.250927988131 docs/s, 19.08806814273392 MB/s).
Processed 6400000 documents. 17681513 instances. (6466.8040885476275 docs/s, 19.11291760511966 MB/s).
Processed 6410000 documents. 17710067 instances. (6471.995329648475 docs/s, 19.128900569457016 MB/s).
Processed 6420000 documents. 17732054 instances. (6478.320633957817 docs/s, 19.14135628758687 MB/s).
Processed 6430000 documents. 17755069 instances. (6484.43143090374 docs/s, 19.154238847807854 MB/s).
Processed 6440000 documents. 17775561 instances. (6490.955546437342 docs/s, 19.165569975663697 MB/s).
Processed 6450000 documents. 17795722 instances. (6497.584180396277 docs/s, 19.177036265638723 MB/s).
Processed 6460000 documents. 17816106 instances. (6504.122043652122 docs/s, 19.18860600749079 MB/s).
Processed 6470000 documents. 17861071 instances. (6506.012033599244 docs/s, 19.21379101699673 MB/s).
Processed 6480000 documents. 17904642 instances. (6508.438852714414 docs/s, 19.238271344618312 MB/s).
Processed 6490000 documents. 17932873 instances. (6513.662297282035 docs/s, 19.254127628632574 MB/s).
Processed 6500000 documents. 17955682 instances. (6519.745879428554 docs/s, 19.266857909318325 MB/s).
Processed 6510000 documents. 17978438 instances. (6525.815560236894 docs/s, 19.279258304057286 MB/s).
Processed 6520000 documents. 17998913 instances. (6532.270954989671 docs/s, 19.29048905777278 MB/s).
Processed 6530000 documents. 18020309 instances. (6538.546945082162 docs/s, 19.302273075067458 MB/s).
Processed 6540000 documents. 18039962 instances. (6545.190029724214 docs/s, 19.313473180144953 MB/s).
Processed 6550000 documents. 18084774 instances. (6547.074763916052 docs/s, 19.33812940805938 MB/s).
Processed 6560000 documents. 18126636 instances. (6549.860808584741 docs/s, 19.361856219206825 MB/s).
Processed 6570000 documents. 18153977 instances. (6555.116966747768 docs/s, 19.376836791985188 MB/s).
Processed 6580000 documents. 18176447 instances. (6561.201357121375 docs/s, 19.3892298942184 MB/s).
Processed 6590000 documents. 18198198 instances. (6567.443567176127 docs/s, 19.40130068277622 MB/s).
Processed 6600000 documents. 18218277 instances. (6573.865705897261 docs/s, 19.412216767431303 MB/s).
Processed 6610000 documents. 18238341 instances. (6580.428358507937 docs/s, 19.42345014037457 MB/s).
Processed 6620000 documents. 18258730 instances. (6586.857920613714 docs/s, 19.43473835941066 MB/s).
Processed 6630000 documents. 18305030 instances. (6588.305381399984 docs/s, 19.45959739418609 MB/s).
Processed 6640000 documents. 18346757 instances. (6591.04035229814 docs/s, 19.482903174942972 MB/s).
Processed 6650000 documents. 18373995 instances. (6596.307155223975 docs/s, 19.497910083936393 MB/s).
Processed 6660000 documents. 18396305 instances. (6602.341703985138 docs/s, 19.510069700500562 MB/s).
Processed 6670000 documents. 18418694 instances. (6608.446378713365 docs/s, 19.522307856153645 MB/s).
Processed 6680000 documents. 18438896 instances. (6614.826491754777 docs/s, 19.532956054930374 MB/s).
Processed 6690000 documents. 18458601 instances. (6621.318169144689 docs/s, 19.54359661827254 MB/s).
Processed 6700000 documents. 18478317 instances. (6627.843473450832 docs/s, 19.554491170720887 MB/s).
