Loaded module: cuda/12.1
/usr/lib64/python3.9/site-packages/scipy/__init__.py:138: UserWarning: A NumPy version >=1.16.5 and <1.23.0 is required for this version of SciPy (detected version 1.26.2)
  warnings.warn(f"A NumPy version >={np_minversion} and <{np_maxversion} is required for this version of "
Processed 0 documents. 2 instances. (0.0 docs/s, 0.0034813977629071908 MB/s).
Processed 10000 documents. 60404 instances. (1259.2656953510043 docs/s, 8.256397455735096 MB/s).
Processed 20000 documents. 93057 instances. (1599.1515731781096 docs/s, 8.021512481857389 MB/s).
Processed 30000 documents. 116050 instances. (1899.033380268949 docs/s, 7.895753913978484 MB/s).
Processed 40000 documents. 138167 instances. (2139.029055231704 docs/s, 7.922933064360831 MB/s).
Processed 50000 documents. 159352 instances. (2342.184006575688 docs/s, 7.992011776947635 MB/s).
Processed 60000 documents. 180065 instances. (2532.2197431911154 docs/s, 8.129745302654749 MB/s).
Processed 70000 documents. 200759 instances. (2735.872457909401 docs/s, 8.38837347985022 MB/s).
Processed 80000 documents. 221568 instances. (2871.6551914478187 docs/s, 8.502478244864616 MB/s).
Processed 90000 documents. 281177 instances. (2729.6088445122464 docs/s, 9.145493753350346 MB/s).
Processed 100000 documents. 312622 instances. (2742.9633032955717 docs/s, 9.188457827036654 MB/s).
Processed 110000 documents. 335681 instances. (2865.3209457231264 docs/s, 9.361602558572109 MB/s).
Processed 120000 documents. 357241 instances. (2986.299900368953 docs/s, 9.511308574772887 MB/s).
Processed 130000 documents. 379352 instances. (3119.5846686381524 docs/s, 9.737179651996481 MB/s).
Processed 140000 documents. 399782 instances. (3073.959402533365 docs/s, 9.385186467857325 MB/s).
Processed 150000 documents. 418497 instances. (3128.001770367416 docs/s, 9.328123251937432 MB/s).
Processed 160000 documents. 439654 instances. (3219.785645679137 docs/s, 9.454992555265143 MB/s).
Processed 170000 documents. 498515 instances. (3006.170761960907 docs/s, 9.440105014497131 MB/s).
Processed 180000 documents. 529838 instances. (3049.050633575974 docs/s, 9.607277431801478 MB/s).
Processed 190000 documents. 554025 instances. (3120.1360569823987 docs/s, 9.734893143163823 MB/s).
Processed 200000 documents. 577163 instances. (3196.197017639279 docs/s, 9.865840986907703 MB/s).
Processed 210000 documents. 598250 instances. (3269.485426439894 docs/s, 9.95790671677589 MB/s).
Processed 220000 documents. 619068 instances. (3335.0056065148624 docs/s, 10.031425960767494 MB/s).
Processed 230000 documents. 638076 instances. (3429.8693852839024 docs/s, 10.170151514845534 MB/s).
Processed 240000 documents. 660858 instances. (3367.9650808662054 docs/s, 9.91145193724405 MB/s).
Processed 250000 documents. 718752 instances. (3279.1493465493354 docs/s, 10.089760233719447 MB/s).
Processed 260000 documents. 750225 instances. (3302.458204911062 docs/s, 10.197223388257811 MB/s).
Processed 270000 documents. 773155 instances. (3324.658800126484 docs/s, 10.186224910473628 MB/s).
Processed 280000 documents. 795685 instances. (3234.9122726962746 docs/s, 9.833544843998991 MB/s).
Processed 290000 documents. 817033 instances. (3263.446683018759 docs/s, 9.833866624461487 MB/s).
Processed 300000 documents. 837350 instances. (3306.857135400978 docs/s, 9.870641020066518 MB/s).
Processed 310000 documents. 857564 instances. (3329.0996777144096 docs/s, 9.848336260446045 MB/s).
Processed 320000 documents. 880663 instances. (3351.077249006132 docs/s, 9.86208688010825 MB/s).
Processed 330000 documents. 938457 instances. (3137.7572550826444 docs/s, 9.551118506647697 MB/s).
Processed 340000 documents. 970320 instances. (3131.50680525248 docs/s, 9.562929690729703 MB/s).
Processed 350000 documents. 992798 instances. (3162.390302452641 docs/s, 9.596157578111093 MB/s).
Processed 360000 documents. 1015195 instances. (3206.0767712253137 docs/s, 9.670476735925863 MB/s).
Processed 370000 documents. 1036294 instances. (3246.652446403699 docs/s, 9.723826977887452 MB/s).
Processed 380000 documents. 1056684 instances. (3283.5543739583063 docs/s, 9.762530976033636 MB/s).
Processed 390000 documents. 1076052 instances. (3340.1182987477637 docs/s, 9.852713848200484 MB/s).
Processed 400000 documents. 1100836 instances. (3363.0977786992084 docs/s, 9.895671362805313 MB/s).
Processed 410000 documents. 1158950 instances. (3217.227858286365 docs/s, 9.730349098102051 MB/s).
Processed 420000 documents. 1190274 instances. (3223.9455594510705 docs/s, 9.774075218194517 MB/s).
Processed 430000 documents. 1213653 instances. (3250.9271267163194 docs/s, 9.814643837259714 MB/s).
Processed 440000 documents. 1236104 instances. (3292.3194396626413 docs/s, 9.892475063160386 MB/s).
Processed 450000 documents. 1256636 instances. (3330.561601567909 docs/s, 9.945862789071194 MB/s).
Processed 460000 documents. 1277062 instances. (3364.162559386485 docs/s, 9.987491461652608 MB/s).
Processed 470000 documents. 1296886 instances. (3402.863460572407 docs/s, 10.040159706216684 MB/s).
Processed 480000 documents. 1323001 instances. (3424.540769822479 docs/s, 10.094796441369546 MB/s).
Processed 490000 documents. 1379347 instances. (3390.7806705556313 docs/s, 10.215390133996461 MB/s).
Processed 500000 documents. 1409937 instances. (3398.618956140339 docs/s, 10.254422979948037 MB/s).
Processed 510000 documents. 1431921 instances. (3310.3440847649995 docs/s, 9.943317761866393 MB/s).
Processed 520000 documents. 1454232 instances. (3336.3849121873086 docs/s, 9.98085671444238 MB/s).
Processed 530000 documents. 1474843 instances. (3361.569618769151 docs/s, 10.005254986959615 MB/s).
Processed 540000 documents. 1495617 instances. (3385.618535870778 docs/s, 10.02863717216042 MB/s).
Processed 550000 documents. 1515138 instances. (3408.6046660160096 docs/s, 10.041871337122835 MB/s).
Processed 560000 documents. 1543653 instances. (3409.851600763737 docs/s, 10.052597114895445 MB/s).
Processed 570000 documents. 1598513 instances. (3369.2427244634373 docs/s, 10.111462457501146 MB/s).
Processed 580000 documents. 1629513 instances. (3371.909443046888 docs/s, 10.137157654843762 MB/s).
Processed 590000 documents. 1652142 instances. (3398.7247593111156 docs/s, 10.18275600846895 MB/s).
Processed 600000 documents. 1674471 instances. (3425.391353903309 docs/s, 10.226396393567702 MB/s).
Processed 610000 documents. 1695257 instances. (3450.2714701485634 docs/s, 10.256690473419967 MB/s).
Processed 620000 documents. 1716413 instances. (3337.962934171088 docs/s, 9.884297049441825 MB/s).
Processed 630000 documents. 1736411 instances. (3344.1647696918603 docs/s, 9.859223089847488 MB/s).
Processed 640000 documents. 1766145 instances. (3340.6332125367758 docs/s, 9.861334374583837 MB/s).
Processed 650000 documents. 1820166 instances. (3293.6210293076015 docs/s, 9.870759395464853 MB/s).
Processed 660000 documents. 1850324 instances. (3304.6987061651052 docs/s, 9.914925707220986 MB/s).
Processed 670000 documents. 1873151 instances. (3311.943973622602 docs/s, 9.907885489995257 MB/s).
Processed 680000 documents. 1896253 instances. (3322.788720579966 docs/s, 9.91360910649338 MB/s).
Processed 690000 documents. 1917598 instances. (3331.0198764738434 docs/s, 9.90321912912702 MB/s).
Processed 700000 documents. 1938146 instances. (3346.7428542820494 docs/s, 9.91225858345463 MB/s).
Processed 710000 documents. 1958254 instances. (3363.133437549176 docs/s, 9.921696566019424 MB/s).
Processed 720000 documents. 1989891 instances. (3229.5933500925394 docs/s, 9.548443257840233 MB/s).
Processed 730000 documents. 2043146 instances. (3183.572228609647 docs/s, 9.53536229573868 MB/s).
Processed 740000 documents. 2073010 instances. (3186.9374156202684 docs/s, 9.553363266676993 MB/s).
Processed 750000 documents. 2095768 instances. (3194.3958668457835 docs/s, 9.551320594268716 MB/s).
Processed 760000 documents. 2118022 instances. (3214.7694471954082 docs/s, 9.585981028424003 MB/s).
Processed 770000 documents. 2138845 instances. (3230.240917940849 docs/s, 9.599090588325936 MB/s).
Processed 780000 documents. 2159046 instances. (3242.421816735808 docs/s, 9.60127288072531 MB/s).
Processed 790000 documents. 2178201 instances. (3265.4928499467783 docs/s, 9.631669714128057 MB/s).
Processed 800000 documents. 2210403 instances. (3258.9142574614207 docs/s, 9.633783606586418 MB/s).
Processed 810000 documents. 2262144 instances. (3227.0212794752174 docs/s, 9.644506294215851 MB/s).
Processed 820000 documents. 2292022 instances. (3226.354127329013 docs/s, 9.650266441411974 MB/s).
Processed 830000 documents. 2314639 instances. (3237.5335993383933 docs/s, 9.660958619438407 MB/s).
Processed 840000 documents. 2337159 instances. (3109.220238312379 docs/s, 9.256071121627347 MB/s).
Processed 850000 documents. 2357537 instances. (3113.2515016356847 docs/s, 9.23813909554556 MB/s).
Processed 860000 documents. 2377952 instances. (3120.6955133040283 docs/s, 9.231560645006004 MB/s).
Processed 870000 documents. 2398124 instances. (3139.6701877158216 docs/s, 9.258779254685162 MB/s).
Processed 880000 documents. 2431604 instances. (3136.2267600456603 docs/s, 9.272846045136113 MB/s).
Processed 890000 documents. 2483761 instances. (3123.3882367397987 docs/s, 9.329486959915684 MB/s).
Processed 900000 documents. 2514523 instances. (3124.5255218085163 docs/s, 9.34264553129203 MB/s).
Processed 910000 documents. 2537003 instances. (3134.423950603842 docs/s, 9.351301427344238 MB/s).
Processed 920000 documents. 2558988 instances. (3150.101823933892 docs/s, 9.375841886733935 MB/s).
Processed 930000 documents. 2579574 instances. (3166.3284495254575 docs/s, 9.396811378379844 MB/s).
Processed 940000 documents. 2600206 instances. (3183.0831382003944 docs/s, 9.420420815176726 MB/s).
Processed 950000 documents. 2620654 instances. (3198.849331981909 docs/s, 9.440848988398868 MB/s).
Processed 960000 documents. 2656237 instances. (3199.699262274939 docs/s, 9.473432282652585 MB/s).
Processed 970000 documents. 2704587 instances. (3188.7379172813216 docs/s, 9.516073111213636 MB/s).
Processed 980000 documents. 2734532 instances. (3199.318788421576 docs/s, 9.554249639406105 MB/s).
Processed 990000 documents. 2755931 instances. (3209.557391814507 docs/s, 9.561424869517559 MB/s).
Processed 1000000 documents. 2778456 instances. (3066.8402427027913 docs/s, 9.118435975821091 MB/s).
Processed 1010000 documents. 2799183 instances. (3076.8644976617993 docs/s, 9.124146796227356 MB/s).
Processed 1020000 documents. 2820148 instances. (3082.1190969011045 docs/s, 9.117369501975537 MB/s).
Processed 1030000 documents. 2840796 instances. (3094.7026648972264 docs/s, 9.131621506268315 MB/s).
Processed 1040000 documents. 2876731 instances. (3078.006686145028 docs/s, 9.110219541090467 MB/s).
Processed 1050000 documents. 2925931 instances. (3049.935594526288 docs/s, 9.095513665202134 MB/s).
Processed 1060000 documents. 2955620 instances. (3047.670985183896 docs/s, 9.093647880711833 MB/s).
Processed 1070000 documents. 2977700 instances. (3059.7749837483693 docs/s, 9.111590567335224 MB/s).
Processed 1080000 documents. 3000337 instances. (3064.4345690910163 docs/s, 9.109197128520274 MB/s).
Processed 1090000 documents. 3021704 instances. (3067.1120999181003 docs/s, 9.097169378978792 MB/s).
Processed 1100000 documents. 3041923 instances. (3076.041785503594 docs/s, 9.100959335654174 MB/s).
Processed 1110000 documents. 3061635 instances. (3084.779385367878 docs/s, 9.103199416735407 MB/s).
Processed 1120000 documents. 3100859 instances. (3071.113318722784 docs/s, 9.098167851119639 MB/s).
Processed 1130000 documents. 3147413 instances. (2908.7011933784147 docs/s, 8.669921401276076 MB/s).
Processed 1140000 documents. 3177256 instances. (2916.7223488014 docs/s, 8.698596796662699 MB/s).
Processed 1150000 documents. 3199649 instances. (2930.5833105939623 docs/s, 8.724399272643192 MB/s).
Processed 1160000 documents. 3222612 instances. (2938.6814373867287 docs/s, 8.734960857632988 MB/s).
Processed 1170000 documents. 3243628 instances. (2947.431860173379 docs/s, 8.74216302272859 MB/s).
Processed 1180000 documents. 3263509 instances. (2959.307115365589 docs/s, 8.756040292699304 MB/s).
Processed 1190000 documents. 3283674 instances. (2968.5689613403074 docs/s, 8.763348897489434 MB/s).
Processed 1200000 documents. 3322975 instances. (2963.355068743724 docs/s, 8.780253226643577 MB/s).
Processed 1210000 documents. 3368505 instances. (2949.964712719725 docs/s, 8.788070606422979 MB/s).
Processed 1220000 documents. 3397205 instances. (2952.109727575596 docs/s, 8.796097927815536 MB/s).
Processed 1230000 documents. 3419442 instances. (2960.1143033505646 docs/s, 8.805064767853523 MB/s).
Processed 1240000 documents. 3442444 instances. (2968.1697166073054 docs/s, 8.815991117603657 MB/s).
Processed 1250000 documents. 3463443 instances. (2972.3956162185477 docs/s, 8.810812217862642 MB/s).
Processed 1260000 documents. 3483292 instances. (2986.1884470507357 docs/s, 8.831455911333101 MB/s).
Processed 1270000 documents. 3502687 instances. (2997.7491587906793 docs/s, 8.84490995488517 MB/s).
Processed 1280000 documents. 3541821 instances. (2992.822253672238 docs/s, 8.860762793221133 MB/s).
Processed 1290000 documents. 3587403 instances. (2975.892766882404 docs/s, 8.855910796990878 MB/s).
Processed 1300000 documents. 3615583 instances. (2977.8004800630815 docs/s, 8.861882023889857 MB/s).
Processed 1310000 documents. 3637461 instances. (2980.0528264205304 docs/s, 8.853685935003636 MB/s).
Processed 1320000 documents. 3660316 instances. (2985.6129176827544 docs/s, 8.858110705134688 MB/s).
Processed 1330000 documents. 3681697 instances. (2992.274428895369 docs/s, 8.861864329098742 MB/s).
Processed 1340000 documents. 3702650 instances. (3001.902037306081 docs/s, 8.873986974556903 MB/s).
Processed 1350000 documents. 3722043 instances. (2840.2149460370183 docs/s, 8.377217831210173 MB/s).
Processed 1360000 documents. 3762889 instances. (2835.3844369620056 docs/s, 8.393955856655143 MB/s).
Processed 1370000 documents. 3808245 instances. (2823.729347698622 docs/s, 8.39897203726663 MB/s).
Processed 1380000 documents. 3836614 instances. (2826.7659137251185 docs/s, 8.40895987516865 MB/s).
Processed 1390000 documents. 3858945 instances. (2831.7327681096026 docs/s, 8.411356380171044 MB/s).
Processed 1400000 documents. 3881003 instances. (2841.9799081095202 docs/s, 8.42902442321789 MB/s).
Processed 1410000 documents. 3901343 instances. (2849.7633338991545 docs/s, 8.436076680890087 MB/s).
Processed 1420000 documents. 3921533 instances. (2857.093041617774 docs/s, 8.441613660304792 MB/s).
Processed 1430000 documents. 3940302 instances. (2869.262915623195 docs/s, 8.458552395198675 MB/s).
Processed 1440000 documents. 3981880 instances. (2861.1350117705847 docs/s, 8.465679340959595 MB/s).
Processed 1450000 documents. 4026394 instances. (2858.042099930092 docs/s, 8.49254530536256 MB/s).
Processed 1460000 documents. 4054862 instances. (2863.301859013492 docs/s, 8.50895092419847 MB/s).
Processed 1470000 documents. 4076856 instances. (2871.38595702856 docs/s, 8.52054373133299 MB/s).
Processed 1480000 documents. 4099895 instances. (2874.5764780668087 docs/s, 8.520214066629967 MB/s).
Processed 1490000 documents. 4120167 instances. (2884.8864219085817 docs/s, 8.534996646406695 MB/s).
Processed 1500000 documents. 4140043 instances. (2891.8698243404483 docs/s, 8.539376451334137 MB/s).
Processed 1510000 documents. 4160407 instances. (2898.355293684997 docs/s, 8.543340162759263 MB/s).
Processed 1520000 documents. 4201946 instances. (2895.004174135895 docs/s, 8.56316687537172 MB/s).
Processed 1530000 documents. 4245871 instances. (2891.572459115435 docs/s, 8.586402352248486 MB/s).
Processed 1540000 documents. 4273287 instances. (2894.7633550932032 docs/s, 8.594741044511798 MB/s).
Processed 1550000 documents. 4295621 instances. (2901.580408167006 docs/s, 8.603764925623217 MB/s).
Processed 1560000 documents. 4318212 instances. (2908.333278487265 docs/s, 8.613394182040997 MB/s).
Processed 1570000 documents. 4338140 instances. (2915.569729994128 docs/s, 8.61905232108898 MB/s).
Processed 1580000 documents. 4358863 instances. (2925.305560853003 docs/s, 8.633950055856669 MB/s).
Processed 1590000 documents. 4378255 instances. (2936.778128443739 docs/s, 8.65153947661741 MB/s).
Processed 1600000 documents. 4422306 instances. (2759.368007994765 docs/s, 8.160536981923165 MB/s).
Processed 1610000 documents. 4467243 instances. (2756.6253895886575 docs/s, 8.184605814029972 MB/s).
Processed 1620000 documents. 4495333 instances. (2761.40333905881 docs/s, 8.199241740963869 MB/s).
Processed 1630000 documents. 4517499 instances. (2771.302694443689 docs/s, 8.21842499626193 MB/s).
Processed 1640000 documents. 4540376 instances. (2778.846024894704 docs/s, 8.231544769035898 MB/s).
Processed 1650000 documents. 4560523 instances. (2786.9930026839575 docs/s, 8.241673940468653 MB/s).
Processed 1660000 documents. 4581700 instances. (2796.198830596303 docs/s, 8.257009075524898 MB/s).
Processed 1670000 documents. 4601825 instances. (2804.1991422099672 docs/s, 8.266963313732067 MB/s).
Processed 1680000 documents. 4647782 instances. (2802.377973424247 docs/s, 8.295904644541833 MB/s).
Processed 1690000 documents. 4690353 instances. (2796.156623287603 docs/s, 8.30450815815225 MB/s).
Processed 1700000 documents. 4718843 instances. (2798.9594265661294 docs/s, 8.313542575336964 MB/s).
Processed 1710000 documents. 4741487 instances. (2803.07605722849 docs/s, 8.316373533407537 MB/s).
Processed 1720000 documents. 4764623 instances. (2809.38853174039 docs/s, 8.32687423227118 MB/s).
Processed 1730000 documents. 4785288 instances. (2814.6506648134596 docs/s, 8.329741086248584 MB/s).
Processed 1740000 documents. 4805781 instances. (2817.8037211136475 docs/s, 8.326497709518751 MB/s).
Processed 1750000 documents. 4825188 instances. (2824.0481460927876 docs/s, 8.330737723138753 MB/s).
Processed 1760000 documents. 4869834 instances. (2819.619086247789 docs/s, 8.34807467515132 MB/s).
Processed 1770000 documents. 4910646 instances. (2819.8449841028078 docs/s, 8.37154524925009 MB/s).
Processed 1780000 documents. 4938277 instances. (2825.8488747614174 docs/s, 8.388626770170486 MB/s).
Processed 1790000 documents. 4960459 instances. (2831.435616248494 docs/s, 8.395743345043565 MB/s).
Processed 1800000 documents. 4983443 instances. (2836.6052078800703 docs/s, 8.40275369060293 MB/s).
Processed 1810000 documents. 5004305 instances. (2845.8892717795366 docs/s, 8.418522150814399 MB/s).
Processed 1820000 documents. 5024888 instances. (2851.4814185997247 docs/s, 8.423118524776413 MB/s).
Processed 1830000 documents. 5044728 instances. (2856.8840931261348 docs/s, 8.426231481942303 MB/s).
Processed 1840000 documents. 5089780 instances. (2853.614089110263 docs/s, 8.446908928139628 MB/s).
Processed 1850000 documents. 5133217 instances. (2856.9115554047444 docs/s, 8.482830336372382 MB/s).
Processed 1860000 documents. 5161838 instances. (2868.9751351338145 docs/s, 8.519704663638144 MB/s).
Processed 1870000 documents. 5184135 instances. (2881.79448932131 docs/s, 8.54853983886839 MB/s).
Processed 1880000 documents. 5206160 instances. (2894.6405178883338 docs/s, 8.577053619099223 MB/s).
Processed 1890000 documents. 5226975 instances. (2907.5067925346516 docs/s, 8.603526022558139 MB/s).
Processed 1900000 documents. 5247477 instances. (2920.3924006400425 docs/s, 8.629645215403885 MB/s).
Processed 1910000 documents. 5267235 instances. (2933.3585692352635 docs/s, 8.654949932946048 MB/s).
Processed 1920000 documents. 5313148 instances. (2942.901542704955 docs/s, 8.714140965040073 MB/s).
Processed 1930000 documents. 5354582 instances. (2953.1663479825847 docs/s, 8.767177307909632 MB/s).
Processed 1940000 documents. 5382212 instances. (2965.153601451157 docs/s, 8.802238115692656 MB/s).
Processed 1950000 documents. 5405679 instances. (2977.5007089986634 docs/s, 8.8316638569471 MB/s).
Processed 1960000 documents. 5428104 instances. (2990.0509409340457 docs/s, 8.859869208617548 MB/s).
Processed 1970000 documents. 5448440 instances. (3002.8142304587773 docs/s, 8.885600390020295 MB/s).
Processed 1980000 documents. 5468998 instances. (3015.5516048816276 docs/s, 8.911544600035944 MB/s).
Processed 1990000 documents. 5488718 instances. (3028.326020064185 docs/s, 8.936261040240208 MB/s).
Processed 2000000 documents. 5534612 instances. (3037.663215773712 docs/s, 8.99488798660889 MB/s).
Processed 2010000 documents. 5576498 instances. (3047.5987796834056 docs/s, 9.047860658671373 MB/s).
Processed 2020000 documents. 5603736 instances. (3059.3385380766335 docs/s, 9.081610918785536 MB/s).
Processed 2030000 documents. 5626410 instances. (3071.6793615487877 docs/s, 9.10975721982777 MB/s).
Processed 2040000 documents. 5648540 instances. (3084.052077744785 docs/s, 9.13714498205363 MB/s).
Processed 2050000 documents. 5669344 instances. (3096.4859349244803 docs/s, 9.162506418750112 MB/s).
Processed 2060000 documents. 5690521 instances. (3108.881709420482 docs/s, 9.188248919502147 MB/s).
Processed 2070000 documents. 5710681 instances. (3121.394890184166 docs/s, 9.213113167606412 MB/s).
Processed 2080000 documents. 5758042 instances. (3130.2300253469325 docs/s, 9.27230906800227 MB/s).
Processed 2090000 documents. 5798702 instances. (3140.1604950666297 docs/s, 9.322940751726263 MB/s).
Processed 2100000 documents. 5826874 instances. (3151.5789175160076 docs/s, 9.357033534746662 MB/s).
Processed 2110000 documents. 5849154 instances. (3163.7914464729784 docs/s, 9.384312436195689 MB/s).
Processed 2120000 documents. 5872021 instances. (3175.849461816915 docs/s, 9.412110547321294 MB/s).
Processed 2130000 documents. 5892399 instances. (3188.1884384387286 docs/s, 9.43646607108689 MB/s).
Processed 2140000 documents. 5913865 instances. (3200.359685804831 docs/s, 9.462244588297635 MB/s).
Processed 2150000 documents. 5933313 instances. (3212.834859403244 docs/s, 9.486051234744503 MB/s).
Processed 2160000 documents. 5980657 instances. (3221.4778777984384 docs/s, 9.544174921057406 MB/s).
Processed 2170000 documents. 6021859 instances. (3231.0920638507387 docs/s, 9.594583897375346 MB/s).
Processed 2180000 documents. 6049644 instances. (3242.434938729029 docs/s, 9.627841535751834 MB/s).
Processed 2190000 documents. 6072368 instances. (3254.410534372254 docs/s, 9.65515304964078 MB/s).
Processed 2200000 documents. 6095174 instances. (3266.3207406500965 docs/s, 9.682270371532233 MB/s).
Processed 2210000 documents. 6115243 instances. (3278.5411512882797 docs/s, 9.706158564246982 MB/s).
Processed 2220000 documents. 6136262 instances. (3290.662437791423 docs/s, 9.731307050156088 MB/s).
Processed 2230000 documents. 6156293 instances. (3302.8483058867396 docs/s, 9.75525170362158 MB/s).
Processed 2240000 documents. 6204654 instances. (3310.973972116855 docs/s, 9.81349232560656 MB/s).
Processed 2250000 documents. 6244968 instances. (3320.3034878778412 docs/s, 9.861171722971957 MB/s).
Processed 2260000 documents. 6272101 instances. (3331.4271293280067 docs/s, 9.892982044998366 MB/s).
Processed 2270000 documents. 6294350 instances. (3343.174919188734 docs/s, 9.918908962484952 MB/s).
Processed 2280000 documents. 6316926 instances. (3354.997862292528 docs/s, 9.945616711392981 MB/s).
Processed 2290000 documents. 6337135 instances. (3367.0212126389433 docs/s, 9.969198799465843 MB/s).
Processed 2300000 documents. 6357981 instances. (3378.9322477030137 docs/s, 9.993513265654464 MB/s).
Processed 2310000 documents. 6378002 instances. (3390.9812839567976 docs/s, 10.017204841034186 MB/s).
Processed 2320000 documents. 6427291 instances. (3398.6646880229455 docs/s, 10.074725285828201 MB/s).
Processed 2330000 documents. 6466121 instances. (3408.2159086409333 docs/s, 10.120847699862912 MB/s).
Processed 2340000 documents. 6493683 instances. (3419.123652114378 docs/s, 10.152291675334078 MB/s).
Processed 2350000 documents. 6516594 instances. (3430.629692002309 docs/s, 10.178526586308422 MB/s).
Processed 2360000 documents. 6538217 instances. (3442.374686368005 docs/s, 10.203577082252586 MB/s).
Processed 2370000 documents. 6557904 instances. (3454.31016260051 docs/s, 10.226170049907404 MB/s).
Processed 2380000 documents. 6577911 instances. (3466.195276534787 docs/s, 10.249194110333775 MB/s).
Processed 2390000 documents. 6597726 instances. (3478.030720641635 docs/s, 10.272004724221526 MB/s).
Processed 2400000 documents. 6646931 instances. (3485.5858552175005 docs/s, 10.329078270879844 MB/s).
Processed 2410000 documents. 6686811 instances. (3494.6883152200285 docs/s, 10.374918054396886 MB/s).
Processed 2420000 documents. 6712824 instances. (3505.692720079527 docs/s, 10.404505599868859 MB/s).
Processed 2430000 documents. 6735404 instances. (3517.1096040588664 docs/s, 10.430124115453678 MB/s).
Processed 2440000 documents. 6757700 instances. (3528.5387734908145 docs/s, 10.45512180027022 MB/s).
Processed 2450000 documents. 6778467 instances. (3540.073226329703 docs/s, 10.478191912684988 MB/s).
Processed 2460000 documents. 6798756 instances. (3551.7814853662135 docs/s, 10.501284903733072 MB/s).
Processed 2470000 documents. 6818641 instances. (3563.5021468159225 docs/s, 10.523826114744965 MB/s).
Processed 2480000 documents. 6869404 instances. (3570.585641583568 docs/s, 10.5818797732479 MB/s).
Processed 2490000 documents. 6907888 instances. (3579.730121747007 docs/s, 10.625804486037234 MB/s).
Processed 2500000 documents. 6935665 instances. (3590.207254473216 docs/s, 10.656550275573373 MB/s).
Processed 2510000 documents. 6958452 instances. (3601.41868056832 docs/s, 10.681906380175358 MB/s).
Processed 2520000 documents. 6980642 instances. (3612.731879796087 docs/s, 10.706838891491937 MB/s).
Processed 2530000 documents. 7000188 instances. (3624.368251730999 docs/s, 10.728655834620103 MB/s).
Processed 2540000 documents. 7020295 instances. (3635.912838331935 docs/s, 10.751070875313998 MB/s).
Processed 2550000 documents. 7040109 instances. (3647.4691910090737 docs/s, 10.77323363307823 MB/s).
Processed 2560000 documents. 7091275 instances. (3654.257441411333 docs/s, 10.830501190555589 MB/s).
Processed 2570000 documents. 7130550 instances. (3663.1044909705815 docs/s, 10.874778052881181 MB/s).
Processed 2580000 documents. 7156709 instances. (3673.725967879721 docs/s, 10.903615278526209 MB/s).
Processed 2590000 documents. 7179183 instances. (3684.857810534821 docs/s, 10.928384172607442 MB/s).
Processed 2600000 documents. 7201140 instances. (3696.0396495615555 docs/s, 10.952573259483568 MB/s).
Processed 2610000 documents. 7221942 instances. (3707.2716886772932 docs/s, 10.974988335062983 MB/s).
Processed 2620000 documents. 7241855 instances. (3718.6762796550956 docs/s, 10.996646427063338 MB/s).
Processed 2630000 documents. 7261253 instances. (3730.1495216647795 docs/s, 11.018007346614377 MB/s).
Processed 2640000 documents. 7312012 instances. (3736.8567124406254 docs/s, 11.074149926993476 MB/s).
Processed 2650000 documents. 7350620 instances. (3745.5784532504804 docs/s, 11.11666764746165 MB/s).
Processed 2660000 documents. 7376353 instances. (3756.072589947477 docs/s, 11.144342942960943 MB/s).
Processed 2670000 documents. 7398895 instances. (3766.986578511984 docs/s, 11.168774378928516 MB/s).
Processed 2680000 documents. 7420966 instances. (3777.931533200636 docs/s, 11.192629920181911 MB/s).
Processed 2690000 documents. 7441683 instances. (3788.9531544174665 docs/s, 11.214542444266206 MB/s).
Processed 2700000 documents. 7462116 instances. (3800.1192718359093 docs/s, 11.236464044041234 MB/s).
Processed 2710000 documents. 7482340 instances. (3811.278658802394 docs/s, 11.258310781410692 MB/s).
Processed 2720000 documents. 7534169 instances. (3817.6143767143412 docs/s, 11.314790384307328 MB/s).
Processed 2730000 documents. 7571267 instances. (3826.389336306831 docs/s, 11.35494372327765 MB/s).
Processed 2740000 documents. 7597403 instances. (3836.6806839313563 docs/s, 11.382624253844789 MB/s).
Processed 2750000 documents. 7619631 instances. (3847.5250467176224 docs/s, 11.406292847928787 MB/s).
Processed 2760000 documents. 7641376 instances. (3858.3960171724575 docs/s, 11.429422610250331 MB/s).
Processed 2770000 documents. 7662098 instances. (3869.3695682966577 docs/s, 11.451115870332865 MB/s).
Processed 2780000 documents. 7682308 instances. (3880.3829536573153 docs/s, 11.472386917353134 MB/s).
Processed 2790000 documents. 7701758 instances. (3891.545182574907 docs/s, 11.493065207537073 MB/s).
Processed 2800000 documents. 7753552 instances. (3897.644665190358 docs/s, 11.548528718302151 MB/s).
Processed 2810000 documents. 7790018 instances. (3906.323917670863 docs/s, 11.587425500970676 MB/s).
Processed 2820000 documents. 7816621 instances. (3916.3109110769324 docs/s, 11.61484072579379 MB/s).
Processed 2830000 documents. 7839213 instances. (3926.9196679325664 docs/s, 11.638377138423847 MB/s).
Processed 2840000 documents. 7860926 instances. (3937.6411449134976 docs/s, 11.661026841742425 MB/s).
Processed 2850000 documents. 7881247 instances. (3948.4968250852367 docs/s, 11.682052141958659 MB/s).
Processed 2860000 documents. 7900740 instances. (3959.5405495448927 docs/s, 11.702584430719021 MB/s).
Processed 2870000 documents. 7919810 instances. (3970.6096095684657 docs/s, 11.72253211274493 MB/s).
Processed 2880000 documents. 7972728 instances. (3976.2365929880552 docs/s, 11.777791040975123 MB/s).
Processed 2890000 documents. 8009408 instances. (3984.6893230260343 docs/s, 11.816194208401502 MB/s).
Processed 2900000 documents. 8035330 instances. (3994.690290423143 docs/s, 11.842923406365431 MB/s).
Processed 2910000 documents. 8057990 instances. (4005.127291562347 docs/s, 11.86621450539766 MB/s).
Processed 2920000 documents. 8078917 instances. (4015.8558581774737 docs/s, 11.88785289119078 MB/s).
Processed 2930000 documents. 8100176 instances. (4026.222329751139 docs/s, 11.908728745879888 MB/s).
Processed 2940000 documents. 8120143 instances. (4037.050425305068 docs/s, 11.929294971287046 MB/s).
Processed 2950000 documents. 8140020 instances. (4047.8689064240943 docs/s, 11.949910635448667 MB/s).
Processed 2960000 documents. 8193839 instances. (4053.2859491575687 docs/s, 12.005869063215961 MB/s).
Processed 2970000 documents. 8231343 instances. (4061.357485196086 docs/s, 12.044069701936435 MB/s).
Processed 2980000 documents. 8256574 instances. (4071.3381299803336 docs/s, 12.069748127040706 MB/s).
Processed 2990000 documents. 8278791 instances. (4081.68913338651 docs/s, 12.092243666193593 MB/s).
Processed 3000000 documents. 8300554 instances. (4092.1640118492987 docs/s, 12.114260764533691 MB/s).
Processed 3010000 documents. 8321815 instances. (4102.502241910799 docs/s, 12.135084494504332 MB/s).
Processed 3020000 documents. 8342206 instances. (4113.060114107224 docs/s, 12.155721739405983 MB/s).
Processed 3030000 documents. 8361854 instances. (4123.735042114326 docs/s, 12.175654565694511 MB/s).
Processed 3040000 documents. 8414654 instances. (4129.107909750596 docs/s, 12.229214578736192 MB/s).
Processed 3050000 documents. 8451463 instances. (4137.191931864576 docs/s, 12.266400159104098 MB/s).
Processed 3060000 documents. 8476462 instances. (4147.005045291847 docs/s, 12.291042842237978 MB/s).
Processed 3070000 documents. 8497850 instances. (4157.370771209805 docs/s, 12.31241371293282 MB/s).
Processed 3080000 documents. 8519885 instances. (4167.602117753731 docs/s, 12.334414115995513 MB/s).
Processed 3090000 documents. 8540610 instances. (4177.96760447717 docs/s, 12.354877805674311 MB/s).
Processed 3100000 documents. 8559662 instances. (4188.660455626439 docs/s, 12.37382323026548 MB/s).
Processed 3110000 documents. 8579223 instances. (4199.219292850553 docs/s, 12.39326339360215 MB/s).
Processed 3120000 documents. 8633928 instances. (4203.918254602911 docs/s, 12.447741082775684 MB/s).
Processed 3130000 documents. 8671161 instances. (4211.754480255929 docs/s, 12.484798500267466 MB/s).
Processed 3140000 documents. 8696387 instances. (4221.4322979285935 docs/s, 12.509693426553518 MB/s).
Processed 3150000 documents. 8718536 instances. (4231.515346831194 docs/s, 12.531354291229448 MB/s).
Processed 3160000 documents. 8741465 instances. (4241.39537531071 docs/s, 12.553411253844914 MB/s).
Processed 3170000 documents. 8761861 instances. (4251.708769184307 docs/s, 12.573433854472457 MB/s).
Processed 3180000 documents. 8782525 instances. (4261.891862100643 docs/s, 12.593382834572212 MB/s).
Processed 3190000 documents. 8802915 instances. (4272.15135492744 docs/s, 12.613431675353699 MB/s).
Processed 3200000 documents. 8856527 instances. (4276.946796051908 docs/s, 12.666080901770169 MB/s).
Processed 3210000 documents. 8892818 instances. (4284.808856597099 docs/s, 12.70188276622601 MB/s).
Processed 3220000 documents. 8918304 instances. (4294.297448246805 docs/s, 12.726507685129203 MB/s).
Processed 3230000 documents. 8940735 instances. (4304.164645751206 docs/s, 12.747965672734416 MB/s).
Processed 3240000 documents. 8961527 instances. (4314.30828387604 docs/s, 12.767902186171272 MB/s).
Processed 3250000 documents. 8981617 instances. (4324.561797285848 docs/s, 12.787248246054983 MB/s).
Processed 3260000 documents. 9001860 instances. (4334.701062184202 docs/s, 12.806440334801502 MB/s).
Processed 3270000 documents. 9022018 instances. (4344.8611960881235 docs/s, 12.825697861987727 MB/s).
Processed 3280000 documents. 9075658 instances. (4349.567034674459 docs/s, 12.877818014091968 MB/s).
Processed 3290000 documents. 9111554 instances. (4357.298753862828 docs/s, 12.912441409298669 MB/s).
Processed 3300000 documents. 9135923 instances. (4366.830068108459 docs/s, 12.935785885647194 MB/s).
Processed 3310000 documents. 9157650 instances. (4376.745410021405 docs/s, 12.956581174731422 MB/s).
Processed 3320000 documents. 9179076 instances. (4386.633916073568 docs/s, 12.976730411792973 MB/s).
Processed 3330000 documents. 9199288 instances. (4396.6592822751345 docs/s, 12.995444645300338 MB/s).
Processed 3340000 documents. 9219087 instances. (4406.795242653303 docs/s, 13.014168293147586 MB/s).
Processed 3350000 documents. 9239251 instances. (4416.771536209015 docs/s, 13.033021742672908 MB/s).
Processed 3360000 documents. 9294663 instances. (4421.039414247206 docs/s, 13.08609945192846 MB/s).
Processed 3370000 documents. 9330056 instances. (4428.758074984283 docs/s, 13.119959400018347 MB/s).
Processed 3380000 documents. 9354718 instances. (4438.0544004877875 docs/s, 13.142821430638866 MB/s).
Processed 3390000 documents. 9377733 instances. (4447.516219957318 docs/s, 13.164157372452003 MB/s).
Processed 3400000 documents. 9398940 instances. (4457.379200839365 docs/s, 13.184064406735352 MB/s).
Processed 3410000 documents. 9419463 instances. (4467.20759585623 docs/s, 13.202908198435376 MB/s).
Processed 3420000 documents. 9439894 instances. (4477.037009992315 docs/s, 13.221537382687305 MB/s).
Processed 3430000 documents. 9459979 instances. (4486.93089438493 docs/s, 13.240126481110167 MB/s).
Processed 3440000 documents. 9516064 instances. (4490.779877702733 docs/s, 13.292478786697759 MB/s).
Processed 3450000 documents. 9551124 instances. (4498.318456248191 docs/s, 13.325177592984513 MB/s).
Processed 3460000 documents. 9576073 instances. (4507.278826133175 docs/s, 13.34754843836584 MB/s).
Processed 3470000 documents. 9597985 instances. (4516.874647832068 docs/s, 13.367763711639316 MB/s).
Processed 3480000 documents. 9619252 instances. (4526.5484734989495 docs/s, 13.387133375258928 MB/s).
Processed 3490000 documents. 9639537 instances. (4536.3211637574905 docs/s, 13.405494427612767 MB/s).
Processed 3500000 documents. 9659404 instances. (4546.143285411843 docs/s, 13.423495782058648 MB/s).
Processed 3510000 documents. 9679486 instances. (4555.885108069482 docs/s, 13.441811533825602 MB/s).
Processed 3520000 documents. 9735458 instances. (4559.678662805065 docs/s, 13.49367687851561 MB/s).
Processed 3530000 documents. 9771116 instances. (4567.006406112038 docs/s, 13.52664487515417 MB/s).
Processed 3540000 documents. 9795803 instances. (4576.04001533746 docs/s, 13.549068279294524 MB/s).
Processed 3550000 documents. 9818286 instances. (4585.4231267724135 docs/s, 13.569439589687027 MB/s).
Processed 3560000 documents. 9840282 instances. (4594.879911618223 docs/s, 13.589419627040945 MB/s).
Processed 3570000 documents. 9860532 instances. (4604.542819877603 docs/s, 13.607446364219749 MB/s).
Processed 3580000 documents. 9880793 instances. (4614.223188271223 docs/s, 13.625724719207224 MB/s).
Processed 3590000 documents. 9900889 instances. (4623.9052398532685 docs/s, 13.643989287009296 MB/s).
Processed 3600000 documents. 9956673 instances. (4627.5130481343795 docs/s, 13.694562659823909 MB/s).
Processed 3610000 documents. 9992073 instances. (4634.789444612617 docs/s, 13.726863453247269 MB/s).
Processed 3620000 documents. 10016358 instances. (4643.784293140106 docs/s, 13.748390536673572 MB/s).
Processed 3630000 documents. 10038553 instances. (4653.089831940797 docs/s, 13.768181335941918 MB/s).
Processed 3640000 documents. 10060489 instances. (4662.432614729053 docs/s, 13.787802645415024 MB/s).
Processed 3650000 documents. 10081027 instances. (4671.890707869232 docs/s, 13.805804636913987 MB/s).
Processed 3660000 documents. 10101641 instances. (4681.290420799601 docs/s, 13.823612148234712 MB/s).
Processed 3670000 documents. 10120987 instances. (4691.022348616555 docs/s, 13.841093982228 MB/s).
Processed 3680000 documents. 10177971 instances. (4694.247008370881 docs/s, 13.892130162837226 MB/s).
Processed 3690000 documents. 10212169 instances. (4701.44702101002 docs/s, 13.922289932711251 MB/s).
Processed 3700000 documents. 10237220 instances. (4710.17461482538 docs/s, 13.944174909313638 MB/s).
Processed 3710000 documents. 10259330 instances. (4719.361066952264 docs/s, 13.963572040115734 MB/s).
Processed 3720000 documents. 10281074 instances. (4728.585894411484 docs/s, 13.982612376759706 MB/s).
Processed 3730000 documents. 10302591 instances. (4737.616977255867 docs/s, 14.000583351090894 MB/s).
Processed 3740000 documents. 10322622 instances. (4747.078116747515 docs/s, 14.018006407025755 MB/s).
Processed 3750000 documents. 10342367 instances. (4756.5372252955 docs/s, 14.03515741792886 MB/s).
Processed 3760000 documents. 10400372 instances. (4759.522791091564 docs/s, 14.086593618728672 MB/s).
Processed 3770000 documents. 10434615 instances. (4766.733631207878 docs/s, 14.117041458942316 MB/s).
Processed 3780000 documents. 10457928 instances. (4775.657879563758 docs/s, 14.137226283838125 MB/s).
Processed 3790000 documents. 10480921 instances. (4784.58286332582 docs/s, 14.157006648590029 MB/s).
Processed 3800000 documents. 10502531 instances. (4793.73828129413 docs/s, 14.175636372252422 MB/s).
Processed 3810000 documents. 10522777 instances. (4803.072180954972 docs/s, 14.193086703488024 MB/s).
Processed 3820000 documents. 10543066 instances. (4812.367297110569 docs/s, 14.210512191875358 MB/s).
Processed 3830000 documents. 10563194 instances. (4821.675266368306 docs/s, 14.227809191088934 MB/s).
Processed 3840000 documents. 10619819 instances. (4824.768117279956 docs/s, 14.277277909305473 MB/s).
Processed 3850000 documents. 10653439 instances. (4831.947080899485 docs/s, 14.306553827764878 MB/s).
Processed 3860000 documents. 10678263 instances. (4840.4507061116565 docs/s, 14.327539121322785 MB/s).
Processed 3870000 documents. 10700408 instances. (4849.432678027896 docs/s, 14.346603010788806 MB/s).
Processed 3880000 documents. 10722764 instances. (4858.088569895151 docs/s, 14.364782097983182 MB/s).
Processed 3890000 documents. 10743212 instances. (4867.253115947755 docs/s, 14.382081178294905 MB/s).
Processed 3900000 documents. 10762916 instances. (4876.600070741917 docs/s, 14.398895308428306 MB/s).
Processed 3910000 documents. 10782731 instances. (4885.881929557781 docs/s, 14.415803079822005 MB/s).
Processed 3920000 documents. 10839844 instances. (4888.699197704882 docs/s, 14.464726522643087 MB/s).
Processed 3930000 documents. 10873782 instances. (4895.6758415360355 docs/s, 14.493881521452519 MB/s).
Processed 3940000 documents. 10897574 instances. (4904.260119696683 docs/s, 14.513785285558594 MB/s).
Processed 3950000 documents. 10919840 instances. (4913.060474398068 docs/s, 14.532470800916434 MB/s).
Processed 3960000 documents. 10942113 instances. (4921.831042906321 docs/s, 14.551170055608479 MB/s).
Processed 3970000 documents. 10962762 instances. (4930.83030220167 docs/s, 14.568256287075508 MB/s).
Processed 3980000 documents. 10982572 instances. (4939.98607272835 docs/s, 14.58465830450156 MB/s).
Processed 3990000 documents. 11002274 instances. (4949.186883830886 docs/s, 14.601224129513858 MB/s).
Processed 4000000 documents. 11060040 instances. (4951.739959296418 docs/s, 14.649984615817614 MB/s).
Processed 4010000 documents. 11093708 instances. (4958.5421826895345 docs/s, 14.677903219411341 MB/s).
Processed 4020000 documents. 11117721 instances. (4966.963595388768 docs/s, 14.697556127100746 MB/s).
Processed 4030000 documents. 11140322 instances. (4975.577579667028 docs/s, 14.716248574548516 MB/s).
Processed 4040000 documents. 11162152 instances. (4984.239123350268 docs/s, 14.733780018204454 MB/s).
Processed 4050000 documents. 11182847 instances. (4993.060548034167 docs/s, 14.750460353184915 MB/s).
Processed 4060000 documents. 11202803 instances. (5002.081730573101 docs/s, 14.76677148124754 MB/s).
Processed 4070000 documents. 11222874 instances. (5011.085312458972 docs/s, 14.783462360943906 MB/s).
Processed 4080000 documents. 11280488 instances. (5013.567747220142 docs/s, 14.831501015650757 MB/s).
Processed 4090000 documents. 11314259 instances. (5020.334288697081 docs/s, 14.859413053394535 MB/s).
Processed 4100000 documents. 11338177 instances. (5028.654136487603 docs/s, 14.87859964346498 MB/s).
Processed 4110000 documents. 11360290 instances. (5037.304149163924 docs/s, 14.896857615853456 MB/s).
Processed 4120000 documents. 11381900 instances. (5046.04105584033 docs/s, 14.914650415159535 MB/s).
Processed 4130000 documents. 11402128 instances. (5054.932017295586 docs/s, 14.930944904359379 MB/s).
Processed 4140000 documents. 11422219 instances. (5063.8907836983535 docs/s, 14.947453368214903 MB/s).
Processed 4150000 documents. 11441547 instances. (5072.925942720954 docs/s, 14.963314368946614 MB/s).
Processed 4160000 documents. 11499280 instances. (5075.194566547351 docs/s, 15.010703310908811 MB/s).
Processed 4170000 documents. 11533168 instances. (5081.697550260222 docs/s, 15.038053008551094 MB/s).
Processed 4180000 documents. 11556695 instances. (5089.960369271551 docs/s, 15.056707016562422 MB/s).
Processed 4190000 documents. 11579144 instances. (5098.449823575135 docs/s, 15.074933439597208 MB/s).
Processed 4200000 documents. 11599880 instances. (5107.188270050378 docs/s, 15.091533544530806 MB/s).
Processed 4210000 documents. 11619972 instances. (5115.923937883096 docs/s, 15.107294297101934 MB/s).
Processed 4220000 documents. 11639315 instances. (5124.876449899861 docs/s, 15.122783584948317 MB/s).
Processed 4230000 documents. 11659206 instances. (5133.656001170769 docs/s, 15.138699764208559 MB/s).
Processed 4240000 documents. 11717268 instances. (5135.835702393403 docs/s, 15.18589802916534 MB/s).
Processed 4250000 documents. 11750647 instances. (5142.418061066091 docs/s, 15.212773787428244 MB/s).
Processed 4260000 documents. 11774190 instances. (5150.582341263606 docs/s, 15.231304872578551 MB/s).
Processed 4270000 documents. 11796384 instances. (5159.00009682128 docs/s, 15.249001089950971 MB/s).
Processed 4280000 documents. 11818016 instances. (5167.48802343672 docs/s, 15.266163666894261 MB/s).
Processed 4290000 documents. 11838953 instances. (5175.844486103891 docs/s, 15.281765855392063 MB/s).
Processed 4300000 documents. 11858266 instances. (5184.751356106384 docs/s, 15.297242652559419 MB/s).
Processed 4310000 documents. 11878424 instances. (5193.396737502148 docs/s, 15.313090032397945 MB/s).
Processed 4320000 documents. 11936624 instances. (5195.360791865651 docs/s, 15.359554620731155 MB/s).
Processed 4330000 documents. 11968530 instances. (5202.097555509477 docs/s, 15.384941541210138 MB/s).
Processed 4340000 documents. 11991786 instances. (5210.222052059929 docs/s, 15.403054031134136 MB/s).
Processed 4350000 documents. 12014221 instances. (5218.4766934803 docs/s, 15.420667185653507 MB/s).
Processed 4360000 documents. 12034895 instances. (5227.086137444213 docs/s, 15.43709903785727 MB/s).
Processed 4370000 documents. 12055640 instances. (5235.504022456866 docs/s, 15.452860015866582 MB/s).
Processed 4380000 documents. 12075080 instances. (5244.210121160756 docs/s, 15.467946013072947 MB/s).
Processed 4390000 documents. 12094637 instances. (5252.928852895589 docs/s, 15.483430116163017 MB/s).
Processed 4400000 documents. 12154709 instances. (5254.018179716531 docs/s, 15.52921298917018 MB/s).
Processed 4410000 documents. 12187604 instances. (5260.223852638041 docs/s, 15.554180953341424 MB/s).
Processed 4420000 documents. 12210485 instances. (5268.326890479213 docs/s, 15.571783816936918 MB/s).
Processed 4430000 documents. 12232087 instances. (5276.6490801051705 docs/s, 15.588454992149973 MB/s).
Processed 4440000 documents. 12254000 instances. (5284.866675215875 docs/s, 15.605392203056589 MB/s).
Processed 4450000 documents. 12275425 instances. (5292.953710549909 docs/s, 15.621125685063062 MB/s).
Processed 4460000 documents. 12295654 instances. (5301.168302220202 docs/s, 15.63577640538821 MB/s).
Processed 4470000 documents. 12315883 instances. (5309.650022020056 docs/s, 15.651495965763269 MB/s).
Processed 4480000 documents. 12375590 instances. (5311.086164406832 docs/s, 15.6978841128759 MB/s).
Processed 4490000 documents. 12408601 instances. (5317.409644046121 docs/s, 15.72311693205007 MB/s).
Processed 4500000 documents. 12432630 instances. (5325.188063719462 docs/s, 15.74135244838933 MB/s).
Processed 4510000 documents. 12453923 instances. (5333.410119341982 docs/s, 15.757470061266577 MB/s).
Processed 4520000 documents. 12476192 instances. (5341.4333298837155 docs/s, 15.774122349928577 MB/s).
Processed 4530000 documents. 12496884 instances. (5349.696798112728 docs/s, 15.789640970190932 MB/s).
Processed 4540000 documents. 12516865 instances. (5357.903195848035 docs/s, 15.804037454898149 MB/s).
Processed 4550000 documents. 12536688 instances. (5366.357337744589 docs/s, 15.819186069279631 MB/s).
Processed 4560000 documents. 12596395 instances. (5367.636796498048 docs/s, 15.864713883863619 MB/s).
Processed 4570000 documents. 12629154 instances. (5373.762892786069 docs/s, 15.889144529297017 MB/s).
Processed 4580000 documents. 12652403 instances. (5381.548274050941 docs/s, 15.906333397001271 MB/s).
Processed 4590000 documents. 12674592 instances. (5389.557198380381 docs/s, 15.922980292945564 MB/s).
Processed 4600000 documents. 12696007 instances. (5397.682158076081 docs/s, 15.938989277707368 MB/s).
Processed 4610000 documents. 12717222 instances. (5405.699134661998 docs/s, 15.954350284444068 MB/s).
Processed 4620000 documents. 12737329 instances. (5413.952908153414 docs/s, 15.969116675905163 MB/s).
Processed 4630000 documents. 12757259 instances. (5422.270902404208 docs/s, 15.984132226775419 MB/s).
Processed 4640000 documents. 12818022 instances. (5423.230362869988 docs/s, 16.02985483467887 MB/s).
Processed 4650000 documents. 12850734 instances. (5429.35653506231 docs/s, 16.054168086852254 MB/s).
Processed 4660000 documents. 12874439 instances. (5436.998570247989 docs/s, 16.07166754610417 MB/s).
Processed 4670000 documents. 12896924 instances. (5444.7976494391705 docs/s, 16.088025131112005 MB/s).
Processed 4680000 documents. 12918450 instances. (5452.770653498386 docs/s, 16.103767740039917 MB/s).
Processed 4690000 documents. 12939224 instances. (5460.814797591419 docs/s, 16.118847855393778 MB/s).
Processed 4700000 documents. 12958956 instances. (5469.036411118992 docs/s, 16.1332781596555 MB/s).
Processed 4710000 documents. 12979984 instances. (5476.9811427103 docs/s, 16.148453291993874 MB/s).
Processed 4720000 documents. 13040043 instances. (5477.896535443159 docs/s, 16.192618295652764 MB/s).
Processed 4730000 documents. 13072124 instances. (5484.002747263126 docs/s, 16.21609020068682 MB/s).
Processed 4740000 documents. 13096479 instances. (5491.224008853242 docs/s, 16.23306733292373 MB/s).
Processed 4750000 documents. 13118099 instances. (5499.1217528986945 docs/s, 16.24888048677571 MB/s).
Processed 4760000 documents. 13139545 instances. (5507.084467048527 docs/s, 16.26461485082121 MB/s).
Processed 4770000 documents. 13159638 instances. (5515.1425550852955 docs/s, 16.2788090489268 MB/s).
Processed 4780000 documents. 13178918 instances. (5523.440362610324 docs/s, 16.292945703700674 MB/s).
Processed 4790000 documents. 13199071 instances. (5531.546769217848 docs/s, 16.30766275664191 MB/s).
Processed 4800000 documents. 13259954 instances. (5532.353729744316 docs/s, 16.35258315785576 MB/s).
Processed 4810000 documents. 13291319 instances. (5538.572761234979 docs/s, 16.37542143336869 MB/s).
Processed 4820000 documents. 13313934 instances. (5546.250474029626 docs/s, 16.391732691224487 MB/s).
Processed 4830000 documents. 13336066 instances. (5553.900779327859 docs/s, 16.40719703107322 MB/s).
Processed 4840000 documents. 13356978 instances. (5561.863413017871 docs/s, 16.422358004533244 MB/s).
Processed 4850000 documents. 13378415 instances. (5569.509405533713 docs/s, 16.43699296545469 MB/s).
Processed 4860000 documents. 13398460 instances. (5577.496065099361 docs/s, 16.45109125826746 MB/s).
Processed 4870000 documents. 13420046 instances. (5585.2459487005735 docs/s, 16.46651773173648 MB/s).
Processed 4880000 documents. 13480423 instances. (5585.8935367354725 docs/s, 16.50991477074461 MB/s).
Processed 4890000 documents. 13512065 instances. (5591.853128116942 docs/s, 16.53222091465219 MB/s).
Processed 4900000 documents. 13534480 instances. (5599.4256479025025 docs/s, 16.54801755986395 MB/s).
Processed 4910000 documents. 13555968 instances. (5607.226921966174 docs/s, 16.563417225929896 MB/s).
Processed 4920000 documents. 13577824 instances. (5614.850246789543 docs/s, 16.578710002639845 MB/s).
Processed 4930000 documents. 13599358 instances. (5622.399960499589 docs/s, 16.593250351542633 MB/s).
Processed 4940000 documents. 13618549 instances. (5630.541776961312 docs/s, 16.60691320808881 MB/s).
Processed 4950000 documents. 13641200 instances. (5637.961975025737 docs/s, 16.622700417279884 MB/s).
Processed 4960000 documents. 13700766 instances. (5638.6428855731665 docs/s, 16.66473536181261 MB/s).
Processed 4970000 documents. 13732786 instances. (5644.401963990095 docs/s, 16.686988778688306 MB/s).
Processed 4980000 documents. 13757168 instances. (5651.524161772041 docs/s, 16.70384750202794 MB/s).
Processed 4990000 documents. 13779820 instances. (5658.959303562996 docs/s, 16.719623019322047 MB/s).
Processed 5000000 documents. 13800951 instances. (5666.570861905001 docs/s, 16.734037470667275 MB/s).
Processed 5010000 documents. 13822536 instances. (5674.025885378517 docs/s, 16.748574340131082 MB/s).
Processed 5020000 documents. 13841691 instances. (5681.988390832178 docs/s, 16.761798431798805 MB/s).
Processed 5030000 documents. 13865941 instances. (5689.064896960438 docs/s, 16.77856492227942 MB/s).
Processed 5040000 documents. 13924920 instances. (5689.75163575562 docs/s, 16.81978606854823 MB/s).
Processed 5050000 documents. 13956289 instances. (5695.570697886842 docs/s, 16.841213505076702 MB/s).
Processed 5060000 documents. 13979211 instances. (5702.920322279862 docs/s, 16.857083430356912 MB/s).
Processed 5070000 documents. 14001135 instances. (5710.454218732202 docs/s, 16.872323466764314 MB/s).
Processed 5080000 documents. 14022129 instances. (5718.1126735396 docs/s, 16.886687998696946 MB/s).
Processed 5090000 documents. 14042128 instances. (5725.889191033152 docs/s, 16.900274323718957 MB/s).
Processed 5100000 documents. 14062896 instances. (5733.339727371465 docs/s, 16.913737165300542 MB/s).
Processed 5110000 documents. 14088378 instances. (5740.09104933072 docs/s, 16.93119049815382 MB/s).
Processed 5120000 documents. 14144932 instances. (5741.3486883238575 docs/s, 16.970799561350347 MB/s).
Processed 5130000 documents. 14175739 instances. (5747.122698124364 docs/s, 16.991425151650432 MB/s).
Processed 5140000 documents. 14198595 instances. (5754.40756330414 docs/s, 17.00718524636242 MB/s).
Processed 5150000 documents. 14220780 instances. (5761.827442557347 docs/s, 17.022540708860667 MB/s).
Processed 5160000 documents. 14241741 instances. (5769.357812168199 docs/s, 17.03660464137125 MB/s).
Processed 5170000 documents. 14261883 instances. (5777.010948075284 docs/s, 17.050134780411934 MB/s).
Processed 5180000 documents. 14281135 instances. (5784.863961817056 docs/s, 17.06326439023721 MB/s).
Processed 5190000 documents. 14307790 instances. (5791.2214485787545 docs/s, 17.08082396273814 MB/s).
Processed 5200000 documents. 14364664 instances. (5792.221591731217 docs/s, 17.119962337885294 MB/s).
Processed 5210000 documents. 14394862 instances. (5798.128589129234 docs/s, 17.14051304595552 MB/s).
Processed 5220000 documents. 14417506 instances. (5805.34670034205 docs/s, 17.15571839127408 MB/s).
Processed 5230000 documents. 14439571 instances. (5812.699227591031 docs/s, 17.170650301119846 MB/s).
Processed 5240000 documents. 14460061 instances. (5820.223707874932 docs/s, 17.184164274367372 MB/s).
Processed 5250000 documents. 14480940 instances. (5827.63770507332 docs/s, 17.197838868141723 MB/s).
Processed 5260000 documents. 14500511 instances. (5835.317668008624 docs/s, 17.210831384601562 MB/s).
Processed 5270000 documents. 14528122 instances. (5841.451765344854 docs/s, 17.229158938691782 MB/s).
Processed 5280000 documents. 14583821 instances. (5842.464480256193 docs/s, 17.26637798455911 MB/s).
Processed 5290000 documents. 14614354 instances. (5848.225034797113 docs/s, 17.28662726245335 MB/s).
Processed 5300000 documents. 14637426 instances. (5855.314811919028 docs/s, 17.30215682316017 MB/s).
Processed 5310000 documents. 14660000 instances. (5862.354792140849 docs/s, 17.316691685188445 MB/s).
Processed 5320000 documents. 14680601 instances. (5869.835592145055 docs/s, 17.330352460219814 MB/s).
Processed 5330000 documents. 14701845 instances. (5877.079458083219 docs/s, 17.344045845271832 MB/s).
Processed 5340000 documents. 14721261 instances. (5884.716498934702 docs/s, 17.35689196742585 MB/s).
Processed 5350000 documents. 14752301 instances. (5890.122996962998 docs/s, 17.377050215153147 MB/s).
Processed 5360000 documents. 14805833 instances. (5891.546812787359 docs/s, 17.41248179906519 MB/s).
Processed 5370000 documents. 14836346 instances. (5897.157758817532 docs/s, 17.432174368694845 MB/s).
Processed 5380000 documents. 14859523 instances. (5904.130667356381 docs/s, 17.447359763082694 MB/s).
Processed 5390000 documents. 14882403 instances. (5911.146692697827 docs/s, 17.462212034658148 MB/s).
Processed 5400000 documents. 14903637 instances. (5918.33394590794 docs/s, 17.475646594930502 MB/s).
Processed 5410000 documents. 14923949 instances. (5925.783178328253 docs/s, 17.488992726641243 MB/s).
Processed 5420000 documents. 14942851 instances. (5933.485764813161 docs/s, 17.501451683751405 MB/s).
Processed 5430000 documents. 14973335 instances. (5939.054675156373 docs/s, 17.521652064611445 MB/s).
Processed 5440000 documents. 15026420 instances. (5940.509393606216 docs/s, 17.556604393277446 MB/s).
Processed 5450000 documents. 15056111 instances. (5946.3313088878895 docs/s, 17.5758428265714 MB/s).
Processed 5460000 documents. 15079506 instances. (5953.156129124331 docs/s, 17.590830705492724 MB/s).
Processed 5470000 documents. 15102626 instances. (5959.974719849721 docs/s, 17.60558734142473 MB/s).
Processed 5480000 documents. 15123980 instances. (5967.116918393095 docs/s, 17.619063228281266 MB/s).
Processed 5490000 documents. 15145287 instances. (5974.047017750591 docs/s, 17.631782706671824 MB/s).
Processed 5500000 documents. 15164035 instances. (5981.7472021343565 docs/s, 17.64415743813763 MB/s).
Processed 5510000 documents. 15196411 instances. (5986.790015737319 docs/s, 17.664916520993 MB/s).
Processed 5520000 documents. 15248127 instances. (5988.431451825337 docs/s, 17.69838409988477 MB/s).
Processed 5530000 documents. 15277542 instances. (5994.082177295323 docs/s, 17.716912651116676 MB/s).
Processed 5540000 documents. 15300348 instances. (6001.010864335307 docs/s, 17.731637901213233 MB/s).
Processed 5550000 documents. 15322651 instances. (6007.957961565351 docs/s, 17.745735821721404 MB/s).
Processed 5560000 documents. 15342957 instances. (6015.288199232003 docs/s, 17.758786397566883 MB/s).
Processed 5570000 documents. 15363600 instances. (6022.3731416811315 docs/s, 17.77132985984278 MB/s).
Processed 5580000 documents. 15383772 instances. (6029.47934938795 docs/s, 17.78347985083484 MB/s).
Processed 5590000 documents. 15417520 instances. (6034.201721721727 docs/s, 17.804992015291567 MB/s).
Processed 5600000 documents. 15467962 instances. (6036.026492037671 docs/s, 17.83761752288679 MB/s).
Processed 5610000 documents. 15497053 instances. (6041.763908418635 docs/s, 17.8562386078451 MB/s).
Processed 5620000 documents. 15520195 instances. (6048.394607835713 docs/s, 17.870363299665666 MB/s).
Processed 5630000 documents. 15542429 instances. (6055.26547226514 docs/s, 17.88430369236235 MB/s).
Processed 5640000 documents. 15563454 instances. (6062.216794763389 docs/s, 17.896956489511343 MB/s).
Processed 5650000 documents. 15583955 instances. (6069.331828552262 docs/s, 17.90966777951899 MB/s).
Processed 5660000 documents. 15603176 instances. (6076.716996777198 docs/s, 17.921781677558393 MB/s).
Processed 5670000 documents. 15638743 instances. (6080.956947597036 docs/s, 17.94401257767648 MB/s).
Processed 5680000 documents. 15687657 instances. (6083.096812669222 docs/s, 17.97540064675554 MB/s).
Processed 5690000 documents. 15717839 instances. (6088.569669814066 docs/s, 17.994361377842388 MB/s).
Processed 5700000 documents. 15740650 instances. (6095.189269446697 docs/s, 18.00818221470088 MB/s).
Processed 5710000 documents. 15764161 instances. (6101.697893602617 docs/s, 18.02237912028553 MB/s).
Processed 5720000 documents. 15784232 instances. (6108.926465007109 docs/s, 18.034955399243312 MB/s).
Processed 5730000 documents. 15804230 instances. (6116.111740339926 docs/s, 18.04739022182909 MB/s).
Processed 5740000 documents. 15824237 instances. (6123.234195124922 docs/s, 18.059628767828478 MB/s).
Processed 5750000 documents. 15860436 instances. (6127.357392799933 docs/s, 18.082267443130053 MB/s).
Processed 5760000 documents. 15909820 instances. (6129.16242839878 docs/s, 18.113091658695414 MB/s).
Processed 5770000 documents. 15938349 instances. (6134.893756931506 docs/s, 18.130785062300447 MB/s).
Processed 5780000 documents. 15961438 instances. (6141.518191488624 docs/s, 18.14508356008868 MB/s).
Processed 5790000 documents. 15983470 instances. (6148.409221579796 docs/s, 18.15874752929444 MB/s).
Processed 5800000 documents. 16004175 instances. (6155.429259517314 docs/s, 18.17140499374459 MB/s).
Processed 5810000 documents. 16024708 instances. (6162.433465177742 docs/s, 18.183768387059636 MB/s).
Processed 5820000 documents. 16044882 instances. (6169.484009983195 docs/s, 18.196115848629788 MB/s).
Processed 5830000 documents. 16084720 instances. (6172.393191684804 docs/s, 18.218896245996323 MB/s).
Processed 5840000 documents. 16131020 instances. (6174.799562492058 docs/s, 18.2475970003088 MB/s).
Processed 5850000 documents. 16159878 instances. (6180.366736615648 docs/s, 18.265293158438173 MB/s).
Processed 5860000 documents. 16181976 instances. (6187.112817702486 docs/s, 18.27875696792464 MB/s).
Processed 5870000 documents. 16204418 instances. (6193.7527236321375 docs/s, 18.292304791230183 MB/s).
Processed 5880000 documents. 16225352 instances. (6200.530656047531 docs/s, 18.30472039068205 MB/s).
Processed 5890000 documents. 16246168 instances. (6207.412742829123 docs/s, 18.317194327748382 MB/s).
Processed 5900000 documents. 16265933 instances. (6214.460536088077 docs/s, 18.329115495259604 MB/s).
Processed 5910000 documents. 16305361 instances. (6217.593705788921 docs/s, 18.352131206325218 MB/s).
Processed 5920000 documents. 16351179 instances. (6220.049960416642 docs/s, 18.380263213692547 MB/s).
Processed 5930000 documents. 16380236 instances. (6225.494643390159 docs/s, 18.39760166738619 MB/s).
Processed 5940000 documents. 16402072 instances. (6232.245562685691 docs/s, 18.41088504670574 MB/s).
Processed 5950000 documents. 16424588 instances. (6238.807191583793 docs/s, 18.424321614510426 MB/s).
Processed 5960000 documents. 16445782 instances. (6245.501436954036 docs/s, 18.43669732968496 MB/s).
Processed 5970000 documents. 16466348 instances. (6252.36730399088 docs/s, 18.448896090979385 MB/s).
Processed 5980000 documents. 16486435 instances. (6259.252812595737 docs/s, 18.460711136713993 MB/s).
Processed 5990000 documents. 16525756 instances. (6262.469700544791 docs/s, 18.48397610404425 MB/s).
Processed 6000000 documents. 16570690 instances. (6265.0649791972455 docs/s, 18.51143643368026 MB/s).
Processed 6010000 documents. 16598628 instances. (6270.696313125802 docs/s, 18.528242282410112 MB/s).
Processed 6020000 documents. 16621169 instances. (6277.1532643768915 docs/s, 18.5415810173452 MB/s).
Processed 6030000 documents. 16643546 instances. (6283.683268243607 docs/s, 18.55494649573296 MB/s).
Processed 6040000 documents. 16664006 instances. (6290.557751574623 docs/s, 18.567052587892547 MB/s).
Processed 6050000 documents. 16684660 instances. (6297.373648262602 docs/s, 18.579349484706828 MB/s).
Processed 6060000 documents. 16704131 instances. (6304.363952680681 docs/s, 18.59083436156463 MB/s).
Processed 6070000 documents. 16745661 instances. (6307.070470472779 docs/s, 18.615140666386587 MB/s).
Processed 6080000 documents. 16791264 instances. (6309.1801619131 docs/s, 18.64145286334724 MB/s).
Processed 6090000 documents. 16820220 instances. (6314.502241017537 docs/s, 18.65836051136 MB/s).
Processed 6100000 documents. 16842083 instances. (6321.078386744412 docs/s, 18.67124393805716 MB/s).
Processed 6110000 documents. 16864388 instances. (6327.563548047523 docs/s, 18.68427247565805 MB/s).
Processed 6120000 documents. 16885601 instances. (6334.0633345175 docs/s, 18.696001853467717 MB/s).
Processed 6130000 documents. 16905828 instances. (6340.860224904232 docs/s, 18.70773719471235 MB/s).
Processed 6140000 documents. 16926205 instances. (6347.46142666544 docs/s, 18.71904116423671 MB/s).
Processed 6150000 documents. 16968733 instances. (6349.931079608183 docs/s, 18.74357958358074 MB/s).
Processed 6160000 documents. 17013582 instances. (6352.370034849846 docs/s, 18.770131063757752 MB/s).
Processed 6170000 documents. 17043036 instances. (6357.332911268993 docs/s, 18.786309524380968 MB/s).
Processed 6180000 documents. 17065388 instances. (6363.7655323562485 docs/s, 18.79947766378448 MB/s).
Processed 6190000 documents. 17087662 instances. (6370.147453911986 docs/s, 18.812196344139817 MB/s).
Processed 6200000 documents. 17108322 instances. (6376.77614528834 docs/s, 18.823920824856284 MB/s).
Processed 6210000 documents. 17128788 instances. (6383.401943385832 docs/s, 18.83550223131049 MB/s).
Processed 6220000 documents. 17149232 instances. (6389.9166241873345 docs/s, 18.846602364250383 MB/s).
Processed 6230000 documents. 17192365 instances. (6392.204426098054 docs/s, 18.87108764355565 MB/s).
Processed 6240000 documents. 17237539 instances. (6394.421592664299 docs/s, 18.897152701587963 MB/s).
Processed 6250000 documents. 17267164 instances. (6399.465447776554 docs/s, 18.913987749610197 MB/s).
Processed 6260000 documents. 17289744 instances. (6405.746000099862 docs/s, 18.926918264212482 MB/s).
Processed 6270000 documents. 17312283 instances. (6411.9066874696355 docs/s, 18.939368173633557 MB/s).
Processed 6280000 documents. 17333337 instances. (6418.341948629981 docs/s, 18.950878118936227 MB/s).
Processed 6290000 documents. 17352531 instances. (6425.294457581991 docs/s, 18.962058252545468 MB/s).
Processed 6300000 documents. 17372997 instances. (6431.907047279092 docs/s, 18.97361968939167 MB/s).
Processed 6310000 documents. 17416462 instances. (6434.141159598807 docs/s, 18.998248733757254 MB/s).
Processed 6320000 documents. 17460119 instances. (6436.64121951157 docs/s, 19.02338880274158 MB/s).
Processed 6330000 documents. 17488782 instances. (6441.794832187876 docs/s, 19.039458305128978 MB/s).
Processed 6340000 documents. 17510328 instances. (6448.248027584009 docs/s, 19.0517884555367 MB/s).
Processed 6350000 documents. 17532738 instances. (6454.557605645763 docs/s, 19.064602700006283 MB/s).
Processed 6360000 documents. 17553653 instances. (6461.010960529702 docs/s, 19.076247050992478 MB/s).
Processed 6370000 documents. 17573860 instances. (6467.706017960847 docs/s, 19.087797383869056 MB/s).
Processed 6380000 documents. 17593780 instances. (6474.36640363758 docs/s, 19.099019933920744 MB/s).
Processed 6390000 documents. 17637736 instances. (6476.469644315013 docs/s, 19.123730390657812 MB/s).
Processed 6400000 documents. 17681485 instances. (6478.903187675196 docs/s, 19.148646373034552 MB/s).
Processed 6410000 documents. 17710018 instances. (6484.040872571849 docs/s, 19.16444259058885 MB/s).
Processed 6420000 documents. 17731996 instances. (6490.357337626032 docs/s, 19.176849928148773 MB/s).
Processed 6430000 documents. 17755025 instances. (6496.452829946815 docs/s, 19.189695876836893 MB/s).
Processed 6440000 documents. 17775499 instances. (6502.978606267734 docs/s, 19.201014765511044 MB/s).
Processed 6450000 documents. 17795737 instances. (6509.592942421509 docs/s, 19.212496842876053 MB/s).
Processed 6460000 documents. 17816082 instances. (6516.138266564529 docs/s, 19.2240219337658 MB/s).
Processed 6470000 documents. 17861236 instances. (6517.971138689056 docs/s, 19.249286128521145 MB/s).
Processed 6480000 documents. 17904721 instances. (6520.39360475875 docs/s, 19.2736897775117 MB/s).
Processed 6490000 documents. 17932957 instances. (6525.5596516383885 docs/s, 19.289381286792782 MB/s).
Processed 6500000 documents. 17955659 instances. (6531.6376760548865 docs/s, 19.301977334670717 MB/s).
Processed 6510000 documents. 17978450 instances. (6537.688780674956 docs/s, 19.31436143785363 MB/s).
Processed 6520000 documents. 17998979 instances. (6544.108561570638 docs/s, 19.3255229828134 MB/s).
Processed 6530000 documents. 18020295 instances. (6550.37460820731 docs/s, 19.337174536304545 MB/s).
Processed 6540000 documents. 18039871 instances. (6557.028966151865 docs/s, 19.34831717010854 MB/s).
Processed 6550000 documents. 18084851 instances. (6558.829831290662 docs/s, 19.372957853458864 MB/s).
Processed 6560000 documents. 18126773 instances. (6561.540359357552 docs/s, 19.396519698850327 MB/s).
Processed 6570000 documents. 18153862 instances. (6566.833022816485 docs/s, 19.41133551963002 MB/s).
Processed 6580000 documents. 18176556 instances. (6572.8488106244195 docs/s, 19.42377304122499 MB/s).
Processed 6590000 documents. 18198091 instances. (6579.128265608396 docs/s, 19.435730667373832 MB/s).
Processed 6600000 documents. 18218270 instances. (6585.526481150488 docs/s, 19.446641586801967 MB/s).
Processed 6610000 documents. 18238372 instances. (6592.070308828914 docs/s, 19.457855895866665 MB/s).
Processed 6620000 documents. 18258649 instances. (6598.5107634625265 docs/s, 19.46904249779134 MB/s).
Processed 6630000 documents. 18305086 instances. (6599.857566748608 docs/s, 19.493787346664487 MB/s).
Processed 6640000 documents. 18346583 instances. (6602.615852479453 docs/s, 19.51692358226168 MB/s).
Processed 6650000 documents. 18374097 instances. (6607.802970927046 docs/s, 19.53199498310172 MB/s).
Processed 6660000 documents. 18396420 instances. (6613.8514214747975 docs/s, 19.544190783914665 MB/s).
Processed 6670000 documents. 18418684 instances. (6619.954506400694 docs/s, 19.55628708230797 MB/s).
Processed 6680000 documents. 18438919 instances. (6626.3323909524115 docs/s, 19.56696023832787 MB/s).
Processed 6690000 documents. 18458727 instances. (6632.765650476674 docs/s, 19.577512388063425 MB/s).
Processed 6700000 documents. 18478348 instances. (6639.310334697128 docs/s, 19.588364675214326 MB/s).
