Loaded module: cuda/12.1
/usr/lib64/python3.9/site-packages/scipy/__init__.py:138: UserWarning: A NumPy version >=1.16.5 and <1.23.0 is required for this version of SciPy (detected version 1.26.2)
  warnings.warn(f"A NumPy version >={np_minversion} and <{np_maxversion} is required for this version of "
Processed 0 documents. 2 instances. (0.0 docs/s, 0.0034465075267417927 MB/s).
Processed 10000 documents. 60363 instances. (1063.4294238924826 docs/s, 6.968386362305848 MB/s).
Processed 20000 documents. 93078 instances. (1522.1000235374945 docs/s, 7.636810362478141 MB/s).
Processed 30000 documents. 115888 instances. (1949.6014808832049 docs/s, 8.094183004202728 MB/s).
Processed 40000 documents. 138166 instances. (2301.4341095633968 docs/s, 8.524444168019235 MB/s).
Processed 50000 documents. 159305 instances. (2469.3487950227563 docs/s, 8.42338319125304 MB/s).
Processed 60000 documents. 180069 instances. (2765.788701936804 docs/s, 8.880034796032483 MB/s).
Processed 70000 documents. 200759 instances. (3001.3945792351424 docs/s, 9.202487466472135 MB/s).
Processed 80000 documents. 221400 instances. (3011.6309261415954 docs/s, 8.908683605641405 MB/s).
Processed 90000 documents. 281102 instances. (2619.6441793391427 docs/s, 8.774011482336952 MB/s).
Processed 100000 documents. 312655 instances. (2634.690500734001 docs/s, 8.826661708229478 MB/s).
Processed 110000 documents. 335642 instances. (2746.490358900757 docs/s, 8.97228648365003 MB/s).
Processed 120000 documents. 357308 instances. (2861.8921868113816 docs/s, 9.11689131604679 MB/s).
Processed 130000 documents. 379051 instances. (2868.793604934342 docs/s, 8.947974009146906 MB/s).
Processed 140000 documents. 399821 instances. (2973.2463176489705 docs/s, 9.078517938364447 MB/s).
Processed 150000 documents. 418497 instances. (3055.5029694655427 docs/s, 9.111922047437822 MB/s).
Processed 160000 documents. 439512 instances. (3070.9905084011316 docs/s, 9.01480450695781 MB/s).
Processed 170000 documents. 498399 instances. (2768.0381713594784 docs/s, 8.69026697524146 MB/s).
Processed 180000 documents. 530400 instances. (2779.792695854174 docs/s, 8.767623151231902 MB/s).
Processed 190000 documents. 554054 instances. (2726.54031733656 docs/s, 8.507153183751985 MB/s).
Processed 200000 documents. 576975 instances. (2776.657487689546 docs/s, 8.568074147375627 MB/s).
Processed 210000 documents. 598094 instances. (2844.206424239942 docs/s, 8.660391318086116 MB/s).
Processed 220000 documents. 619018 instances. (2911.3509827036205 docs/s, 8.756122448261648 MB/s).
Processed 230000 documents. 638409 instances. (2962.3567760613473 docs/s, 8.788022662600847 MB/s).
Processed 240000 documents. 660868 instances. (3016.699483162738 docs/s, 8.877857957209187 MB/s).
Processed 250000 documents. 718752 instances. (2853.6448713993304 docs/s, 8.780506619773508 MB/s).
Processed 260000 documents. 749924 instances. (2882.6810583664496 docs/s, 8.89781478245604 MB/s).
Processed 270000 documents. 773100 instances. (2920.592361147276 docs/s, 8.947495984528146 MB/s).
Processed 280000 documents. 795645 instances. (2979.318951307133 docs/s, 9.056137793306666 MB/s).
Processed 290000 documents. 817006 instances. (3019.527398997481 docs/s, 9.098527212639718 MB/s).
Processed 300000 documents. 837251 instances. (3061.333241725444 docs/s, 9.136727193157222 MB/s).
Processed 310000 documents. 857526 instances. (3003.9678732224943 docs/s, 8.886083763306596 MB/s).
Processed 320000 documents. 880693 instances. (3027.6797664592996 docs/s, 8.910655670716986 MB/s).
Processed 330000 documents. 938447 instances. (2951.1942116385376 docs/s, 8.983251680347916 MB/s).
Processed 340000 documents. 970360 instances. (2966.7248575195913 docs/s, 9.060103778414755 MB/s).
Processed 350000 documents. 992864 instances. (2993.7656041194427 docs/s, 9.085088369783616 MB/s).
Processed 360000 documents. 1015357 instances. (3009.957148057737 docs/s, 9.080433145502928 MB/s).
Processed 370000 documents. 1036162 instances. (2942.2293250132243 docs/s, 8.81121519778867 MB/s).
Processed 380000 documents. 1056817 instances. (2974.0917115848133 docs/s, 8.843641103702076 MB/s).
Processed 390000 documents. 1076023 instances. (2994.6284032279755 docs/s, 8.83331683501759 MB/s).
Processed 400000 documents. 1101364 instances. (2986.2347085329875 docs/s, 8.791066226350244 MB/s).
Processed 410000 documents. 1159076 instances. (2937.5261869821506 docs/s, 8.885431740100556 MB/s).
Processed 420000 documents. 1190071 instances. (2959.246654344007 docs/s, 8.96992867514238 MB/s).
Processed 430000 documents. 1213669 instances. (2990.249477713358 docs/s, 9.0276791460723 MB/s).
Processed 440000 documents. 1236171 instances. (2907.4405399774487 docs/s, 8.736489402665574 MB/s).
Processed 450000 documents. 1256636 instances. (2929.384394050051 docs/s, 8.747850580500428 MB/s).
Processed 460000 documents. 1277149 instances. (2949.9978818934555 docs/s, 8.758452790154244 MB/s).
Processed 470000 documents. 1296934 instances. (2987.2921343194002 docs/s, 8.814322989853723 MB/s).
Processed 480000 documents. 1323068 instances. (3008.5818751373213 docs/s, 8.86895114154422 MB/s).
Processed 490000 documents. 1379325 instances. (2976.003687077571 docs/s, 8.96573179564565 MB/s).
Processed 500000 documents. 1410037 instances. (2986.805683293248 docs/s, 9.01234490054428 MB/s).
Processed 510000 documents. 1431921 instances. (3019.260881048847 docs/s, 9.068987868786031 MB/s).
Processed 520000 documents. 1454184 instances. (3040.9364144897913 docs/s, 9.096658740009174 MB/s).
Processed 530000 documents. 1474762 instances. (3061.6687662253466 docs/s, 9.112378469414244 MB/s).
Processed 540000 documents. 1495619 instances. (3083.1746052143485 docs/s, 9.132776732030818 MB/s).
Processed 550000 documents. 1515141 instances. (3116.4875779651065 docs/s, 9.181229772973115 MB/s).
Processed 560000 documents. 1543327 instances. (3013.214697690098 docs/s, 8.881156279768243 MB/s).
Processed 570000 documents. 1598253 instances. (2980.9953121897747 docs/s, 8.944749361674486 MB/s).
Processed 580000 documents. 1629207 instances. (2990.3680035749844 docs/s, 8.988494966096843 MB/s).
Processed 590000 documents. 1652135 instances. (2991.73051374741 docs/s, 8.963349259473063 MB/s).
Processed 600000 documents. 1674557 instances. (3014.2616777411595 docs/s, 8.999497906204168 MB/s).
Processed 610000 documents. 1695365 instances. (3034.4692448326864 docs/s, 9.021230280700356 MB/s).
Processed 620000 documents. 1716312 instances. (3053.2099031333846 docs/s, 9.0406488911324 MB/s).
Processed 630000 documents. 1736455 instances. (3083.0978943194746 docs/s, 9.089818185350326 MB/s).
Processed 640000 documents. 1768080 instances. (3089.965791736169 docs/s, 9.132068248337852 MB/s).
Processed 650000 documents. 1820093 instances. (3071.000261610298 docs/s, 9.20325693612598 MB/s).
Processed 660000 documents. 1850289 instances. (2952.2138666653236 docs/s, 8.8571857540664 MB/s).
Processed 670000 documents. 1873036 instances. (2978.9319817227097 docs/s, 8.91112653150041 MB/s).
Processed 680000 documents. 1896367 instances. (2993.8405202887293 docs/s, 8.932757920077835 MB/s).
Processed 690000 documents. 1917475 instances. (3009.2095157175527 docs/s, 8.945872790880271 MB/s).
Processed 700000 documents. 1938190 instances. (3029.5368161045603 docs/s, 8.972968319255251 MB/s).
Processed 710000 documents. 1958298 instances. (3045.768607970964 docs/s, 8.985634914358432 MB/s).
Processed 720000 documents. 1989181 instances. (3053.383325807907 docs/s, 9.024162047273824 MB/s).
Processed 730000 documents. 2043158 instances. (3028.2037874600373 docs/s, 9.070034917595606 MB/s).
Processed 740000 documents. 2073016 instances. (3020.6686169002805 docs/s, 9.05498080304114 MB/s).
Processed 750000 documents. 2095670 instances. (3033.5094311173184 docs/s, 9.069798087399791 MB/s).
Processed 760000 documents. 2117984 instances. (3043.661187909312 docs/s, 9.075651838543552 MB/s).
Processed 770000 documents. 2138809 instances. (3061.1595679329353 docs/s, 9.096466528564575 MB/s).
Processed 780000 documents. 2158971 instances. (3084.6749797754364 docs/s, 9.133812493591856 MB/s).
Processed 790000 documents. 2178135 instances. (3102.0461097023954 docs/s, 9.149331168745915 MB/s).
Processed 800000 documents. 2210488 instances. (3097.053959581751 docs/s, 9.155591998640652 MB/s).
Processed 810000 documents. 2262306 instances. (2931.2031328063963 docs/s, 8.761007550966534 MB/s).
Processed 820000 documents. 2291813 instances. (2944.641841654854 docs/s, 8.806868660362435 MB/s).
Processed 830000 documents. 2314450 instances. (2952.4701557134185 docs/s, 8.809583846060855 MB/s).
Processed 840000 documents. 2336914 instances. (2968.138376461064 docs/s, 8.835094263273003 MB/s).
Processed 850000 documents. 2357591 instances. (2983.764299701594 docs/s, 8.854103153460551 MB/s).
Processed 860000 documents. 2377974 instances. (2997.428155981921 docs/s, 8.867007164818524 MB/s).
Processed 870000 documents. 2398229 instances. (3014.0083021742307 docs/s, 8.888528087464481 MB/s).
Processed 880000 documents. 2431419 instances. (3004.918794339137 docs/s, 8.883865595316276 MB/s).
Processed 890000 documents. 2483897 instances. (2977.623814435888 docs/s, 8.894598459053963 MB/s).
Processed 900000 documents. 2514451 instances. (2969.5420300511055 docs/s, 8.878962910325853 MB/s).
Processed 910000 documents. 2536844 instances. (2985.0110958435052 docs/s, 8.905047814761017 MB/s).
Processed 920000 documents. 2558949 instances. (2992.7638947007154 docs/s, 8.907404651754856 MB/s).
Processed 930000 documents. 2579574 instances. (2997.7112540103935 docs/s, 8.896403239771162 MB/s).
Processed 940000 documents. 2600288 instances. (3012.174285428162 docs/s, 8.914803038076759 MB/s).
Processed 950000 documents. 2620655 instances. (2865.621181473619 docs/s, 8.457386947249843 MB/s).
Processed 960000 documents. 2656242 instances. (2865.1360411479495 docs/s, 8.48286995634804 MB/s).
Processed 970000 documents. 2704630 instances. (2844.513689718633 docs/s, 8.488935245010566 MB/s).
Processed 980000 documents. 2734466 instances. (2842.459638561271 docs/s, 8.488316401837091 MB/s).
Processed 990000 documents. 2755928 instances. (2842.1311636849614 docs/s, 8.46683313349579 MB/s).
Processed 1000000 documents. 2778455 instances. (2853.0308277805325 docs/s, 8.482725376678973 MB/s).
Processed 1010000 documents. 2799116 instances. (2858.348546826088 docs/s, 8.475943352959604 MB/s).
Processed 1020000 documents. 2820146 instances. (2869.3724499354835 docs/s, 8.488027321860011 MB/s).
Processed 1030000 documents. 2840796 instances. (2880.4580021794927 docs/s, 8.4994440787346 MB/s).
Processed 1040000 documents. 2877453 instances. (2878.293140576171 docs/s, 8.52141830059595 MB/s).
Processed 1050000 documents. 2926012 instances. (2859.9123995247473 docs/s, 8.529129258788098 MB/s).
Processed 1060000 documents. 2955481 instances. (2853.4297032483896 docs/s, 8.513667767102953 MB/s).
Processed 1070000 documents. 2977761 instances. (2862.3337948221165 docs/s, 8.523803950207327 MB/s).
Processed 1080000 documents. 3000387 instances. (2868.30124099005 docs/s, 8.52631836539909 MB/s).
Processed 1090000 documents. 3021599 instances. (2880.509036948208 docs/s, 8.543387081500185 MB/s).
Processed 1100000 documents. 3041977 instances. (2894.2268971555063 docs/s, 8.56320082494556 MB/s).
Processed 1110000 documents. 3061504 instances. (2751.4040400351328 docs/s, 8.11905788440993 MB/s).
Processed 1120000 documents. 3099294 instances. (2753.8823340008694 docs/s, 8.154243922990332 MB/s).
Processed 1130000 documents. 3147865 instances. (2741.307462348298 docs/s, 8.17218096374412 MB/s).
Processed 1140000 documents. 3177081 instances. (2739.451081456544 docs/s, 8.16947946680016 MB/s).
Processed 1150000 documents. 3199702 instances. (2749.29568190886 docs/s, 8.18486421988175 MB/s).
Processed 1160000 documents. 3222612 instances. (2759.235989616383 docs/s, 8.20157573381083 MB/s).
Processed 1170000 documents. 3243730 instances. (2769.898961178433 docs/s, 8.21586876214913 MB/s).
Processed 1180000 documents. 3263567 instances. (2780.101409354745 docs/s, 8.225951140042126 MB/s).
Processed 1190000 documents. 3283720 instances. (2790.529267407908 docs/s, 8.237894698152079 MB/s).
Processed 1200000 documents. 3322986 instances. (2789.0966264253357 docs/s, 8.263963307303166 MB/s).
Processed 1210000 documents. 3368997 instances. (2781.618228500193 docs/s, 8.28784292016594 MB/s).
Processed 1220000 documents. 3397295 instances. (2787.3964663349193 docs/s, 8.305558069123265 MB/s).
Processed 1230000 documents. 3419636 instances. (2799.4604769658335 docs/s, 8.327673170653604 MB/s).
Processed 1240000 documents. 3442446 instances. (2807.452848697827 docs/s, 8.338636005436546 MB/s).
Processed 1250000 documents. 3463284 instances. (2816.2922193332665 docs/s, 8.347770695144172 MB/s).
Processed 1260000 documents. 3483251 instances. (2827.5095616547537 docs/s, 8.362087245660865 MB/s).
Processed 1270000 documents. 3502632 instances. (2837.907536863182 docs/s, 8.373170062488557 MB/s).
Processed 1280000 documents. 3541969 instances. (2826.5277884542443 docs/s, 8.368815665946084 MB/s).
Processed 1290000 documents. 3587601 instances. (2819.8705160942504 docs/s, 8.391957212058141 MB/s).
Processed 1300000 documents. 3615597 instances. (2659.099330633211 docs/s, 7.913458562212968 MB/s).
Processed 1310000 documents. 3637468 instances. (2670.5297621794925 docs/s, 7.934117800572225 MB/s).
Processed 1320000 documents. 3660482 instances. (2680.3198047471556 docs/s, 7.952608185708869 MB/s).
Processed 1330000 documents. 3681626 instances. (2686.1475396507312 docs/s, 7.955093049851303 MB/s).
Processed 1340000 documents. 3702613 instances. (2695.1917745511028 docs/s, 7.967230729741524 MB/s).
Processed 1350000 documents. 3722114 instances. (2707.7760814547437 docs/s, 7.986733341855554 MB/s).
Processed 1360000 documents. 3763056 instances. (2701.8483708574868 docs/s, 7.9989561154544795 MB/s).
Processed 1370000 documents. 3808363 instances. (2697.2217868671564 docs/s, 8.022908545417774 MB/s).
Processed 1380000 documents. 3836540 instances. (2700.4935548557132 docs/s, 8.033137140533892 MB/s).
Processed 1390000 documents. 3858889 instances. (2708.3932552984033 docs/s, 8.044878187724544 MB/s).
Processed 1400000 documents. 3881003 instances. (2714.4005607172703 docs/s, 8.05063581782369 MB/s).
Processed 1410000 documents. 3901224 instances. (2721.6382122262326 docs/s, 8.05651991893744 MB/s).
Processed 1420000 documents. 3921543 instances. (2733.158298992754 docs/s, 8.075452488626475 MB/s).
Processed 1430000 documents. 3940140 instances. (2744.2688235993965 docs/s, 8.089743301867719 MB/s).
Processed 1440000 documents. 3981987 instances. (2744.073103392177 docs/s, 8.119539190728663 MB/s).
Processed 1450000 documents. 4026349 instances. (2738.2618417645763 docs/s, 8.13653301126952 MB/s).
Processed 1460000 documents. 4054863 instances. (2740.817311739777 docs/s, 8.144962447825822 MB/s).
Processed 1470000 documents. 4076949 instances. (2748.2860231547784 docs/s, 8.155439625098941 MB/s).
Processed 1480000 documents. 4099765 instances. (2757.679062794133 docs/s, 8.173491239001834 MB/s).
Processed 1490000 documents. 4120216 instances. (2766.087180239137 docs/s, 8.183633541138438 MB/s).
Processed 1500000 documents. 4140076 instances. (2773.291552372795 docs/s, 8.18929244607054 MB/s).
Processed 1510000 documents. 4160383 instances. (2782.861857903554 docs/s, 8.202848089365736 MB/s).
Processed 1520000 documents. 4201520 instances. (2780.8674377966017 docs/s, 8.224637338739928 MB/s).
Processed 1530000 documents. 4245945 instances. (2778.5646073156113 docs/s, 8.250971706429251 MB/s).
Processed 1540000 documents. 4273222 instances. (2777.443316729917 docs/s, 8.24626171549375 MB/s).
Processed 1550000 documents. 4295642 instances. (2783.071589068305 docs/s, 8.252408640936004 MB/s).
Processed 1560000 documents. 4317760 instances. (2791.7229308517635 docs/s, 8.267168208420825 MB/s).
Processed 1570000 documents. 4338177 instances. (2800.322683330174 docs/s, 8.278430118364579 MB/s).
Processed 1580000 documents. 4359029 instances. (2619.0593744865428 docs/s, 7.730388338913409 MB/s).
Processed 1590000 documents. 4378289 instances. (2626.518098114633 docs/s, 7.737601393567273 MB/s).
Processed 1600000 documents. 4422559 instances. (2622.0502494199245 docs/s, 7.754909878650382 MB/s).
Processed 1610000 documents. 4467182 instances. (2618.367077892126 docs/s, 7.774001407974926 MB/s).
Processed 1620000 documents. 4495345 instances. (2624.4279709831007 docs/s, 7.792533297523221 MB/s).
Processed 1630000 documents. 4517493 instances. (2628.181596177605 docs/s, 7.793981684395613 MB/s).
Processed 1640000 documents. 4540412 instances. (2633.1021297489137 docs/s, 7.799881478416143 MB/s).
Processed 1650000 documents. 4560493 instances. (2642.022079556584 docs/s, 7.812917171734014 MB/s).
Processed 1660000 documents. 4581661 instances. (2645.8013061771985 docs/s, 7.812835599052386 MB/s).
Processed 1670000 documents. 4601708 instances. (2644.6439416434955 docs/s, 7.796391672948246 MB/s).
Processed 1680000 documents. 4647649 instances. (2637.7044664803975 docs/s, 7.808176120795773 MB/s).
Processed 1690000 documents. 4690413 instances. (2646.7777373807407 docs/s, 7.860968543342 MB/s).
Processed 1700000 documents. 4719201 instances. (2659.190561381026 docs/s, 7.898921162930499 MB/s).
Processed 1710000 documents. 4741487 instances. (2672.3714787581243 docs/s, 7.928589515102703 MB/s).
Processed 1720000 documents. 4764559 instances. (2685.4238583093484 docs/s, 7.9593216912092295 MB/s).
Processed 1730000 documents. 4785366 instances. (2698.6228008351677 docs/s, 7.986516324142569 MB/s).
Processed 1740000 documents. 4805723 instances. (2711.963767609827 docs/s, 8.01365868770115 MB/s).
Processed 1750000 documents. 4825306 instances. (2725.344028209965 docs/s, 8.039718317912152 MB/s).
Processed 1760000 documents. 4869989 instances. (2735.604230118924 docs/s, 8.099577409789342 MB/s).
Processed 1770000 documents. 4910733 instances. (2746.5118890991544 docs/s, 8.153981826462509 MB/s).
Processed 1780000 documents. 4938427 instances. (2758.8778373373816 docs/s, 8.190048735275205 MB/s).
Processed 1790000 documents. 4960282 instances. (2771.8714413723064 docs/s, 8.21881866878682 MB/s).
Processed 1800000 documents. 4983592 instances. (2784.6710868873106 docs/s, 8.249165415627889 MB/s).
Processed 1810000 documents. 5004285 instances. (2797.6730298401576 docs/s, 8.275871521421822 MB/s).
Processed 1820000 documents. 5024977 instances. (2810.6932658084843 docs/s, 8.302784785934348 MB/s).
Processed 1830000 documents. 5044778 instances. (2823.8287221028127 docs/s, 8.328816616345653 MB/s).
Processed 1840000 documents. 5090107 instances. (2833.7105017946237 docs/s, 8.388580249275199 MB/s).
Processed 1850000 documents. 5133107 instances. (2843.960644947383 docs/s, 8.444183770876926 MB/s).
Processed 1860000 documents. 5161842 instances. (2855.944470840027 docs/s, 8.48100258263793 MB/s).
Processed 1870000 documents. 5184070 instances. (2868.7122696997253 docs/s, 8.509637595514405 MB/s).
Processed 1880000 documents. 5206172 instances. (2881.5029146042502 docs/s, 8.538141398049667 MB/s).
Processed 1890000 documents. 5226821 instances. (2894.3364127787913 docs/s, 8.564329453991494 MB/s).
Processed 1900000 documents. 5247511 instances. (2907.145448091589 docs/s, 8.590546662013688 MB/s).
Processed 1910000 documents. 5267185 instances. (2920.074556228516 docs/s, 8.615656744637851 MB/s).
Processed 1920000 documents. 5313160 instances. (2929.5785911060907 docs/s, 8.674710877116654 MB/s).
Processed 1930000 documents. 5354389 instances. (2939.7902861175994 docs/s, 8.727092006633539 MB/s).
Processed 1940000 documents. 5382007 instances. (2951.7247768213488 docs/s, 8.762035003494505 MB/s).
Processed 1950000 documents. 5405853 instances. (2963.969448820232 docs/s, 8.7917870380702 MB/s).
Processed 1960000 documents. 5428022 instances. (2976.4987296411086 docs/s, 8.819579904040646 MB/s).
Processed 1970000 documents. 5448444 instances. (2989.188533480377 docs/s, 8.845288552247723 MB/s).
Processed 1980000 documents. 5468960 instances. (3001.875351856061 docs/s, 8.871082560565887 MB/s).
Processed 1990000 documents. 5488517 instances. (3014.6363163374062 docs/s, 8.895650337963977 MB/s).
Processed 2000000 documents. 5534673 instances. (3023.8561951596644 docs/s, 8.954111728301427 MB/s).
Processed 2010000 documents. 5576491 instances. (3033.7559790018563 docs/s, 9.006748751105532 MB/s).
Processed 2020000 documents. 5603743 instances. (3045.4365690253635 docs/s, 9.04035882326726 MB/s).
Processed 2030000 documents. 5626465 instances. (3057.6818800577985 docs/s, 9.068352584509425 MB/s).
Processed 2040000 documents. 5648383 instances. (3070.050319423305 docs/s, 9.095451936058703 MB/s).
Processed 2050000 documents. 5669244 instances. (3082.3997240229573 docs/s, 9.120656411832025 MB/s).
Processed 2060000 documents. 5690443 instances. (3094.7267447543745 docs/s, 9.146292739376491 MB/s).
Processed 2070000 documents. 5710791 instances. (3107.165254597108 docs/s, 9.171290730309167 MB/s).
Processed 2080000 documents. 5758029 instances. (3115.9763532968973 docs/s, 9.230063706056473 MB/s).
Processed 2090000 documents. 5798868 instances. (3125.821866744032 docs/s, 9.28061159203842 MB/s).
Processed 2100000 documents. 5826697 instances. (3137.231360117489 docs/s, 9.31414621588853 MB/s).
Processed 2110000 documents. 5849296 instances. (3149.3361489022177 docs/s, 9.341660985104065 MB/s).
Processed 2120000 documents. 5872265 instances. (3161.3099307544767 docs/s, 9.369405097088494 MB/s).
Processed 2130000 documents. 5892450 instances. (3173.6109536068957 docs/s, 9.393403868542267 MB/s).
Processed 2140000 documents. 5913908 instances. (3185.7323844705056 docs/s, 9.41908264152434 MB/s).
Processed 2150000 documents. 5933353 instances. (3198.1312665848122 docs/s, 9.442709227433177 MB/s).
Processed 2160000 documents. 5980869 instances. (3206.658055996523 docs/s, 9.500612837118998 MB/s).
Processed 2170000 documents. 6021888 instances. (3216.21366042209 docs/s, 9.550431940777713 MB/s).
Processed 2180000 documents. 6049644 instances. (3227.46688936075 docs/s, 9.583396710735707 MB/s).
Processed 2190000 documents. 6072374 instances. (3239.344733311403 docs/s, 9.610469011166092 MB/s).
Processed 2200000 documents. 6095155 instances. (3251.185470615499 docs/s, 9.637359726278564 MB/s).
Processed 2210000 documents. 6115290 instances. (3263.2975377139787 docs/s, 9.661097533150212 MB/s).
Processed 2220000 documents. 6136462 instances. (3275.328484679071 docs/s, 9.686284518514423 MB/s).
Processed 2230000 documents. 6156186 instances. (3287.4791521306756 docs/s, 9.709693071784663 MB/s).
Processed 2240000 documents. 6204908 instances. (3295.578082536978 docs/s, 9.768224387367923 MB/s).
Processed 2250000 documents. 6245047 instances. (3304.9809285953893 docs/s, 9.815785621124757 MB/s).
Processed 2260000 documents. 6272100 instances. (3316.032335289053 docs/s, 9.847264373236106 MB/s).
Processed 2270000 documents. 6294350 instances. (3327.70724388582 docs/s, 9.873017786221391 MB/s).
Processed 2280000 documents. 6316883 instances. (3339.447903060034 docs/s, 9.899443430000895 MB/s).
Processed 2290000 documents. 6337143 instances. (3351.394749096087 docs/s, 9.922938471554385 MB/s).
Processed 2300000 documents. 6357849 instances. (3363.2508587726516 docs/s, 9.946920809986356 MB/s).
Processed 2310000 documents. 6378158 instances. (3375.2156716154204 docs/s, 9.97087855448016 MB/s).
Processed 2320000 documents. 6427139 instances. (3382.983962785696 docs/s, 10.027988204166363 MB/s).
Processed 2330000 documents. 6466590 instances. (3392.381205360747 docs/s, 10.07457295031918 MB/s).
Processed 2340000 documents. 6493613 instances. (3403.2684484008464 docs/s, 10.10509586613231 MB/s).
Processed 2350000 documents. 6516466 instances. (3414.732893954146 docs/s, 10.131177029191136 MB/s).
Processed 2360000 documents. 6538258 instances. (3426.3992511663037 docs/s, 10.156301590541295 MB/s).
Processed 2370000 documents. 6557908 instances. (3438.2995122556285 docs/s, 10.178777856388429 MB/s).
Processed 2380000 documents. 6577575 instances. (3450.1979234820774 docs/s, 10.201326974954304 MB/s).
Processed 2390000 documents. 6597661 instances. (3461.898170187067 docs/s, 10.224269771607759 MB/s).
Processed 2400000 documents. 6647071 instances. (3469.391103089811 docs/s, 10.28129139066531 MB/s).
Processed 2410000 documents. 6686473 instances. (3478.5056253685752 docs/s, 10.32634916673052 MB/s).
Processed 2420000 documents. 6712994 instances. (3489.3378878898093 docs/s, 10.356204587320468 MB/s).
Processed 2430000 documents. 6735441 instances. (3500.7410703042556 docs/s, 10.38164039876833 MB/s).
Processed 2440000 documents. 6757700 instances. (3512.1210648228703 docs/s, 10.406475843735953 MB/s).
Processed 2450000 documents. 6778531 instances. (3523.584346531206 docs/s, 10.429479513216243 MB/s).
Processed 2460000 documents. 6798695 instances. (3535.2369010060634 docs/s, 10.452265477041442 MB/s).
Processed 2470000 documents. 6818637 instances. (3546.88753271735 docs/s, 10.4747409161883 MB/s).
Processed 2480000 documents. 6869317 instances. (3553.9298374954255 docs/s, 10.532382555493756 MB/s).
Processed 2490000 documents. 6907880 instances. (3563.001866576606 docs/s, 10.576157184804574 MB/s).
Processed 2500000 documents. 6935792 instances. (3573.4036204857052 docs/s, 10.606867907303238 MB/s).
Processed 2510000 documents. 6958379 instances. (3584.5641828219395 docs/s, 10.631809805820316 MB/s).
Processed 2520000 documents. 6980806 instances. (3595.762118887159 docs/s, 10.656802883990043 MB/s).
Processed 2530000 documents. 7000222 instances. (3607.3578309759287 docs/s, 10.67835856200953 MB/s).
Processed 2540000 documents. 7020201 instances. (3618.8620111244227 docs/s, 10.700529292273375 MB/s).
Processed 2550000 documents. 7040096 instances. (3630.3567131743102 docs/s, 10.722670618336847 MB/s).
Processed 2560000 documents. 7091568 instances. (3637.0353717730636 docs/s, 10.779950578730086 MB/s).
Processed 2570000 documents. 7130590 instances. (3645.854248454885 docs/s, 10.823627776159386 MB/s).
Processed 2580000 documents. 7156749 instances. (3656.4097217297713 docs/s, 10.852276929218098 MB/s).
Processed 2590000 documents. 7179088 instances. (3667.505178871708 docs/s, 10.876787826284552 MB/s).
Processed 2600000 documents. 7201121 instances. (3678.5916804227795 docs/s, 10.900835394360598 MB/s).
Processed 2610000 documents. 7221930 instances. (3689.7636178870493 docs/s, 10.923144527446404 MB/s).
Processed 2620000 documents. 7241864 instances. (3701.08913231889 docs/s, 10.94468043847448 MB/s).
Processed 2630000 documents. 7261206 instances. (3712.5266523923574 docs/s, 10.96588330819126 MB/s).
Processed 2640000 documents. 7312384 instances. (3719.1314859309277 docs/s, 11.022207017921527 MB/s).
Processed 2650000 documents. 7350623 instances. (3727.8395571880087 docs/s, 11.06403413190725 MB/s).
Processed 2660000 documents. 7376304 instances. (3738.278940977481 docs/s, 11.09146183197922 MB/s).
Processed 2670000 documents. 7398896 instances. (3749.127038749199 docs/s, 11.115823236101507 MB/s).
Processed 2680000 documents. 7420953 instances. (3760.014268013737 docs/s, 11.1395228409954 MB/s).
Processed 2690000 documents. 7441653 instances. (3770.968458521139 docs/s, 11.161246470571179 MB/s).
Processed 2700000 documents. 7461965 instances. (3782.0963273484813 docs/s, 11.182967663485796 MB/s).
Processed 2710000 documents. 7482340 instances. (3793.149353584839 docs/s, 11.204758360119962 MB/s).
Processed 2720000 documents. 7534079 instances. (3799.4198873971786 docs/s, 11.26073022602179 MB/s).
Processed 2730000 documents. 7571325 instances. (3808.1645852663896 docs/s, 11.300945753771076 MB/s).
Processed 2740000 documents. 7597448 instances. (3818.400354895485 docs/s, 11.32846007657225 MB/s).
Processed 2750000 documents. 7619447 instances. (3829.1974910381446 docs/s, 11.351683522040288 MB/s).
Processed 2760000 documents. 7641317 instances. (3839.972742635737 docs/s, 11.37475602509733 MB/s).
Processed 2770000 documents. 7662080 instances. (3850.873631926022 docs/s, 11.396363416157103 MB/s).
Processed 2780000 documents. 7682337 instances. (3861.8315228197453 docs/s, 11.417585058801057 MB/s).
Processed 2790000 documents. 7701745 instances. (3872.9537243524383 docs/s, 11.438139376568717 MB/s).
Processed 2800000 documents. 7753505 instances. (3878.9794331095177 docs/s, 11.493142113331599 MB/s).
Processed 2810000 documents. 7789938 instances. (3887.603487281911 docs/s, 11.531788825557717 MB/s).
Processed 2820000 documents. 7816609 instances. (3897.5397378838957 docs/s, 11.559148131456457 MB/s).
Processed 2830000 documents. 7838994 instances. (3908.117167382156 docs/s, 11.582337218139081 MB/s).
Processed 2840000 documents. 7860878 instances. (3918.7470180917935 docs/s, 11.605002373696458 MB/s).
Processed 2850000 documents. 7881216 instances. (3929.5277696304943 docs/s, 11.625888016831379 MB/s).
Processed 2860000 documents. 7900801 instances. (3940.514829636142 docs/s, 11.646433787266595 MB/s).
Processed 2870000 documents. 7919757 instances. (3951.547964600611 docs/s, 11.66617921338591 MB/s).
Processed 2880000 documents. 7972618 instances. (3957.150282542227 docs/s, 11.721096451234002 MB/s).
Processed 2890000 documents. 8009347 instances. (3965.5464618000333 docs/s, 11.759355443924564 MB/s).
Processed 2900000 documents. 8035507 instances. (3975.4323368054775 docs/s, 11.786102681341736 MB/s).
Processed 2910000 documents. 8057958 instances. (3985.8377677433373 docs/s, 11.809008869298966 MB/s).
Processed 2920000 documents. 8078847 instances. (3996.527828709335 docs/s, 11.830508606817736 MB/s).
Processed 2930000 documents. 8100189 instances. (4006.843498707365 docs/s, 11.851425223693768 MB/s).
Processed 2940000 documents. 8120108 instances. (4017.6191418887533 docs/s, 11.8718332652162 MB/s).
Processed 2950000 documents. 8140105 instances. (4028.345652362976 docs/s, 11.892410618790125 MB/s).
Processed 2960000 documents. 8193870 instances. (4033.703104336505 docs/s, 11.947907938023567 MB/s).
Processed 2970000 documents. 8231364 instances. (4041.741296259118 docs/s, 11.985934595071 MB/s).
Processed 2980000 documents. 8256614 instances. (4051.6636568288054 docs/s, 12.011482229560801 MB/s).
Processed 2990000 documents. 8278711 instances. (4061.9460385311663 docs/s, 12.033637616469106 MB/s).
Processed 3000000 documents. 8300626 instances. (4072.323538783661 docs/s, 12.055630776586879 MB/s).
Processed 3010000 documents. 8321787 instances. (4082.616657698804 docs/s, 12.076235080444134 MB/s).
Processed 3020000 documents. 8342181 instances. (4093.124975717788 docs/s, 12.096779649453644 MB/s).
Processed 3030000 documents. 8361838 instances. (4103.740070506171 docs/s, 12.116597920623969 MB/s).
Processed 3040000 documents. 8414523 instances. (4109.100022758585 docs/s, 12.169746926242524 MB/s).
Processed 3050000 documents. 8451274 instances. (4117.145618768724 docs/s, 12.206685072426264 MB/s).
Processed 3060000 documents. 8476341 instances. (4126.905537961775 docs/s, 12.231303358232008 MB/s).
Processed 3070000 documents. 8497935 instances. (4137.201296559282 docs/s, 12.252794913792014 MB/s).
Processed 3080000 documents. 8519925 instances. (4147.405978831296 docs/s, 12.27469863912345 MB/s).
Processed 3090000 documents. 8540621 instances. (4157.7329523217 docs/s, 12.295056471444035 MB/s).
Processed 3100000 documents. 8559662 instances. (4168.3422601162565 docs/s, 12.313800757146833 MB/s).
Processed 3110000 documents. 8579198 instances. (4178.841952885589 docs/s, 12.333092103822368 MB/s).
Processed 3120000 documents. 8634284 instances. (4183.509718950113 docs/s, 12.387816523467217 MB/s).
Processed 3130000 documents. 8671083 instances. (4191.3762808167185 docs/s, 12.42426290936215 MB/s).
Processed 3140000 documents. 8696399 instances. (4200.982675431161 docs/s, 12.449106907448487 MB/s).
Processed 3150000 documents. 8718524 instances. (4210.999498097709 docs/s, 12.47057756944007 MB/s).
Processed 3160000 documents. 8741537 instances. (4220.833822585983 docs/s, 12.49259188367942 MB/s).
Processed 3170000 documents. 8762048 instances. (4231.0997294329145 docs/s, 12.512722594478245 MB/s).
Processed 3180000 documents. 8782601 instances. (4241.29804919461 docs/s, 12.532648966405363 MB/s).
Processed 3190000 documents. 8802837 instances. (4251.539960890457 docs/s, 12.552459033315847 MB/s).
Processed 3200000 documents. 8856513 instances. (4256.304168937877 docs/s, 12.604952158383629 MB/s).
Processed 3210000 documents. 8892909 instances. (4264.086132200031 docs/s, 12.64055451731492 MB/s).
Processed 3220000 documents. 8918319 instances. (4273.547154583652 docs/s, 12.66504130422939 MB/s).
Processed 3230000 documents. 8940841 instances. (4283.348530161237 docs/s, 12.686465460311112 MB/s).
Processed 3240000 documents. 8961602 instances. (4293.462709939146 docs/s, 12.706314357735096 MB/s).
Processed 3250000 documents. 8981675 instances. (4303.671870499377 docs/s, 12.725561124323516 MB/s).
Processed 3260000 documents. 9002035 instances. (4313.738225450006 docs/s, 12.744761775795364 MB/s).
Processed 3270000 documents. 9021886 instances. (4323.916812702251 docs/s, 12.763697937192068 MB/s).
Processed 3280000 documents. 9075714 instances. (4328.566760592691 docs/s, 12.815725522105149 MB/s).
Processed 3290000 documents. 9111405 instances. (4336.267255919972 docs/s, 12.849915863766201 MB/s).
Processed 3300000 documents. 9136112 instances. (4345.713960346922 docs/s, 12.873496286442096 MB/s).
Processed 3310000 documents. 9157637 instances. (4355.632174580734 docs/s, 12.894057406128516 MB/s).
Processed 3320000 documents. 9179053 instances. (4365.5131811240435 docs/s, 12.914216811500717 MB/s).
Processed 3330000 documents. 9199260 instances. (4375.4956464208835 docs/s, 12.932857144631612 MB/s).
Processed 3340000 documents. 9219090 instances. (4385.564924195928 docs/s, 12.951466910606978 MB/s).
Processed 3350000 documents. 9239231 instances. (4395.493715674898 docs/s, 12.970199940226632 MB/s).
Processed 3360000 documents. 9294549 instances. (4399.728406119386 docs/s, 13.02284097392931 MB/s).
Processed 3370000 documents. 9330229 instances. (4407.357133438667 docs/s, 13.056794154561642 MB/s).
Processed 3380000 documents. 9354907 instances. (4416.620734358573 docs/s, 13.079626200334209 MB/s).
Processed 3390000 documents. 9377810 instances. (4426.061033101541 docs/s, 13.100762258538287 MB/s).
Processed 3400000 documents. 9398948 instances. (4435.88241738505 docs/s, 13.120477320801267 MB/s).
Processed 3410000 documents. 9419390 instances. (4445.678755596901 docs/s, 13.139232913429566 MB/s).
Processed 3420000 documents. 9439943 instances. (4455.404342051184 docs/s, 13.157703461468195 MB/s).
Processed 3430000 documents. 9459970 instances. (4465.249223868599 docs/s, 13.176143899198662 MB/s).
Processed 3440000 documents. 9515710 instances. (4469.159570235213 docs/s, 13.227996406013355 MB/s).
Processed 3450000 documents. 9551117 instances. (4476.602516136397 docs/s, 13.260836249651756 MB/s).
Processed 3460000 documents. 9576023 instances. (4485.574389227487 docs/s, 13.283218803826236 MB/s).
Processed 3470000 documents. 9597925 instances. (4495.104573470308 docs/s, 13.303248776400642 MB/s).
Processed 3480000 documents. 9619262 instances. (4504.6939483766255 docs/s, 13.322516064246159 MB/s).
Processed 3490000 documents. 9639455 instances. (4514.441042324036 docs/s, 13.340742279733604 MB/s).
Processed 3500000 documents. 9659467 instances. (4524.177215361365 docs/s, 13.358730027128265 MB/s).
Processed 3510000 documents. 9679374 instances. (4533.876866296208 docs/s, 13.376723992842436 MB/s).
Processed 3520000 documents. 9735343 instances. (4537.725734165959 docs/s, 13.42856587138854 MB/s).
Processed 3530000 documents. 9771123 instances. (4545.022400747874 docs/s, 13.461542266904697 MB/s).
Processed 3540000 documents. 9795785 instances. (4554.024529677283 docs/s, 13.483855816554547 MB/s).
Processed 3550000 documents. 9818384 instances. (4563.355581043267 docs/s, 13.504287555121092 MB/s).
Processed 3560000 documents. 9840344 instances. (4572.775706706684 docs/s, 13.524128358539498 MB/s).
Processed 3570000 documents. 9860549 instances. (4582.39210107454 docs/s, 13.542012303780547 MB/s).
Processed 3580000 documents. 9880915 instances. (4591.994656687078 docs/s, 13.56025899050807 MB/s).
Processed 3590000 documents. 9900826 instances. (4601.665542308574 docs/s, 13.57828735435096 MB/s).
Processed 3600000 documents. 9956670 instances. (4605.255276006892 docs/s, 13.628680766665395 MB/s).
Processed 3610000 documents. 9992009 instances. (4612.507172959601 docs/s, 13.660777926335657 MB/s).
Processed 3620000 documents. 10016358 instances. (4621.442935283002 docs/s, 13.682246699331088 MB/s).
Processed 3630000 documents. 10038596 instances. (4630.670573863075 docs/s, 13.70190547230007 MB/s).
Processed 3640000 documents. 10060440 instances. (4639.964448797957 docs/s, 13.721298155091565 MB/s).
Processed 3650000 documents. 10080997 instances. (4649.3731222219485 docs/s, 13.739221525739291 MB/s).
Processed 3660000 documents. 10101612 instances. (4658.733893368801 docs/s, 13.756967011345928 MB/s).
Processed 3670000 documents. 10121093 instances. (4668.418276968195 docs/s, 13.774548225871905 MB/s).
Processed 3680000 documents. 10178058 instances. (4671.621966385959 docs/s, 13.825294859682572 MB/s).
Processed 3690000 documents. 10212368 instances. (4678.765311213286 docs/s, 13.855418974075288 MB/s).
Processed 3700000 documents. 10237034 instances. (4687.541564886038 docs/s, 13.876896184881204 MB/s).
Processed 3710000 documents. 10259310 instances. (4696.618223797812 docs/s, 13.896242620570238 MB/s).
Processed 3720000 documents. 10281063 instances. (4705.814956237661 docs/s, 13.915264355165707 MB/s).
Processed 3730000 documents. 10302520 instances. (4714.8241437034585 docs/s, 13.933118436737058 MB/s).
Processed 3740000 documents. 10322612 instances. (4724.23681119628 docs/s, 13.9505384696804 MB/s).
Processed 3750000 documents. 10342341 instances. (4733.677070018 docs/s, 13.967667976556164 MB/s).
Processed 3760000 documents. 10400341 instances. (4736.686531342249 docs/s, 14.018959703754897 MB/s).
Processed 3770000 documents. 10434486 instances. (4743.87204600235 docs/s, 14.049152716689282 MB/s).
Processed 3780000 documents. 10457824 instances. (4752.7532627821865 docs/s, 14.069272449769466 MB/s).
Processed 3790000 documents. 10480914 instances. (4761.619023959086 docs/s, 14.089053856764425 MB/s).
Processed 3800000 documents. 10502667 instances. (4770.690852821859 docs/s, 14.107674743120912 MB/s).
Processed 3810000 documents. 10522748 instances. (4780.012951912293 docs/s, 14.124901041183419 MB/s).
Processed 3820000 documents. 10543065 instances. (4789.302870332845 docs/s, 14.142409113040811 MB/s).
Processed 3830000 documents. 10562986 instances. (4798.629783237746 docs/s, 14.159525168317716 MB/s).
Processed 3840000 documents. 10619581 instances. (4801.714205929168 docs/s, 14.208745261327131 MB/s).
Processed 3850000 documents. 10653301 instances. (4808.826369945069 docs/s, 14.237917693870841 MB/s).
Processed 3860000 documents. 10678308 instances. (4817.236421563425 docs/s, 14.258888508222064 MB/s).
Processed 3870000 documents. 10700550 instances. (4826.14383307973 docs/s, 14.277887247902688 MB/s).
Processed 3880000 documents. 10722795 instances. (4834.801599016432 docs/s, 14.295958219707465 MB/s).
Processed 3890000 documents. 10743196 instances. (4843.955382082881 docs/s, 14.313217792137843 MB/s).
Processed 3900000 documents. 10762932 instances. (4853.233689136684 docs/s, 14.32992672974574 MB/s).
Processed 3910000 documents. 10782750 instances. (4862.476740739654 docs/s, 14.346759867877667 MB/s).
Processed 3920000 documents. 10839916 instances. (4865.26757253816 docs/s, 14.39548681476779 MB/s).
Processed 3930000 documents. 10873746 instances. (4872.199234388115 docs/s, 14.424323900855649 MB/s).
Processed 3940000 documents. 10897701 instances. (4880.686879176225 docs/s, 14.44419748382151 MB/s).
Processed 3950000 documents. 10919764 instances. (4889.522783765101 docs/s, 14.462745121626257 MB/s).
Processed 3960000 documents. 10942085 instances. (4898.264599484925 docs/s, 14.481460300711973 MB/s).
Processed 3970000 documents. 10962795 instances. (4907.223948975362 docs/s, 14.498551628530407 MB/s).
Processed 3980000 documents. 10982572 instances. (4916.3909060431115 docs/s, 14.51499668224684 MB/s).
Processed 3990000 documents. 11002187 instances. (4925.585522136474 docs/s, 14.53148204273639 MB/s).
Processed 4000000 documents. 11059939 instances. (4928.137551236465 docs/s, 14.58000774380005 MB/s).
Processed 4010000 documents. 11093765 instances. (4934.872607465324 docs/s, 14.60791591377697 MB/s).
Processed 4020000 documents. 11117776 instances. (4943.236463930043 docs/s, 14.62741911328841 MB/s).
Processed 4030000 documents. 11140265 instances. (4951.820476819308 docs/s, 14.645910078069884 MB/s).
Processed 4040000 documents. 11162185 instances. (4960.416511626709 docs/s, 14.663392525237953 MB/s).
Processed 4050000 documents. 11182867 instances. (4969.2143855072245 docs/s, 14.680029900405055 MB/s).
Processed 4060000 documents. 11202806 instances. (4978.202599594207 docs/s, 14.696277732160272 MB/s).
Processed 4070000 documents. 11222956 instances. (4987.165823315464 docs/s, 14.713002676156258 MB/s).
Processed 4080000 documents. 11280184 instances. (4989.726153412428 docs/s, 14.76057499629055 MB/s).
Processed 4090000 documents. 11314111 instances. (4996.408846589728 docs/s, 14.788399719561328 MB/s).
Processed 4100000 documents. 11338174 instances. (5004.672889635023 docs/s, 14.807640124205747 MB/s).
Processed 4110000 documents. 11360079 instances. (5013.320499547609 docs/s, 14.825650777274195 MB/s).
Processed 4120000 documents. 11381978 instances. (5021.969772325984 docs/s, 14.843601748311887 MB/s).
Processed 4130000 documents. 11402040 instances. (5030.846057958563 docs/s, 14.859690295399117 MB/s).
Processed 4140000 documents. 11422251 instances. (5039.738114353821 docs/s, 14.876204055663354 MB/s).
Processed 4150000 documents. 11441540 instances. (5048.732214684192 docs/s, 14.891943251445998 MB/s).
Processed 4160000 documents. 11499307 instances. (5050.982113177982 docs/s, 14.939147144367723 MB/s).
Processed 4170000 documents. 11533016 instances. (5057.509471866145 docs/s, 14.966294830351192 MB/s).
Processed 4180000 documents. 11556777 instances. (5065.679352037846 docs/s, 14.984985883265015 MB/s).
Processed 4190000 documents. 11579143 instances. (5074.119617965934 docs/s, 15.003001449414674 MB/s).
Processed 4200000 documents. 11599873 instances. (5082.823604679834 docs/s, 15.019531520631775 MB/s).
Processed 4210000 documents. 11619866 instances. (5091.592274570958 docs/s, 15.03535689137 MB/s).
Processed 4220000 documents. 11639315 instances. (5100.454469744597 docs/s, 15.050717785076953 MB/s).
Processed 4230000 documents. 11659253 instances. (5109.249408606716 docs/s, 15.06678453846077 MB/s).
Processed 4240000 documents. 11717302 instances. (5111.449064575737 docs/s, 15.113831915098384 MB/s).
Processed 4250000 documents. 11750550 instances. (5118.051203806247 docs/s, 15.140538084969062 MB/s).
Processed 4260000 documents. 11774066 instances. (5126.205866794819 docs/s, 15.159066886354069 MB/s).
Processed 4270000 documents. 11796228 instances. (5134.614200499095 docs/s, 15.176723324671388 MB/s).
Processed 4280000 documents. 11817894 instances. (5143.035503019666 docs/s, 15.193741343072512 MB/s).
Processed 4290000 documents. 11838860 instances. (5151.369165886516 docs/s, 15.209389042203012 MB/s).
Processed 4300000 documents. 11858317 instances. (5160.197088017671 docs/s, 15.22485848293529 MB/s).
Processed 4310000 documents. 11878338 instances. (5168.806659254986 docs/s, 15.24047066545594 MB/s).
Processed 4320000 documents. 11936488 instances. (5170.877358155274 docs/s, 15.287010547727315 MB/s).
Processed 4330000 documents. 11968669 instances. (5177.549774104145 docs/s, 15.31252891184005 MB/s).
Processed 4340000 documents. 11991822 instances. (5185.6593689222445 docs/s, 15.330479765628521 MB/s).
Processed 4350000 documents. 12014156 instances. (5193.894081987896 docs/s, 15.347940018526812 MB/s).
Processed 4360000 documents. 12034906 instances. (5202.44319292665 docs/s, 15.364340452918405 MB/s).
Processed 4370000 documents. 12055489 instances. (5210.863447386668 docs/s, 15.379937529710546 MB/s).
Processed 4380000 documents. 12075251 instances. (5219.504636174559 docs/s, 15.395291886145994 MB/s).
Processed 4390000 documents. 12094612 instances. (5228.231630830531 docs/s, 15.410602306201792 MB/s).
Processed 4400000 documents. 12155010 instances. (5229.342372060553 docs/s, 15.456684447169962 MB/s).
Processed 4410000 documents. 12187550 instances. (5235.616598522093 docs/s, 15.48136884356902 MB/s).
Processed 4420000 documents. 12210660 instances. (5243.67579750045 docs/s, 15.499156204097734 MB/s).
Processed 4430000 documents. 12232041 instances. (5251.992727542966 docs/s, 15.515566202045576 MB/s).
Processed 4440000 documents. 12254000 instances. (5260.165895857601 docs/s, 15.532454629926367 MB/s).
Processed 4450000 documents. 12275395 instances. (5268.259887885184 docs/s, 15.54819933286873 MB/s).
Processed 4460000 documents. 12295603 instances. (5276.463630688587 docs/s, 15.56284074407234 MB/s).
Processed 4470000 documents. 12315863 instances. (5284.940838635619 docs/s, 15.578630124712621 MB/s).
Processed 4480000 documents. 12375438 instances. (5286.501456138201 docs/s, 15.625020836025405 MB/s).
Processed 4490000 documents. 12408627 instances. (5292.776624605835 docs/s, 15.650320541595924 MB/s).
Processed 4500000 documents. 12432149 instances. (5300.668822059957 docs/s, 15.668242634065848 MB/s).
Processed 4510000 documents. 12453748 instances. (5308.800954374026 docs/s, 15.684541522701265 MB/s).
Processed 4520000 documents. 12475946 instances. (5316.84927307351 docs/s, 15.701208335008289 MB/s).
Processed 4530000 documents. 12496989 instances. (5324.968027633183 docs/s, 15.716789754842246 MB/s).
Processed 4540000 documents. 12516872 instances. (5333.189224947941 docs/s, 15.731147898808539 MB/s).
Processed 4550000 documents. 12536641 instances. (5341.621034401114 docs/s, 15.746207000617115 MB/s).
Processed 4560000 documents. 12596250 instances. (5342.865413787584 docs/s, 15.791303374083041 MB/s).
Processed 4570000 documents. 12629283 instances. (5348.957875668066 docs/s, 15.815990747698956 MB/s).
Processed 4580000 documents. 12652275 instances. (5356.786237639585 docs/s, 15.832946167168519 MB/s).
Processed 4590000 documents. 12674465 instances. (5364.771379490519 docs/s, 15.849590087521383 MB/s).
Processed 4600000 documents. 12696130 instances. (5372.845750003736 docs/s, 15.865803801420876 MB/s).
Processed 4610000 documents. 12717252 instances. (5380.839703703395 docs/s, 15.880982645022383 MB/s).
Processed 4620000 documents. 12737274 instances. (5389.108762464032 docs/s, 15.895761192144288 MB/s).
Processed 4630000 documents. 12757222 instances. (5397.407705374136 docs/s, 15.910796475870864 MB/s).
Processed 4640000 documents. 12817717 instances. (5398.484533673476 docs/s, 15.956316464253444 MB/s).
Processed 4650000 documents. 12850886 instances. (5404.523582003084 docs/s, 15.980934291719809 MB/s).
Processed 4660000 documents. 12874446 instances. (5412.17226201525 docs/s, 15.998289635133814 MB/s).
Processed 4670000 documents. 12896923 instances. (5419.975059215416 docs/s, 16.014697308815514 MB/s).
Processed 4680000 documents. 12918377 instances. (5427.997712705094 docs/s, 16.03052916529829 MB/s).
Processed 4690000 documents. 12939224 instances. (5436.007973206555 docs/s, 16.045622119790455 MB/s).
Processed 4700000 documents. 12958991 instances. (5444.1858477128635 docs/s, 16.06001501620652 MB/s).
Processed 4710000 documents. 12979984 instances. (5452.138968252323 docs/s, 16.07520805117851 MB/s).
Processed 4720000 documents. 13040054 instances. (5453.183736356683 docs/s, 16.119580216236248 MB/s).
Processed 4730000 documents. 13072395 instances. (5459.270218995584 docs/s, 16.143338991618283 MB/s).
Processed 4740000 documents. 13096457 instances. (5466.592396684209 docs/s, 16.16022332807065 MB/s).
Processed 4750000 documents. 13118118 instances. (5474.484839231142 docs/s, 16.176111286429794 MB/s).
Processed 4760000 documents. 13139551 instances. (5482.421389041946 docs/s, 16.191802930490347 MB/s).
Processed 4770000 documents. 13159723 instances. (5490.453373974988 docs/s, 16.206042398468167 MB/s).
Processed 4780000 documents. 13178965 instances. (5498.725755924286 docs/s, 16.220093904663816 MB/s).
Processed 4790000 documents. 13199071 instances. (5506.808809331452 docs/s, 16.234732286387253 MB/s).
Processed 4800000 documents. 13259954 instances. (5507.66262176599 docs/s, 16.27959525310244 MB/s).
Processed 4810000 documents. 13291598 instances. (5513.819704730202 docs/s, 16.30255617929372 MB/s).
Processed 4820000 documents. 13314080 instances. (5521.5170502973515 docs/s, 16.318819792596564 MB/s).
Processed 4830000 documents. 13336075 instances. (5529.161141280152 docs/s, 16.33413627965892 MB/s).
Processed 4840000 documents. 13356899 instances. (5537.130188367786 docs/s, 16.34922011677651 MB/s).
Processed 4850000 documents. 13378478 instances. (5544.724925918126 docs/s, 16.363916893176835 MB/s).
Processed 4860000 documents. 13398385 instances. (5552.693276881206 docs/s, 16.377845910487284 MB/s).
Processed 4870000 documents. 13420069 instances. (5560.399442743036 docs/s, 16.393294500542552 MB/s).
Processed 4880000 documents. 13480380 instances. (5561.111146712229 docs/s, 16.436615758395483 MB/s).
Processed 4890000 documents. 13511634 instances. (5567.119916399535 docs/s, 16.45856197590667 MB/s).
Processed 4900000 documents. 13534581 instances. (5574.549759212791 docs/s, 16.474638631204222 MB/s).
Processed 4910000 documents. 13555963 instances. (5582.335787944708 docs/s, 16.48988407517168 MB/s).
Processed 4920000 documents. 13577603 instances. (5589.983116389073 docs/s, 16.505029756580317 MB/s).
Processed 4930000 documents. 13599365 instances. (5597.44408967827 docs/s, 16.519604615265035 MB/s).
Processed 4940000 documents. 13618439 instances. (5605.583658061275 docs/s, 16.533166295060298 MB/s).
Processed 4950000 documents. 13641250 instances. (5612.963719724498 docs/s, 16.54906640981418 MB/s).
Processed 4960000 documents. 13700966 instances. (5613.662701554946 docs/s, 16.59110522950099 MB/s).
Processed 4970000 documents. 13732990 instances. (5619.408288418996 docs/s, 16.613317367658375 MB/s).
Processed 4980000 documents. 13757096 instances. (5626.543058428805 docs/s, 16.62990627708519 MB/s).
Processed 4990000 documents. 13779820 instances. (5633.977889394223 docs/s, 16.645811059810917 MB/s).
Processed 5000000 documents. 13800851 instances. (5641.609958484056 docs/s, 16.660206119129693 MB/s).
Processed 5010000 documents. 13822431 instances. (5649.065625428141 docs/s, 16.67476608279903 MB/s).
Processed 5020000 documents. 13841635 instances. (5657.031927183434 docs/s, 16.688115486233944 MB/s).
Processed 5030000 documents. 13865936 instances. (5664.0888268814515 docs/s, 16.704883441884707 MB/s).
Processed 5040000 documents. 13924856 instances. (5664.914436740771 docs/s, 16.746298564200906 MB/s).
Processed 5050000 documents. 13956284 instances. (5670.7223205752725 docs/s, 16.767716517857103 MB/s).
Processed 5060000 documents. 13979056 instances. (5678.087194806884 docs/s, 16.783482022677727 MB/s).
Processed 5070000 documents. 14000996 instances. (5685.603164747222 docs/s, 16.798744897626378 MB/s).
Processed 5080000 documents. 14022049 instances. (5693.239861570409 docs/s, 16.81317568616001 MB/s).
Processed 5090000 documents. 14042145 instances. (5700.957141025706 docs/s, 16.82670910269457 MB/s).
Processed 5100000 documents. 14062881 instances. (5708.40365191299 docs/s, 16.840154533076362 MB/s).
Processed 5110000 documents. 14088578 instances. (5715.099627203688 docs/s, 16.85772293294441 MB/s).
Processed 5120000 documents. 14144698 instances. (5716.452116496416 docs/s, 16.896949035414004 MB/s).
Processed 5130000 documents. 14175629 instances. (5722.16742447543 docs/s, 16.917516313608544 MB/s).
Processed 5140000 documents. 14198518 instances. (5729.459700179046 docs/s, 16.933362950158646 MB/s).
Processed 5150000 documents. 14220743 instances. (5736.848237407109 docs/s, 16.94870156194043 MB/s).
Processed 5160000 documents. 14241677 instances. (5744.363053180599 docs/s, 16.962712634118752 MB/s).
Processed 5170000 documents. 14261867 instances. (5752.002336420671 docs/s, 16.976310648169864 MB/s).
Processed 5180000 documents. 14281217 instances. (5759.817884166741 docs/s, 16.98948823609197 MB/s).
Processed 5190000 documents. 14308196 instances. (5766.108563515356 docs/s, 17.007239583297892 MB/s).
Processed 5200000 documents. 14364361 instances. (5767.312674424811 docs/s, 17.04598718403226 MB/s).
Processed 5210000 documents. 14394870 instances. (5773.170934550015 docs/s, 17.066717389292815 MB/s).
Processed 5220000 documents. 14417528 instances. (5780.348013044468 docs/s, 17.08187767193967 MB/s).
Processed 5230000 documents. 14439437 instances. (5787.701500177054 docs/s, 17.096652552158158 MB/s).
Processed 5240000 documents. 14459952 instances. (5795.203769014403 docs/s, 17.110168195110436 MB/s).
Processed 5250000 documents. 14480997 instances. (5802.558309610763 docs/s, 17.123894221336794 MB/s).
Processed 5260000 documents. 14500588 instances. (5810.219301383054 docs/s, 17.13690914150648 MB/s).
Processed 5270000 documents. 14528573 instances. (5816.272673784404 docs/s, 17.15542035750097 MB/s).
Processed 5280000 documents. 14583393 instances. (5817.495605948963 docs/s, 17.192153111164064 MB/s).
Processed 5290000 documents. 14614184 instances. (5823.150496365064 docs/s, 17.212305041610566 MB/s).
Processed 5300000 documents. 14637427 instances. (5830.173535589895 docs/s, 17.227872701714993 MB/s).
Processed 5310000 documents. 14660033 instances. (5837.217944666354 docs/s, 17.242465114416483 MB/s).
Processed 5320000 documents. 14680765 instances. (5844.658367098854 docs/s, 17.256206764007292 MB/s).
Processed 5330000 documents. 14701690 instances. (5852.006728636488 docs/s, 17.269899619329266 MB/s).
Processed 5340000 documents. 14721236 instances. (5859.6275910153845 docs/s, 17.282855676234433 MB/s).
Processed 5350000 documents. 14752067 instances. (5865.092282782965 docs/s, 17.302929018569394 MB/s).
Processed 5360000 documents. 14805555 instances. (5866.579555255053 docs/s, 17.33840377645497 MB/s).
Processed 5370000 documents. 14836323 instances. (5872.130295381088 docs/s, 17.35815729567641 MB/s).
Processed 5380000 documents. 14859543 instances. (5879.083499187269 docs/s, 17.373384053190073 MB/s).
Processed 5390000 documents. 14882349 instances. (5886.094025185809 docs/s, 17.38814178345395 MB/s).
Processed 5400000 documents. 14903643 instances. (5893.241171743737 docs/s, 17.401564223073755 MB/s).
Processed 5410000 documents. 14923738 instances. (5900.741119720693 docs/s, 17.414833768909336 MB/s).
Processed 5420000 documents. 14942957 instances. (5908.341344783135 docs/s, 17.427416634368324 MB/s).
Processed 5430000 documents. 14973639 instances. (5913.838713976322 docs/s, 17.44762496985 MB/s).
Processed 5440000 documents. 15026020 instances. (5915.456767014122 docs/s, 17.482125296040472 MB/s).
Processed 5450000 documents. 15056027 instances. (5921.1440050849005 docs/s, 17.50133693345855 MB/s).
Processed 5460000 documents. 15079506 instances. (5927.893426793712 docs/s, 17.516182584357942 MB/s).
Processed 5470000 documents. 15102651 instances. (5934.683626486751 docs/s, 17.530906530500484 MB/s).
Processed 5480000 documents. 15124085 instances. (5941.734159169675 docs/s, 17.544258094444 MB/s).
Processed 5490000 documents. 15145218 instances. (5948.689588454815 docs/s, 17.556865985579115 MB/s).
Processed 5500000 documents. 15164020 instances. (5956.362575715623 docs/s, 17.569266543442872 MB/s).
Processed 5510000 documents. 15196301 instances. (5961.436684318936 docs/s, 17.589944020532215 MB/s).
Processed 5520000 documents. 15248332 instances. (5962.997586146257 docs/s, 17.623420590148545 MB/s).
Processed 5530000 documents. 15277435 instances. (5968.723376351054 docs/s, 17.64182062510669 MB/s).
Processed 5540000 documents. 15300308 instances. (5975.586490558688 docs/s, 17.65646889781677 MB/s).
Processed 5550000 documents. 15322773 instances. (5982.472414266738 docs/s, 17.670611906845547 MB/s).
Processed 5560000 documents. 15342958 instances. (5989.796888165199 docs/s, 17.683530812633318 MB/s).
Processed 5570000 documents. 15363580 instances. (5996.878882577978 docs/s, 17.696072402646084 MB/s).
Processed 5580000 documents. 15383783 instances. (6003.9776312526565 docs/s, 17.708277291221922 MB/s).
Processed 5590000 documents. 15417131 instances. (6008.833335017534 docs/s, 17.72966270348368 MB/s).
Processed 5600000 documents. 15468060 instances. (6010.583923223226 docs/s, 17.762536132883692 MB/s).
Processed 5610000 documents. 15497079 instances. (6016.325192478324 docs/s, 17.781078861335647 MB/s).
Processed 5620000 documents. 15520162 instances. (6022.96893953221 docs/s, 17.795174721933893 MB/s).
Processed 5630000 documents. 15542293 instances. (6029.866155142144 docs/s, 17.809123654891764 MB/s).
Processed 5640000 documents. 15563102 instances. (6036.935242600141 docs/s, 17.822013111140404 MB/s).
Processed 5650000 documents. 15583898 instances. (6043.936447769549 docs/s, 17.83467714910915 MB/s).
Processed 5660000 documents. 15603176 instances. (6051.290883461059 docs/s, 17.846794008753374 MB/s).
Processed 5670000 documents. 15638452 instances. (6055.627946572718 docs/s, 17.868902645846894 MB/s).
Processed 5680000 documents. 15687933 instances. (6057.637447850501 docs/s, 17.900475473388802 MB/s).
Processed 5690000 documents. 15717917 instances. (6063.139097294615 docs/s, 17.919294153847186 MB/s).
Processed 5700000 documents. 15740864 instances. (6069.72604675434 docs/s, 17.93319133364874 MB/s).
Processed 5710000 documents. 15763876 instances. (6076.3356296404645 docs/s, 17.947228062158906 MB/s).
Processed 5720000 documents. 15784327 instances. (6083.424394135468 docs/s, 17.959778774240224 MB/s).
Processed 5730000 documents. 15804166 instances. (6090.6168522096505 docs/s, 17.97208348947606 MB/s).
Processed 5740000 documents. 15824352 instances. (6097.693811761321 docs/s, 17.984430114095716 MB/s).
Processed 5750000 documents. 15860087 instances. (6101.893311596341 docs/s, 18.006717070270003 MB/s).
Processed 5760000 documents. 15909810 instances. (6103.613363188831 docs/s, 18.03756348757428 MB/s).
Processed 5770000 documents. 15938433 instances. (6109.301427570259 docs/s, 18.055238740824198 MB/s).
Processed 5780000 documents. 15961446 instances. (6115.892235658609 docs/s, 18.069381025939393 MB/s).
Processed 5790000 documents. 15983472 instances. (6122.739288774506 docs/s, 18.08293587600663 MB/s).
Processed 5800000 documents. 16004054 instances. (6129.736803139038 docs/s, 18.095425495683838 MB/s).
Processed 5810000 documents. 16024637 instances. (6136.69877881025 docs/s, 18.10779389920724 MB/s).
Processed 5820000 documents. 16044873 instances. (6143.682693707687 docs/s, 18.12001059157201 MB/s).
Processed 5830000 documents. 16084634 instances. (6146.617719979712 docs/s, 18.14270355837778 MB/s).
Processed 5840000 documents. 16131111 instances. (6149.03642170029 docs/s, 18.171542459476644 MB/s).
Processed 5850000 documents. 16160067 instances. (6154.570277189205 docs/s, 18.18926164134781 MB/s).
Processed 5860000 documents. 16181976 instances. (6161.307768336814 docs/s, 18.202524024129083 MB/s).
Processed 5870000 documents. 16204291 instances. (6167.981067868793 docs/s, 18.21604708638019 MB/s).
Processed 5880000 documents. 16225489 instances. (6174.683366821329 docs/s, 18.228565409300028 MB/s).
Processed 5890000 documents. 16246266 instances. (6181.536881434243 docs/s, 18.240918842555843 MB/s).
Processed 5900000 documents. 16265822 instances. (6188.648126674416 docs/s, 18.252909934667187 MB/s).
Processed 5910000 documents. 16303904 instances. (6192.056672837892 docs/s, 18.275052264621284 MB/s).
Processed 5920000 documents. 16351180 instances. (6194.205585413817 docs/s, 18.30389954474566 MB/s).
Processed 5930000 documents. 16380199 instances. (6199.640704326538 docs/s, 18.32116084945462 MB/s).
Processed 5940000 documents. 16402134 instances. (6206.354581949639 docs/s, 18.334467280794875 MB/s).
Processed 5950000 documents. 16424285 instances. (6212.960435589823 docs/s, 18.34763259926487 MB/s).
Processed 5960000 documents. 16445885 instances. (6219.510950333944 docs/s, 18.360066494977968 MB/s).
Processed 5970000 documents. 16466443 instances. (6226.32757015873 docs/s, 18.372138343923496 MB/s).
Processed 5980000 documents. 16486418 instances. (6233.198243880394 docs/s, 18.38384454994339 MB/s).
Processed 5990000 documents. 16525786 instances. (6236.384143902598 docs/s, 18.40701681016474 MB/s).
Processed 6000000 documents. 16570669 instances. (6239.020786182648 docs/s, 18.434454678965015 MB/s).
Processed 6010000 documents. 16598779 instances. (6244.629937425626 docs/s, 18.45136421428269 MB/s).
Processed 6020000 documents. 16621165 instances. (6251.122449580838 docs/s, 18.46468200732011 MB/s).
Processed 6030000 documents. 16643476 instances. (6257.6341846004225 docs/s, 18.477941406824904 MB/s).
Processed 6040000 documents. 16664096 instances. (6264.435049125746 docs/s, 18.490033705814014 MB/s).
Processed 6050000 documents. 16684692 instances. (6271.24530893726 docs/s, 18.5022850858507 MB/s).
Processed 6060000 documents. 16704235 instances. (6278.190902129342 docs/s, 18.51376986859327 MB/s).
Processed 6070000 documents. 16745844 instances. (6280.9101283892305 docs/s, 18.538154139325066 MB/s).
Processed 6080000 documents. 16791239 instances. (6283.073561416068 docs/s, 18.56429515741104 MB/s).
Processed 6090000 documents. 16820104 instances. (6288.391759627431 docs/s, 18.581056605515982 MB/s).
Processed 6100000 documents. 16841916 instances. (6294.957420430881 docs/s, 18.59389923249473 MB/s).
Processed 6110000 documents. 16864528 instances. (6301.324085969161 docs/s, 18.60694887031577 MB/s).
Processed 6120000 documents. 16885339 instances. (6307.977144088368 docs/s, 18.61878496028801 MB/s).
Processed 6130000 documents. 16905741 instances. (6314.674758289325 docs/s, 18.63037740603026 MB/s).
Processed 6140000 documents. 16926140 instances. (6321.258023943054 docs/s, 18.64169637206506 MB/s).
Processed 6150000 documents. 16968512 instances. (6323.816313041596 docs/s, 18.6662410562071 MB/s).
Processed 6160000 documents. 17013678 instances. (6326.197878714789 docs/s, 18.69290653856232 MB/s).
Processed 6170000 documents. 17042876 instances. (6331.19687661887 docs/s, 18.70894686043116 MB/s).
Processed 6180000 documents. 17065418 instances. (6337.542383630952 docs/s, 18.722047973294075 MB/s).
Processed 6190000 documents. 17087745 instances. (6343.892500091683 docs/s, 18.734749662923207 MB/s).
Processed 6200000 documents. 17108298 instances. (6350.527200759812 docs/s, 18.74642118948572 MB/s).
Processed 6210000 documents. 17128743 instances. (6357.1592679546575 docs/s, 18.758039241993977 MB/s).
Processed 6220000 documents. 17149202 instances. (6363.677783804175 docs/s, 18.7691696109316 MB/s).
Processed 6230000 documents. 17192515 instances. (6365.8944231025525 docs/s, 18.79358456627891 MB/s).
Processed 6240000 documents. 17237558 instances. (6368.126067175046 docs/s, 18.819460141937174 MB/s).
Processed 6250000 documents. 17267170 instances. (6373.136010302569 docs/s, 18.836155878756596 MB/s).
Processed 6260000 documents. 17290120 instances. (6379.16220594688 docs/s, 18.848789261922985 MB/s).
Processed 6270000 documents. 17312229 instances. (6385.52526057176 docs/s, 18.861379984982907 MB/s).
Processed 6280000 documents. 17333297 instances. (6391.93795266527 docs/s, 18.87288734868694 MB/s).
Processed 6290000 documents. 17352500 instances. (6398.8372355861975 docs/s, 18.88394294547749 MB/s).
Processed 6300000 documents. 17372885 instances. (6405.428718932933 docs/s, 18.895388289914035 MB/s).
Processed 6310000 documents. 17416475 instances. (6407.584209354181 docs/s, 18.919850314194242 MB/s).
Processed 6320000 documents. 17460060 instances. (6410.048096476158 docs/s, 18.944728031278522 MB/s).
Processed 6330000 documents. 17488728 instances. (6415.16731945585 docs/s, 18.960684369397235 MB/s).
Processed 6340000 documents. 17510422 instances. (6421.53508235552 docs/s, 18.972968861962816 MB/s).
Processed 6350000 documents. 17532761 instances. (6427.832733708339 docs/s, 18.98568977791773 MB/s).
Processed 6360000 documents. 17553685 instances. (6434.25548526187 docs/s, 18.997273102172663 MB/s).
Processed 6370000 documents. 17574041 instances. (6440.864160199903 docs/s, 19.00872330242425 MB/s).
Processed 6380000 documents. 17593755 instances. (6447.569358714863 docs/s, 19.01993915328248 MB/s).
Processed 6390000 documents. 17638288 instances. (6449.553326904112 docs/s, 19.044869678695456 MB/s).
Processed 6400000 documents. 17681662 instances. (6452.082857436397 docs/s, 19.06957553819616 MB/s).
Processed 6410000 documents. 17709981 instances. (6457.260810452533 docs/s, 19.08525161315151 MB/s).
Processed 6420000 documents. 17732028 instances. (6463.55607416809 docs/s, 19.09769873625256 MB/s).
Processed 6430000 documents. 17754983 instances. (6469.62971814653 docs/s, 19.110414167878176 MB/s).
Processed 6440000 documents. 17775458 instances. (6476.133765649565 docs/s, 19.121703680997218 MB/s).
Processed 6450000 documents. 17795669 instances. (6482.7202593449965 docs/s, 19.133125574036644 MB/s).
Processed 6460000 documents. 17816041 instances. (6489.239036933865 docs/s, 19.1446217673264 MB/s).
Processed 6470000 documents. 17861071 instances. (6491.110455243886 docs/s, 19.169783134615844 MB/s).
Processed 6480000 documents. 17904619 instances. (6493.551584749701 docs/s, 19.19423517647952 MB/s).
Processed 6490000 documents. 17932802 instances. (6498.709340603034 docs/s, 19.209852768082822 MB/s).
Processed 6500000 documents. 17955612 instances. (6504.74214682443 docs/s, 19.222450503462785 MB/s).
Processed 6510000 documents. 17978341 instances. (6510.785397763217 docs/s, 19.234754608259582 MB/s).
Processed 6520000 documents. 17998930 instances. (6517.187321184262 docs/s, 19.245968620893855 MB/s).
Processed 6530000 documents. 18020382 instances. (6523.4143781602725 docs/s, 19.25768104121911 MB/s).
Processed 6540000 documents. 18039961 instances. (6530.029342999454 docs/s, 19.268736789546157 MB/s).
Processed 6550000 documents. 18084976 instances. (6531.837520735111 docs/s, 19.29334842679562 MB/s).
Processed 6560000 documents. 18126897 instances. (6534.586498074377 docs/s, 19.316969134391965 MB/s).
Processed 6570000 documents. 18154089 instances. (6539.842369643529 docs/s, 19.331801814520283 MB/s).
Processed 6580000 documents. 18176503 instances. (6545.923383067825 docs/s, 19.344151182130098 MB/s).
Processed 6590000 documents. 18197998 instances. (6552.175172214554 docs/s, 19.356019651259665 MB/s).
Processed 6600000 documents. 18218212 instances. (6558.529167867957 docs/s, 19.366861443380937 MB/s).
Processed 6610000 documents. 18238433 instances. (6565.023207110705 docs/s, 19.378067916005005 MB/s).
Processed 6620000 documents. 18258643 instances. (6571.428825543773 docs/s, 19.389110210678382 MB/s).
Processed 6630000 documents. 18305306 instances. (6572.71890418471 docs/s, 19.413804342419432 MB/s).
Processed 6640000 documents. 18346572 instances. (6575.539741095347 docs/s, 19.43687599727647 MB/s).
Processed 6650000 documents. 18374201 instances. (6580.664482506806 docs/s, 19.45188878462209 MB/s).
Processed 6660000 documents. 18396358 instances. (6586.719342693429 docs/s, 19.46395644032006 MB/s).
Processed 6670000 documents. 18418660 instances. (6592.784037718557 docs/s, 19.475998512052225 MB/s).
Processed 6680000 documents. 18438885 instances. (6599.1131737734695 docs/s, 19.48654168008024 MB/s).
Processed 6690000 documents. 18458727 instances. (6605.527497853987 docs/s, 19.4971162593049 MB/s).
Processed 6700000 documents. 18478277 instances. (6612.024909904543 docs/s, 19.507774506719855 MB/s).
